#
# A fatal error has been detected by the Java Runtime Environment:
#
#  EXCEPTION_ACCESS_VIOLATION (0xc0000005) at pc=0x00007ffd0304c836, pid=24004, tid=32000
#
# JRE version: OpenJDK Runtime Environment (11.0.2+9) (build 11.0.2+9)
# Java VM: OpenJDK 64-Bit Server VM (11.0.2+9, mixed mode, tiered, compressed oops, g1 gc, windows-amd64)
# Problematic frame:
# C  [librdi_rsb.dll+0x20c836]
#
# No core dump will be written. Minidumps are not enabled by default on client versions of Windows
#
# If you would like to submit a bug report, please visit:
#   http://bugreport.java.com/bugreport/crash.jsp
# The crash happened outside the Java Virtual Machine in native code.
# See problematic frame for where to report the bug.
#

---------------  S U M M A R Y ------------

Command Line: -Dsun.java2d.pmoffscreen=false -Dhttps.protocols=TLSv1,TLSv1.1,TLSv1.2 -Dsun.java2d.xrender=false -Dsun.java2d.d3d=false -Dsun.awt.nopixfmt=true -Dsun.java2d.dpiaware=true -Dsun.java2d.uiScale.enabled=false -Xverify:none -Dswing.aatext=true -XX:-UsePerfData -Djdk.map.althashing.threshold=512 -XX:StringTableSize=4072 --add-opens=java.base/java.nio=ALL-UNNAMED --add-opens=java.desktop/sun.swing=ALL-UNNAMED --add-opens=java.desktop/javax.swing=ALL-UNNAMED --add-opens=java.desktop/javax.swing.tree=ALL-UNNAMED --add-opens=java.desktop/javax.swing.plaf.basic=ALL-UNNAMED --add-opens=java.desktop/javax.swing.plaf.synth=ALL-UNNAMED --add-opens=java.desktop/com.sun.awt=ALL-UNNAMED -XX:NewSize=60m -XX:MaxNewSize=60m -Xms128m -Xmx3072m -Xss5m 

Host: AMD Ryzen 7 7840HS w/ Radeon 780M Graphics     , 16 cores, 15G,  Windows 10 , 64 bit Build 26100 (10.0.26100.7705)
Time: Tue Mar  3 21:05:55 2026 GMT Standard Time elapsed time: 2063 seconds (0d 0h 34m 23s)

---------------  T H R E A D  ---------------

Current thread (0x0000028338a88000):  JavaThread "AWT-EventQueue-0" [_thread_in_native, id=32000, stack(0x00000093ffb00000,0x0000009400000000)]

Stack: [0x00000093ffb00000,0x0000009400000000],  sp=0x00000093ffff9cb0,  free space=5095k
Native frames: (J=compiled Java code, j=interpreted, Vv=VM code, C=native code)
C  [librdi_rsb.dll+0x20c836]
C  0x000002831ef26e2d

Java frames: (J=compiled Java code, j=interpreted, Vv=VM code)
J 15456  ui.data.rsbi.RSBBase_getName(J)Ljava/lang/String; (0 bytes) @ 0x000002831ef26d91 [0x000002831ef26d40+0x0000000000000051]
J 15979 c2 ui.data.l.X.getName()Ljava/lang/String; (8 bytes) @ 0x000002831f4ca104 [0x000002831f4ca0c0+0x0000000000000044]
j  ui.views.systembuilder.dK.fQa()Ljava/lang/String;+11
j  ui.dlg.q.a.l.getText()Ljava/lang/String;+11
J 22915 c2 javax.swing.plaf.basic.BasicLabelUI.propertyChange(Ljava/beans/PropertyChangeEvent;)V java.desktop@11.0.2 (77 bytes) @ 0x000002831fc70518 [0x000002831fc70040+0x00000000000004d8]
J 7707 c2 java.awt.Component.firePropertyChange(Ljava/lang/String;Ljava/lang/Object;Ljava/lang/Object;)V java.desktop@11.0.2 (59 bytes) @ 0x000002831ece7de0 [0x000002831ece71a0+0x0000000000000c40]
J 7290 c2 java.awt.Container.updateChildGraphicsData(Ljava/awt/GraphicsConfiguration;)Z java.desktop@11.0.2 (55 bytes) @ 0x000002831ec67d54 [0x000002831ec67b60+0x00000000000001f4]
J 7290 c2 java.awt.Container.updateChildGraphicsData(Ljava/awt/GraphicsConfiguration;)Z java.desktop@11.0.2 (55 bytes) @ 0x000002831ec67ce4 [0x000002831ec67b60+0x0000000000000184]
J 7290 c2 java.awt.Container.updateChildGraphicsData(Ljava/awt/GraphicsConfiguration;)Z java.desktop@11.0.2 (55 bytes) @ 0x000002831ec67ce4 [0x000002831ec67b60+0x0000000000000184]
J 7290 c2 java.awt.Container.updateChildGraphicsData(Ljava/awt/GraphicsConfiguration;)Z java.desktop@11.0.2 (55 bytes) @ 0x000002831ec67ce4 [0x000002831ec67b60+0x0000000000000184]
J 7290 c2 java.awt.Container.updateChildGraphicsData(Ljava/awt/GraphicsConfiguration;)Z java.desktop@11.0.2 (55 bytes) @ 0x000002831ec67ce4 [0x000002831ec67b60+0x0000000000000184]
J 7290 c2 java.awt.Container.updateChildGraphicsData(Ljava/awt/GraphicsConfiguration;)Z java.desktop@11.0.2 (55 bytes) @ 0x000002831ec67ce4 [0x000002831ec67b60+0x0000000000000184]
J 9915 c2 java.awt.Component.setGraphicsConfiguration(Ljava/awt/GraphicsConfiguration;)V java.desktop@11.0.2 (34 bytes) @ 0x000002831eeb3f4c [0x000002831eeb3e60+0x00000000000000ec]
J 21509 c2 java.awt.Container.addImpl(Ljava/awt/Component;Ljava/lang/Object;I)V java.desktop@11.0.2 (364 bytes) @ 0x000002831f9f5bd0 [0x000002831f9f56a0+0x0000000000000530]
J 26381 c1 javax.swing.JTabbedPane.insertTab(Ljava/lang/String;Ljavax/swing/Icon;Ljava/awt/Component;Ljava/lang/String;I)V java.desktop@11.0.2 (191 bytes) @ 0x000002831a48519c [0x000002831a4849c0+0x00000000000007dc]
J 26647 c1 com.jidesoft.swing.JideTabbedPane.insertTab(Ljava/lang/String;Ljavax/swing/Icon;Ljava/awt/Component;Ljava/lang/String;I)V (71 bytes) @ 0x000002831a5515f4 [0x000002831a551140+0x00000000000004b4]
J 28604 c1 ui.utils.swing.t.i.c(Ljava/lang/String;Ljava/awt/Component;Lui/frmwork/e/a;)V (36 bytes) @ 0x000002831ab195fc [0x000002831ab193c0+0x000000000000023c]
j  ui.views.cY.aOD()V+175
j  ui.views.cY.iLK()V+52
j  ui.views.cY.ci(Lui/data/bq;)V+64
j  ui.views.cc.ci(Lui/data/bq;)V+52
J 20663 c1 ui.views.cY.a(Lui/frmwork/a/a;)V (194 bytes) @ 0x0000028319409c64 [0x0000028319409180+0x0000000000000ae4]
J 20662 c1 ui.views.cc.a(Lui/frmwork/a/a;)V (186 bytes) @ 0x000002831940c51c [0x000002831940b5c0+0x0000000000000f5c]
J 27209 c2 ui.frmwork.a.c.j(Lui/frmwork/a/a;)V (94 bytes) @ 0x000002831fef2880 [0x000002831fef26c0+0x00000000000001c0]
J 20660 c1 ui.frmwork.a.c.b(Lui/frmwork/a/a;)V (60 bytes) @ 0x00000283193fdf5c [0x00000283193fdb80+0x00000000000003dc]
J 29199 c1 ui.data.bt.M(Ljava/lang/Object;Ljava/lang/Object;)V (60 bytes) @ 0x0000028319085864 [0x0000028319085180+0x00000000000006e4]
J 29521 c1 ui.views.systembuilder.iH.selectionNotify(Lde/concept/nlview/NlviewSelectionNotifyEvent;)V (372 bytes) @ 0x000002831adf330c [0x000002831adf14e0+0x0000000000001e2c]
J 26880 c1 de.concept.nlview.Nlview$SelectionNotifySender.run()V (42 bytes) @ 0x0000028317fb662c [0x0000028317fb6380+0x00000000000002ac]
J 26877 c1 de.concept.nlview.Nlview.sendSelectionNotify(I)V (44 bytes) @ 0x00000283195b0714 [0x00000283195af5a0+0x0000000000001174]
v  ~StubRoutines::call_stub
j  de.concept.nlview.Nlview.peerMouseRelease(JIIII)V+0
J 25681 c1 de.concept.nlview.Nlview.processMouseEvent(Ljava/awt/event/MouseEvent;)V (132 bytes) @ 0x0000028319c39b44 [0x0000028319c39280+0x00000000000008c4]
J 25814 c1 ui.views.systembuilder.hH.processMouseEvent(Ljava/awt/event/MouseEvent;)V (47 bytes) @ 0x000002831a328af4 [0x000002831a328920+0x00000000000001d4]
J 29550 c1 java.awt.Component.processEvent(Ljava/awt/AWTEvent;)V java.desktop@11.0.2 (220 bytes) @ 0x000002831ae04054 [0x000002831ae03a00+0x0000000000000654]
J 29556 c1 java.awt.Container.processEvent(Ljava/awt/AWTEvent;)V java.desktop@11.0.2 (22 bytes) @ 0x000002831ae09e5c [0x000002831ae09b00+0x000000000000035c]
J 29549 c2 java.awt.Component.dispatchEventImpl(Ljava/awt/AWTEvent;)V java.desktop@11.0.2 (777 bytes) @ 0x00000283202ec930 [0x00000283202ebe60+0x0000000000000ad0]
J 20156 c2 java.awt.Container.dispatchEventImpl(Ljava/awt/AWTEvent;)V java.desktop@11.0.2 (129 bytes) @ 0x000002831f643480 [0x000002831f643420+0x0000000000000060]
J 20222 c2 java.awt.LightweightDispatcher.retargetMouseEvent(Ljava/awt/Component;ILjava/awt/event/MouseEvent;)V java.desktop@11.0.2 (372 bytes) @ 0x000002831f8443ec [0x000002831f843e60+0x000000000000058c]
J 20156 c2 java.awt.Container.dispatchEventImpl(Ljava/awt/AWTEvent;)V java.desktop@11.0.2 (129 bytes) @ 0x000002831f643fdc [0x000002831f643420+0x0000000000000bbc]
J 22101 c2 java.awt.Window.dispatchEventImpl(Ljava/awt/AWTEvent;)V java.desktop@11.0.2 (23 bytes) @ 0x000002831fab650c [0x000002831fab64c0+0x000000000000004c]
J 14434 c2 java.awt.EventQueue$4.run()Ljava/lang/Object; java.desktop@11.0.2 (5 bytes) @ 0x000002831ebb6c28 [0x000002831ebb6ae0+0x0000000000000148]
v  ~StubRoutines::call_stub
J 4105  java.security.AccessController.doPrivileged(Ljava/security/PrivilegedAction;Ljava/security/AccessControlContext;)Ljava/lang/Object; java.base@11.0.2 (0 bytes) @ 0x000002831ea5d0b6 [0x000002831ea5d040+0x0000000000000076]
J 20097 c2 java.awt.EventQueue$5.run()Ljava/lang/Object; java.desktop@11.0.2 (5 bytes) @ 0x000002831f559950 [0x000002831f558c20+0x0000000000000d30]
v  ~StubRoutines::call_stub
J 4105  java.security.AccessController.doPrivileged(Ljava/security/PrivilegedAction;Ljava/security/AccessControlContext;)Ljava/lang/Object; java.base@11.0.2 (0 bytes) @ 0x000002831ea5d0b6 [0x000002831ea5d040+0x0000000000000076]
J 14741 c2 java.awt.EventQueue.dispatchEvent(Ljava/awt/AWTEvent;)V java.desktop@11.0.2 (80 bytes) @ 0x000002831ec70368 [0x000002831ec6ffc0+0x00000000000003a8]
J 14743 c2 ui.frmwork.a.d.dispatchEvent(Ljava/awt/AWTEvent;)V (42 bytes) @ 0x000002831ecacc54 [0x000002831ecacb60+0x00000000000000f4]
J 27586% c2 java.awt.EventDispatchThread.pumpEventsForFilter(ILjava/awt/Conditional;Ljava/awt/EventFilter;)V java.desktop@11.0.2 (47 bytes) @ 0x000002831ff9f980 [0x000002831ff9f7c0+0x00000000000001c0]
j  java.awt.EventDispatchThread.pumpEventsForHierarchy(ILjava/awt/Conditional;Ljava/awt/Component;)V+11 java.desktop@11.0.2
j  java.awt.EventDispatchThread.pumpEvents(ILjava/awt/Conditional;)V+4 java.desktop@11.0.2
j  java.awt.EventDispatchThread.pumpEvents(Ljava/awt/Conditional;)V+3 java.desktop@11.0.2
j  java.awt.EventDispatchThread.run()V+9 java.desktop@11.0.2
v  ~StubRoutines::call_stub

siginfo: EXCEPTION_ACCESS_VIOLATION (0xc0000005), reading address 0x0000000000000010


Register to memory mapping:

RIP=0x00007ffd0304c836 librdi_rsb.dll
RAX=0x0 is NULL
RBX={method} {0x0000028357db1f08} 'dAC' '()J' in 'ui/data/l/Y'
RCX=0x000002833d254360 points into unknown readable memory: 00 00 00 00 00 00 00 00
RDX=0x00000093ffff9d10 is pointing into the stack for thread: 0x0000028338a88000
RSP=0x00000093ffff9cb0 is pointing into the stack for thread: 0x0000028338a88000
RBP=0x00000093ffff9e20 is pointing into the stack for thread: 0x0000028338a88000
RSI=0x0000000801015778 is a pointer to class: 
ui.views.systembuilder.dK {0x0000000801015780}
RDI=0x00000283ac0ba8d8 is pointing into metadata
R8 =0x000002833d254360 points into unknown readable memory: 00 00 00 00 00 00 00 00
R9 =0x00000000000000de is an unknown value
R10=0x00007ffd0304c7e0 librdi_rsb.dll
R11=0x00000093ffff9db8 is pointing into the stack for thread: 0x0000028338a88000
R12=0x0 is NULL
R13=0x00000093ffff9e58 is pointing into the stack for thread: 0x0000028338a88000
R14=0x0000028338a88340 points into unknown readable memory: a0 1c e3 31 fd 7f 00 00
R15=0x0000028338a88000 is a thread


Registers:
RAX=0x0000000000000000, RBX=0x0000028357db1f00, RCX=0x000002833d254360, RDX=0x00000093ffff9d10
RSP=0x00000093ffff9cb0, RBP=0x00000093ffff9e20, RSI=0x0000000801015778, RDI=0x00000283ac0ba8d8
R8 =0x000002833d254360, R9 =0x00000000000000de, R10=0x00007ffd0304c7e0, R11=0x00000093ffff9db8
R12=0x0000000000000000, R13=0x00000093ffff9e58, R14=0x0000028338a88340, R15=0x0000028338a88000
RIP=0x00007ffd0304c836, EFLAGS=0x0000000000010206

Top of Stack: (sp=0x00000093ffff9cb0)
0x00000093ffff9cb0:   0000028359cc5ff0 0000009300000000
0x00000093ffff9cc0:   0000000000000000 000000000000000a
0x00000093ffff9cd0:   0000028338a88340 fffffffffffffffe
0x00000093ffff9ce0:   00000093ffffa000 00007ffd369ba55c
0x00000093ffff9cf0:   00000283ac0beec0 00007ffd31552f9f
0x00000093ffff9d00:   0000028348544e70 0000000000000015
0x00000093ffff9d10:   494c5f4958415f00 0000000000004554
0x00000093ffff9d20:   0000000000000000 000000000000000f
0x00000093ffff9d30:   494c5f4958415f00 0000000000004554
0x00000093ffff9d40:   0000000000000000 000000000000000f
0x00000093ffff9d50:   00000007468b7588 00000007468b7a10
0x00000093ffff9d60:   0000000000000007 0000000000000000
0x00000093ffff9d70:   000000074172e378 00007ffd31552f9f
0x00000093ffff9d80:   0000000000000000 0000000000000000
0x00000093ffff9d90:   00000093ffff9de0 00006e1b7dca16f0
0x00000093ffff9da0:   00000093ffff9e10 00000283ac0ba8d8 

Instructions: (pc=0x00007ffd0304c836)
0x00007ffd0304c816:   0f 6f 05 d3 d5 3a 00 f3 41 0f 7f 43 88 c6 84 24
0x00007ffd0304c826:   80 00 00 00 00 49 8b 00 48 8d 54 24 60 49 8b c8
0x00007ffd0304c836:   ff 50 10 48 8b d8 48 8d 84 24 80 00 00 00 48 3b
0x00007ffd0304c846:   c3 74 37 48 8d 8c 24 80 00 00 00 e8 9a ae e1 ff 


Stack slot to memory mapping:
stack at sp + 0 slots: 0x0000028359cc5ff0 points into unknown readable memory: 53 00 5f 00 41 00 58 00
stack at sp + 1 slots: 0x0000009300000000 is an unknown value
stack at sp + 2 slots: 0x0 is NULL
stack at sp + 3 slots: 0x000000000000000a is an unknown value
stack at sp + 4 slots: 0x0000028338a88340 points into unknown readable memory: a0 1c e3 31 fd 7f 00 00
stack at sp + 5 slots: 0xfffffffffffffffe is an unknown value
stack at sp + 6 slots: 0x00000093ffffa000 is pointing into the stack for thread: 0x0000028338a88000
stack at sp + 7 slots: 0x00007ffd369ba55c librdi_common.dll


---------------  P R O C E S S  ---------------

Threads class SMR info:
_java_thread_list=0x00000283b6c39e60, length=53, elements={
0x0000028349934800, 0x0000028348a18000, 0x0000028349ae2800, 0x0000028328255800,
0x00000283467ff000, 0x0000028346800000, 0x0000028346800800, 0x0000028346802800,
0x000002834943b000, 0x0000028335c60800, 0x000002833630f000, 0x000002833643b800,
0x000002833643c800, 0x0000028336aa1000, 0x0000028338a88000, 0x0000028338ada000,
0x0000028338506800, 0x00000283390ab800, 0x0000028336ba4000, 0x0000028336ba5800,
0x0000028336ba8800, 0x0000028336ba6800, 0x0000028336ba7000, 0x0000028351e3f800,
0x0000028351e3f000, 0x0000028351e3e000, 0x0000028351e44000, 0x0000028351e41800,
0x0000028351e44800, 0x0000028351e42000, 0x0000028351e43000, 0x0000028351e48000,
0x0000028351e45800, 0x0000028351e46800, 0x0000028351e48800, 0x0000028351e47000,
0x0000028351e4b000, 0x0000028351e4c000, 0x000002835ba59800, 0x000002835ba58800,
0x000002835ba58000, 0x000002835ba57000, 0x000002835ba5b000, 0x000002835ba5c000,
0x000002835bffd800, 0x000002835b855800, 0x000002835b857000, 0x000002835b85f800,
0x000002835b85e800, 0x000002835b85d000, 0x000002835b862000, 0x000002835b860000,
0x000002835bffa000
}

Java Threads: ( => current thread )
  0x0000028349934800 JavaThread "main" [_thread_blocked, id=18396, stack(0x00000093f9400000,0x00000093f9500000)]
  0x0000028348a18000 JavaThread "Reference Handler" daemon [_thread_blocked, id=32852, stack(0x00000093fb200000,0x00000093fb700000)]
  0x0000028349ae2800 JavaThread "Finalizer" daemon [_thread_blocked, id=24692, stack(0x00000093fb700000,0x00000093fbc00000)]
  0x0000028328255800 JavaThread "Signal Dispatcher" daemon [_thread_blocked, id=30356, stack(0x00000093fbc00000,0x00000093fc100000)]
  0x00000283467ff000 JavaThread "Attach Listener" daemon [_thread_blocked, id=30432, stack(0x00000093fc100000,0x00000093fc600000)]
  0x0000028346800000 JavaThread "C2 CompilerThread0" daemon [_thread_blocked, id=33644, stack(0x00000093fc600000,0x00000093fc700000)]
  0x0000028346800800 JavaThread "C1 CompilerThread0" daemon [_thread_blocked, id=14584, stack(0x00000093fc700000,0x00000093fc800000)]
  0x0000028346802800 JavaThread "Sweeper thread" daemon [_thread_blocked, id=32392, stack(0x00000093fc800000,0x00000093fcd00000)]
  0x000002834943b000 JavaThread "Common-Cleaner" daemon [_thread_blocked, id=34224, stack(0x00000093fd000000,0x00000093fd500000)]
  0x0000028335c60800 JavaThread "Service Thread" daemon [_thread_blocked, id=32824, stack(0x00000093fd500000,0x00000093fda00000)]
  0x000002833630f000 JavaThread "Java2D Disposer" daemon [_thread_blocked, id=34252, stack(0x00000093fdb00000,0x00000093fe000000)]
  0x000002833643b800 JavaThread "AWT-Shutdown" [_thread_blocked, id=31144, stack(0x00000093fe000000,0x00000093fe500000)]
  0x000002833643c800 JavaThread "AWT-Windows" daemon [_thread_in_native, id=33048, stack(0x00000093fe500000,0x00000093fea00000)]
  0x0000028336aa1000 JavaThread "TimerQueue" daemon [_thread_blocked, id=34144, stack(0x00000093fec00000,0x00000093ff100000)]
=>0x0000028338a88000 JavaThread "AWT-EventQueue-0" [_thread_in_native, id=32000, stack(0x00000093ffb00000,0x0000009400000000)]
  0x0000028338ada000 JavaThread "Thread-1" [_thread_in_native, id=18692, stack(0x00000093f9500000,0x00000093fa900000)]
  0x0000028338506800 JavaThread "Process Messages Thread" [_thread_blocked, id=34176, stack(0x0000009380500000,0x0000009380a00000)]
  0x00000283390ab800 JavaThread "Batik CleanerThread" daemon [_thread_blocked, id=33992, stack(0x0000009381700000,0x0000009381c00000)]
  0x0000028336ba4000 JavaThread "SyntheticaCleanerThread" daemon [_thread_blocked, id=33448, stack(0x0000009382300000,0x0000009382800000)]
  0x0000028336ba5800 JavaThread "Monitor HEventQueue Thread" [_thread_blocked, id=33076, stack(0x0000009382b00000,0x0000009383000000)]
  0x0000028336ba8800 JavaThread "SyntheticaAnimation 50" daemon [_thread_blocked, id=31788, stack(0x0000009383000000,0x0000009383500000)]
  0x0000028336ba6800 JavaThread "SyntheticaAnimation 25" daemon [_thread_blocked, id=30344, stack(0x0000009383600000,0x0000009383b00000)]
  0x0000028336ba7000 JavaThread "SyntheticaAnimation 70" daemon [_thread_blocked, id=21512, stack(0x0000009384000000,0x0000009384500000)]
  0x0000028351e3f800 JavaThread "Refresh Filesets Swing Worker Thread" [_thread_blocked, id=32476, stack(0x0000009381c00000,0x0000009382100000)]
  0x0000028351e3f000 JavaThread "hw_ila_monitor" [_thread_blocked, id=34656, stack(0x0000009384500000,0x0000009384a00000)]
  0x0000028351e3e000 JavaThread "pool-2-thread-1" [_thread_blocked, id=34740, stack(0x0000009385500000,0x0000009385a00000)]
  0x0000028351e44000 JavaThread "pool-3-thread-1" [_thread_blocked, id=33700, stack(0x0000009385a00000,0x0000009385f00000)]
  0x0000028351e41800 JavaThread "pool-4-thread-1" [_thread_blocked, id=34412, stack(0x0000009385f00000,0x0000009386400000)]
  0x0000028351e44800 JavaThread "pool-5-thread-1" [_thread_blocked, id=33828, stack(0x0000009386400000,0x0000009386900000)]
  0x0000028351e42000 JavaThread "pool-6-thread-1" [_thread_blocked, id=3108, stack(0x0000009386900000,0x0000009386e00000)]
  0x0000028351e43000 JavaThread "pool-7-thread-1" [_thread_blocked, id=33008, stack(0x0000009386e00000,0x0000009387300000)]
  0x0000028351e48000 JavaThread "pool-8-thread-1" [_thread_blocked, id=33168, stack(0x0000009387300000,0x0000009387800000)]
  0x0000028351e45800 JavaThread "pool-9-thread-1" [_thread_blocked, id=28600, stack(0x0000009387900000,0x0000009387e00000)]
  0x0000028351e46800 JavaThread "pool-10-thread-1" [_thread_blocked, id=33548, stack(0x0000009387e00000,0x0000009388300000)]
  0x0000028351e48800 JavaThread "pool-11-thread-1" [_thread_blocked, id=34204, stack(0x0000009388300000,0x0000009388800000)]
  0x0000028351e47000 JavaThread "pool-12-thread-1" [_thread_blocked, id=29648, stack(0x0000009388800000,0x0000009388d00000)]
  0x0000028351e4b000 JavaThread "pool-13-thread-1" [_thread_blocked, id=34664, stack(0x0000009388d00000,0x0000009389200000)]
  0x0000028351e4c000 JavaThread "Update Runs Swing Worker Thread" [_thread_blocked, id=34032, stack(0x0000009389700000,0x0000009389c00000)]
  0x000002835ba59800 JavaThread "QuantumRenderer-0" daemon [_thread_blocked, id=33056, stack(0x000000938b300000,0x000000938b800000)]
  0x000002835ba58800 JavaThread "InvokeLaterDispatcher" daemon [_thread_blocked, id=1740, stack(0x000000938b900000,0x000000938be00000)]
  0x000002835ba58000 JavaThread "JavaFX Application Thread" [_thread_in_native, id=34704, stack(0x000000938be00000,0x000000938c300000)]
  0x000002835ba57000 JavaThread "Thread-35" daemon [_thread_in_native, id=34388, stack(0x0000009389500000,0x0000009389600000)]
  0x000002835ba5b000 JavaThread "Prism Font Disposer" daemon [_thread_blocked, id=26512, stack(0x000000938ae00000,0x000000938b300000)]
  0x000002835ba5c000 JavaThread "Disposer" daemon [_thread_blocked, id=33824, stack(0x000000938cf00000,0x000000938d400000)]
  0x000002835bffd800 JavaThread "SocketStreamHandle-1" daemon [_thread_in_native, id=25072, stack(0x0000009390000000,0x0000009390500000)]
  0x000002835b855800 JavaThread "Cleaner-0" daemon [_thread_blocked, id=28196, stack(0x0000009390700000,0x0000009390c00000)]
  0x000002835b857000 JavaThread "SyntheticaAnimation 50" daemon [_thread_blocked, id=28016, stack(0x0000009384f00000,0x0000009385400000)]
  0x000002835b85f800 JavaThread "RunnableQueue-0" daemon [_thread_blocked, id=2796, stack(0x000000938e100000,0x000000938e600000)]
  0x000002835b85e800 JavaThread "Timer-0" daemon [_thread_blocked, id=31816, stack(0x000000938e600000,0x000000938eb00000)]
  0x000002835b85d000 JavaThread "RunnableQueue-1" daemon [_thread_blocked, id=33268, stack(0x000000938d600000,0x000000938db00000)]
  0x000002835b862000 JavaThread "Timer-1" daemon [_thread_blocked, id=20680, stack(0x000000938dc00000,0x000000938e100000)]
  0x000002835b860000 JavaThread "RunnableQueue-2" daemon [_thread_blocked, id=1752, stack(0x000000938f000000,0x000000938f500000)]
  0x000002835bffa000 JavaThread "Timer-2" daemon [_thread_blocked, id=32304, stack(0x000000938f500000,0x000000938fa00000)]

Other Threads:
  0x0000028348a16800 VMThread "VM Thread" [stack: 0x00000093fb100000,0x00000093fb200000] [id=32608]
  0x0000028335c65800 WatcherThread [stack: 0x00000093fda00000,0x00000093fdb00000] [id=33852]
  0x0000028328bf1800 GCTaskThread "GC Thread#0" [stack: 0x00000093fac00000,0x00000093fad00000] [id=29440]
  0x00000283383ba000 GCTaskThread "GC Thread#1" [stack: 0x0000009380a00000,0x0000009380b00000] [id=32076]
  0x00000283383ba800 GCTaskThread "GC Thread#2" [stack: 0x0000009380b00000,0x0000009380c00000] [id=27096]
  0x00000283383bb000 GCTaskThread "GC Thread#3" [stack: 0x0000009380c00000,0x0000009380d00000] [id=33780]
  0x00000283383bc000 GCTaskThread "GC Thread#4" [stack: 0x0000009380d00000,0x0000009380e00000] [id=32784]
  0x0000028339620000 GCTaskThread "GC Thread#5" [stack: 0x0000009380e00000,0x0000009380f00000] [id=26840]
  0x0000028339621000 GCTaskThread "GC Thread#6" [stack: 0x0000009380f00000,0x0000009381000000] [id=34796]
  0x0000028339980000 GCTaskThread "GC Thread#7" [stack: 0x0000009381000000,0x0000009381100000] [id=34028]
  0x0000028338bbc000 GCTaskThread "GC Thread#8" [stack: 0x0000009381100000,0x0000009381200000] [id=33956]
  0x0000028338bbd800 GCTaskThread "GC Thread#9" [stack: 0x0000009381200000,0x0000009381300000] [id=34240]
  0x0000028338bba800 GCTaskThread "GC Thread#10" [stack: 0x0000009381300000,0x0000009381400000] [id=34672]
  0x0000028338bbc800 GCTaskThread "GC Thread#11" [stack: 0x0000009381400000,0x0000009381500000] [id=32564]
  0x0000028353375000 GCTaskThread "GC Thread#12" [stack: 0x0000009385400000,0x0000009385500000] [id=32732]
  0x000002834980e000 ConcurrentGCThread "G1 Main Marker" [stack: 0x00000093fad00000,0x00000093fae00000] [id=34108]
  0x000002834580d800 ConcurrentGCThread "G1 Conc#0" [stack: 0x00000093fae00000,0x00000093faf00000] [id=7376]
  0x0000028338b77000 ConcurrentGCThread "G1 Conc#1" [stack: 0x0000009381500000,0x0000009381600000] [id=34644]
  0x0000028338787800 ConcurrentGCThread "G1 Conc#2" [stack: 0x0000009381600000,0x0000009381700000] [id=33976]
  0x000002834580e000 ConcurrentGCThread "G1 Refine#0" [stack: 0x00000093faf00000,0x00000093fb000000] [id=18192]
  0x000002833a106800 ConcurrentGCThread "G1 Refine#1" [stack: 0x0000009380300000,0x0000009380400000] [id=32892]
  0x0000028339fdb000 ConcurrentGCThread "G1 Refine#2" [stack: 0x0000009383500000,0x0000009383600000] [id=10328]
  0x000002834933c800 ConcurrentGCThread "G1 Young RemSet Sampling" [stack: 0x00000093fb000000,0x00000093fb100000] [id=34636]

Threads with active compile tasks:

VM state:not at safepoint (normal execution)

VM Mutex/Monitor currently owned by a thread: None

Heap address: 0x0000000740000000, size: 3072 MB, Compressed Oops mode: Zero based, Oop shift amount: 3
Narrow klass base: 0x0000000800000000, Narrow klass shift: 0
Compressed class space size: 1073741824 Address: 0x0000000800000000

Heap:
 garbage-first heap   total 263168K, used 183835K [0x0000000740000000, 0x0000000800000000)
  region size 1024K, 11 young (11264K), 4 survivors (4096K)
 Metaspace       used 116365K, capacity 119786K, committed 120016K, reserved 1153024K
  class space    used 15877K, capacity 17459K, committed 17536K, reserved 1048576K
Heap Regions: E=young(eden), S=young(survivor), O=old, HS=humongous(starts), HC=humongous(continues), CS=collection set, F=free, A=archive, TAMS=top-at-mark-start (previous, next)
|   0|0x0000000740000000, 0x0000000740100000, 0x0000000740100000|100%|HS|  |TAMS 0x0000000740100000, 0x0000000740000000| Complete 
|   1|0x0000000740100000, 0x0000000740200000, 0x0000000740200000|100%|HC|  |TAMS 0x0000000740200000, 0x0000000740100000| Complete 
|   2|0x0000000740200000, 0x0000000740300000, 0x0000000740300000|100%|HS|  |TAMS 0x0000000740300000, 0x0000000740200000| Complete 
|   3|0x0000000740300000, 0x00000007403ffff0, 0x0000000740400000| 99%| O|  |TAMS 0x00000007403ffff0, 0x0000000740300000| Untracked 
|   4|0x0000000740400000, 0x0000000740500000, 0x0000000740500000|100%| O|  |TAMS 0x0000000740500000, 0x0000000740400000| Untracked 
|   5|0x0000000740500000, 0x00000007405fffe0, 0x0000000740600000| 99%| O|  |TAMS 0x00000007405fffe0, 0x0000000740500000| Untracked 
|   6|0x0000000740600000, 0x0000000740700000, 0x0000000740700000|100%| O|  |TAMS 0x0000000740700000, 0x0000000740600000| Untracked 
|   7|0x0000000740700000, 0x0000000740800000, 0x0000000740800000|100%| O|  |TAMS 0x0000000740800000, 0x0000000740700000| Untracked 
|   8|0x0000000740800000, 0x0000000740900000, 0x0000000740900000|100%| O|  |TAMS 0x0000000740900000, 0x0000000740800000| Untracked 
|   9|0x0000000740900000, 0x00000007409fffe0, 0x0000000740a00000| 99%| O|  |TAMS 0x00000007409fffe0, 0x0000000740900000| Untracked 
|  10|0x0000000740a00000, 0x0000000740affff8, 0x0000000740b00000| 99%| O|  |TAMS 0x0000000740affff8, 0x0000000740a00000| Untracked 
|  11|0x0000000740b00000, 0x0000000740bfffe0, 0x0000000740c00000| 99%| O|  |TAMS 0x0000000740bfffe0, 0x0000000740b00000| Untracked 
|  12|0x0000000740c00000, 0x0000000740cffff8, 0x0000000740d00000| 99%| O|  |TAMS 0x0000000740cffff8, 0x0000000740c00000| Untracked 
|  13|0x0000000740d00000, 0x0000000740dfffe8, 0x0000000740e00000| 99%| O|  |TAMS 0x0000000740dfffe8, 0x0000000740d00000| Untracked 
|  14|0x0000000740e00000, 0x0000000740efefd8, 0x0000000740f00000| 99%| O|  |TAMS 0x0000000740efefd8, 0x0000000740e00000| Untracked 
|  15|0x0000000740f00000, 0x0000000740fffff0, 0x0000000741000000| 99%| O|  |TAMS 0x0000000740fffff0, 0x0000000740f00000| Untracked 
|  16|0x0000000741000000, 0x00000007410fffd0, 0x0000000741100000| 99%| O|  |TAMS 0x00000007410fffd0, 0x0000000741000000| Untracked 
|  17|0x0000000741100000, 0x0000000741200000, 0x0000000741200000|100%| O|  |TAMS 0x0000000741200000, 0x0000000741100000| Untracked 
|  18|0x0000000741200000, 0x00000007412ffff0, 0x0000000741300000| 99%| O|  |TAMS 0x00000007412ffff0, 0x0000000741200000| Untracked 
|  19|0x0000000741300000, 0x00000007413fff90, 0x0000000741400000| 99%| O|  |TAMS 0x00000007413fff90, 0x0000000741300000| Untracked 
|  20|0x0000000741400000, 0x0000000741500000, 0x0000000741500000|100%| O|  |TAMS 0x0000000741500000, 0x0000000741400000| Untracked 
|  21|0x0000000741500000, 0x00000007415ffd00, 0x0000000741600000| 99%| O|  |TAMS 0x00000007415ffd00, 0x0000000741500000| Untracked 
|  22|0x0000000741600000, 0x0000000741700000, 0x0000000741700000|100%|HS|  |TAMS 0x0000000741700000, 0x0000000741600000| Complete 
|  23|0x0000000741700000, 0x00000007417fffe0, 0x0000000741800000| 99%| O|  |TAMS 0x00000007417fffe0, 0x0000000741700000| Untracked 
|  24|0x0000000741800000, 0x00000007418ffff8, 0x0000000741900000| 99%| O|  |TAMS 0x00000007418ffff8, 0x0000000741800000| Untracked 
|  25|0x0000000741900000, 0x00000007419fffd0, 0x0000000741a00000| 99%| O|  |TAMS 0x00000007419fffd0, 0x0000000741900000| Untracked 
|  26|0x0000000741a00000, 0x0000000741affff0, 0x0000000741b00000| 99%| O|  |TAMS 0x0000000741affff0, 0x0000000741a00000| Untracked 
|  27|0x0000000741b00000, 0x0000000741bffff8, 0x0000000741c00000| 99%| O|  |TAMS 0x0000000741bffff8, 0x0000000741b00000| Untracked 
|  28|0x0000000741c00000, 0x0000000741cfb990, 0x0000000741d00000| 98%| O|  |TAMS 0x0000000741cfb990, 0x0000000741c00000| Untracked 
|  29|0x0000000741d00000, 0x0000000741e00000, 0x0000000741e00000|100%| O|  |TAMS 0x0000000741e00000, 0x0000000741d00000| Untracked 
|  30|0x0000000741e00000, 0x0000000741efffb8, 0x0000000741f00000| 99%| O|  |TAMS 0x0000000741efffb8, 0x0000000741e00000| Untracked 
|  31|0x0000000741f00000, 0x0000000741fffff8, 0x0000000742000000| 99%| O|  |TAMS 0x0000000741fffff8, 0x0000000741f00000| Untracked 
|  32|0x0000000742000000, 0x00000007420ffff0, 0x0000000742100000| 99%| O|  |TAMS 0x00000007420ffff0, 0x0000000742000000| Untracked 
|  33|0x0000000742100000, 0x00000007421fff30, 0x0000000742200000| 99%| O|  |TAMS 0x00000007421fff30, 0x0000000742100000| Untracked 
|  34|0x0000000742200000, 0x00000007422ffdd0, 0x0000000742300000| 99%| O|  |TAMS 0x00000007422ffdd0, 0x0000000742200000| Untracked 
|  35|0x0000000742300000, 0x00000007423fffe8, 0x0000000742400000| 99%| O|  |TAMS 0x00000007423fffe8, 0x0000000742300000| Untracked 
|  36|0x0000000742400000, 0x00000007424ffff8, 0x0000000742500000| 99%| O|  |TAMS 0x00000007424ffff8, 0x0000000742400000| Untracked 
|  37|0x0000000742500000, 0x0000000742600000, 0x0000000742600000|100%| O|  |TAMS 0x0000000742600000, 0x0000000742500000| Untracked 
|  38|0x0000000742600000, 0x00000007426ffff8, 0x0000000742700000| 99%| O|  |TAMS 0x00000007426ffff8, 0x0000000742600000| Untracked 
|  39|0x0000000742700000, 0x00000007427fffb8, 0x0000000742800000| 99%| O|  |TAMS 0x00000007427fffb8, 0x0000000742700000| Untracked 
|  40|0x0000000742800000, 0x00000007428fe618, 0x0000000742900000| 99%| O|  |TAMS 0x00000007428fe618, 0x0000000742800000| Untracked 
|  41|0x0000000742900000, 0x00000007429ffff0, 0x0000000742a00000| 99%| O|  |TAMS 0x00000007429ffff0, 0x0000000742900000| Untracked 
|  42|0x0000000742a00000, 0x0000000742b00000, 0x0000000742b00000|100%| O|  |TAMS 0x0000000742b00000, 0x0000000742a00000| Untracked 
|  43|0x0000000742b00000, 0x0000000742bffff0, 0x0000000742c00000| 99%| O|  |TAMS 0x0000000742bffff0, 0x0000000742b00000| Untracked 
|  44|0x0000000742c00000, 0x0000000742cfffd8, 0x0000000742d00000| 99%| O|  |TAMS 0x0000000742cfffd8, 0x0000000742c00000| Untracked 
|  45|0x0000000742d00000, 0x0000000742e00000, 0x0000000742e00000|100%| O|  |TAMS 0x0000000742e00000, 0x0000000742d00000| Untracked 
|  46|0x0000000742e00000, 0x0000000742efffe8, 0x0000000742f00000| 99%| O|  |TAMS 0x0000000742efffe8, 0x0000000742e00000| Untracked 
|  47|0x0000000742f00000, 0x0000000742fffeb0, 0x0000000743000000| 99%| O|  |TAMS 0x0000000742fffeb0, 0x0000000742f00000| Untracked 
|  48|0x0000000743000000, 0x00000007430fffb0, 0x0000000743100000| 99%| O|  |TAMS 0x00000007430fffb0, 0x0000000743000000| Untracked 
|  49|0x0000000743100000, 0x00000007431ffec8, 0x0000000743200000| 99%| O|  |TAMS 0x00000007431ffec8, 0x0000000743100000| Untracked 
|  50|0x0000000743200000, 0x00000007432ffff8, 0x0000000743300000| 99%| O|  |TAMS 0x00000007432ffff8, 0x0000000743200000| Untracked 
|  51|0x0000000743300000, 0x0000000743400000, 0x0000000743400000|100%| O|  |TAMS 0x0000000743400000, 0x0000000743300000| Untracked 
|  52|0x0000000743400000, 0x0000000743500000, 0x0000000743500000|100%| O|  |TAMS 0x0000000743500000, 0x0000000743400000| Untracked 
|  53|0x0000000743500000, 0x00000007435fffe8, 0x0000000743600000| 99%| O|  |TAMS 0x00000007435fffe8, 0x0000000743500000| Untracked 
|  54|0x0000000743600000, 0x00000007436fffd0, 0x0000000743700000| 99%| O|  |TAMS 0x00000007436fffd0, 0x0000000743600000| Untracked 
|  55|0x0000000743700000, 0x00000007437ffff8, 0x0000000743800000| 99%| O|  |TAMS 0x00000007437ffff8, 0x0000000743700000| Untracked 
|  56|0x0000000743800000, 0x00000007438ffff0, 0x0000000743900000| 99%| O|  |TAMS 0x00000007438ffff0, 0x0000000743800000| Untracked 
|  57|0x0000000743900000, 0x0000000743a00000, 0x0000000743a00000|100%| O|  |TAMS 0x0000000743a00000, 0x0000000743900000| Untracked 
|  58|0x0000000743a00000, 0x0000000743afffe8, 0x0000000743b00000| 99%| O|  |TAMS 0x0000000743afffe8, 0x0000000743a00000| Untracked 
|  59|0x0000000743b00000, 0x0000000743bffe88, 0x0000000743c00000| 99%| O|  |TAMS 0x0000000743bffe88, 0x0000000743b00000| Untracked 
|  60|0x0000000743c00000, 0x0000000743cffff0, 0x0000000743d00000| 99%| O|  |TAMS 0x0000000743cffff0, 0x0000000743c00000| Untracked 
|  61|0x0000000743d00000, 0x0000000743dffff8, 0x0000000743e00000| 99%| O|  |TAMS 0x0000000743dffff8, 0x0000000743d00000| Untracked 
|  62|0x0000000743e00000, 0x0000000743f00000, 0x0000000743f00000|100%|HS|  |TAMS 0x0000000743f00000, 0x0000000743e00000| Complete 
|  63|0x0000000743f00000, 0x0000000744000000, 0x0000000744000000|100%|HC|  |TAMS 0x0000000744000000, 0x0000000743f00000| Complete 
|  64|0x0000000744000000, 0x00000007440ffff8, 0x0000000744100000| 99%| O|  |TAMS 0x00000007440ffff8, 0x0000000744000000| Untracked 
|  65|0x0000000744100000, 0x00000007441ffff0, 0x0000000744200000| 99%| O|  |TAMS 0x00000007441ffff0, 0x0000000744100000| Untracked 
|  66|0x0000000744200000, 0x00000007442ffff8, 0x0000000744300000| 99%| O|  |TAMS 0x00000007442ffff8, 0x0000000744200000| Untracked 
|  67|0x0000000744300000, 0x00000007443fec00, 0x0000000744400000| 99%| O|  |TAMS 0x00000007443fec00, 0x0000000744300000| Untracked 
|  68|0x0000000744400000, 0x00000007444fffe0, 0x0000000744500000| 99%| O|  |TAMS 0x00000007444fffe0, 0x0000000744400000| Untracked 
|  69|0x0000000744500000, 0x00000007445ffff0, 0x0000000744600000| 99%| O|  |TAMS 0x00000007445ffff0, 0x0000000744500000| Untracked 
|  70|0x0000000744600000, 0x00000007446e4b68, 0x0000000744700000| 89%| O|  |TAMS 0x00000007446e4b68, 0x0000000744600000| Untracked 
|  71|0x0000000744700000, 0x00000007447ffe78, 0x0000000744800000| 99%| O|  |TAMS 0x00000007447ffe78, 0x0000000744700000| Untracked 
|  72|0x0000000744800000, 0x00000007448fffe8, 0x0000000744900000| 99%| O|  |TAMS 0x00000007448fffe8, 0x0000000744800000| Untracked 
|  73|0x0000000744900000, 0x0000000744a00000, 0x0000000744a00000|100%| O|  |TAMS 0x0000000744a00000, 0x0000000744900000| Untracked 
|  74|0x0000000744a00000, 0x0000000744afffd0, 0x0000000744b00000| 99%| O|  |TAMS 0x0000000744afffd0, 0x0000000744a00000| Untracked 
|  75|0x0000000744b00000, 0x0000000744bfffe8, 0x0000000744c00000| 99%| O|  |TAMS 0x0000000744bfffe8, 0x0000000744b00000| Untracked 
|  76|0x0000000744c00000, 0x0000000744cffff8, 0x0000000744d00000| 99%| O|  |TAMS 0x0000000744cffff8, 0x0000000744c00000| Untracked 
|  77|0x0000000744d00000, 0x0000000744dffff8, 0x0000000744e00000| 99%| O|  |TAMS 0x0000000744dffff8, 0x0000000744d00000| Untracked 
|  78|0x0000000744e00000, 0x0000000744efffb8, 0x0000000744f00000| 99%| O|  |TAMS 0x0000000744efffb8, 0x0000000744e00000| Untracked 
|  79|0x0000000744f00000, 0x0000000744fffff0, 0x0000000745000000| 99%| O|  |TAMS 0x0000000744fffff0, 0x0000000744f00000| Untracked 
|  80|0x0000000745000000, 0x00000007450fffd8, 0x0000000745100000| 99%| O|  |TAMS 0x00000007450fffd8, 0x0000000745000000| Untracked 
|  81|0x0000000745100000, 0x00000007451fdc40, 0x0000000745200000| 99%| O|  |TAMS 0x00000007451fdc40, 0x0000000745100000| Untracked 
|  82|0x0000000745200000, 0x00000007452ffff8, 0x0000000745300000| 99%| O|  |TAMS 0x00000007452ffff8, 0x0000000745200000| Untracked 
|  83|0x0000000745300000, 0x00000007453fffd8, 0x0000000745400000| 99%| O|  |TAMS 0x00000007453fffd8, 0x0000000745300000| Untracked 
|  84|0x0000000745400000, 0x00000007454fffe8, 0x0000000745500000| 99%| O|  |TAMS 0x00000007454fffe8, 0x0000000745400000| Untracked 
|  85|0x0000000745500000, 0x00000007455ffff8, 0x0000000745600000| 99%| O|  |TAMS 0x00000007455ffff8, 0x0000000745500000| Untracked 
|  86|0x0000000745600000, 0x0000000745700000, 0x0000000745700000|100%| O|  |TAMS 0x0000000745700000, 0x0000000745600000| Untracked 
|  87|0x0000000745700000, 0x00000007457fff70, 0x0000000745800000| 99%| O|  |TAMS 0x00000007457fff70, 0x0000000745700000| Untracked 
|  88|0x0000000745800000, 0x00000007458ffff0, 0x0000000745900000| 99%| O|  |TAMS 0x00000007458ffff0, 0x0000000745800000| Untracked 
|  89|0x0000000745900000, 0x0000000745a00000, 0x0000000745a00000|100%|HS|  |TAMS 0x0000000745a00000, 0x0000000745900000| Complete 
|  90|0x0000000745a00000, 0x0000000745b00000, 0x0000000745b00000|100%|HC|  |TAMS 0x0000000745b00000, 0x0000000745a00000| Complete 
|  91|0x0000000745b00000, 0x0000000745c00000, 0x0000000745c00000|100%| O|  |TAMS 0x0000000745c00000, 0x0000000745b00000| Untracked 
|  92|0x0000000745c00000, 0x0000000745cffff8, 0x0000000745d00000| 99%| O|  |TAMS 0x0000000745cffff8, 0x0000000745c00000| Untracked 
|  93|0x0000000745d00000, 0x0000000745dffff8, 0x0000000745e00000| 99%| O|  |TAMS 0x0000000745dffff8, 0x0000000745d00000| Untracked 
|  94|0x0000000745e00000, 0x0000000745ef5f18, 0x0000000745f00000| 96%| O|  |TAMS 0x0000000745ef5f18, 0x0000000745e00000| Untracked 
|  95|0x0000000745f00000, 0x0000000745fffff0, 0x0000000746000000| 99%| O|  |TAMS 0x0000000745fffff0, 0x0000000745f00000| Untracked 
|  96|0x0000000746000000, 0x00000007460ffff8, 0x0000000746100000| 99%| O|  |TAMS 0x00000007460ffff8, 0x0000000746000000| Untracked 
|  97|0x0000000746100000, 0x00000007461fff40, 0x0000000746200000| 99%| O|  |TAMS 0x00000007461fff40, 0x0000000746100000| Untracked 
|  98|0x0000000746200000, 0x00000007462ffff8, 0x0000000746300000| 99%| O|  |TAMS 0x00000007462ffff8, 0x0000000746200000| Untracked 
|  99|0x0000000746300000, 0x00000007463ffff0, 0x0000000746400000| 99%| O|  |TAMS 0x00000007463ffff0, 0x0000000746300000| Untracked 
| 100|0x0000000746400000, 0x00000007464ff6b8, 0x0000000746500000| 99%| O|  |TAMS 0x00000007464ff6b8, 0x0000000746400000| Untracked 
| 101|0x0000000746500000, 0x00000007465fff20, 0x0000000746600000| 99%| O|  |TAMS 0x00000007465fff20, 0x0000000746500000| Untracked 
| 102|0x0000000746600000, 0x00000007466ffe90, 0x0000000746700000| 99%| O|  |TAMS 0x00000007466ffe90, 0x0000000746600000| Untracked 
| 103|0x0000000746700000, 0x00000007467fffd0, 0x0000000746800000| 99%| O|  |TAMS 0x00000007467fffd0, 0x0000000746700000| Untracked 
| 104|0x0000000746800000, 0x00000007468fff38, 0x0000000746900000| 99%| O|  |TAMS 0x00000007468fff38, 0x0000000746800000| Untracked 
| 105|0x0000000746900000, 0x00000007469ffff8, 0x0000000746a00000| 99%| O|  |TAMS 0x00000007469ffff8, 0x0000000746900000| Untracked 
| 106|0x0000000746a00000, 0x0000000746aff7d0, 0x0000000746b00000| 99%| O|  |TAMS 0x0000000746aff7d0, 0x0000000746a00000| Untracked 
| 107|0x0000000746b00000, 0x0000000746bffff8, 0x0000000746c00000| 99%| O|  |TAMS 0x0000000746bffff8, 0x0000000746b00000| Untracked 
| 108|0x0000000746c00000, 0x0000000746cffff0, 0x0000000746d00000| 99%| O|  |TAMS 0x0000000746cffff0, 0x0000000746c00000| Untracked 
| 109|0x0000000746d00000, 0x0000000746dfff08, 0x0000000746e00000| 99%| O|  |TAMS 0x0000000746dfff08, 0x0000000746d00000| Untracked 
| 110|0x0000000746e00000, 0x0000000746efe270, 0x0000000746f00000| 99%| O|  |TAMS 0x0000000746efe270, 0x0000000746e00000| Untracked 
| 111|0x0000000746f00000, 0x0000000746fff9a0, 0x0000000747000000| 99%| O|  |TAMS 0x0000000746fff9a0, 0x0000000746f00000| Untracked 
| 112|0x0000000747000000, 0x00000007470fffe8, 0x0000000747100000| 99%| O|  |TAMS 0x00000007470fffe8, 0x0000000747000000| Untracked 
| 113|0x0000000747100000, 0x00000007471fffe8, 0x0000000747200000| 99%| O|  |TAMS 0x00000007471fffe8, 0x0000000747100000| Untracked 
| 114|0x0000000747200000, 0x00000007472fc810, 0x0000000747300000| 98%| O|  |TAMS 0x00000007472fc810, 0x0000000747200000| Untracked 
| 115|0x0000000747300000, 0x00000007473ffde8, 0x0000000747400000| 99%| O|  |TAMS 0x00000007473ffde8, 0x0000000747300000| Untracked 
| 116|0x0000000747400000, 0x00000007474ffff0, 0x0000000747500000| 99%| O|  |TAMS 0x00000007474ffff0, 0x0000000747400000| Untracked 
| 117|0x0000000747500000, 0x0000000747600000, 0x0000000747600000|100%| O|  |TAMS 0x0000000747600000, 0x0000000747500000| Untracked 
| 118|0x0000000747600000, 0x0000000747700000, 0x0000000747700000|100%| O|  |TAMS 0x0000000747700000, 0x0000000747600000| Untracked 
| 119|0x0000000747700000, 0x00000007477fffe8, 0x0000000747800000| 99%| O|  |TAMS 0x00000007477fffe8, 0x0000000747700000| Untracked 
| 120|0x0000000747800000, 0x00000007478fffe8, 0x0000000747900000| 99%| O|  |TAMS 0x00000007478fffe8, 0x0000000747800000| Untracked 
| 121|0x0000000747900000, 0x0000000747a00000, 0x0000000747a00000|100%| O|  |TAMS 0x0000000747a00000, 0x0000000747900000| Untracked 
| 122|0x0000000747a00000, 0x0000000747b00000, 0x0000000747b00000|100%| O|  |TAMS 0x0000000747b00000, 0x0000000747a00000| Untracked 
| 123|0x0000000747b00000, 0x0000000747c00000, 0x0000000747c00000|100%|HS|  |TAMS 0x0000000747c00000, 0x0000000747b00000| Complete 
| 124|0x0000000747c00000, 0x0000000747d00000, 0x0000000747d00000|100%|HC|  |TAMS 0x0000000747d00000, 0x0000000747c00000| Complete 
| 125|0x0000000747d00000, 0x0000000747e00000, 0x0000000747e00000|100%|HC|  |TAMS 0x0000000747e00000, 0x0000000747d00000| Complete 
| 126|0x0000000747e00000, 0x0000000747e50e00, 0x0000000747f00000| 31%| O|  |TAMS 0x0000000747e50e00, 0x0000000747e00000| Untracked 
| 127|0x0000000747f00000, 0x0000000747fffff8, 0x0000000748000000| 99%| O|  |TAMS 0x0000000747fffff8, 0x0000000747f00000| Untracked 
| 128|0x0000000748000000, 0x00000007480dbf30, 0x0000000748100000| 85%| O|  |TAMS 0x00000007480dbf30, 0x0000000748000000| Untracked 
| 129|0x0000000748100000, 0x00000007481fe7d8, 0x0000000748200000| 99%| O|  |TAMS 0x00000007481fe7d8, 0x0000000748100000| Untracked 
| 130|0x0000000748200000, 0x0000000748300000, 0x0000000748300000|100%|HS|  |TAMS 0x0000000748300000, 0x0000000748200000| Complete 
| 131|0x0000000748300000, 0x0000000748400000, 0x0000000748400000|100%|HC|  |TAMS 0x0000000748400000, 0x0000000748300000| Complete 
| 132|0x0000000748400000, 0x0000000748500000, 0x0000000748500000|100%|HC|  |TAMS 0x0000000748500000, 0x0000000748400000| Complete 
| 133|0x0000000748500000, 0x0000000748600000, 0x0000000748600000|100%|HC|  |TAMS 0x0000000748600000, 0x0000000748500000| Complete 
| 134|0x0000000748600000, 0x0000000748700000, 0x0000000748700000|100%| O|  |TAMS 0x0000000748700000, 0x0000000748600000| Untracked 
| 135|0x0000000748700000, 0x0000000748800000, 0x0000000748800000|100%|HS|  |TAMS 0x0000000748800000, 0x0000000748700000| Complete 
| 136|0x0000000748800000, 0x0000000748900000, 0x0000000748900000|100%|HC|  |TAMS 0x0000000748900000, 0x0000000748800000| Complete 
| 137|0x0000000748900000, 0x0000000748a00000, 0x0000000748a00000|100%|HC|  |TAMS 0x0000000748a00000, 0x0000000748900000| Complete 
| 138|0x0000000748a00000, 0x0000000748adad98, 0x0000000748b00000| 85%| O|  |TAMS 0x0000000748adad98, 0x0000000748a00000| Untracked 
| 139|0x0000000748b00000, 0x0000000748bd7c78, 0x0000000748c00000| 84%| O|  |TAMS 0x0000000748bd7c78, 0x0000000748b00000| Untracked 
| 140|0x0000000748c00000, 0x0000000748c90578, 0x0000000748d00000| 56%| O|  |TAMS 0x0000000748c90578, 0x0000000748c00000| Untracked 
| 141|0x0000000748d00000, 0x0000000748e00000, 0x0000000748e00000|100%| O|  |TAMS 0x0000000748e00000, 0x0000000748d00000| Untracked 
| 142|0x0000000748e00000, 0x0000000748f00000, 0x0000000748f00000|100%| O|  |TAMS 0x0000000748f00000, 0x0000000748e00000| Untracked 
| 143|0x0000000748f00000, 0x0000000748fc4bb8, 0x0000000749000000| 76%| O|  |TAMS 0x0000000748fc4bb8, 0x0000000748f00000| Untracked 
| 144|0x0000000749000000, 0x0000000749100000, 0x0000000749100000|100%|HS|  |TAMS 0x0000000749100000, 0x0000000749000000| Complete 
| 145|0x0000000749100000, 0x0000000749200000, 0x0000000749200000|100%|HC|  |TAMS 0x0000000749200000, 0x0000000749100000| Complete 
| 146|0x0000000749200000, 0x0000000749300000, 0x0000000749300000|100%|HC|  |TAMS 0x0000000749300000, 0x0000000749200000| Complete 
| 147|0x0000000749300000, 0x0000000749400000, 0x0000000749400000|100%| O|  |TAMS 0x0000000749400000, 0x0000000749300000| Untracked 
| 148|0x0000000749400000, 0x0000000749500000, 0x0000000749500000|100%| O|  |TAMS 0x0000000749500000, 0x0000000749400000| Untracked 
| 149|0x0000000749500000, 0x0000000749600000, 0x0000000749600000|100%|HS|  |TAMS 0x0000000749600000, 0x0000000749500000| Complete 
| 150|0x0000000749600000, 0x0000000749700000, 0x0000000749700000|100%|HC|  |TAMS 0x0000000749700000, 0x0000000749600000| Complete 
| 151|0x0000000749700000, 0x0000000749800000, 0x0000000749800000|100%|HS|  |TAMS 0x0000000749800000, 0x0000000749700000| Complete 
| 152|0x0000000749800000, 0x0000000749900000, 0x0000000749900000|100%|HC|  |TAMS 0x0000000749900000, 0x0000000749800000| Complete 
| 153|0x0000000749900000, 0x0000000749a00000, 0x0000000749a00000|100%|HC|  |TAMS 0x0000000749a00000, 0x0000000749900000| Complete 
| 154|0x0000000749a00000, 0x0000000749b00000, 0x0000000749b00000|100%|HC|  |TAMS 0x0000000749b00000, 0x0000000749a00000| Complete 
| 155|0x0000000749b00000, 0x0000000749c00000, 0x0000000749c00000|100%|HC|  |TAMS 0x0000000749c00000, 0x0000000749b00000| Complete 
| 156|0x0000000749c00000, 0x0000000749d00000, 0x0000000749d00000|100%|HC|  |TAMS 0x0000000749d00000, 0x0000000749c00000| Complete 
| 157|0x0000000749d00000, 0x0000000749e00000, 0x0000000749e00000|100%|HC|  |TAMS 0x0000000749e00000, 0x0000000749d00000| Complete 
| 158|0x0000000749e00000, 0x0000000749f00000, 0x0000000749f00000|100%|HC|  |TAMS 0x0000000749f00000, 0x0000000749e00000| Complete 
| 159|0x0000000749f00000, 0x000000074a000000, 0x000000074a000000|100%| O|  |TAMS 0x000000074a000000, 0x0000000749f00000| Untracked 
| 160|0x000000074a000000, 0x000000074a100000, 0x000000074a100000|100%| O|  |TAMS 0x000000074a100000, 0x000000074a000000| Untracked 
| 161|0x000000074a100000, 0x000000074a200000, 0x000000074a200000|100%| O|  |TAMS 0x000000074a200000, 0x000000074a100000| Untracked 
| 162|0x000000074a200000, 0x000000074a300000, 0x000000074a300000|100%| O|  |TAMS 0x000000074a300000, 0x000000074a200000| Untracked 
| 163|0x000000074a300000, 0x000000074a400000, 0x000000074a400000|100%| O|  |TAMS 0x000000074a400000, 0x000000074a300000| Untracked 
| 164|0x000000074a400000, 0x000000074a500000, 0x000000074a500000|100%| O|  |TAMS 0x000000074a500000, 0x000000074a400000| Untracked 
| 165|0x000000074a500000, 0x000000074a600000, 0x000000074a600000|100%| O|  |TAMS 0x000000074a600000, 0x000000074a500000| Untracked 
| 166|0x000000074a600000, 0x000000074a700000, 0x000000074a700000|100%| O|  |TAMS 0x000000074a700000, 0x000000074a600000| Untracked 
| 167|0x000000074a700000, 0x000000074a800000, 0x000000074a800000|100%| O|  |TAMS 0x000000074a800000, 0x000000074a700000| Untracked 
| 168|0x000000074a800000, 0x000000074a900000, 0x000000074a900000|100%|HS|  |TAMS 0x000000074a900000, 0x000000074a800000| Complete 
| 169|0x000000074a900000, 0x000000074a98d438, 0x000000074aa00000| 55%| O|  |TAMS 0x000000074a98d438, 0x000000074a900000| Untracked 
| 170|0x000000074aa00000, 0x000000074ab00000, 0x000000074ab00000|100%| O|  |TAMS 0x000000074ab00000, 0x000000074aa00000| Untracked 
| 171|0x000000074ab00000, 0x000000074ac00000, 0x000000074ac00000|100%| O|  |TAMS 0x000000074ac00000, 0x000000074ab00000| Untracked 
| 172|0x000000074ac00000, 0x000000074ac56a00, 0x000000074ad00000| 33%| O|  |TAMS 0x000000074ac56a00, 0x000000074ac00000| Untracked 
| 173|0x000000074ad00000, 0x000000074ad00000, 0x000000074ae00000|  0%| F|  |TAMS 0x000000074ad00000, 0x000000074ad00000| Untracked 
| 174|0x000000074ae00000, 0x000000074ae00000, 0x000000074af00000|  0%| F|  |TAMS 0x000000074ae00000, 0x000000074ae00000| Untracked 
| 175|0x000000074af00000, 0x000000074af00000, 0x000000074b000000|  0%| F|  |TAMS 0x000000074af00000, 0x000000074af00000| Untracked 
| 176|0x000000074b000000, 0x000000074b000000, 0x000000074b100000|  0%| F|  |TAMS 0x000000074b000000, 0x000000074b000000| Untracked 
| 177|0x000000074b100000, 0x000000074b100000, 0x000000074b200000|  0%| F|  |TAMS 0x000000074b100000, 0x000000074b100000| Untracked 
| 178|0x000000074b200000, 0x000000074b200000, 0x000000074b300000|  0%| F|  |TAMS 0x000000074b200000, 0x000000074b200000| Untracked 
| 179|0x000000074b300000, 0x000000074b300000, 0x000000074b400000|  0%| F|  |TAMS 0x000000074b300000, 0x000000074b300000| Untracked 
| 180|0x000000074b400000, 0x000000074b400000, 0x000000074b500000|  0%| F|  |TAMS 0x000000074b400000, 0x000000074b400000| Untracked 
| 181|0x000000074b500000, 0x000000074b500000, 0x000000074b600000|  0%| F|  |TAMS 0x000000074b500000, 0x000000074b500000| Untracked 
| 182|0x000000074b600000, 0x000000074b600000, 0x000000074b700000|  0%| F|  |TAMS 0x000000074b600000, 0x000000074b600000| Untracked 
| 183|0x000000074b700000, 0x000000074b700000, 0x000000074b800000|  0%| F|  |TAMS 0x000000074b700000, 0x000000074b700000| Untracked 
| 184|0x000000074b800000, 0x000000074b800000, 0x000000074b900000|  0%| F|  |TAMS 0x000000074b800000, 0x000000074b800000| Untracked 
| 185|0x000000074b900000, 0x000000074b900000, 0x000000074ba00000|  0%| F|  |TAMS 0x000000074b900000, 0x000000074b900000| Untracked 
| 186|0x000000074ba00000, 0x000000074ba00000, 0x000000074bb00000|  0%| F|  |TAMS 0x000000074ba00000, 0x000000074ba00000| Untracked 
| 187|0x000000074bb00000, 0x000000074bb00000, 0x000000074bc00000|  0%| F|  |TAMS 0x000000074bb00000, 0x000000074bb00000| Untracked 
| 188|0x000000074bc00000, 0x000000074bc00000, 0x000000074bd00000|  0%| F|  |TAMS 0x000000074bc00000, 0x000000074bc00000| Untracked 
| 189|0x000000074bd00000, 0x000000074bd00000, 0x000000074be00000|  0%| F|  |TAMS 0x000000074bd00000, 0x000000074bd00000| Untracked 
| 190|0x000000074be00000, 0x000000074be00000, 0x000000074bf00000|  0%| F|  |TAMS 0x000000074be00000, 0x000000074be00000| Untracked 
| 191|0x000000074bf00000, 0x000000074bf00000, 0x000000074c000000|  0%| F|  |TAMS 0x000000074bf00000, 0x000000074bf00000| Untracked 
| 192|0x000000074c000000, 0x000000074c000000, 0x000000074c100000|  0%| F|  |TAMS 0x000000074c000000, 0x000000074c000000| Untracked 
| 193|0x000000074c100000, 0x000000074c1a85c0, 0x000000074c200000| 65%| S|CS|TAMS 0x000000074c100000, 0x000000074c100000| Complete 
| 194|0x000000074c200000, 0x000000074c300000, 0x000000074c300000|100%| S|CS|TAMS 0x000000074c200000, 0x000000074c200000| Complete 
| 195|0x000000074c300000, 0x000000074c400000, 0x000000074c400000|100%| S|CS|TAMS 0x000000074c300000, 0x000000074c300000| Complete 
| 196|0x000000074c400000, 0x000000074c500000, 0x000000074c500000|100%| S|CS|TAMS 0x000000074c400000, 0x000000074c400000| Complete 
| 197|0x000000074c500000, 0x000000074c500000, 0x000000074c600000|  0%| F|  |TAMS 0x000000074c500000, 0x000000074c500000| Untracked 
| 198|0x000000074c600000, 0x000000074c600000, 0x000000074c700000|  0%| F|  |TAMS 0x000000074c600000, 0x000000074c600000| Untracked 
| 199|0x000000074c700000, 0x000000074c700000, 0x000000074c800000|  0%| F|  |TAMS 0x000000074c700000, 0x000000074c700000| Untracked 
| 200|0x000000074c800000, 0x000000074c800000, 0x000000074c900000|  0%| F|  |TAMS 0x000000074c800000, 0x000000074c800000| Untracked 
| 201|0x000000074c900000, 0x000000074c900000, 0x000000074ca00000|  0%| F|  |TAMS 0x000000074c900000, 0x000000074c900000| Untracked 
| 202|0x000000074ca00000, 0x000000074ca00000, 0x000000074cb00000|  0%| F|  |TAMS 0x000000074ca00000, 0x000000074ca00000| Untracked 
| 203|0x000000074cb00000, 0x000000074cb00000, 0x000000074cc00000|  0%| F|  |TAMS 0x000000074cb00000, 0x000000074cb00000| Untracked 
| 204|0x000000074cc00000, 0x000000074cc00000, 0x000000074cd00000|  0%| F|  |TAMS 0x000000074cc00000, 0x000000074cc00000| Untracked 
| 205|0x000000074cd00000, 0x000000074cd00000, 0x000000074ce00000|  0%| F|  |TAMS 0x000000074cd00000, 0x000000074cd00000| Untracked 
| 206|0x000000074ce00000, 0x000000074ce00000, 0x000000074cf00000|  0%| F|  |TAMS 0x000000074ce00000, 0x000000074ce00000| Untracked 
| 207|0x000000074cf00000, 0x000000074cf00000, 0x000000074d000000|  0%| F|  |TAMS 0x000000074cf00000, 0x000000074cf00000| Untracked 
| 208|0x000000074d000000, 0x000000074d000000, 0x000000074d100000|  0%| F|  |TAMS 0x000000074d000000, 0x000000074d000000| Untracked 
| 209|0x000000074d100000, 0x000000074d100000, 0x000000074d200000|  0%| F|  |TAMS 0x000000074d100000, 0x000000074d100000| Untracked 
| 210|0x000000074d200000, 0x000000074d200000, 0x000000074d300000|  0%| F|  |TAMS 0x000000074d200000, 0x000000074d200000| Untracked 
| 211|0x000000074d300000, 0x000000074d300000, 0x000000074d400000|  0%| F|  |TAMS 0x000000074d300000, 0x000000074d300000| Untracked 
| 212|0x000000074d400000, 0x000000074d400000, 0x000000074d500000|  0%| F|  |TAMS 0x000000074d400000, 0x000000074d400000| Untracked 
| 213|0x000000074d500000, 0x000000074d500000, 0x000000074d600000|  0%| F|  |TAMS 0x000000074d500000, 0x000000074d500000| Untracked 
| 214|0x000000074d600000, 0x000000074d600000, 0x000000074d700000|  0%| F|  |TAMS 0x000000074d600000, 0x000000074d600000| Untracked 
| 215|0x000000074d700000, 0x000000074d700000, 0x000000074d800000|  0%| F|  |TAMS 0x000000074d700000, 0x000000074d700000| Untracked 
| 216|0x000000074d800000, 0x000000074d800000, 0x000000074d900000|  0%| F|  |TAMS 0x000000074d800000, 0x000000074d800000| Untracked 
| 217|0x000000074d900000, 0x000000074d900000, 0x000000074da00000|  0%| F|  |TAMS 0x000000074d900000, 0x000000074d900000| Untracked 
| 218|0x000000074da00000, 0x000000074da00000, 0x000000074db00000|  0%| F|  |TAMS 0x000000074da00000, 0x000000074da00000| Untracked 
| 219|0x000000074db00000, 0x000000074db00000, 0x000000074dc00000|  0%| F|  |TAMS 0x000000074db00000, 0x000000074db00000| Untracked 
| 220|0x000000074dc00000, 0x000000074dc00000, 0x000000074dd00000|  0%| F|  |TAMS 0x000000074dc00000, 0x000000074dc00000| Untracked 
| 221|0x000000074dd00000, 0x000000074dd00000, 0x000000074de00000|  0%| F|  |TAMS 0x000000074dd00000, 0x000000074dd00000| Untracked 
| 222|0x000000074de00000, 0x000000074de00000, 0x000000074df00000|  0%| F|  |TAMS 0x000000074de00000, 0x000000074de00000| Untracked 
| 223|0x000000074df00000, 0x000000074df00000, 0x000000074e000000|  0%| F|  |TAMS 0x000000074df00000, 0x000000074df00000| Untracked 
| 224|0x000000074e000000, 0x000000074e000000, 0x000000074e100000|  0%| F|  |TAMS 0x000000074e000000, 0x000000074e000000| Untracked 
| 225|0x000000074e100000, 0x000000074e100000, 0x000000074e200000|  0%| F|  |TAMS 0x000000074e100000, 0x000000074e100000| Untracked 
| 226|0x000000074e200000, 0x000000074e200000, 0x000000074e300000|  0%| F|  |TAMS 0x000000074e200000, 0x000000074e200000| Untracked 
| 227|0x000000074e300000, 0x000000074e300000, 0x000000074e400000|  0%| F|  |TAMS 0x000000074e300000, 0x000000074e300000| Untracked 
| 228|0x000000074e400000, 0x000000074e400000, 0x000000074e500000|  0%| F|  |TAMS 0x000000074e400000, 0x000000074e400000| Untracked 
| 229|0x000000074e500000, 0x000000074e500000, 0x000000074e600000|  0%| F|  |TAMS 0x000000074e500000, 0x000000074e500000| Untracked 
| 230|0x000000074e600000, 0x000000074e600000, 0x000000074e700000|  0%| F|  |TAMS 0x000000074e600000, 0x000000074e600000| Untracked 
| 231|0x000000074e700000, 0x000000074e700000, 0x000000074e800000|  0%| F|  |TAMS 0x000000074e700000, 0x000000074e700000| Untracked 
| 232|0x000000074e800000, 0x000000074e800000, 0x000000074e900000|  0%| F|  |TAMS 0x000000074e800000, 0x000000074e800000| Untracked 
| 233|0x000000074e900000, 0x000000074e900000, 0x000000074ea00000|  0%| F|  |TAMS 0x000000074e900000, 0x000000074e900000| Untracked 
| 234|0x000000074ea00000, 0x000000074ea00000, 0x000000074eb00000|  0%| F|  |TAMS 0x000000074ea00000, 0x000000074ea00000| Untracked 
| 235|0x000000074eb00000, 0x000000074eb00000, 0x000000074ec00000|  0%| F|  |TAMS 0x000000074eb00000, 0x000000074eb00000| Untracked 
| 236|0x000000074ec00000, 0x000000074ec00000, 0x000000074ed00000|  0%| F|  |TAMS 0x000000074ec00000, 0x000000074ec00000| Untracked 
| 237|0x000000074ed00000, 0x000000074ed00000, 0x000000074ee00000|  0%| F|  |TAMS 0x000000074ed00000, 0x000000074ed00000| Untracked 
| 238|0x000000074ee00000, 0x000000074ee00000, 0x000000074ef00000|  0%| F|  |TAMS 0x000000074ee00000, 0x000000074ee00000| Untracked 
| 239|0x000000074ef00000, 0x000000074ef00000, 0x000000074f000000|  0%| F|  |TAMS 0x000000074ef00000, 0x000000074ef00000| Untracked 
| 240|0x000000074f000000, 0x000000074f000000, 0x000000074f100000|  0%| F|  |TAMS 0x000000074f000000, 0x000000074f000000| Untracked 
| 241|0x000000074f100000, 0x000000074f100000, 0x000000074f200000|  0%| F|  |TAMS 0x000000074f100000, 0x000000074f100000| Untracked 
| 242|0x000000074f200000, 0x000000074f200000, 0x000000074f300000|  0%| F|  |TAMS 0x000000074f200000, 0x000000074f200000| Untracked 
| 243|0x000000074f300000, 0x000000074f300000, 0x000000074f400000|  0%| F|  |TAMS 0x000000074f300000, 0x000000074f300000| Untracked 
| 244|0x000000074f400000, 0x000000074f400000, 0x000000074f500000|  0%| F|  |TAMS 0x000000074f400000, 0x000000074f400000| Untracked 
| 245|0x000000074f500000, 0x000000074f500000, 0x000000074f600000|  0%| F|  |TAMS 0x000000074f500000, 0x000000074f500000| Untracked 
| 246|0x000000074f600000, 0x000000074f600000, 0x000000074f700000|  0%| F|  |TAMS 0x000000074f600000, 0x000000074f600000| Untracked 
| 247|0x000000074f700000, 0x000000074f700000, 0x000000074f800000|  0%| F|  |TAMS 0x000000074f700000, 0x000000074f700000| Untracked 
| 248|0x000000074f800000, 0x000000074f800000, 0x000000074f900000|  0%| F|  |TAMS 0x000000074f800000, 0x000000074f800000| Untracked 
| 249|0x000000074f900000, 0x000000074f900000, 0x000000074fa00000|  0%| F|  |TAMS 0x000000074f900000, 0x000000074f900000| Untracked 
| 250|0x000000074fa00000, 0x000000074fa881c0, 0x000000074fb00000| 53%| E|  |TAMS 0x000000074fa00000, 0x000000074fa00000| Complete 
| 251|0x000000074fb00000, 0x000000074fc00000, 0x000000074fc00000|100%| E|CS|TAMS 0x000000074fb00000, 0x000000074fb00000| Complete 
| 252|0x000000074fc00000, 0x000000074fd00000, 0x000000074fd00000|100%| E|CS|TAMS 0x000000074fc00000, 0x000000074fc00000| Complete 
| 253|0x000000074fd00000, 0x000000074fe00000, 0x000000074fe00000|100%| E|CS|TAMS 0x000000074fd00000, 0x000000074fd00000| Complete 
| 254|0x000000074fe00000, 0x000000074ff00000, 0x000000074ff00000|100%| E|CS|TAMS 0x000000074fe00000, 0x000000074fe00000| Complete 
| 255|0x000000074ff00000, 0x0000000750000000, 0x0000000750000000|100%| E|CS|TAMS 0x000000074ff00000, 0x000000074ff00000| Complete 
| 256|0x0000000750000000, 0x0000000750100000, 0x0000000750100000|100%| E|CS|TAMS 0x0000000750000000, 0x0000000750000000| Complete 

Card table byte_map: [0x0000028327ad0000,0x00000283280d0000] _byte_map_base: 0x00000283240d0000

Marking Bits (Prev, Next): (CMBitMap*) 0x0000028349935128, (CMBitMap*) 0x0000028349935160
 Prev Bits: [0x000002832c8a0000, 0x000002832f8a0000)
 Next Bits: [0x000002832f8a0000, 0x00000283328a0000)

Polling page: 0x0000028307550000

Metaspace:

Usage:
  Non-class:     99.93 MB capacity,    98.13 MB ( 98%) used,     1.34 MB (  1%) free+waste,   465.25 KB ( <1%) overhead. 
      Class:     17.05 MB capacity,    15.51 MB ( 91%) used,     1.32 MB (  8%) free+waste,   225.50 KB (  1%) overhead. 
       Both:    116.98 MB capacity,   113.64 MB ( 97%) used,     2.67 MB (  2%) free+waste,   690.75 KB ( <1%) overhead. 

Virtual space:
  Non-class space:      102.00 MB reserved,     100.08 MB ( 98%) committed 
      Class space:        1.00 GB reserved,      17.13 MB (  2%) committed 
             Both:        1.10 GB reserved,     117.20 MB ( 10%) committed 

Chunk freelists:
   Non-Class:  3.13 KB
       Class:  1.63 KB
        Both:  4.75 KB

CodeHeap 'non-profiled nmethods': size=119168Kb used=27660Kb max_used=27660Kb free=91507Kb
 bounds [0x000002831e800000, 0x0000028320310000, 0x0000028325c60000]
CodeHeap 'profiled nmethods': size=119168Kb used=59518Kb max_used=59518Kb free=59649Kb
 bounds [0x00000283173a0000, 0x000002831ae20000, 0x000002831e800000]
CodeHeap 'non-nmethods': size=7424Kb used=1973Kb max_used=3674Kb free=5450Kb
 bounds [0x0000028316c60000, 0x0000028317030000, 0x00000283173a0000]
 total_blobs=43183 nmethods=22979 adapters=1569
 compilation: enabled
              stopped_count=0, restarted_count=0
 full_count=0

Compilation events (10 events):
Event: 2063.770 Thread 0x0000028346800800 29569       3       org.apache.batik.dom.svg.SVGOMElement::createLiveAnimatedPoints (43 bytes)
Event: 2063.770 Thread 0x0000028346800800 nmethod 29569 0x000002831ae11510 code [0x000002831ae11780, 0x000002831ae12570]
Event: 2063.770 Thread 0x0000028346800800 29570       3       org.apache.batik.dom.svg.SVGOMAnimatedPoints::<init> (14 bytes)
Event: 2063.771 Thread 0x0000028346800800 nmethod 29570 0x000002831ae12990 code [0x000002831ae12b80, 0x000002831ae131d8]
Event: 2063.771 Thread 0x0000028346800800 29571       3       org.apache.batik.dom.svg.SVGOMAnimatedPoints::attrAdded (37 bytes)
Event: 2063.771 Thread 0x0000028346800800 nmethod 29571 0x000002831ae13390 code [0x000002831ae13580, 0x000002831ae13d60]
Event: 2063.771 Thread 0x0000028346800800 29573       3       org.apache.batik.dom.svg.SVGOMAnimatedPoints::check (96 bytes)
Event: 2063.771 Thread 0x0000028346800800 nmethod 29573 0x000002831ae13f10 code [0x000002831ae14140, 0x000002831ae14840]
Event: 2063.771 Thread 0x0000028346800800 29572       1       org.apache.batik.css.engine.value.svg.ClipRuleManager::isInheritedProperty (2 bytes)
Event: 2063.771 Thread 0x0000028346800800 nmethod 29572 0x0000028320303a10 code [0x0000028320303bc0, 0x0000028320303cd8]

GC Heap History (10 events):
Event: 1939.800 GC heap before
{Heap before GC invocations=350 (full 9):
 garbage-first heap   total 263168K, used 235282K [0x0000000740000000, 0x0000000800000000)
  region size 1024K, 60 young (61440K), 4 survivors (4096K)
 Metaspace       used 116336K, capacity 119786K, committed 120016K, reserved 1153024K
  class space    used 15876K, capacity 17459K, committed 17536K, reserved 1048576K
}
Event: 1939.812 GC heap after
{Heap after GC invocations=351 (full 9):
 garbage-first heap   total 263168K, used 178039K [0x0000000740000000, 0x0000000800000000)
  region size 1024K, 4 young (4096K), 4 survivors (4096K)
 Metaspace       used 116336K, capacity 119786K, committed 120016K, reserved 1153024K
  class space    used 15876K, capacity 17459K, committed 17536K, reserved 1048576K
}
Event: 2013.558 GC heap before
{Heap before GC invocations=351 (full 9):
 garbage-first heap   total 263168K, used 234359K [0x0000000740000000, 0x0000000800000000)
  region size 1024K, 60 young (61440K), 4 survivors (4096K)
 Metaspace       used 116336K, capacity 119786K, committed 120016K, reserved 1153024K
  class space    used 15876K, capacity 17459K, committed 17536K, reserved 1048576K
}
Event: 2013.567 GC heap after
{Heap after GC invocations=352 (full 9):
 garbage-first heap   total 263168K, used 177742K [0x0000000740000000, 0x0000000800000000)
  region size 1024K, 4 young (4096K), 4 survivors (4096K)
 Metaspace       used 116336K, capacity 119786K, committed 120016K, reserved 1153024K
  class space    used 15876K, capacity 17459K, committed 17536K, reserved 1048576K
}
Event: 2038.043 GC heap before
{Heap before GC invocations=353 (full 9):
 garbage-first heap   total 263168K, used 235086K [0x0000000740000000, 0x0000000800000000)
  region size 1024K, 60 young (61440K), 4 survivors (4096K)
 Metaspace       used 116340K, capacity 119786K, committed 120016K, reserved 1153024K
  class space    used 15876K, capacity 17459K, committed 17536K, reserved 1048576K
}
Event: 2038.051 GC heap after
{Heap after GC invocations=354 (full 9):
 garbage-first heap   total 263168K, used 177570K [0x0000000740000000, 0x0000000800000000)
  region size 1024K, 4 young (4096K), 4 survivors (4096K)
 Metaspace       used 116340K, capacity 119786K, committed 120016K, reserved 1153024K
  class space    used 15876K, capacity 17459K, committed 17536K, reserved 1048576K
}
Event: 2042.860 GC heap before
{Heap before GC invocations=354 (full 9):
 garbage-first heap   total 263168K, used 234914K [0x0000000740000000, 0x0000000800000000)
  region size 1024K, 60 young (61440K), 4 survivors (4096K)
 Metaspace       used 116357K, capacity 119786K, committed 120016K, reserved 1153024K
  class space    used 15877K, capacity 17459K, committed 17536K, reserved 1048576K
}
Event: 2042.866 GC heap after
{Heap after GC invocations=355 (full 9):
 garbage-first heap   total 263168K, used 177403K [0x0000000740000000, 0x0000000800000000)
  region size 1024K, 4 young (4096K), 4 survivors (4096K)
 Metaspace       used 116357K, capacity 119786K, committed 120016K, reserved 1153024K
  class space    used 15877K, capacity 17459K, committed 17536K, reserved 1048576K
}
Event: 2061.592 GC heap before
{Heap before GC invocations=356 (full 9):
 garbage-first heap   total 263168K, used 234747K [0x0000000740000000, 0x0000000800000000)
  region size 1024K, 60 young (61440K), 4 survivors (4096K)
 Metaspace       used 116360K, capacity 119786K, committed 120016K, reserved 1153024K
  class space    used 15877K, capacity 17459K, committed 17536K, reserved 1048576K
}
Event: 2061.598 GC heap after
{Heap after GC invocations=357 (full 9):
 garbage-first heap   total 263168K, used 177691K [0x0000000740000000, 0x0000000800000000)
  region size 1024K, 4 young (4096K), 4 survivors (4096K)
 Metaspace       used 116360K, capacity 119786K, committed 120016K, reserved 1153024K
  class space    used 15877K, capacity 17459K, committed 17536K, reserved 1048576K
}

Deoptimization events (10 events):
Event: 1896.671 Thread 0x0000028338a88000 Uncommon trap: reason=unstable_if action=reinterpret pc=0x000002831eeda624 method=de.concept.nlview.Nlview.drawText(Ljava/lang/String;IFFI)V @ 603 c2
Event: 1899.679 Thread 0x0000028338a88000 Uncommon trap: reason=unstable_if action=reinterpret pc=0x000002831eeb8f8c method=java.util.PriorityQueue.indexOf(Ljava/lang/Object;)I @ 20 c2
Event: 1899.807 Thread 0x0000028338a88000 Uncommon trap: reason=array_check action=maybe_recompile pc=0x0000028320271770 method=javax.swing.SortingFocusTraversalPolicy.mergeSort([Ljava/lang/Object;[Ljava/lang/Object;IIILjava/util/Comparator;)V @ 237 c2
Event: 1899.807 Thread 0x0000028338a88000 Uncommon trap: reason=array_check action=maybe_recompile pc=0x00000283202712cc method=javax.swing.SortingFocusTraversalPolicy.mergeSort([Ljava/lang/Object;[Ljava/lang/Object;IIILjava/util/Comparator;)V @ 237 c2
Event: 1899.807 Thread 0x0000028338a88000 Uncommon trap: reason=array_check action=maybe_recompile pc=0x00000283202717ac method=javax.swing.SortingFocusTraversalPolicy.mergeSort([Ljava/lang/Object;[Ljava/lang/Object;IIILjava/util/Comparator;)V @ 237 c2
Event: 1916.708 Thread 0x0000028338a88000 Uncommon trap: reason=unstable_if action=reinterpret pc=0x000002831fab155c method=java.awt.LightweightDispatcher.eventDispatched(Ljava/awt/AWTEvent;)V @ 122 c2
Event: 2040.299 Thread 0x0000028338a88000 Uncommon trap: reason=unstable_if action=reinterpret pc=0x000002831e885f54 method=java.util.Vector.toArray([Ljava/lang/Object;)[Ljava/lang/Object; @ 6 c2
Event: 2041.734 Thread 0x0000028338a88000 Uncommon trap: reason=unstable_if action=reinterpret pc=0x00000283202dd864 method=java.awt.Component.processEvent(Ljava/awt/AWTEvent;)V @ 29 c2
Event: 2048.528 Thread 0x0000028338a88000 Uncommon trap: reason=unstable_if action=reinterpret pc=0x00000283201971e4 method=ui.views.systembuilder.hv.dA(Lui/data/bq;)V @ 55 c2
Event: 2063.767 Thread 0x0000028338a88000 Uncommon trap: reason=unstable_if action=reinterpret pc=0x00000283200bcfe4 method=ui.views.systembuilder.iS.bH(Lui/data/bq;)Lui/d/d; @ 409 c2

Classes redefined (0 events):
No events

Internal exceptions (10 events):
Event: 1920.556 Thread 0x0000028338a88000 Exception <a 'de/concept/nlview/NlviewException'{0x000000074deae260}> (0x000000074deae260) thrown at [t:/workspace/open/src/hotspot/share/prims/jni.cpp, line 615]
Event: 1924.539 Thread 0x0000028338a88000 Exception <a 'de/concept/nlview/NlviewException'{0x000000074e2b9458}> (0x000000074e2b9458) thrown at [t:/workspace/open/src/hotspot/share/prims/jni.cpp, line 615]
Event: 1924.539 Thread 0x0000028338a88000 Exception <a 'de/concept/nlview/NlviewException'{0x000000074e2b99a8}> (0x000000074e2b99a8) thrown at [t:/workspace/open/src/hotspot/share/prims/jni.cpp, line 615]
Event: 1924.539 Thread 0x0000028338a88000 Exception <a 'de/concept/nlview/NlviewException'{0x000000074e2b9f00}> (0x000000074e2b9f00) thrown at [t:/workspace/open/src/hotspot/share/prims/jni.cpp, line 615]
Event: 1924.635 Thread 0x0000028338a88000 Exception <a 'de/concept/nlview/NlviewException'{0x000000074da5d188}> (0x000000074da5d188) thrown at [t:/workspace/open/src/hotspot/share/prims/jni.cpp, line 615]
Event: 1924.635 Thread 0x0000028338a88000 Exception <a 'de/concept/nlview/NlviewException'{0x000000074da5d6d8}> (0x000000074da5d6d8) thrown at [t:/workspace/open/src/hotspot/share/prims/jni.cpp, line 615]
Event: 1924.635 Thread 0x0000028338a88000 Exception <a 'de/concept/nlview/NlviewException'{0x000000074da5dc30}> (0x000000074da5dc30) thrown at [t:/workspace/open/src/hotspot/share/prims/jni.cpp, line 615]
Event: 1924.731 Thread 0x0000028338a88000 Exception <a 'de/concept/nlview/NlviewException'{0x000000074d230c48}> (0x000000074d230c48) thrown at [t:/workspace/open/src/hotspot/share/prims/jni.cpp, line 615]
Event: 1924.731 Thread 0x0000028338a88000 Exception <a 'de/concept/nlview/NlviewException'{0x000000074d231198}> (0x000000074d231198) thrown at [t:/workspace/open/src/hotspot/share/prims/jni.cpp, line 615]
Event: 1924.731 Thread 0x0000028338a88000 Exception <a 'de/concept/nlview/NlviewException'{0x000000074d2316f0}> (0x000000074d2316f0) thrown at [t:/workspace/open/src/hotspot/share/prims/jni.cpp, line 615]

Events (10 events):
Event: 2061.592 Executing VM operation: G1CollectForAllocation
Event: 2061.598 Executing VM operation: G1CollectForAllocation done
Event: 2061.599 Thread 0x000002835bffe000 Thread exited: 0x000002835bffe000
Event: 2062.562 Thread 0x000002835bffb800 Thread added: 0x000002835bffb800
Event: 2062.566 Thread 0x000002835bffb800 Thread exited: 0x000002835bffb800
Event: 2063.563 Thread 0x000002835bffe000 Thread added: 0x000002835bffe000
Event: 2063.569 Thread 0x000002835bffe000 Thread exited: 0x000002835bffe000
Event: 2063.767 Thread 0x0000028338a88000 Uncommon trap: trap_request=0xffffff4d fr.pc=0x00000283200bcfe4 relative=0x00000000000005e4
Event: 2063.767 Thread 0x0000028338a88000 DEOPT PACKING pc=0x00000283200bcfe4 sp=0x00000093ffff91d0
Event: 2063.767 Thread 0x0000028338a88000 DEOPT UNPACKING pc=0x0000028316c6802f sp=0x00000093ffff9148 mode 2


Dynamic libraries:
0x00007ff74a760000 - 0x00007ff74a78f000 	C:\Xilinx\Vivado\2020.2\bin\unwrapped\win64.o\vivado.exe
0x00007ffe03640000 - 0x00007ffe038a8000 	C:\WINDOWS\SYSTEM32\ntdll.dll
0x00007ffe016b0000 - 0x00007ffe01779000 	C:\WINDOWS\System32\KERNEL32.DLL
0x00007ffe009d0000 - 0x00007ffe00dc1000 	C:\WINDOWS\System32\KERNELBASE.dll
0x00007ffe00e80000 - 0x00007ffe00fcb000 	C:\WINDOWS\System32\ucrtbase.dll
0x00007ffde9700000 - 0x00007ffde9789000 	C:\WINDOWS\SYSTEM32\MSVCP140.dll
0x00007ffd369a0000 - 0x00007ffd37b17000 	C:\Xilinx\Vivado\2020.2\lib\win64.o\librdi_common.dll
0x00007ffde77f0000 - 0x00007ffde7803000 	C:\Xilinx\Vivado\2020.2\lib\win64.o\libboost_signals.dll
0x00007ffde6950000 - 0x00007ffde6968000 	C:\Xilinx\Vivado\2020.2\lib\win64.o\librdi_commonmain.dll
0x00007ffde9790000 - 0x00007ffde97ae000 	C:\WINDOWS\SYSTEM32\VCRUNTIME140.dll
0x00007ffe02a10000 - 0x00007ffe02bd6000 	C:\WINDOWS\System32\USER32.dll
0x00007ffe013b0000 - 0x00007ffe013d7000 	C:\WINDOWS\System32\win32u.dll
0x00007ffdf3120000 - 0x00007ffdf312c000 	C:\WINDOWS\SYSTEM32\VCRUNTIME140_1.dll
0x00007ffe01500000 - 0x00007ffe0152b000 	C:\WINDOWS\System32\GDI32.dll
0x00007ffd3a890000 - 0x00007ffd3abfe000 	C:\Xilinx\Vivado\2020.2\lib\win64.o\libCOIN-all.dll
0x00007ffe01110000 - 0x00007ffe0123b000 	C:\WINDOWS\System32\gdi32full.dll
0x00007ffe01060000 - 0x00007ffe01103000 	C:\WINDOWS\System32\msvcp_win.dll
0x00007ffdfd360000 - 0x00007ffdfd370000 	C:\Xilinx\Vivado\2020.2\lib\win64.o\libboost_date_time.dll
0x00007ffde75e0000 - 0x00007ffde7602000 	C:\Xilinx\Vivado\2020.2\lib\win64.o\libboost_filesystem.dll
0x00007ffe02c90000 - 0x00007ffe02d44000 	C:\WINDOWS\System32\ADVAPI32.dll
0x00007ffde7560000 - 0x00007ffde75d3000 	C:\Xilinx\Vivado\2020.2\lib\win64.o\libboost_program_options.dll
0x00007ffe01980000 - 0x00007ffe01a29000 	C:\WINDOWS\System32\msvcrt.dll
0x00007ffe02be0000 - 0x00007ffe02c86000 	C:\WINDOWS\System32\sechost.dll
0x00007ffde7440000 - 0x00007ffde7551000 	C:\Xilinx\Vivado\2020.2\lib\win64.o\libboost_regex.dll
0x00007ffe013e0000 - 0x00007ffe014f8000 	C:\WINDOWS\System32\RPCRT4.dll
0x00007ffdfb470000 - 0x00007ffdfb479000 	C:\Xilinx\Vivado\2020.2\lib\win64.o\libboost_system.dll
0x00007ffe02e10000 - 0x00007ffe03562000 	C:\WINDOWS\System32\SHELL32.dll
0x00007ffde7420000 - 0x00007ffde743e000 	C:\Xilinx\Vivado\2020.2\lib\win64.o\libboost_thread.dll
0x00007ffdf2c60000 - 0x00007ffdf2c6c000 	C:\Xilinx\Vivado\2020.2\lib\win64.o\libboost_xilinx.dll
0x00007ffde0e20000 - 0x00007ffde0ea2000 	C:\Xilinx\Vivado\2020.2\lib\win64.o\libhdlpsolve.dll
0x00007ffde0d70000 - 0x00007ffde0e15000 	C:\Xilinx\Vivado\2020.2\lib\win64.o\libhdxml.dll
0x00007ffe01240000 - 0x00007ffe013aa000 	C:\WINDOWS\System32\wintypes.dll
0x00007ffe02530000 - 0x00007ffe028b6000 	C:\WINDOWS\System32\combase.dll
0x00007ffe021e0000 - 0x00007ffe02254000 	C:\WINDOWS\System32\WS2_32.dll
0x00007ffde73f0000 - 0x00007ffde7418000 	C:\Xilinx\Vivado\2020.2\lib\win64.o\libisl_sysinfo.dll
0x00007ffde7350000 - 0x00007ffde736a000 	C:\Xilinx\Vivado\2020.2\lib\win64.o\pthreadVC2.dll
0x00007ffd33e90000 - 0x00007ffd34c82600 	C:\Xilinx\Vivado\2020.2\lib\win64.o\libisl_iostreams.dll
0x00007ffdd2ac0000 - 0x00007ffdd2b25000 	C:\Xilinx\Vivado\2020.2\lib\win64.o\liblmx6.0.dll
0x00007ffdd2920000 - 0x00007ffdd2ab9000 	C:\Xilinx\Vivado\2020.2\lib\win64.o\librdi_commonxillic.dll
0x00007ffde7100000 - 0x00007ffde711c000 	C:\Xilinx\Vivado\2020.2\lib\win64.o\librdiconfig.dll
0x00007ffe01800000 - 0x00007ffe01867000 	C:\WINDOWS\System32\SHLWAPI.dll
0x00007ffdfff20000 - 0x00007ffe00783000 	C:\WINDOWS\System32\Windows.Storage.dll
0x00007ffdde530000 - 0x00007ffdde551000 	C:\Xilinx\Vivado\2020.2\lib\win64.o\librdizlib.dll
0x00007ffde58e0000 - 0x00007ffde58e9000 	C:\Xilinx\Vivado\2020.2\lib\win64.o\librdi_commonversion.dll
0x0000000063080000 - 0x00000000631ab000 	C:\Xilinx\Vivado\2020.2\lib\win64.o\tcl85t.dll
0x0000000012000000 - 0x0000000012270000 	C:\Xilinx\Vivado\2020.2\lib\win64.o\xerces-c_3_1.dll
0x00007ffde13b0000 - 0x00007ffde13ca000 	C:\WINDOWS\SYSTEM32\NETAPI32.dll
0x00007ffdfa780000 - 0x00007ffdfa8a7000 	C:\WINDOWS\SYSTEM32\WINHTTP.dll
0x00007ffdec750000 - 0x00007ffdec930000 	C:\WINDOWS\SYSTEM32\urlmon.dll
0x00007ffde5240000 - 0x00007ffde54c8000 	C:\WINDOWS\SYSTEM32\WININET.dll
0x00007ffde73e0000 - 0x00007ffde73ec000 	C:\Xilinx\Vivado\2020.2\lib\win64.o\libboost_chrono.dll
0x00007ffdd7330000 - 0x00007ffdd7360000 	C:\WINDOWS\SYSTEM32\VCOMP140.DLL
0x00007ffde0cd0000 - 0x00007ffde0cda000 	C:\WINDOWS\SYSTEM32\WSOCK32.dll
0x00007ffd31f70000 - 0x00007ffd33e87000 	C:\Xilinx\Vivado\2020.2\lib\win64.o\gurobi90.dll
0x00007ffe00850000 - 0x00007ffe009c7000 	C:\WINDOWS\System32\CRYPT32.dll
0x00007ffdffe10000 - 0x00007ffdffe3a000 	C:\WINDOWS\SYSTEM32\bcrypt.dll
0x00007ffe01780000 - 0x00007ffe017f4000 	C:\WINDOWS\System32\WLDAP32.dll
0x00007ffe01970000 - 0x00007ffe01978000 	C:\WINDOWS\System32\Normaliz.dll
0x00007ffde6ec0000 - 0x00007ffde6ed6000 	C:\Xilinx\Vivado\2020.2\lib\win64.o\libboost_iostreams.dll
0x00007ffdd6710000 - 0x00007ffdd6733000 	C:\Xilinx\Vivado\2020.2\lib\win64.o\libisl_iosutils.dll
0x00007ffd3a5b0000 - 0x00007ffd3a88b000 	C:\Xilinx\Vivado\2020.2\lib\win64.o\libXil_lmgr11.dll
0x00007ffe020d0000 - 0x00007ffe021bf000 	C:\WINDOWS\System32\COMDLG32.dll
0x00007ffdec480000 - 0x00007ffdec745000 	C:\WINDOWS\SYSTEM32\iertutil.dll
0x00007ffe01870000 - 0x00007ffe01966000 	C:\WINDOWS\System32\shcore.dll
0x00007ffe02410000 - 0x00007ffe024e7000 	C:\WINDOWS\System32\OLEAUT32.dll
0x00007ffdf0aa0000 - 0x00007ffdf0ac9000 	C:\WINDOWS\SYSTEM32\srvcli.dll
0x00007ffdfe600000 - 0x00007ffdfe60d000 	C:\WINDOWS\SYSTEM32\netutils.dll
0x00007ffdebe20000 - 0x00007ffdebed4000 	C:\WINDOWS\WinSxS\amd64_microsoft.windows.common-controls_6595b64144ccf1df_5.82.26100.7309_none_87ef0e2f7a2c9771\COMCTL32.dll
0x00007ffe02260000 - 0x00007ffe023f7000 	C:\WINDOWS\System32\ole32.dll
0x00007ffe00fd0000 - 0x00007ffe01052000 	C:\WINDOWS\System32\WINTRUST.dll
0x00007ffdfa9f0000 - 0x00007ffdfaa13000 	C:\WINDOWS\SYSTEM32\dhcpcsvc.DLL
0x00007ffdff230000 - 0x00007ffdff29b000 	C:\WINDOWS\SYSTEM32\MSWSOCK.DLL
0x00007ffe024f0000 - 0x00007ffe02521000 	C:\WINDOWS\System32\IMM32.DLL
0x00007ffdff570000 - 0x00007ffdff583000 	C:\WINDOWS\SYSTEM32\MSASN1.dll
0x00007ffdfecc0000 - 0x00007ffdfecdb000 	C:\WINDOWS\SYSTEM32\kernel.appcore.dll
0x00007ffd37e40000 - 0x00007ffd38362000 	C:\Xilinx\Vivado\2020.2\lib\win64.o\librdi_commontasks.dll
0x00007ffd31440000 - 0x00007ffd31f63000 	C:\Xilinx\Vivado\2020.2\tps\win64\jre11.0.2\bin\server\jvm.dll
0x00007ffd3a2d0000 - 0x00007ffd3a5a5000 	C:\Xilinx\Vivado\2020.2\lib\win64.o\librdi_sio.dll
0x00007ffe021d0000 - 0x00007ffe021d8000 	C:\WINDOWS\System32\PSAPI.DLL
0x00007ffdf93a0000 - 0x00007ffdf93ab000 	C:\WINDOWS\SYSTEM32\VERSION.dll
0x00007ffdfe750000 - 0x00007ffdfe784000 	C:\WINDOWS\SYSTEM32\IPHLPAPI.DLL
0x00007ffdf7180000 - 0x00007ffdf71b5000 	C:\WINDOWS\SYSTEM32\WINMM.dll
0x00007ffd283a0000 - 0x00007ffd2ae5e000 	C:\Xilinx\Vivado\2020.2\lib\win64.o\librdi_tcltasks.dll
0x00007ffd30f90000 - 0x00007ffd31436000 	C:\Xilinx\Vivado\2020.2\lib\win64.o\librdi_bitstream.dll
0x00007ffdd28a0000 - 0x00007ffdd291e000 	C:\Xilinx\Vivado\2020.2\lib\win64.o\librdi_boarddep.dll
0x00007ffdc9710000 - 0x00007ffdc9806000 	C:\Xilinx\Vivado\2020.2\lib\win64.o\librdi_chipscope.dll
0x00007ffd67c70000 - 0x00007ffd67e23000 	C:\Xilinx\Vivado\2020.2\lib\win64.o\librdi_board.dll
0x00007ffd30da0000 - 0x00007ffd30f8a000 	C:\Xilinx\Vivado\2020.2\lib\win64.o\librdi_chipscopeimpl.dll
0x00007ffd24800000 - 0x00007ffd2662c000 	C:\Xilinx\Vivado\2020.2\lib\win64.o\librdi_constraints.dll
0x00007ffd22440000 - 0x00007ffd247fd000 	C:\Xilinx\Vivado\2020.2\lib\win64.o\librdi_coregen.dll
0x00007ffd6c120000 - 0x00007ffd6c281000 	C:\Xilinx\Vivado\2020.2\lib\win64.o\librdi_containers.dll
0x00007ffd2fcb0000 - 0x00007ffd303c8000 	C:\Xilinx\Vivado\2020.2\lib\win64.o\librdi_coregenipxact.dll
0x00007ffd26630000 - 0x00007ffd28391000 	C:\Xilinx\Vivado\2020.2\lib\win64.o\librdi_designutils.dll
0x00007ffd30a30000 - 0x00007ffd30d98000 	C:\Xilinx\Vivado\2020.2\lib\win64.o\librdi_dlyest.dll
0x00007ffd303d0000 - 0x00007ffd30a2d000 	C:\Xilinx\Vivado\2020.2\lib\win64.o\librdi_drc.dll
0x00007ffd09790000 - 0x00007ffd21d6f000 	C:\Xilinx\Vivado\2020.2\lib\win64.o\librdi_device.dll
0x00007ffd9b3a0000 - 0x00007ffd9b453000 	C:\Xilinx\Vivado\2020.2\lib\win64.o\librdi_dsp.dll
0x00007ffd21d70000 - 0x00007ffd22432000 	C:\Xilinx\Vivado\2020.2\lib\win64.o\librdi_filemgmt.dll
0x00007ffdd0e70000 - 0x00007ffdd0edb000 	C:\Xilinx\Vivado\2020.2\lib\win64.o\librdi_hdf.dll
0x00007ffd2f710000 - 0x00007ffd2f987000 	C:\Xilinx\Vivado\2020.2\lib\win64.o\librdi_hip_devdesign.dll
0x00007ffd2f990000 - 0x00007ffd2fcad000 	C:\Xilinx\Vivado\2020.2\lib\win64.o\librdi_guitools.dll
0x00007ffd09640000 - 0x00007ffd09787000 	C:\Xilinx\Vivado\2020.2\lib\win64.o\librdi_hip_perf_analysis.dll
0x00007ffd07410000 - 0x00007ffd08fe4000 	C:\Xilinx\Vivado\2020.2\lib\win64.o\librdi_implflow.dll
0x00007ffd08ff0000 - 0x00007ffd0963c000 	C:\Xilinx\Vivado\2020.2\lib\win64.o\librdi_memdata.dll
0x00007ffdccf80000 - 0x00007ffdccff2000 	C:\Xilinx\Vivado\2020.2\lib\win64.o\librdi_memoryarray.dll
0x00007ffd04fc0000 - 0x00007ffd07404000 	C:\Xilinx\Vivado\2020.2\lib\win64.o\librdi_mig.dll
0x00007ffdd0de0000 - 0x00007ffdd0e34000 	C:\Xilinx\Vivado\2020.2\lib\win64.o\librdi_pfi.dll
0x00007ffcff500000 - 0x00007ffd02707000 	C:\Xilinx\Vivado\2020.2\lib\win64.o\librdi_place.dll
0x00007ffd04890000 - 0x00007ffd04fbc000 	C:\Xilinx\Vivado\2020.2\lib\win64.o\librdi_netlist.dll
0x00007ffd03cd0000 - 0x00007ffd0406e000 	C:\Xilinx\Vivado\2020.2\lib\win64.o\librdi_platform.dll
0x00007ffd04070000 - 0x00007ffd04887000 	C:\Xilinx\Vivado\2020.2\lib\win64.o\librdi_power.dll
0x00007ffd02710000 - 0x00007ffd02e32000 	C:\Xilinx\Vivado\2020.2\lib\win64.o\librdi_psta.dll
0x00007ffd03650000 - 0x00007ffd03cc4000 	C:\Xilinx\Vivado\2020.2\lib\win64.o\librdi_project.dll
0x00007ffd02e40000 - 0x00007ffd0364c000 	C:\Xilinx\Vivado\2020.2\lib\win64.o\librdi_rsb.dll
0x00007ffd39ef0000 - 0x00007ffd39ff9000 	C:\Xilinx\Vivado\2020.2\lib\win64.o\librdi_runsbase.dll
0x00007ffcfefd0000 - 0x00007ffcff4fb000 	C:\Xilinx\Vivado\2020.2\lib\win64.o\librdi_runs.dll
0x00007ffcfed50000 - 0x00007ffcfefc4000 	C:\Xilinx\Vivado\2020.2\lib\win64.o\librdi_simdata.dll
0x00007ffcfdab0000 - 0x00007ffcfea31000 	C:\Xilinx\Vivado\2020.2\lib\win64.o\librdi_timing.dll
0x00007ffcfec30000 - 0x00007ffcfed46000 	C:\Xilinx\Vivado\2020.2\lib\win64.o\librdi_xhub.dll
0x00007ffd6bfb0000 - 0x00007ffd6c057000 	C:\Xilinx\Vivado\2020.2\lib\win64.o\librdi_xhubtasks.dll
0x00007ffcfea40000 - 0x00007ffcfec2b000 	C:\Xilinx\Vivado\2020.2\lib\win64.o\librdi_advchipscopeimpl.dll
0x00007ffdd5be0000 - 0x00007ffdd5c27000 	C:\Xilinx\Vivado\2020.2\lib\win64.o\libboost_serialization.dll
0x00007ffd37b50000 - 0x00007ffd37c3b000 	C:\Xilinx\Vivado\2020.2\lib\win64.o\librdi_ipconfig_readwrite.dll
0x00007ffdce310000 - 0x00007ffdce37a000 	C:\Xilinx\Vivado\2020.2\lib\win64.o\librdi_noc_frameworks.dll
0x00007ffdce840000 - 0x00007ffdce886000 	C:\Xilinx\Vivado\2020.2\lib\win64.o\libboost_graph.dll
0x00007ffd67ac0000 - 0x00007ffd67b86000 	C:\Xilinx\Vivado\2020.2\lib\win64.o\librdi_bda.dll
0x00007ffcfbf90000 - 0x00007ffcfc6f7000 	C:\Xilinx\Vivado\2020.2\lib\win64.o\librdi_ippcw.dll
0x00007ffcfcc50000 - 0x00007ffcfd7a6000 	C:\Xilinx\Vivado\2020.2\lib\win64.o\libverific.dll

dbghelp: loaded successfully - version: 4.0.5 - missing functions: none
symbol engine: initialized successfully - sym options: 0x614 - pdb path: .;C:\Xilinx\Vivado\2020.2\bin\unwrapped\win64.o;C:\WINDOWS\SYSTEM32;C:\Xilinx\Vivado\2020.2\lib\win64.o;C:\WINDOWS\WinSxS\amd64_microsoft.windows.common-controls_6595b64144ccf1df_5.82.26100.7309_none_87ef0e2f7a2c9771;C:\Xilinx\Vivado\2020.2\tps\win64\jre11.0.2\bin\server;C:\Xilinx\Vivado\2020.2\tps\win64\python-3.8.3;C:\Xilinx\Vivado\2020.2\tps\win64\jre11.0.2\bin;C:\WINDOWS\WinSxS\amd64_microsoft.windows.common-controls_6595b64144ccf1df_6.0.26100.7824_none_3e0870b2e3345462;C:\Xilinx\Vivado\2020.2\tps\win64\javafx-sdk-11.0.2\bin;C:\WINDOWS\System32\DriverStore\FileRepository\u0395334.inf_amd64_31b12d1cde362f21\B394253;C:\WINDOWS\System32\DriverStore\FileRepository\nvamsi.inf_amd64_ebe4df2111447d9a

VM Arguments:
jvm_args: -Dsun.java2d.pmoffscreen=false -Dhttps.protocols=TLSv1,TLSv1.1,TLSv1.2 -Dsun.java2d.xrender=false -Dsun.java2d.d3d=false -Dsun.awt.nopixfmt=true -Dsun.java2d.dpiaware=true -Dsun.java2d.uiScale.enabled=false -Xverify:none -Dswing.aatext=true -XX:-UsePerfData -Djdk.map.althashing.threshold=512 -XX:StringTableSize=4072 --add-opens=java.base/java.nio=ALL-UNNAMED --add-opens=java.desktop/sun.swing=ALL-UNNAMED --add-opens=java.desktop/javax.swing=ALL-UNNAMED --add-opens=java.desktop/javax.swing.tree=ALL-UNNAMED --add-opens=java.desktop/javax.swing.plaf.basic=ALL-UNNAMED --add-opens=java.desktop/javax.swing.plaf.synth=ALL-UNNAMED --add-opens=java.desktop/com.sun.awt=ALL-UNNAMED -XX:NewSize=60m -XX:MaxNewSize=60m -Xms128m -Xmx3072m -Xss5m 
java_command: <unknown>
java_class_path (initial): C:/Xilinx/Vivado/2020.2\lib\classes\alloy.jar;C:/Xilinx/Vivado/2020.2\lib\classes\ArchiveSummary.jar;C:/Xilinx/Vivado/2020.2\lib\classes\autoesl-models.jar;C:/Xilinx/Vivado/2020.2\lib\classes\autopilot.scelaborator.jar;C:/Xilinx/Vivado/2020.2\lib\classes\autopilot.sourceprocessor.jar;C:/Xilinx/Vivado/2020.2\lib\classes\autopilot.tbprocessor.jar;C:/Xilinx/Vivado/2020.2\lib\classes\batik-anim.jar;C:/Xilinx/Vivado/2020.2\lib\classes\batik-awt-util.jar;C:/Xilinx/Vivado/2020.2\lib\classes\batik-bridge.jar;C:/Xilinx/Vivado/2020.2\lib\classes\batik-codec.jar;C:/Xilinx/Vivado/2020.2\lib\classes\batik-css.jar;C:/Xilinx/Vivado/2020.2\lib\classes\batik-dom.jar;C:/Xilinx/Vivado/2020.2\lib\classes\batik-ext.jar;C:/Xilinx/Vivado/2020.2\lib\classes\batik-gui-util.jar;C:/Xilinx/Vivado/2020.2\lib\classes\batik-gvt.jar;C:/Xilinx/Vivado/2020.2\lib\classes\batik-parser.jar;C:/Xilinx/Vivado/2020.2\lib\classes\batik-script.jar;C:/Xilinx/Vivado/2020.2\lib\classes\batik-svg-dom.jar;C:/Xilinx/Vivado/2020.2\lib\classes\batik-swing.jar;C:/Xilinx/Vivado/2020.2\lib\classes\batik-transcoder.jar;C:/Xilinx/Vivado/2020.2\lib\classes\batik-util.jar;C:/Xilinx/Vivado/2020.2\lib\classes\batik-xml.jar;C:/Xilinx/Vivado/2020.2\lib\classes\com.google.gson_2.8.2.v20180104-1110.jar;C:/Xilinx/Vivado/2020.2\lib\classes\com.google.guava_27.1.0.v20190517-1946.jar;C:/Xilinx/Vivado/2020.2\lib\classes\com.ibm.icu_4.4.2.v20110208.jar;C:/Xilinx/Vivado/2020.2\lib\classes\com.sigasi.hdt.connection_4.9.0.202009050929.jar;C:/Xilinx/Vivado/2020.2\lib\classes\com.sigasi.hdt.epl_4.9.0.202009050929.jar;C:/Xilinx/Vivado/2020.2\lib\classes\com.sigasi.hdt.project_4.9.0.202009050929.jar;C:/Xilinx/Vivado/2020.2\lib\classes\com.sigasi.hdt.readonlyfilesystem_4.9.0.202009050929.jar;C:/Xilinx/Vivado/2020.2\lib\classes\com.sigasi.lcm_4.9.0.202009050929.jar;C:/Xilinx/Vivado/2020.2\lib\classes\com.sigasi.sdk.client_4.9.0.202009050929.jar;C:/Xilinx/Vivado/2020.2\lib\classes\com.xilinx.hls.services.jar;C:/Xili
Launcher Type: generic

[Global flags]
     bool BytecodeVerificationLocal                = false                                     {product} {command line}
     bool BytecodeVerificationRemote               = false                                     {product} {command line}
     intx CICompilerCount                          = 12                                        {product} {ergonomic}
     uint ConcGCThreads                            = 3                                         {product} {ergonomic}
     uint G1ConcRefinementThreads                  = 13                                        {product} {ergonomic}
   size_t G1HeapRegionSize                         = 1048576                                   {product} {ergonomic}
    uintx GCDrainStackTargetSize                   = 64                                        {product} {ergonomic}
   size_t InitialHeapSize                          = 134217728                                 {product} {command line}
   size_t MarkStackSize                            = 4194304                                   {product} {ergonomic}
   size_t MaxHeapSize                              = 3221225472                                {product} {command line}
   size_t MaxNewSize                               = 62914560                                  {product} {command line}
   size_t MinHeapDeltaBytes                        = 1048576                                   {product} {ergonomic}
   size_t NewSize                                  = 62914560                                  {product} {command line}
    uintx NonNMethodCodeHeapSize                   = 7591728                                {pd product} {ergonomic}
    uintx NonProfiledCodeHeapSize                  = 122033256                              {pd product} {ergonomic}
    uintx ProfiledCodeHeapSize                     = 122033256                              {pd product} {ergonomic}
    uintx ReservedCodeCacheSize                    = 251658240                              {pd product} {ergonomic}
     bool SegmentedCodeCache                       = true                                      {product} {ergonomic}
    uintx StringTableSize                          = 4072                                      {product} {command line}
     intx ThreadStackSize                          = 5120                                   {pd product} {command line}
     bool UseCompressedClassPointers               = true                                 {lp64_product} {ergonomic}
     bool UseCompressedOops                        = true                                 {lp64_product} {ergonomic}
     bool UseG1GC                                  = true                                      {product} {ergonomic}
     bool UseLargePagesIndividualAllocation        = false                                  {pd product} {ergonomic}
     bool UsePerfData                              = false                                     {product} {command line}

Logging:
Log output configuration:
 #0: stdout all=warning uptime,level,tags
 #1: stderr all=off uptime,level,tags

Environment Variables:
PATH=C:/Xilinx/Vivado/2020.2\gnuwin\bin;C:/Xilinx/Vivado/2020.2\gnu\microblaze\nt\bin;C:/Xilinx/Vivado/2020.2/bin;C:/Xilinx/Vivado/2020.2/tps/win64/javafx-sdk-11.0.2/lib;C:/Xilinx/Vivado/2020.2/tps/win64/javafx-sdk-11.0.2/bin;C:/Xilinx/Vivado/2020.2/lib/win64.o;C:/Xilinx/Vivado/2020.2/tps/win64/jre11.0.2/bin/server;C:/Xilinx/Vivado/2020.2/tps/win64/jre11.0.2/bin;C:/Xilinx/Vivado/2020.2/ids_lite/ISE/bin/nt64;C:/Xilinx/Vivado/2020.2/ids_lite/ISE/lib/nt64;C:/Xilinx/Vitis_HLS/2020.2/bin;C:\Program Files (x86)\Common Files\Oracle\Java\java8path;C:\Program Files (x86)\Common Files\Oracle\Java\javapath;C:\Windows\system32;C:\Windows;C:\Windows\System32\Wbem;C:\Windows\System32\WindowsPowerShell\v1.0\;C:\Windows\System32\OpenSSH\;C:\Program Files (x86)\NVIDIA Corporation\PhysX\Common;C:\Program Files\Git\cmd;C:\Program Files\dotnet\;C:\Program Files\usbipd-win\;C:\Program Files\NVIDIA Corporation\NVIDIA App\NvDLISR;C:\Program Files\PuTTY\;C:\Program Files\Docker\Docker\resources\bin;C:\Program Files\MATLAB\R2025b\bin;C:\Users\archit\AppData\Local\Programs\Python\Python314\Scripts\;C:\Users\archit\AppData\Local\Programs\Python\Python314\;C:\Users\archit\AppData\Local\Programs\Python\Launcher\;C:\Users\archit\AppData\Local\Programs\Python\Python312\Scripts\;C:\Users\archit\AppData\Local\Programs\Python\Python312\;C:\Users\archit\AppData\Local\Microsoft\WindowsApps;C:\Users\archit\AppData\Local\spicetify;C:\Users\archit\AppData\Local\Programs\Microsoft VS Code\bin;C:\Users\archit\AppData\Local\GitHubDesktop\bin;C:\msys64\ucrt64\bin;C:\Users\archit\.dotnet\tools;c:\users\archit\.local\bin;C:\Users\archit\Downloads\jdk\jdk-21.0.6+7\bin;;C:/Xilinx/Vivado/2020.2\tps\mingw\6.2.0\win64.o\nt\bin;C:/Xilinx/Vivado/2020.2\tps\mingw\6.2.0\win64.o\nt\libexec\gcc\x86_64-w64-mingw32\6.2.0;C:/Xilinx/Vivado/2020.2\tps\win64\python-3.8.3;C:/Xilinx/Vivado/2020.2\tps\win64\python-3.8.3\bin;C:/Xilinx/Vivado/2020.2\tps\win64\python-3.8.3\lib;C:/Xilinx/Vivado/2020.2\tps\win64\python-3.8.3\lib\site-pac
USERNAME=archit
OS=Windows_NT
PROCESSOR_IDENTIFIER=AMD64 Family 25 Model 116 Stepping 1, AuthenticAMD



---------------  S Y S T E M  ---------------

OS: Windows 10 , 64 bit Build 26100 (10.0.26100.7705)

CPU:total 16 (initial active 16) (16 cores per cpu, 2 threads per core) family 25 model 116 stepping 1, cmov, cx8, fxsr, mmx, sse, sse2, sse3, ssse3, sse4.1, sse4.2, popcnt, avx, avx2, aes, clmul, erms, mmxext, 3dnowpref, lzcnt, sse4a, ht, tsc, tscinvbit, tscinv, bmi1, bmi2, adx, evex, s

Memory: 4k page, system-wide physical 15581M (4929M free)
TotalPageFile size 21725M (AvailPageFile size 3344M)
current process WorkingSet (physical memory assigned to process): 1397M, peak: 1661M
current process commit charge ("private bytes"): 1647M, peak: 1670M

vm_info: OpenJDK 64-Bit Server VM (11.0.2+9) for windows-amd64 JRE (11.0.2+9), built on Jan 18 2019 05:23:22 by "mach5one" with MS VC++ 15.5 (VS2017)

END.
