#-----------------------------------------------------------
# Vivado v2020.2 (64-bit)
# SW Build 3064766 on Wed Nov 18 09:12:45 MST 2020
# IP Build 3064653 on Wed Nov 18 14:17:31 MST 2020
# Start of session at: Tue Mar  3 18:14:39 2026
# Process ID: 17768
# Current directory: C:/imgProc/backup/hdmi_input
# Command line: vivado.exe -gui_launcher_event rodinguilauncherevent26232 C:\imgProc\backup\hdmi_input\hdmi_input.xpr
# Log file: C:/imgProc/backup/hdmi_input/vivado.log
# Journal file: C:/imgProc/backup/hdmi_input\vivado.jou
#-----------------------------------------------------------
start_gui
open_project C:/imgProc/backup/hdmi_input/hdmi_input.xpr
Scanning sources...
Finished scanning sources
INFO: [IP_Flow 19-234] Refreshing IP repositories
INFO: [IP_Flow 19-1700] Loaded user IP repository 'c:/PYNQ/boards/ip'.
INFO: [IP_Flow 19-1700] Loaded user IP repository 'c:/Users/archit/OneDrive/Documents/Work/infoproc/accel_downscale/solution1/impl/ip'.
INFO: [IP_Flow 19-2313] Loaded Vivado IP repository 'C:/Xilinx/Vivado/2020.2/data/ip'.
open_project: Time (s): cpu = 00:00:19 ; elapsed = 00:00:12 . Memory (MB): peak = 1110.938 ; gain = 0.000
open_bd_design {C:/imgProc/backup/hdmi_input/hdmi_input.srcs/sources_1/bd/hdmi_in_bd/hdmi_in_bd.bd}
Reading block design file <C:/imgProc/backup/hdmi_input/hdmi_input.srcs/sources_1/bd/hdmi_in_bd/hdmi_in_bd.bd>...
Adding component instance block -- digilentinc.com:ip:dvi2rgb:1.7 - dvi2rgb_0
Adding component instance block -- xilinx.com:ip:v_vid_in_axi4s:4.0 - v_vid_in_axi4s_0
Adding component instance block -- xilinx.com:ip:processing_system7:5.5 - processing_system7_0
Adding component instance block -- xilinx.com:ip:clk_wiz:6.0 - clk_wiz_0
Adding component instance block -- xilinx.com:ip:proc_sys_reset:5.0 - proc_sys_reset_0
Adding component instance block -- xilinx.com:ip:proc_sys_reset:5.0 - proc_sys_reset_1
Adding component instance block -- xilinx.com:ip:axi_vdma:6.3 - axi_vdma_0
Adding component instance block -- xilinx.com:ip:axi_interconnect:2.1 - ps7_0_axi_periph
Adding component instance block -- xilinx.com:ip:axi_crossbar:2.1 - xbar
Adding component instance block -- xilinx.com:ip:axi_protocol_converter:2.1 - auto_pc
Adding component instance block -- xilinx.com:ip:axi_interconnect:2.1 - axi_mem_intercon
Adding component instance block -- xilinx.com:ip:axi_crossbar:2.1 - xbar
Adding component instance block -- xilinx.com:ip:axi_protocol_converter:2.1 - auto_pc
Adding component instance block -- xilinx.com:ip:xlconstant:1.1 - xlconstant_0
Adding component instance block -- xilinx.com:ip:xlconstant:1.1 - xlconstant_1
Adding component instance block -- xilinx.com:ip:xlconstant:1.1 - xlconstant_2
Successfully read diagram <hdmi_in_bd> from block design file <C:/imgProc/backup/hdmi_input/hdmi_input.srcs/sources_1/bd/hdmi_in_bd/hdmi_in_bd.bd>
open_bd_design: Time (s): cpu = 00:00:15 ; elapsed = 00:00:07 . Memory (MB): peak = 1227.820 ; gain = 94.016
update_compile_order -fileset sources_1
exit
INFO: [Common 17-206] Exiting Vivado at Tue Mar  3 18:15:34 2026...
