#-----------------------------------------------------------
# Vivado v2020.2 (64-bit)
# SW Build 3064766 on Wed Nov 18 09:12:45 MST 2020
# IP Build 3064653 on Wed Nov 18 14:17:31 MST 2020
# Start of session at: Tue Mar  3 20:31:26 2026
# Process ID: 24004
# Current directory: C:/imgProc/attempt3lol/hdmi_input
# Command line: vivado.exe -gui_launcher_event rodinguilauncherevent27624 C:\imgProc\attempt3lol\hdmi_input\hdmi_input.xpr
# Log file: C:/imgProc/attempt3lol/hdmi_input/vivado.log
# Journal file: C:/imgProc/attempt3lol/hdmi_input\vivado.jou
#-----------------------------------------------------------
start_gui
open_project C:/imgProc/attempt3lol/hdmi_input/hdmi_input.xpr
INFO: [Project 1-313] Project file moved from 'C:/imgProc/backup/hdmi_input' since last save.
Scanning sources...
Finished scanning sources
INFO: [IP_Flow 19-234] Refreshing IP repositories
INFO: [IP_Flow 19-1700] Loaded user IP repository 'c:/PYNQ/boards/ip'.
INFO: [IP_Flow 19-1700] Loaded user IP repository 'c:/Users/archit/OneDrive/Documents/Work/infoproc/accel_downscale/solution1/impl/ip'.
INFO: [IP_Flow 19-2313] Loaded Vivado IP repository 'C:/Xilinx/Vivado/2020.2/data/ip'.
open_project: Time (s): cpu = 00:00:24 ; elapsed = 00:00:19 . Memory (MB): peak = 1106.043 ; gain = 0.000
open_bd_design {C:/imgProc/attempt3lol/hdmi_input/hdmi_input.srcs/sources_1/bd/hdmi_in_bd/hdmi_in_bd.bd}
Reading block design file <C:/imgProc/attempt3lol/hdmi_input/hdmi_input.srcs/sources_1/bd/hdmi_in_bd/hdmi_in_bd.bd>...
Adding component instance block -- digilentinc.com:ip:dvi2rgb:1.7 - dvi2rgb_0
Adding component instance block -- xilinx.com:ip:v_vid_in_axi4s:4.0 - v_vid_in_axi4s_0
Adding component instance block -- xilinx.com:ip:processing_system7:5.5 - processing_system7_0
Adding component instance block -- xilinx.com:ip:clk_wiz:6.0 - clk_wiz_0
Adding component instance block -- xilinx.com:ip:proc_sys_reset:5.0 - proc_sys_reset_0
Adding component instance block -- xilinx.com:ip:proc_sys_reset:5.0 - proc_sys_reset_1
Adding component instance block -- xilinx.com:ip:axi_vdma:6.3 - axi_vdma_0
Adding component instance block -- xilinx.com:ip:axi_interconnect:2.1 - ps7_0_axi_periph
Adding component instance block -- xilinx.com:ip:axi_crossbar:2.1 - xbar
Adding component instance block -- xilinx.com:ip:axi_protocol_converter:2.1 - auto_pc
Adding component instance block -- xilinx.com:ip:axi_interconnect:2.1 - axi_mem_intercon
Adding component instance block -- xilinx.com:ip:axi_crossbar:2.1 - xbar
Adding component instance block -- xilinx.com:ip:axi_protocol_converter:2.1 - auto_pc
Adding component instance block -- xilinx.com:ip:xlconstant:1.1 - xlconstant_0
Adding component instance block -- xilinx.com:ip:xlconstant:1.1 - xlconstant_1
Adding component instance block -- xilinx.com:ip:xlconstant:1.1 - xlconstant_2
Successfully read diagram <hdmi_in_bd> from block design file <C:/imgProc/attempt3lol/hdmi_input/hdmi_input.srcs/sources_1/bd/hdmi_in_bd/hdmi_in_bd.bd>
open_bd_design: Time (s): cpu = 00:00:13 ; elapsed = 00:00:07 . Memory (MB): peak = 1224.777 ; gain = 72.422
update_compile_order -fileset sources_1
startgroup
create_bd_cell -type ip -vlnv xilinx.com:hls:image_accelerator:1.0 image_accelerator_0
endgroup
startgroup
create_bd_cell -type ip -vlnv xilinx.com:ip:axi_vdma:6.3 axi_vdma_1
endgroup
set_property -dict [list CONFIG.c_mm2s_genlock_mode {0} CONFIG.c_s2mm_linebuffer_depth {8192} CONFIG.c_include_mm2s {0} CONFIG.c_s2mm_max_burst_length {256}] [get_bd_cells axi_vdma_1]
startgroup
create_bd_cell -type ip -vlnv xilinx.com:ip:axis_broadcaster:1.1 axis_broadcaster_0
endgroup
delete_bd_objs [get_bd_intf_nets v_vid_in_axi4s_0_video_out]
connect_bd_intf_net [get_bd_intf_pins axis_broadcaster_0/M00_AXIS] [get_bd_intf_pins axi_vdma_0/S_AXIS_S2MM]
connect_bd_intf_net [get_bd_intf_pins axis_broadcaster_0/M01_AXIS] [get_bd_intf_pins image_accelerator_0/video_in]
connect_bd_intf_net [get_bd_intf_pins v_vid_in_axi4s_0/video_out] [get_bd_intf_pins axis_broadcaster_0/S_AXIS]
connect_bd_intf_net [get_bd_intf_pins axi_vdma_1/M_AXI_S2MM] -boundary_type upper [get_bd_intf_pins axi_mem_intercon/S01_AXI]
startgroup
set_property -dict [list CONFIG.NUM_MI {2}] [get_bd_cells axi_mem_intercon]
endgroup
undo
INFO: [Common 17-17] undo 'endgroup'
INFO: [Common 17-17] undo 'set_property -dict [list CONFIG.NUM_MI {2}] [get_bd_cells axi_mem_intercon]'
INFO: [Common 17-17] undo 'startgroup'
delete_bd_objs [get_bd_intf_nets axi_vdma_1_M_AXI_S2MM]
connect_bd_intf_net [get_bd_intf_pins image_accelerator_0/video_out] [get_bd_intf_pins axi_vdma_1/S_AXIS_S2MM]
WARNING: [IP_Flow 19-474] Invalid Parameter 'Component_Name'
startgroup
set_property -dict [list CONFIG.PCW_USE_S_AXI_HP1 {1}] [get_bd_cells processing_system7_0]
endgroup
undo
INFO: [Common 17-17] undo 'endgroup'
INFO: [Common 17-17] undo 'set_property -dict [list CONFIG.PCW_USE_S_AXI_HP1 {1}] [get_bd_cells processing_system7_0]'
INFO: [Common 17-17] undo 'startgroup'
undo: Time (s): cpu = 00:00:08 ; elapsed = 00:00:08 . Memory (MB): peak = 1539.137 ; gain = 0.000
WARNING: [IP_Flow 19-474] Invalid Parameter 'Component_Name'
startgroup
set_property -dict [list CONFIG.PCW_USE_S_AXI_HP1 {1}] [get_bd_cells processing_system7_0]
endgroup
connect_bd_intf_net [get_bd_intf_pins axi_vdma_1/M_AXI_S2MM] -boundary_type upper [get_bd_intf_pins axi_mem_intercon/S01_AXI]
delete_bd_objs [get_bd_intf_nets axi_vdma_0_M_AXI_S2MM]
startgroup
create_bd_cell -type ip -vlnv xilinx.com:ip:axi_interconnect:2.1 axi_interconnect_0
endgroup
startgroup
set_property -dict [list CONFIG.NUM_SI {1} CONFIG.NUM_MI {1}] [get_bd_cells axi_mem_intercon]
delete_bd_objs [get_bd_intf_nets axi_vdma_1_M_AXI_S2MM]
endgroup
undo
INFO: [Common 17-17] undo 'endgroup'
INFO: [Common 17-17] undo 'delete_bd_objs [get_bd_intf_nets axi_vdma_1_M_AXI_S2MM]'
INFO: [Common 17-17] undo 'set_property -dict [list CONFIG.NUM_SI {1} CONFIG.NUM_MI {1}] [get_bd_cells axi_mem_intercon]'
INFO: [Common 17-17] undo 'startgroup'
undo
INFO: [Common 17-17] undo 'endgroup'
INFO: [Common 17-17] undo 'create_bd_cell -type ip -vlnv xilinx.com:ip:axi_interconnect:2.1 axi_interconnect_0'
INFO: [Common 17-17] undo 'startgroup'
undo
INFO: [Common 17-17] undo 'delete_bd_objs [get_bd_intf_nets axi_vdma_0_M_AXI_S2MM]'
undo
INFO: [Common 17-17] undo 'connect_bd_intf_net [get_bd_intf_pins axi_vdma_1/M_AXI_S2MM] -boundary_type upper [get_bd_intf_pins axi_mem_intercon/S01_AXI]'
undo
INFO: [Common 17-17] undo 'endgroup'
INFO: [Common 17-17] undo 'set_property -dict [list CONFIG.PCW_USE_S_AXI_HP1 {1}] [get_bd_cells processing_system7_0]'
INFO: [Common 17-17] undo 'startgroup'
undo: Time (s): cpu = 00:00:08 ; elapsed = 00:00:08 . Memory (MB): peak = 1612.844 ; gain = 28.980
undo
INFO: [Common 17-17] undo 'connect_bd_intf_net [get_bd_intf_pins image_accelerator_0/video_out] [get_bd_intf_pins axi_vdma_1/S_AXIS_S2MM]'
undo
INFO: [Common 17-17] undo 'delete_bd_objs [get_bd_intf_nets axi_vdma_1_M_AXI_S2MM]'
undo
INFO: [Common 17-17] undo 'connect_bd_intf_net [get_bd_intf_pins axi_vdma_1/M_AXI_S2MM] -boundary_type upper [get_bd_intf_pins axi_mem_intercon/S01_AXI]'
undo
INFO: [Common 17-17] undo 'connect_bd_intf_net [get_bd_intf_pins v_vid_in_axi4s_0/video_out] [get_bd_intf_pins axis_broadcaster_0/S_AXIS]'
undo
INFO: [Common 17-17] undo 'connect_bd_intf_net [get_bd_intf_pins axis_broadcaster_0/M01_AXIS] [get_bd_intf_pins image_accelerator_0/video_in]'
undo
INFO: [Common 17-17] undo 'connect_bd_intf_net [get_bd_intf_pins axis_broadcaster_0/M00_AXIS] [get_bd_intf_pins axi_vdma_0/S_AXIS_S2MM]'
undo
INFO: [Common 17-17] undo 'delete_bd_objs [get_bd_intf_nets v_vid_in_axi4s_0_video_out]'
undo
INFO: [Common 17-17] undo 'endgroup'
INFO: [Common 17-17] undo 'create_bd_cell -type ip -vlnv xilinx.com:ip:axis_broadcaster:1.1 axis_broadcaster_0'
INFO: [Common 17-17] undo 'startgroup'
undo
INFO: [Common 17-17] undo 'set_property -dict [list CONFIG.c_mm2s_genlock_mode {0} CONFIG.c_s2mm_linebuffer_depth {8192} CONFIG.c_include_mm2s {0} CONFIG.c_s2mm_max_burst_length {256}] [get_bd_cells axi_vdma_1]'
undo
INFO: [Common 17-17] undo 'endgroup'
INFO: [Common 17-17] undo 'create_bd_cell -type ip -vlnv xilinx.com:ip:axi_vdma:6.3 axi_vdma_1'
INFO: [Common 17-17] undo 'startgroup'
undo
INFO: [Common 17-17] undo 'endgroup'
INFO: [Common 17-17] undo 'create_bd_cell -type ip -vlnv xilinx.com:hls:image_accelerator:1.0 image_accelerator_0'
INFO: [Common 17-17] undo 'startgroup'
redo
INFO: [Common 17-16] redo 'startgroup'
INFO: [Common 17-16] redo 'create_bd_cell -type ip -vlnv xilinx.com:hls:image_accelerator:1.0 image_accelerator_0'
INFO: [Common 17-16] redo 'endgroup'
set_property location {3.5 1314 784} [get_bd_cells image_accelerator_0]
startgroup
set_property -dict [list CONFIG.NUM_SI {1} CONFIG.NUM_MI {1}] [get_bd_cells axi_mem_intercon]
endgroup
startgroup
create_bd_cell -type ip -vlnv xilinx.com:ip:axi_vdma:6.3 axi_vdma_1
endgroup
set_property location {6 2013 791} [get_bd_cells axi_vdma_1]
startgroup
create_bd_cell -type ip -vlnv xilinx.com:ip:axi_interconnect:2.1 axi_interconnect_0
endgroup
set_property location {6 1972 726} [get_bd_cells axi_interconnect_0]
delete_bd_objs [get_bd_cells axi_interconnect_0]
startgroup
create_bd_cell -type ip -vlnv xilinx.com:ip:axis_interconnect:2.1 axis_interconnect_0
endgroup
delete_bd_objs [get_bd_cells axis_interconnect_0]
startgroup
create_bd_cell -type ip -vlnv xilinx.com:ip:axi_interconnect:2.1 axi_interconnect_0
endgroup
set_property -dict [list CONFIG.NUM_MI {1}] [get_bd_cells axi_interconnect_0]
startgroup
create_bd_cell -type ip -vlnv xilinx.com:ip:axis_broadcaster:1.1 axis_broadcaster_0
endgroup
set_property location {4 1377 976} [get_bd_cells image_accelerator_0]
set_property location {4 1332 805} [get_bd_cells axis_broadcaster_0]
WARNING: [IP_Flow 19-474] Invalid Parameter 'Component_Name'
startgroup
set_property -dict [list CONFIG.PCW_USE_S_AXI_HP1 {1}] [get_bd_cells processing_system7_0]
endgroup
connect_bd_net [get_bd_pins processing_system7_0/FCLK_CLK0] [get_bd_pins processing_system7_0/S_AXI_HP1_ACLK]
connect_bd_intf_net -boundary_type upper [get_bd_intf_pins axi_interconnect_0/M00_AXI] [get_bd_intf_pins processing_system7_0/S_AXI_HP1]
connect_bd_net [get_bd_pins axi_interconnect_0/ACLK] [get_bd_pins processing_system7_0/FCLK_CLK0]
connect_bd_net [get_bd_pins axi_interconnect_0/S00_ACLK] [get_bd_pins processing_system7_0/FCLK_CLK0]
connect_bd_net [get_bd_pins axi_interconnect_0/M00_ACLK] [get_bd_pins processing_system7_0/FCLK_CLK0]
connect_bd_net [get_bd_pins axi_interconnect_0/ARESETN] [get_bd_pins proc_sys_reset_0/peripheral_aresetn]
connect_bd_net [get_bd_pins axi_interconnect_0/S00_ARESETN] [get_bd_pins proc_sys_reset_0/peripheral_aresetn]
connect_bd_net [get_bd_pins axi_interconnect_0/M00_ARESETN] [get_bd_pins proc_sys_reset_0/peripheral_aresetn]
set_property -dict [list CONFIG.c_mm2s_genlock_mode {0} CONFIG.c_include_mm2s {0}] [get_bd_cells axi_vdma_1]
set_property -dict [list CONFIG.c_s2mm_linebuffer_depth {8192} CONFIG.c_s2mm_max_burst_length {256}] [get_bd_cells axi_vdma_1]
