#-----------------------------------------------------------
# Vivado v2020.2 (64-bit)
# SW Build 3064766 on Wed Nov 18 09:12:45 MST 2020
# IP Build 3064653 on Wed Nov 18 14:17:31 MST 2020
# Start of session at: Mon Mar  9 14:57:49 2026
# Process ID: 3748
# Current directory: C:/imgProc/attempt4/hdmi_input
# Command line: vivado.exe -gui_launcher_event rodinguilauncherevent17508 C:\imgProc\attempt4\hdmi_input\hdmi_input.xpr
# Log file: C:/imgProc/attempt4/hdmi_input/vivado.log
# Journal file: C:/imgProc/attempt4/hdmi_input\vivado.jou
#-----------------------------------------------------------
start_gui
open_project C:/imgProc/attempt4/hdmi_input/hdmi_input.xpr
INFO: [Project 1-313] Project file moved from 'C:/imgProc/attempt3lol/hdmi_input' since last save.
Scanning sources...
Finished scanning sources
INFO: [IP_Flow 19-234] Refreshing IP repositories
INFO: [IP_Flow 19-1700] Loaded user IP repository 'c:/PYNQ/boards/ip'.
INFO: [IP_Flow 19-1700] Loaded user IP repository 'c:/Users/archit/OneDrive/Documents/Work/infoproc/accel_downscale/solution1/impl/ip'.
INFO: [IP_Flow 19-2313] Loaded Vivado IP repository 'C:/Xilinx/Vivado/2020.2/data/ip'.
open_project: Time (s): cpu = 00:00:30 ; elapsed = 00:00:36 . Memory (MB): peak = 1106.941 ; gain = 0.000
update_compile_order -fileset sources_1
open_bd_design {C:/imgProc/attempt4/hdmi_input/hdmi_input.srcs/sources_1/bd/hdmi_in_bd/hdmi_in_bd.bd}
Reading block design file <C:/imgProc/attempt4/hdmi_input/hdmi_input.srcs/sources_1/bd/hdmi_in_bd/hdmi_in_bd.bd>...
Adding component instance block -- digilentinc.com:ip:dvi2rgb:1.7 - dvi2rgb_0
Adding component instance block -- xilinx.com:ip:v_vid_in_axi4s:4.0 - v_vid_in_axi4s_0
Adding component instance block -- xilinx.com:ip:processing_system7:5.5 - processing_system7_0
Adding component instance block -- xilinx.com:ip:clk_wiz:6.0 - clk_wiz_0
Adding component instance block -- xilinx.com:ip:proc_sys_reset:5.0 - proc_sys_reset_0
Adding component instance block -- xilinx.com:ip:proc_sys_reset:5.0 - proc_sys_reset_1
Adding component instance block -- xilinx.com:ip:axi_vdma:6.3 - axi_vdma_0
Adding component instance block -- xilinx.com:ip:axi_interconnect:2.1 - ps7_0_axi_periph
Adding component instance block -- xilinx.com:ip:axi_crossbar:2.1 - xbar
Adding component instance block -- xilinx.com:ip:axi_protocol_converter:2.1 - auto_pc
Adding component instance block -- xilinx.com:ip:axi_interconnect:2.1 - axi_mem_intercon
Adding component instance block -- xilinx.com:ip:axi_crossbar:2.1 - xbar
Adding component instance block -- xilinx.com:ip:axi_protocol_converter:2.1 - auto_pc
Adding component instance block -- xilinx.com:ip:xlconstant:1.1 - xlconstant_0
Adding component instance block -- xilinx.com:ip:xlconstant:1.1 - xlconstant_1
Adding component instance block -- xilinx.com:ip:xlconstant:1.1 - xlconstant_2
Adding component instance block -- xilinx.com:ip:axi_vdma:6.3 - axi_vdma_1
Adding component instance block -- xilinx.com:ip:axi_interconnect:2.1 - axi_interconnect_0
Adding component instance block -- xilinx.com:ip:axi_crossbar:2.1 - xbar
Adding component instance block -- xilinx.com:ip:axi_protocol_converter:2.1 - auto_pc
Adding component instance block -- xilinx.com:ip:axis_data_fifo:2.0 - axis_data_fifo_0
Adding component instance block -- xilinx.com:ip:axis_data_fifo:2.0 - axis_data_fifo_1
Adding component instance block -- xilinx.com:ip:axis_broadcaster:1.1 - axis_broadcaster_0
Adding component instance block -- xilinx.com:ip:xlconcat:2.1 - xlconcat_0
Adding component instance block -- xilinx.com:hls:image_accelerator:1.0 - image_accelerator_0
Successfully read diagram <hdmi_in_bd> from block design file <C:/imgProc/attempt4/hdmi_input/hdmi_input.srcs/sources_1/bd/hdmi_in_bd/hdmi_in_bd.bd>
open_bd_design: Time (s): cpu = 00:00:21 ; elapsed = 00:00:20 . Memory (MB): peak = 1248.129 ; gain = 110.648
delete_bd_objs [get_bd_intf_nets v_vid_in_axi4s_0_video_out] [get_bd_intf_nets axis_broadcaster_0_M00_AXIS] [get_bd_intf_nets axis_broadcaster_0_M01_AXIS] [get_bd_cells axis_broadcaster_0]
connect_bd_intf_net [get_bd_intf_pins v_vid_in_axi4s_0/video_out] [get_bd_intf_pins axis_data_fifo_0/S_AXIS]
startgroup
set_property -dict [list CONFIG.c_m_axis_mm2s_tdata_width {24} CONFIG.c_mm2s_genlock_mode {3} CONFIG.c_mm2s_linebuffer_depth {8192} CONFIG.c_include_mm2s {1} CONFIG.c_mm2s_max_burst_length {256}] [get_bd_cells axi_vdma_0]
endgroup
connect_bd_intf_net [get_bd_intf_pins axis_data_fifo_1/S_AXIS] [get_bd_intf_pins axi_vdma_0/M_AXIS_MM2S]
startgroup
set_property -dict [list CONFIG.NUM_PORTS {3}] [get_bd_cells xlconcat_0]
endgroup
connect_bd_net [get_bd_pins axi_vdma_0/mm2s_introut] [get_bd_pins xlconcat_0/In2]
startgroup
apply_bd_automation -rule xilinx.com:bd_rule:axi4 -config { Clk_master {Auto} Clk_slave {/processing_system7_0/FCLK_CLK0 (150 MHz)} Clk_xbar {/processing_system7_0/FCLK_CLK0 (150 MHz)} Master {/axi_vdma_0/M_AXI_MM2S} Slave {/processing_system7_0/S_AXI_HP1} ddr_seg {Auto} intc_ip {/axi_interconnect_0} master_apm {0}}  [get_bd_intf_pins axi_vdma_0/M_AXI_MM2S]
Slave segment '/processing_system7_0/S_AXI_HP1/HP1_DDR_LOWOCM' is being assigned into address space '/axi_vdma_0/Data_MM2S' at <0x0000_0000 [ 512M ]>.
apply_bd_automation -rule xilinx.com:bd_rule:clkrst -config { Clk {} Freq {100} Ref_Clk0 {} Ref_Clk1 {} Ref_Clk2 {}}  [get_bd_pins axi_vdma_0/m_axis_mm2s_aclk]
ERROR: [BD 41-2168] Errors found in procedure apply_rule:


INFO: [BD 5-145] Automation rule xilinx.com:bd_rule:clkrst was not applied to object m_axis_mm2s_aclk
INFO: [Common 17-17] undo 'apply_bd_automation -rule xilinx.com:bd_rule:clkrst -config { Clk {} Freq {100} Ref_Clk0 {} Ref_Clk1 {} Ref_Clk2 {}}  [get_bd_pins axi_vdma_0/m_axis_mm2s_aclk]'
ERROR: [Common 17-39] 'apply_bd_automation' failed due to earlier errors.
endgroup
delete_bd_objs [get_bd_nets clk_wiz_clk_out1] [get_bd_cells clk_wiz]
connect_bd_net [get_bd_pins axi_vdma_0/m_axi_mm2s_aclk] [get_bd_pins processing_system7_0/FCLK_CLK0]
connect_bd_net [get_bd_pins axi_vdma_0/m_axis_mm2s_aclk] [get_bd_pins processing_system7_0/FCLK_CLK0]
save_bd_design
Wrote  : <C:\imgProc\attempt4\hdmi_input\hdmi_input.srcs\sources_1\bd\hdmi_in_bd\hdmi_in_bd.bd> 
Wrote  : <C:/imgProc/attempt4/hdmi_input/hdmi_input.srcs/sources_1/bd/hdmi_in_bd/ui/bd_96625db5.ui> 
open_bd_design {C:/imgProc/attempt4/hdmi_input/hdmi_input.srcs/sources_1/bd/hdmi_in_bd/hdmi_in_bd.bd}
write_project_tcl -force recreate_project.tcl
INFO: [BD 5-453] Writing out BD creation steps for hdmi_in_bd as a TCL proc
WARNING: [BD 5-452] The block design hdmi_in_bd has not been validated, therefore, a block design created using this Tcl proc may result in errors during validation.
INFO: [Vivado-projutils-8] Tcl script 'recreate_project.tcl' generated in output directory 'C:/imgProc/attempt4/hdmi_input'

INFO: [Vivado-projutils-15] Please note that by default, the file path for the project source files were set wth respect to the 'origin_dir' variable in the
 generated script. When this script is executed from the output directory, these source files will be referenced with respect to this 'origin_dir' path value.
 In case this script was later moved to a different directory, the 'origin_dir' value must be set manually in the script with the path
 relative to the new output directory to make sure that the source files are referenced correctly from the original project. You can also set the
 'origin_dir' automatically by setting the 'origin_dir_loc' variable in the tcl shell before sourcing this generated script. The 'origin_dir_loc'
 variable should be set to the path relative to the new output directory. Alternatively, if you are sourcing the script from the Vivado command line,
 then set the origin dir using '-tclargs --origin_dir <path>'. For example, 'vivado -mode tcl -source recreate_project.tcl -tclargs --origin_dir ".."

WARNING: [Vivado-projutils-10] Found source(s) that were local or imported into the project. If this project is being source controlled, then
 please ensure that the project source(s) are also part of this source controlled data. The list of these local source(s) can be found in the generated script
 under the header section.

write_project_tcl: Time (s): cpu = 00:00:05 ; elapsed = 00:00:08 . Memory (MB): peak = 1637.594 ; gain = 0.000
assign_bd_address -offset 0x00000000 -range 0x20000000 \
  -target_address_space [get_bd_addr_spaces axi_vdma_0/Data_MM2S] \
  [get_bd_addr_segs processing_system7_0/S_AXI_HP0/HP0_DDR_LOWOCM] -force
Slave segment '/processing_system7_0/S_AXI_HP0/HP0_DDR_LOWOCM' is being assigned into address space '/axi_vdma_0/Data_MM2S' at <0x0000_0000 [ 512M ]>.
# Disconnect from axi_interconnect_0
disconnect_bd_intf_net [get_bd_intf_nets axi_vdma_0_M_AXI_MM2S]
ERROR: [Common 17-163] Missing value for option 'objects', please type 'disconnect_bd_intf_net -help' for usage info.
# Disconnect from axi_interconnect_0
disconnect_bd_intf_net [get_bd_intf_nets axi_vdma_0_M_AXI_MM2S]
ERROR: [Common 17-163] Missing value for option 'objects', please type 'disconnect_bd_intf_net -help' for usage info.
# Disconnect from axi_interconnect_0
disconnect_bd_intf_net [get_bd_intf_nets axi_vdma_0_M_AXI_MM2S]
ERROR: [Common 17-163] Missing value for option 'objects', please type 'disconnect_bd_intf_net -help' for usage info.
delete_bd_objs [get_bd_intf_nets axi_vdma_0_M_AXI_MM2S]
connect_bd_intf_net [get_bd_intf_pins axi_vdma_0/M_AXI_MM2S] -boundary_type upper [get_bd_intf_pins axi_mem_intercon/S01_AXI]
save_bd_design
Wrote  : <C:\imgProc\attempt4\hdmi_input\hdmi_input.srcs\sources_1\bd\hdmi_in_bd\hdmi_in_bd.bd> 
Wrote  : <C:/imgProc/attempt4/hdmi_input/hdmi_input.srcs/sources_1/bd/hdmi_in_bd/ui/bd_96625db5.ui> 
open_bd_design {C:/imgProc/attempt4/hdmi_input/hdmi_input.srcs/sources_1/bd/hdmi_in_bd/hdmi_in_bd.bd}
write_project_tcl -force recreate_project.tcl
INFO: [BD 5-453] Writing out BD creation steps for hdmi_in_bd as a TCL proc
WARNING: [BD 5-452] The block design hdmi_in_bd has not been validated, therefore, a block design created using this Tcl proc may result in errors during validation.
INFO: [Vivado-projutils-8] Tcl script 'recreate_project.tcl' generated in output directory 'C:/imgProc/attempt4/hdmi_input'

INFO: [Vivado-projutils-15] Please note that by default, the file path for the project source files were set wth respect to the 'origin_dir' variable in the
 generated script. When this script is executed from the output directory, these source files will be referenced with respect to this 'origin_dir' path value.
 In case this script was later moved to a different directory, the 'origin_dir' value must be set manually in the script with the path
 relative to the new output directory to make sure that the source files are referenced correctly from the original project. You can also set the
 'origin_dir' automatically by setting the 'origin_dir_loc' variable in the tcl shell before sourcing this generated script. The 'origin_dir_loc'
 variable should be set to the path relative to the new output directory. Alternatively, if you are sourcing the script from the Vivado command line,
 then set the origin dir using '-tclargs --origin_dir <path>'. For example, 'vivado -mode tcl -source recreate_project.tcl -tclargs --origin_dir ".."

WARNING: [Vivado-projutils-10] Found source(s) that were local or imported into the project. If this project is being source controlled, then
 please ensure that the project source(s) are also part of this source controlled data. The list of these local source(s) can be found in the generated script
 under the header section.

validate_bd_design
ERROR: [BD 41-971] Slave segment '/processing_system7_0/S_AXI_HP1/HP1_DDR_LOWOCM' assigned into address space '/axi_vdma_0/Data_MM2S' at <0x0000_0000 [ 0 ]> overlaps with slave segment '/processing_system7_0/S_AXI_HP0/HP0_DDR_LOWOCM' already assigned into address space '/axi_vdma_0/Data_MM2S' at <0x0000_0000 [ 512M ]>. Please assign to the next available address.
ERROR: [BD 41-703] Slave segment </processing_system7_0/S_AXI_HP1/HP1_DDR_LOWOCM> is mapped into master segment </axi_vdma_0/Data_MM2S/SEG_processing_system7_0_HP1_DDR_LOWOCM>, but there is no path between them. Please delete the master segment or check your design to ensure a valid path can be created.
INFO: [xilinx.com:ip:clk_wiz:6.0-1] /clk_wiz_0 clk_wiz propagate
ERROR: [BD 41-237] Bus Interface property FREQ_HZ does not match between /axis_data_fifo_1/S_AXIS(100000000) and /axi_vdma_0/M_AXIS_MM2S(150000000)
ERROR: [BD 41-237] Bus Interface property CLK_DOMAIN does not match between /axis_data_fifo_1/S_AXIS(hdmi_in_bd_dvi2rgb_0_0_PixelClk) and /axi_vdma_0/M_AXIS_MM2S(hdmi_in_bd_processing_system7_0_0_FCLK_CLK0)
WARNING: [BD 41-927] Following properties on pin /dvi2rgb_0/RefClk have been updated from connected ip, but BD cell '/dvi2rgb_0' does not accept parameter changes, so they may not be synchronized with cell properties:
	PHASE = 0.0 
Please resolve any mismatches by directly setting properties on BD cell </dvi2rgb_0> to completely resolve these warnings.
validate_bd_design: Time (s): cpu = 00:00:42 ; elapsed = 00:00:41 . Memory (MB): peak = 1677.797 ; gain = 30.191
ERROR: [Common 17-39] 'validate_bd_design' failed due to earlier errors.
save_bd_design
Wrote  : <C:\imgProc\attempt4\hdmi_input\hdmi_input.srcs\sources_1\bd\hdmi_in_bd\hdmi_in_bd.bd> 
Wrote  : <C:/imgProc/attempt4/hdmi_input/hdmi_input.srcs/sources_1/bd/hdmi_in_bd/ui/bd_96625db5.ui> 
startgroup
set_property -dict [list CONFIG.IS_ACLK_ASYNC {0}] [get_bd_cells axis_data_fifo_1]
WARNING: [BD 41-1684] Pin /axis_data_fifo_1/m_axis_aclk is now disabled. All connections to this pin have been removed. 
endgroup
undo
INFO: [Common 17-17] undo 'endgroup'
INFO: [Common 17-17] undo 'set_property -dict [list CONFIG.IS_ACLK_ASYNC {0}] [get_bd_cells axis_data_fifo_1]'
INFO: [Common 17-17] undo 'startgroup'
startgroup
set_property -dict [list CONFIG.IS_ACLK_ASYNC {0}] [get_bd_cells axis_data_fifo_1]
WARNING: [BD 41-1684] Pin /axis_data_fifo_1/m_axis_aclk is now disabled. All connections to this pin have been removed. 
endgroup
disconnect_bd_net /dvi2rgb_0_PixelClk [get_bd_pins axis_data_fifo_1/s_axis_aclk]
connect_bd_net [get_bd_pins axis_data_fifo_1/s_axis_aclk] [get_bd_pins processing_system7_0/FCLK_CLK0]
save_bd_design
Wrote  : <C:\imgProc\attempt4\hdmi_input\hdmi_input.srcs\sources_1\bd\hdmi_in_bd\hdmi_in_bd.bd> 
Wrote  : <C:/imgProc/attempt4/hdmi_input/hdmi_input.srcs/sources_1/bd/hdmi_in_bd/ui/bd_96625db5.ui> 
disconnect_bd_net /proc_sys_reset_1_peripheral_aresetn [get_bd_pins axis_data_fifo_1/s_axis_aresetn]
connect_bd_net [get_bd_pins axis_data_fifo_1/s_axis_aresetn] [get_bd_pins proc_sys_reset_0/peripheral_aresetn]
save_bd_design
Wrote  : <C:\imgProc\attempt4\hdmi_input\hdmi_input.srcs\sources_1\bd\hdmi_in_bd\hdmi_in_bd.bd> 
Wrote  : <C:/imgProc/attempt4/hdmi_input/hdmi_input.srcs/sources_1/bd/hdmi_in_bd/ui/bd_96625db5.ui> 
validate_bd_design
ERROR: [BD 41-971] Slave segment '/processing_system7_0/S_AXI_HP1/HP1_DDR_LOWOCM' assigned into address space '/axi_vdma_0/Data_MM2S' at <0x0000_0000 [ 0 ]> overlaps with slave segment '/processing_system7_0/S_AXI_HP0/HP0_DDR_LOWOCM' already assigned into address space '/axi_vdma_0/Data_MM2S' at <0x0000_0000 [ 512M ]>. Please assign to the next available address.
ERROR: [BD 41-703] Slave segment </processing_system7_0/S_AXI_HP1/HP1_DDR_LOWOCM> is mapped into master segment </axi_vdma_0/Data_MM2S/SEG_processing_system7_0_HP1_DDR_LOWOCM>, but there is no path between them. Please delete the master segment or check your design to ensure a valid path can be created.
INFO: [xilinx.com:ip:clk_wiz:6.0-1] /clk_wiz_0 clk_wiz propagate
WARNING: [BD 41-927] Following properties on pin /dvi2rgb_0/RefClk have been updated from connected ip, but BD cell '/dvi2rgb_0' does not accept parameter changes, so they may not be synchronized with cell properties:
	PHASE = 0.0 
Please resolve any mismatches by directly setting properties on BD cell </dvi2rgb_0> to completely resolve these warnings.
validate_bd_design: Time (s): cpu = 00:00:27 ; elapsed = 00:00:27 . Memory (MB): peak = 1720.129 ; gain = 13.727
ERROR: [Common 17-39] 'validate_bd_design' failed due to earlier errors.
save_bd_design
Wrote  : <C:\imgProc\attempt4\hdmi_input\hdmi_input.srcs\sources_1\bd\hdmi_in_bd\hdmi_in_bd.bd> 
validate_bd_design -force
ERROR: [BD 41-971] Slave segment '/processing_system7_0/S_AXI_HP1/HP1_DDR_LOWOCM' assigned into address space '/axi_vdma_0/Data_MM2S' at <0x0000_0000 [ 0 ]> overlaps with slave segment '/processing_system7_0/S_AXI_HP0/HP0_DDR_LOWOCM' already assigned into address space '/axi_vdma_0/Data_MM2S' at <0x0000_0000 [ 512M ]>. Please assign to the next available address.
ERROR: [BD 41-703] Slave segment </processing_system7_0/S_AXI_HP1/HP1_DDR_LOWOCM> is mapped into master segment </axi_vdma_0/Data_MM2S/SEG_processing_system7_0_HP1_DDR_LOWOCM>, but there is no path between them. Please delete the master segment or check your design to ensure a valid path can be created.
INFO: [xilinx.com:ip:clk_wiz:6.0-1] /clk_wiz_0 clk_wiz propagate
WARNING: [BD 41-927] Following properties on pin /dvi2rgb_0/RefClk have been updated from connected ip, but BD cell '/dvi2rgb_0' does not accept parameter changes, so they may not be synchronized with cell properties:
	PHASE = 0.0 
Please resolve any mismatches by directly setting properties on BD cell </dvi2rgb_0> to completely resolve these warnings.
validate_bd_design: Time (s): cpu = 00:00:34 ; elapsed = 00:00:36 . Memory (MB): peak = 1720.129 ; gain = 0.000
ERROR: [Common 17-39] 'validate_bd_design' failed due to earlier errors.
validate_bd_design -force
ERROR: [BD 41-971] Slave segment '/processing_system7_0/S_AXI_HP1/HP1_DDR_LOWOCM' assigned into address space '/axi_vdma_0/Data_MM2S' at <0x0000_0000 [ 0 ]> overlaps with slave segment '/processing_system7_0/S_AXI_HP0/HP0_DDR_LOWOCM' already assigned into address space '/axi_vdma_0/Data_MM2S' at <0x0000_0000 [ 512M ]>. Please assign to the next available address.
ERROR: [BD 41-703] Slave segment </processing_system7_0/S_AXI_HP1/HP1_DDR_LOWOCM> is mapped into master segment </axi_vdma_0/Data_MM2S/SEG_processing_system7_0_HP1_DDR_LOWOCM>, but there is no path between them. Please delete the master segment or check your design to ensure a valid path can be created.
INFO: [xilinx.com:ip:clk_wiz:6.0-1] /clk_wiz_0 clk_wiz propagate
WARNING: [BD 41-927] Following properties on pin /dvi2rgb_0/RefClk have been updated from connected ip, but BD cell '/dvi2rgb_0' does not accept parameter changes, so they may not be synchronized with cell properties:
	PHASE = 0.0 
Please resolve any mismatches by directly setting properties on BD cell </dvi2rgb_0> to completely resolve these warnings.
validate_bd_design: Time (s): cpu = 00:00:33 ; elapsed = 00:00:33 . Memory (MB): peak = 1725.395 ; gain = 5.266
ERROR: [Common 17-39] 'validate_bd_design' failed due to earlier errors.
delete_bd_objs [get_bd_addr_segs axi_vdma_0/Data_MM2S/SEG_processing_system7_0_HP1_DDR_LOWOCM]
save_bd_design
Wrote  : <C:\imgProc\attempt4\hdmi_input\hdmi_input.srcs\sources_1\bd\hdmi_in_bd\hdmi_in_bd.bd> 
validate_bd_design
INFO: [xilinx.com:ip:clk_wiz:6.0-1] /clk_wiz_0 clk_wiz propagate
WARNING: [BD 41-927] Following properties on pin /dvi2rgb_0/RefClk have been updated from connected ip, but BD cell '/dvi2rgb_0' does not accept parameter changes, so they may not be synchronized with cell properties:
	PHASE = 0.0 
Please resolve any mismatches by directly setting properties on BD cell </dvi2rgb_0> to completely resolve these warnings.
validate_bd_design: Time (s): cpu = 00:00:25 ; elapsed = 00:00:27 . Memory (MB): peak = 1740.250 ; gain = 14.855
save_bd_design
Wrote  : <C:\imgProc\attempt4\hdmi_input\hdmi_input.srcs\sources_1\bd\hdmi_in_bd\hdmi_in_bd.bd> 
validate_bd_design -force
INFO: [xilinx.com:ip:clk_wiz:6.0-1] /clk_wiz_0 clk_wiz propagate
WARNING: [BD 41-927] Following properties on pin /dvi2rgb_0/RefClk have been updated from connected ip, but BD cell '/dvi2rgb_0' does not accept parameter changes, so they may not be synchronized with cell properties:
	PHASE = 0.0 
Please resolve any mismatches by directly setting properties on BD cell </dvi2rgb_0> to completely resolve these warnings.
validate_bd_design: Time (s): cpu = 00:00:26 ; elapsed = 00:00:27 . Memory (MB): peak = 1740.520 ; gain = 0.270
save_bd_design
Wrote  : <C:\imgProc\attempt4\hdmi_input\hdmi_input.srcs\sources_1\bd\hdmi_in_bd\hdmi_in_bd.bd> 
reset_run synth_1
reset_run hdmi_in_bd_processing_system7_0_0_synth_1
reset_run hdmi_in_bd_axi_vdma_0_0_synth_1
launch_runs impl_1 -to_step write_bitstream -jobs 8
INFO: [BD 41-1662] The design 'hdmi_in_bd.bd' is already validated. Therefore parameter propagation will not be re-run.
Wrote  : <C:\imgProc\attempt4\hdmi_input\hdmi_input.srcs\sources_1\bd\hdmi_in_bd\hdmi_in_bd.bd> 
WARNING: [BD 41-2384] Width mismatch when connecting pin: '/axi_mem_intercon/m00_couplers/auto_pc/m_axi_rid'(1) to pin: '/axi_mem_intercon/m00_couplers/M_AXI_rid'(6) - Only lower order bits will be connected.
WARNING: [BD 41-2384] Width mismatch when connecting pin: '/axi_mem_intercon/m00_couplers/auto_pc/m_axi_bid'(1) to pin: '/axi_mem_intercon/m00_couplers/M_AXI_bid'(6) - Only lower order bits will be connected.
WARNING: [BD 41-2384] Width mismatch when connecting pin: '/axi_interconnect_0/m00_couplers/auto_pc/m_axi_rid'(1) to pin: '/axi_interconnect_0/m00_couplers/M_AXI_rid'(6) - Only lower order bits will be connected.
WARNING: [BD 41-2384] Width mismatch when connecting pin: '/axi_interconnect_0/m00_couplers/auto_pc/m_axi_bid'(1) to pin: '/axi_interconnect_0/m00_couplers/M_AXI_bid'(6) - Only lower order bits will be connected.
WARNING: [BD 41-2384] Width mismatch when connecting pin: '/processing_system7_0/S_AXI_HP1_AWID'(6) to pin: '/axi_interconnect_0/M00_AXI_awid'(1) - Only lower order bits will be connected.
WARNING: [BD 41-2384] Width mismatch when connecting pin: '/processing_system7_0/S_AXI_HP1_ARID'(6) to pin: '/axi_interconnect_0/M00_AXI_arid'(1) - Only lower order bits will be connected.
WARNING: [BD 41-2384] Width mismatch when connecting pin: '/processing_system7_0/S_AXI_HP1_WID'(6) to pin: '/axi_interconnect_0/M00_AXI_wid'(1) - Only lower order bits will be connected.
WARNING: [BD 41-2384] Width mismatch when connecting pin: '/processing_system7_0/S_AXI_HP0_AWID'(6) to pin: '/axi_mem_intercon/M00_AXI_awid'(1) - Only lower order bits will be connected.
WARNING: [BD 41-2384] Width mismatch when connecting pin: '/processing_system7_0/S_AXI_HP0_ARID'(6) to pin: '/axi_mem_intercon/M00_AXI_arid'(1) - Only lower order bits will be connected.
WARNING: [BD 41-2384] Width mismatch when connecting pin: '/processing_system7_0/S_AXI_HP0_WID'(6) to pin: '/axi_mem_intercon/M00_AXI_wid'(1) - Only lower order bits will be connected.
VHDL Output written to : c:/imgProc/attempt4/hdmi_input/hdmi_input.gen/sources_1/bd/hdmi_in_bd/synth/hdmi_in_bd.v
WARNING: [BD 41-2384] Width mismatch when connecting pin: '/axi_mem_intercon/m00_couplers/auto_pc/m_axi_rid'(1) to pin: '/axi_mem_intercon/m00_couplers/M_AXI_rid'(6) - Only lower order bits will be connected.
WARNING: [BD 41-2384] Width mismatch when connecting pin: '/axi_mem_intercon/m00_couplers/auto_pc/m_axi_bid'(1) to pin: '/axi_mem_intercon/m00_couplers/M_AXI_bid'(6) - Only lower order bits will be connected.
WARNING: [BD 41-2384] Width mismatch when connecting pin: '/axi_interconnect_0/m00_couplers/auto_pc/m_axi_rid'(1) to pin: '/axi_interconnect_0/m00_couplers/M_AXI_rid'(6) - Only lower order bits will be connected.
WARNING: [BD 41-2384] Width mismatch when connecting pin: '/axi_interconnect_0/m00_couplers/auto_pc/m_axi_bid'(1) to pin: '/axi_interconnect_0/m00_couplers/M_AXI_bid'(6) - Only lower order bits will be connected.
WARNING: [BD 41-2384] Width mismatch when connecting pin: '/processing_system7_0/S_AXI_HP1_AWID'(6) to pin: '/axi_interconnect_0/M00_AXI_awid'(1) - Only lower order bits will be connected.
WARNING: [BD 41-2384] Width mismatch when connecting pin: '/processing_system7_0/S_AXI_HP1_ARID'(6) to pin: '/axi_interconnect_0/M00_AXI_arid'(1) - Only lower order bits will be connected.
WARNING: [BD 41-2384] Width mismatch when connecting pin: '/processing_system7_0/S_AXI_HP1_WID'(6) to pin: '/axi_interconnect_0/M00_AXI_wid'(1) - Only lower order bits will be connected.
WARNING: [BD 41-2384] Width mismatch when connecting pin: '/processing_system7_0/S_AXI_HP0_AWID'(6) to pin: '/axi_mem_intercon/M00_AXI_awid'(1) - Only lower order bits will be connected.
WARNING: [BD 41-2384] Width mismatch when connecting pin: '/processing_system7_0/S_AXI_HP0_ARID'(6) to pin: '/axi_mem_intercon/M00_AXI_arid'(1) - Only lower order bits will be connected.
WARNING: [BD 41-2384] Width mismatch when connecting pin: '/processing_system7_0/S_AXI_HP0_WID'(6) to pin: '/axi_mem_intercon/M00_AXI_wid'(1) - Only lower order bits will be connected.
VHDL Output written to : c:/imgProc/attempt4/hdmi_input/hdmi_input.gen/sources_1/bd/hdmi_in_bd/sim/hdmi_in_bd.v
VHDL Output written to : c:/imgProc/attempt4/hdmi_input/hdmi_input.gen/sources_1/bd/hdmi_in_bd/hdl/hdmi_in_bd_wrapper.v
WARNING: [IP_Flow 19-5611] Unable to find an associated reset port for the interface 'M_AXI_GP0'. A default connection has been created.
WARNING: [IP_Flow 19-5611] Unable to find an associated reset port for the interface 'S_AXI_HP0'. A default connection has been created.
WARNING: [IP_Flow 19-5611] Unable to find an associated reset port for the interface 'S_AXI_HP1'. A default connection has been created.
INFO: [BD 41-1029] Generation completed for the IP Integrator block processing_system7_0 .
WARNING: [IP_Flow 19-4994] Overwriting existing constraint file 'c:/imgProc/attempt4/hdmi_input/hdmi_input.gen/sources_1/bd/hdmi_in_bd/ip/hdmi_in_bd_axi_vdma_0_0/hdmi_in_bd_axi_vdma_0_0_ooc.xdc'
INFO: [BD 41-1029] Generation completed for the IP Integrator block axi_vdma_0 .
INFO: [BD 41-1029] Generation completed for the IP Integrator block axi_mem_intercon/xbar .
INFO: [BD 41-1029] Generation completed for the IP Integrator block axis_data_fifo_1 .
INFO: [BD 41-1029] Generation completed for the IP Integrator block xlconcat_0 .
WARNING: [IP_Flow 19-4994] Overwriting existing constraint file 'c:/imgProc/attempt4/hdmi_input/hdmi_input.gen/sources_1/bd/hdmi_in_bd/ip/hdmi_in_bd_auto_pc_0/hdmi_in_bd_auto_pc_0_ooc.xdc'
INFO: [BD 41-1029] Generation completed for the IP Integrator block ps7_0_axi_periph/s00_couplers/auto_pc .
WARNING: [IP_Flow 19-4994] Overwriting existing constraint file 'c:/imgProc/attempt4/hdmi_input/hdmi_input.gen/sources_1/bd/hdmi_in_bd/ip/hdmi_in_bd_auto_pc_1/hdmi_in_bd_auto_pc_1_ooc.xdc'
INFO: [BD 41-1029] Generation completed for the IP Integrator block axi_mem_intercon/m00_couplers/auto_pc .
WARNING: [IP_Flow 19-4994] Overwriting existing constraint file 'c:/imgProc/attempt4/hdmi_input/hdmi_input.gen/sources_1/bd/hdmi_in_bd/ip/hdmi_in_bd_auto_pc_2/hdmi_in_bd_auto_pc_2_ooc.xdc'
INFO: [BD 41-1029] Generation completed for the IP Integrator block axi_interconnect_0/m00_couplers/auto_pc .
Exporting to file c:/imgProc/attempt4/hdmi_input/hdmi_input.gen/sources_1/bd/hdmi_in_bd/hw_handoff/hdmi_in_bd.hwh
Generated Block Design Tcl file c:/imgProc/attempt4/hdmi_input/hdmi_input.gen/sources_1/bd/hdmi_in_bd/hw_handoff/hdmi_in_bd_bd.tcl
Generated Hardware Definition File c:/imgProc/attempt4/hdmi_input/hdmi_input.gen/sources_1/bd/hdmi_in_bd/synth/hdmi_in_bd.hwdef
INFO: [IP_Flow 19-7066] Running IP cache check for IP hdmi_in_bd_auto_pc_0
INFO: [IP_Flow 19-7066] Running IP cache check for IP hdmi_in_bd_auto_pc_1
INFO: [IP_Flow 19-7066] Running IP cache check for IP hdmi_in_bd_auto_pc_2
INFO: [IP_Flow 19-7066] Running IP cache check for IP hdmi_in_bd_axi_vdma_0_0
INFO: [IP_Flow 19-7066] Running IP cache check for IP hdmi_in_bd_axis_data_fifo_1_0
INFO: [IP_Flow 19-7066] Running IP cache check for IP hdmi_in_bd_processing_system7_0_0
INFO: [IP_Flow 19-7066] Running IP cache check for IP hdmi_in_bd_xbar_1
INFO: [IP_Flow 19-4993] Using cached IP synthesis design for IP hdmi_in_bd_auto_pc_0, cache-ID = 508b1ce5eb948730; cache size = 77.062 MB.
INFO: [IP_Flow 19-4993] Using cached IP synthesis design for IP hdmi_in_bd_auto_pc_1, cache-ID = b3e003ac3db51c80; cache size = 77.062 MB.
INFO: [IP_Flow 19-4993] Using cached IP synthesis design for IP hdmi_in_bd_auto_pc_2, cache-ID = b3e003ac3db51c80; cache size = 77.062 MB.
INFO: [Common 17-41] Interrupt caught. Command should exit soon.
launch_runs: Time (s): cpu = 00:00:35 ; elapsed = 00:00:48 . Memory (MB): peak = 1951.512 ; gain = 210.992
INFO: [Common 17-344] 'launch_runs' was cancelled
validate_bd_design -force
INFO: [Common 17-365] Interrupt caught but 'validate_bd_design' cannot be canceled. Please wait for command to finish.
INFO: [xilinx.com:ip:clk_wiz:6.0-1] /clk_wiz_0 clk_wiz propagate
WARNING: [BD 41-927] Following properties on pin /dvi2rgb_0/RefClk have been updated from connected ip, but BD cell '/dvi2rgb_0' does not accept parameter changes, so they may not be synchronized with cell properties:
	PHASE = 0.0 
Please resolve any mismatches by directly setting properties on BD cell </dvi2rgb_0> to completely resolve these warnings.
validate_bd_design: Time (s): cpu = 00:00:30 ; elapsed = 00:00:29 . Memory (MB): peak = 1955.562 ; gain = 4.051
INFO: [Common 17-681] Processing pending cancel.
write_project_tcl --force recreate_project.tcl
ERROR: [Common 17-170] Unknown option '--force', please type 'write_project_tcl -help' for usage info.
write_project_tcl -force recreate_project.tcl
INFO: [BD 5-453] Writing out BD creation steps for hdmi_in_bd as a TCL proc
INFO: [Vivado-projutils-8] Tcl script 'recreate_project.tcl' generated in output directory 'C:/imgProc/attempt4/hdmi_input'

INFO: [Vivado-projutils-15] Please note that by default, the file path for the project source files were set wth respect to the 'origin_dir' variable in the
 generated script. When this script is executed from the output directory, these source files will be referenced with respect to this 'origin_dir' path value.
 In case this script was later moved to a different directory, the 'origin_dir' value must be set manually in the script with the path
 relative to the new output directory to make sure that the source files are referenced correctly from the original project. You can also set the
 'origin_dir' automatically by setting the 'origin_dir_loc' variable in the tcl shell before sourcing this generated script. The 'origin_dir_loc'
 variable should be set to the path relative to the new output directory. Alternatively, if you are sourcing the script from the Vivado command line,
 then set the origin dir using '-tclargs --origin_dir <path>'. For example, 'vivado -mode tcl -source recreate_project.tcl -tclargs --origin_dir ".."

WARNING: [Vivado-projutils-10] Found source(s) that were local or imported into the project. If this project is being source controlled, then
 please ensure that the project source(s) are also part of this source controlled data. The list of these local source(s) can be found in the generated script
 under the header section.

save_bd_design
Wrote  : <C:\imgProc\attempt4\hdmi_input\hdmi_input.srcs\sources_1\bd\hdmi_in_bd\hdmi_in_bd.bd> 
launch_runs impl_1 -to_step write_bitstream -jobs 8
INFO: [BD 41-1662] The design 'hdmi_in_bd.bd' is already validated. Therefore parameter propagation will not be re-run.
WARNING: [BD 41-2384] Width mismatch when connecting pin: '/axi_mem_intercon/m00_couplers/auto_pc/m_axi_rid'(1) to pin: '/axi_mem_intercon/m00_couplers/M_AXI_rid'(6) - Only lower order bits will be connected.
WARNING: [BD 41-2384] Width mismatch when connecting pin: '/axi_mem_intercon/m00_couplers/auto_pc/m_axi_bid'(1) to pin: '/axi_mem_intercon/m00_couplers/M_AXI_bid'(6) - Only lower order bits will be connected.
WARNING: [BD 41-2384] Width mismatch when connecting pin: '/axi_interconnect_0/m00_couplers/auto_pc/m_axi_rid'(1) to pin: '/axi_interconnect_0/m00_couplers/M_AXI_rid'(6) - Only lower order bits will be connected.
WARNING: [BD 41-2384] Width mismatch when connecting pin: '/axi_interconnect_0/m00_couplers/auto_pc/m_axi_bid'(1) to pin: '/axi_interconnect_0/m00_couplers/M_AXI_bid'(6) - Only lower order bits will be connected.
WARNING: [BD 41-2384] Width mismatch when connecting pin: '/processing_system7_0/S_AXI_HP1_AWID'(6) to pin: '/axi_interconnect_0/M00_AXI_awid'(1) - Only lower order bits will be connected.
WARNING: [BD 41-2384] Width mismatch when connecting pin: '/processing_system7_0/S_AXI_HP1_ARID'(6) to pin: '/axi_interconnect_0/M00_AXI_arid'(1) - Only lower order bits will be connected.
WARNING: [BD 41-2384] Width mismatch when connecting pin: '/processing_system7_0/S_AXI_HP1_WID'(6) to pin: '/axi_interconnect_0/M00_AXI_wid'(1) - Only lower order bits will be connected.
WARNING: [BD 41-2384] Width mismatch when connecting pin: '/processing_system7_0/S_AXI_HP0_AWID'(6) to pin: '/axi_mem_intercon/M00_AXI_awid'(1) - Only lower order bits will be connected.
WARNING: [BD 41-2384] Width mismatch when connecting pin: '/processing_system7_0/S_AXI_HP0_ARID'(6) to pin: '/axi_mem_intercon/M00_AXI_arid'(1) - Only lower order bits will be connected.
WARNING: [BD 41-2384] Width mismatch when connecting pin: '/processing_system7_0/S_AXI_HP0_WID'(6) to pin: '/axi_mem_intercon/M00_AXI_wid'(1) - Only lower order bits will be connected.
VHDL Output written to : c:/imgProc/attempt4/hdmi_input/hdmi_input.gen/sources_1/bd/hdmi_in_bd/synth/hdmi_in_bd.v
WARNING: [BD 41-2384] Width mismatch when connecting pin: '/axi_mem_intercon/m00_couplers/auto_pc/m_axi_rid'(1) to pin: '/axi_mem_intercon/m00_couplers/M_AXI_rid'(6) - Only lower order bits will be connected.
WARNING: [BD 41-2384] Width mismatch when connecting pin: '/axi_mem_intercon/m00_couplers/auto_pc/m_axi_bid'(1) to pin: '/axi_mem_intercon/m00_couplers/M_AXI_bid'(6) - Only lower order bits will be connected.
WARNING: [BD 41-2384] Width mismatch when connecting pin: '/axi_interconnect_0/m00_couplers/auto_pc/m_axi_rid'(1) to pin: '/axi_interconnect_0/m00_couplers/M_AXI_rid'(6) - Only lower order bits will be connected.
WARNING: [BD 41-2384] Width mismatch when connecting pin: '/axi_interconnect_0/m00_couplers/auto_pc/m_axi_bid'(1) to pin: '/axi_interconnect_0/m00_couplers/M_AXI_bid'(6) - Only lower order bits will be connected.
WARNING: [BD 41-2384] Width mismatch when connecting pin: '/processing_system7_0/S_AXI_HP1_AWID'(6) to pin: '/axi_interconnect_0/M00_AXI_awid'(1) - Only lower order bits will be connected.
WARNING: [BD 41-2384] Width mismatch when connecting pin: '/processing_system7_0/S_AXI_HP1_ARID'(6) to pin: '/axi_interconnect_0/M00_AXI_arid'(1) - Only lower order bits will be connected.
WARNING: [BD 41-2384] Width mismatch when connecting pin: '/processing_system7_0/S_AXI_HP1_WID'(6) to pin: '/axi_interconnect_0/M00_AXI_wid'(1) - Only lower order bits will be connected.
WARNING: [BD 41-2384] Width mismatch when connecting pin: '/processing_system7_0/S_AXI_HP0_AWID'(6) to pin: '/axi_mem_intercon/M00_AXI_awid'(1) - Only lower order bits will be connected.
WARNING: [BD 41-2384] Width mismatch when connecting pin: '/processing_system7_0/S_AXI_HP0_ARID'(6) to pin: '/axi_mem_intercon/M00_AXI_arid'(1) - Only lower order bits will be connected.
WARNING: [BD 41-2384] Width mismatch when connecting pin: '/processing_system7_0/S_AXI_HP0_WID'(6) to pin: '/axi_mem_intercon/M00_AXI_wid'(1) - Only lower order bits will be connected.
VHDL Output written to : c:/imgProc/attempt4/hdmi_input/hdmi_input.gen/sources_1/bd/hdmi_in_bd/sim/hdmi_in_bd.v
VHDL Output written to : c:/imgProc/attempt4/hdmi_input/hdmi_input.gen/sources_1/bd/hdmi_in_bd/hdl/hdmi_in_bd_wrapper.v
WARNING: [IP_Flow 19-4994] Overwriting existing constraint file 'c:/imgProc/attempt4/hdmi_input/hdmi_input.gen/sources_1/bd/hdmi_in_bd/ip/hdmi_in_bd_auto_pc_0/hdmi_in_bd_auto_pc_0_ooc.xdc'
INFO: [BD 41-1029] Generation completed for the IP Integrator block ps7_0_axi_periph/s00_couplers/auto_pc .
WARNING: [IP_Flow 19-4994] Overwriting existing constraint file 'c:/imgProc/attempt4/hdmi_input/hdmi_input.gen/sources_1/bd/hdmi_in_bd/ip/hdmi_in_bd_auto_pc_1/hdmi_in_bd_auto_pc_1_ooc.xdc'
INFO: [BD 41-1029] Generation completed for the IP Integrator block axi_mem_intercon/m00_couplers/auto_pc .
WARNING: [IP_Flow 19-4994] Overwriting existing constraint file 'c:/imgProc/attempt4/hdmi_input/hdmi_input.gen/sources_1/bd/hdmi_in_bd/ip/hdmi_in_bd_auto_pc_2/hdmi_in_bd_auto_pc_2_ooc.xdc'
INFO: [BD 41-1029] Generation completed for the IP Integrator block axi_interconnect_0/m00_couplers/auto_pc .
Exporting to file c:/imgProc/attempt4/hdmi_input/hdmi_input.gen/sources_1/bd/hdmi_in_bd/hw_handoff/hdmi_in_bd.hwh
Generated Block Design Tcl file c:/imgProc/attempt4/hdmi_input/hdmi_input.gen/sources_1/bd/hdmi_in_bd/hw_handoff/hdmi_in_bd_bd.tcl
Generated Hardware Definition File c:/imgProc/attempt4/hdmi_input/hdmi_input.gen/sources_1/bd/hdmi_in_bd/synth/hdmi_in_bd.hwdef
INFO: [IP_Flow 19-7066] Running IP cache check for IP hdmi_in_bd_auto_pc_0
INFO: [IP_Flow 19-7066] Running IP cache check for IP hdmi_in_bd_auto_pc_1
INFO: [IP_Flow 19-7066] Running IP cache check for IP hdmi_in_bd_auto_pc_2
INFO: [IP_Flow 19-7066] Running IP cache check for IP hdmi_in_bd_axi_vdma_0_0
INFO: [IP_Flow 19-7066] Running IP cache check for IP hdmi_in_bd_axis_data_fifo_1_0
INFO: [IP_Flow 19-7066] Running IP cache check for IP hdmi_in_bd_processing_system7_0_0
INFO: [IP_Flow 19-7066] Running IP cache check for IP hdmi_in_bd_xbar_1
INFO: [IP_Flow 19-4993] Using cached IP synthesis design for IP hdmi_in_bd_auto_pc_0, cache-ID = 508b1ce5eb948730; cache size = 77.062 MB.
INFO: [IP_Flow 19-4993] Using cached IP synthesis design for IP hdmi_in_bd_auto_pc_1, cache-ID = b3e003ac3db51c80; cache size = 77.062 MB.
INFO: [IP_Flow 19-4993] Using cached IP synthesis design for IP hdmi_in_bd_auto_pc_2, cache-ID = b3e003ac3db51c80; cache size = 77.062 MB.
[Mon Mar  9 15:30:55 2026] Launched hdmi_in_bd_processing_system7_0_0_synth_1, hdmi_in_bd_axi_vdma_0_0_synth_1, hdmi_in_bd_xbar_1_synth_1, hdmi_in_bd_axis_data_fifo_1_0_synth_1, synth_1...
Run output will be captured here:
hdmi_in_bd_processing_system7_0_0_synth_1: C:/imgProc/attempt4/hdmi_input/hdmi_input.runs/hdmi_in_bd_processing_system7_0_0_synth_1/runme.log
hdmi_in_bd_axi_vdma_0_0_synth_1: C:/imgProc/attempt4/hdmi_input/hdmi_input.runs/hdmi_in_bd_axi_vdma_0_0_synth_1/runme.log
hdmi_in_bd_xbar_1_synth_1: C:/imgProc/attempt4/hdmi_input/hdmi_input.runs/hdmi_in_bd_xbar_1_synth_1/runme.log
hdmi_in_bd_axis_data_fifo_1_0_synth_1: C:/imgProc/attempt4/hdmi_input/hdmi_input.runs/hdmi_in_bd_axis_data_fifo_1_0_synth_1/runme.log
synth_1: C:/imgProc/attempt4/hdmi_input/hdmi_input.runs/synth_1/runme.log
[Mon Mar  9 15:30:55 2026] Launched impl_1...
Run output will be captured here: C:/imgProc/attempt4/hdmi_input/hdmi_input.runs/impl_1/runme.log
launch_runs: Time (s): cpu = 00:00:11 ; elapsed = 00:00:13 . Memory (MB): peak = 1966.395 ; gain = 9.414
open_run impl_1
INFO: [Device 21-403] Loading part xc7z020clg400-1
Netlist sorting complete. Time (s): cpu = 00:00:00 ; elapsed = 00:00:00.449 . Memory (MB): peak = 2075.148 ; gain = 0.000
INFO: [Netlist 29-17] Analyzing 1115 Unisim elements for replacement
INFO: [Netlist 29-28] Unisim Transformation completed in 0 CPU seconds
INFO: [Project 1-479] Netlist was created with Vivado 2020.2
INFO: [Project 1-570] Preparing netlist for logic optimization
INFO: [Timing 38-478] Restoring timing data from binary archive.
INFO: [Timing 38-479] Binary timing data restore complete.
INFO: [Project 1-856] Restoring constraints from binary archive.
INFO: [Project 1-853] Binary constraint restore complete.
Reading XDEF placement.
Reading placer database...
Reading XDEF routing.
Read XDEF File: Time (s): cpu = 00:00:03 ; elapsed = 00:00:02 . Memory (MB): peak = 2836.758 ; gain = 5.312
Restored from archive | CPU: 3.000000 secs | Memory: 0.000000 MB |
Finished XDEF File Restore: Time (s): cpu = 00:00:03 ; elapsed = 00:00:02 . Memory (MB): peak = 2836.758 ; gain = 5.312
Netlist sorting complete. Time (s): cpu = 00:00:00 ; elapsed = 00:00:00.014 . Memory (MB): peak = 2836.758 ; gain = 0.000
INFO: [Project 1-111] Unisim Transformation Summary:
  A total of 23 instances were transformed.
  IOBUF => IOBUF (IBUF, OBUFT): 2 instances
  RAM32M => RAM32M (RAMD32(x6), RAMS32(x2)): 16 instances
  RAM32X1D => RAM32X1D (RAMD32(x2)): 2 instances
  SRLC32E => SRL16E: 3 instances

open_run: Time (s): cpu = 00:00:40 ; elapsed = 00:01:09 . Memory (MB): peak = 3008.328 ; gain = 985.836
open_report: Time (s): cpu = 00:00:19 ; elapsed = 00:00:10 . Memory (MB): peak = 3217.652 ; gain = 171.520
CRITICAL WARNING: [Timing 38-282] The design failed to meet the timing requirements. Please see the timing summary report for details on the timing violations.
WARNING: [Timing 38-436] There are set_bus_skew constraint(s) in this design. Please run report_bus_skew to ensure that bus skew requirements are met.
open_bd_design {C:/imgProc/attempt4/hdmi_input/hdmi_input.srcs/sources_1/bd/hdmi_in_bd/hdmi_in_bd.bd}
write_project_tcl -force recreate_project.tcl
INFO: [BD 5-453] Writing out BD creation steps for hdmi_in_bd as a TCL proc
INFO: [Vivado-projutils-8] Tcl script 'recreate_project.tcl' generated in output directory 'C:/imgProc/attempt4/hdmi_input'

INFO: [Vivado-projutils-15] Please note that by default, the file path for the project source files were set wth respect to the 'origin_dir' variable in the
 generated script. When this script is executed from the output directory, these source files will be referenced with respect to this 'origin_dir' path value.
 In case this script was later moved to a different directory, the 'origin_dir' value must be set manually in the script with the path
 relative to the new output directory to make sure that the source files are referenced correctly from the original project. You can also set the
 'origin_dir' automatically by setting the 'origin_dir_loc' variable in the tcl shell before sourcing this generated script. The 'origin_dir_loc'
 variable should be set to the path relative to the new output directory. Alternatively, if you are sourcing the script from the Vivado command line,
 then set the origin dir using '-tclargs --origin_dir <path>'. For example, 'vivado -mode tcl -source recreate_project.tcl -tclargs --origin_dir ".."

WARNING: [Vivado-projutils-10] Found source(s) that were local or imported into the project. If this project is being source controlled, then
 please ensure that the project source(s) are also part of this source controlled data. The list of these local source(s) can be found in the generated script
 under the header section.

write_project_tcl: Time (s): cpu = 00:00:05 ; elapsed = 00:00:07 . Memory (MB): peak = 3447.016 ; gain = 0.000
delete_bd_objs [get_bd_intf_nets v_vid_in_axi4s_0_video_out]
delete_bd_objs [get_bd_intf_nets axis_data_fifo_0_M_AXIS]
connect_bd_intf_net [get_bd_intf_pins axi_vdma_0/S_AXIS_S2MM] [get_bd_intf_pins v_vid_in_axi4s_0/video_out]
disconnect_bd_net /processing_system7_0_FCLK_CLK0 [get_bd_pins axi_vdma_0/s_axis_s2mm_aclk]
connect_bd_net [get_bd_pins axi_vdma_0/s_axis_s2mm_aclk] [get_bd_pins dvi2rgb_0/PixelClk]
save_bd_design
Wrote  : <C:\imgProc\attempt4\hdmi_input\hdmi_input.srcs\sources_1\bd\hdmi_in_bd\hdmi_in_bd.bd> 
Wrote  : <C:/imgProc/attempt4/hdmi_input/hdmi_input.srcs/sources_1/bd/hdmi_in_bd/ui/bd_96625db5.ui> 
validate_bd_design
INFO: [xilinx.com:ip:clk_wiz:6.0-1] /clk_wiz_0 clk_wiz propagate
INFO: [xilinx.com:ip:axi_vdma:6.3-15] /axi_vdma_0 
                    All clocks connected to AXI VDMA are not identical, therefore configuring AXI-VDMA in ASYNC mode.
WARNING: [BD 41-927] Following properties on pin /dvi2rgb_0/RefClk have been updated from connected ip, but BD cell '/dvi2rgb_0' does not accept parameter changes, so they may not be synchronized with cell properties:
	PHASE = 0.0 
Please resolve any mismatches by directly setting properties on BD cell </dvi2rgb_0> to completely resolve these warnings.
validate_bd_design: Time (s): cpu = 00:00:37 ; elapsed = 00:00:40 . Memory (MB): peak = 3447.016 ; gain = 0.000
save_bd_design
Wrote  : <C:\imgProc\attempt4\hdmi_input\hdmi_input.srcs\sources_1\bd\hdmi_in_bd\hdmi_in_bd.bd> 
reset_run synth_1
reset_run hdmi_in_bd_axi_vdma_0_0_synth_1
launch_runs impl_1 -to_step write_bitstream -jobs 8
INFO: [BD 41-1662] The design 'hdmi_in_bd.bd' is already validated. Therefore parameter propagation will not be re-run.
WARNING: [BD 41-2384] Width mismatch when connecting pin: '/axi_mem_intercon/m00_couplers/auto_pc/m_axi_rid'(1) to pin: '/axi_mem_intercon/m00_couplers/M_AXI_rid'(6) - Only lower order bits will be connected.
WARNING: [BD 41-2384] Width mismatch when connecting pin: '/axi_mem_intercon/m00_couplers/auto_pc/m_axi_bid'(1) to pin: '/axi_mem_intercon/m00_couplers/M_AXI_bid'(6) - Only lower order bits will be connected.
WARNING: [BD 41-2384] Width mismatch when connecting pin: '/axi_interconnect_0/m00_couplers/auto_pc/m_axi_rid'(1) to pin: '/axi_interconnect_0/m00_couplers/M_AXI_rid'(6) - Only lower order bits will be connected.
WARNING: [BD 41-2384] Width mismatch when connecting pin: '/axi_interconnect_0/m00_couplers/auto_pc/m_axi_bid'(1) to pin: '/axi_interconnect_0/m00_couplers/M_AXI_bid'(6) - Only lower order bits will be connected.
WARNING: [BD 41-2384] Width mismatch when connecting pin: '/processing_system7_0/S_AXI_HP1_AWID'(6) to pin: '/axi_interconnect_0/M00_AXI_awid'(1) - Only lower order bits will be connected.
WARNING: [BD 41-2384] Width mismatch when connecting pin: '/processing_system7_0/S_AXI_HP1_ARID'(6) to pin: '/axi_interconnect_0/M00_AXI_arid'(1) - Only lower order bits will be connected.
WARNING: [BD 41-2384] Width mismatch when connecting pin: '/processing_system7_0/S_AXI_HP1_WID'(6) to pin: '/axi_interconnect_0/M00_AXI_wid'(1) - Only lower order bits will be connected.
WARNING: [BD 41-2384] Width mismatch when connecting pin: '/processing_system7_0/S_AXI_HP0_AWID'(6) to pin: '/axi_mem_intercon/M00_AXI_awid'(1) - Only lower order bits will be connected.
WARNING: [BD 41-2384] Width mismatch when connecting pin: '/processing_system7_0/S_AXI_HP0_ARID'(6) to pin: '/axi_mem_intercon/M00_AXI_arid'(1) - Only lower order bits will be connected.
WARNING: [BD 41-2384] Width mismatch when connecting pin: '/processing_system7_0/S_AXI_HP0_WID'(6) to pin: '/axi_mem_intercon/M00_AXI_wid'(1) - Only lower order bits will be connected.
VHDL Output written to : c:/imgProc/attempt4/hdmi_input/hdmi_input.gen/sources_1/bd/hdmi_in_bd/synth/hdmi_in_bd.v
WARNING: [BD 41-2384] Width mismatch when connecting pin: '/axi_mem_intercon/m00_couplers/auto_pc/m_axi_rid'(1) to pin: '/axi_mem_intercon/m00_couplers/M_AXI_rid'(6) - Only lower order bits will be connected.
WARNING: [BD 41-2384] Width mismatch when connecting pin: '/axi_mem_intercon/m00_couplers/auto_pc/m_axi_bid'(1) to pin: '/axi_mem_intercon/m00_couplers/M_AXI_bid'(6) - Only lower order bits will be connected.
WARNING: [BD 41-2384] Width mismatch when connecting pin: '/axi_interconnect_0/m00_couplers/auto_pc/m_axi_rid'(1) to pin: '/axi_interconnect_0/m00_couplers/M_AXI_rid'(6) - Only lower order bits will be connected.
WARNING: [BD 41-2384] Width mismatch when connecting pin: '/axi_interconnect_0/m00_couplers/auto_pc/m_axi_bid'(1) to pin: '/axi_interconnect_0/m00_couplers/M_AXI_bid'(6) - Only lower order bits will be connected.
WARNING: [BD 41-2384] Width mismatch when connecting pin: '/processing_system7_0/S_AXI_HP1_AWID'(6) to pin: '/axi_interconnect_0/M00_AXI_awid'(1) - Only lower order bits will be connected.
WARNING: [BD 41-2384] Width mismatch when connecting pin: '/processing_system7_0/S_AXI_HP1_ARID'(6) to pin: '/axi_interconnect_0/M00_AXI_arid'(1) - Only lower order bits will be connected.
WARNING: [BD 41-2384] Width mismatch when connecting pin: '/processing_system7_0/S_AXI_HP1_WID'(6) to pin: '/axi_interconnect_0/M00_AXI_wid'(1) - Only lower order bits will be connected.
WARNING: [BD 41-2384] Width mismatch when connecting pin: '/processing_system7_0/S_AXI_HP0_AWID'(6) to pin: '/axi_mem_intercon/M00_AXI_awid'(1) - Only lower order bits will be connected.
WARNING: [BD 41-2384] Width mismatch when connecting pin: '/processing_system7_0/S_AXI_HP0_ARID'(6) to pin: '/axi_mem_intercon/M00_AXI_arid'(1) - Only lower order bits will be connected.
WARNING: [BD 41-2384] Width mismatch when connecting pin: '/processing_system7_0/S_AXI_HP0_WID'(6) to pin: '/axi_mem_intercon/M00_AXI_wid'(1) - Only lower order bits will be connected.
VHDL Output written to : c:/imgProc/attempt4/hdmi_input/hdmi_input.gen/sources_1/bd/hdmi_in_bd/sim/hdmi_in_bd.v
VHDL Output written to : c:/imgProc/attempt4/hdmi_input/hdmi_input.gen/sources_1/bd/hdmi_in_bd/hdl/hdmi_in_bd_wrapper.v
WARNING: [IP_Flow 19-4994] Overwriting existing constraint file 'c:/imgProc/attempt4/hdmi_input/hdmi_input.gen/sources_1/bd/hdmi_in_bd/ip/hdmi_in_bd_axi_vdma_0_0/hdmi_in_bd_axi_vdma_0_0_ooc.xdc'
INFO: [BD 41-1029] Generation completed for the IP Integrator block axi_vdma_0 .
WARNING: [IP_Flow 19-4994] Overwriting existing constraint file 'c:/imgProc/attempt4/hdmi_input/hdmi_input.gen/sources_1/bd/hdmi_in_bd/ip/hdmi_in_bd_auto_pc_0/hdmi_in_bd_auto_pc_0_ooc.xdc'
INFO: [BD 41-1029] Generation completed for the IP Integrator block ps7_0_axi_periph/s00_couplers/auto_pc .
WARNING: [IP_Flow 19-4994] Overwriting existing constraint file 'c:/imgProc/attempt4/hdmi_input/hdmi_input.gen/sources_1/bd/hdmi_in_bd/ip/hdmi_in_bd_auto_pc_1/hdmi_in_bd_auto_pc_1_ooc.xdc'
INFO: [BD 41-1029] Generation completed for the IP Integrator block axi_mem_intercon/m00_couplers/auto_pc .
WARNING: [IP_Flow 19-4994] Overwriting existing constraint file 'c:/imgProc/attempt4/hdmi_input/hdmi_input.gen/sources_1/bd/hdmi_in_bd/ip/hdmi_in_bd_auto_pc_2/hdmi_in_bd_auto_pc_2_ooc.xdc'
INFO: [BD 41-1029] Generation completed for the IP Integrator block axi_interconnect_0/m00_couplers/auto_pc .
Exporting to file c:/imgProc/attempt4/hdmi_input/hdmi_input.gen/sources_1/bd/hdmi_in_bd/hw_handoff/hdmi_in_bd.hwh
Generated Block Design Tcl file c:/imgProc/attempt4/hdmi_input/hdmi_input.gen/sources_1/bd/hdmi_in_bd/hw_handoff/hdmi_in_bd_bd.tcl
Generated Hardware Definition File c:/imgProc/attempt4/hdmi_input/hdmi_input.gen/sources_1/bd/hdmi_in_bd/synth/hdmi_in_bd.hwdef
INFO: [IP_Flow 19-7066] Running IP cache check for IP hdmi_in_bd_auto_pc_0
INFO: [IP_Flow 19-7066] Running IP cache check for IP hdmi_in_bd_auto_pc_1
INFO: [IP_Flow 19-7066] Running IP cache check for IP hdmi_in_bd_auto_pc_2
INFO: [IP_Flow 19-7066] Running IP cache check for IP hdmi_in_bd_axi_vdma_0_0
INFO: [IP_Flow 19-4993] Using cached IP synthesis design for IP hdmi_in_bd_auto_pc_0, cache-ID = 508b1ce5eb948730; cache size = 90.061 MB.
INFO: [IP_Flow 19-4993] Using cached IP synthesis design for IP hdmi_in_bd_auto_pc_1, cache-ID = b3e003ac3db51c80; cache size = 90.061 MB.
INFO: [IP_Flow 19-4993] Using cached IP synthesis design for IP hdmi_in_bd_auto_pc_2, cache-ID = b3e003ac3db51c80; cache size = 90.061 MB.
[Mon Mar  9 17:22:13 2026] Launched hdmi_in_bd_axi_vdma_0_0_synth_1, synth_1...
Run output will be captured here:
hdmi_in_bd_axi_vdma_0_0_synth_1: C:/imgProc/attempt4/hdmi_input/hdmi_input.runs/hdmi_in_bd_axi_vdma_0_0_synth_1/runme.log
synth_1: C:/imgProc/attempt4/hdmi_input/hdmi_input.runs/synth_1/runme.log
[Mon Mar  9 17:22:13 2026] Launched impl_1...
Run output will be captured here: C:/imgProc/attempt4/hdmi_input/hdmi_input.runs/impl_1/runme.log
launch_runs: Time (s): cpu = 00:00:06 ; elapsed = 00:00:11 . Memory (MB): peak = 3447.016 ; gain = 0.000
delete_bd_objs [get_bd_cells axis_data_fifo_0]
reset_run synth_1
WARNING: [Vivado 12-1017] Problems encountered:
1. Failed to delete one or more files in run directory C:/imgProc/attempt4/hdmi_input/hdmi_input.runs/synth_1

save_bd_design
Wrote  : <C:\imgProc\attempt4\hdmi_input\hdmi_input.srcs\sources_1\bd\hdmi_in_bd\hdmi_in_bd.bd> 
Wrote  : <C:/imgProc/attempt4/hdmi_input/hdmi_input.srcs/sources_1/bd/hdmi_in_bd/ui/bd_96625db5.ui> 
launch_runs impl_1 -to_step write_bitstream -jobs 8
INFO: [xilinx.com:ip:clk_wiz:6.0-1] /clk_wiz_0 clk_wiz propagate
INFO: [xilinx.com:ip:axi_vdma:6.3-15] /axi_vdma_0 
                    All clocks connected to AXI VDMA are not identical, therefore configuring AXI-VDMA in ASYNC mode.
WARNING: [BD 41-927] Following properties on pin /dvi2rgb_0/RefClk have been updated from connected ip, but BD cell '/dvi2rgb_0' does not accept parameter changes, so they may not be synchronized with cell properties:
	PHASE = 0.0 
Please resolve any mismatches by directly setting properties on BD cell </dvi2rgb_0> to completely resolve these warnings.
Wrote  : <C:\imgProc\attempt4\hdmi_input\hdmi_input.srcs\sources_1\bd\hdmi_in_bd\hdmi_in_bd.bd> 
WARNING: [BD 41-2384] Width mismatch when connecting pin: '/axi_mem_intercon/m00_couplers/auto_pc/m_axi_rid'(1) to pin: '/axi_mem_intercon/m00_couplers/M_AXI_rid'(6) - Only lower order bits will be connected.
WARNING: [BD 41-2384] Width mismatch when connecting pin: '/axi_mem_intercon/m00_couplers/auto_pc/m_axi_bid'(1) to pin: '/axi_mem_intercon/m00_couplers/M_AXI_bid'(6) - Only lower order bits will be connected.
WARNING: [BD 41-2384] Width mismatch when connecting pin: '/axi_interconnect_0/m00_couplers/auto_pc/m_axi_rid'(1) to pin: '/axi_interconnect_0/m00_couplers/M_AXI_rid'(6) - Only lower order bits will be connected.
WARNING: [BD 41-2384] Width mismatch when connecting pin: '/axi_interconnect_0/m00_couplers/auto_pc/m_axi_bid'(1) to pin: '/axi_interconnect_0/m00_couplers/M_AXI_bid'(6) - Only lower order bits will be connected.
WARNING: [BD 41-2384] Width mismatch when connecting pin: '/processing_system7_0/S_AXI_HP1_AWID'(6) to pin: '/axi_interconnect_0/M00_AXI_awid'(1) - Only lower order bits will be connected.
WARNING: [BD 41-2384] Width mismatch when connecting pin: '/processing_system7_0/S_AXI_HP1_ARID'(6) to pin: '/axi_interconnect_0/M00_AXI_arid'(1) - Only lower order bits will be connected.
WARNING: [BD 41-2384] Width mismatch when connecting pin: '/processing_system7_0/S_AXI_HP1_WID'(6) to pin: '/axi_interconnect_0/M00_AXI_wid'(1) - Only lower order bits will be connected.
WARNING: [BD 41-2384] Width mismatch when connecting pin: '/processing_system7_0/S_AXI_HP0_AWID'(6) to pin: '/axi_mem_intercon/M00_AXI_awid'(1) - Only lower order bits will be connected.
WARNING: [BD 41-2384] Width mismatch when connecting pin: '/processing_system7_0/S_AXI_HP0_ARID'(6) to pin: '/axi_mem_intercon/M00_AXI_arid'(1) - Only lower order bits will be connected.
WARNING: [BD 41-2384] Width mismatch when connecting pin: '/processing_system7_0/S_AXI_HP0_WID'(6) to pin: '/axi_mem_intercon/M00_AXI_wid'(1) - Only lower order bits will be connected.
VHDL Output written to : c:/imgProc/attempt4/hdmi_input/hdmi_input.gen/sources_1/bd/hdmi_in_bd/synth/hdmi_in_bd.v
WARNING: [BD 41-2384] Width mismatch when connecting pin: '/axi_mem_intercon/m00_couplers/auto_pc/m_axi_rid'(1) to pin: '/axi_mem_intercon/m00_couplers/M_AXI_rid'(6) - Only lower order bits will be connected.
WARNING: [BD 41-2384] Width mismatch when connecting pin: '/axi_mem_intercon/m00_couplers/auto_pc/m_axi_bid'(1) to pin: '/axi_mem_intercon/m00_couplers/M_AXI_bid'(6) - Only lower order bits will be connected.
WARNING: [BD 41-2384] Width mismatch when connecting pin: '/axi_interconnect_0/m00_couplers/auto_pc/m_axi_rid'(1) to pin: '/axi_interconnect_0/m00_couplers/M_AXI_rid'(6) - Only lower order bits will be connected.
WARNING: [BD 41-2384] Width mismatch when connecting pin: '/axi_interconnect_0/m00_couplers/auto_pc/m_axi_bid'(1) to pin: '/axi_interconnect_0/m00_couplers/M_AXI_bid'(6) - Only lower order bits will be connected.
WARNING: [BD 41-2384] Width mismatch when connecting pin: '/processing_system7_0/S_AXI_HP1_AWID'(6) to pin: '/axi_interconnect_0/M00_AXI_awid'(1) - Only lower order bits will be connected.
WARNING: [BD 41-2384] Width mismatch when connecting pin: '/processing_system7_0/S_AXI_HP1_ARID'(6) to pin: '/axi_interconnect_0/M00_AXI_arid'(1) - Only lower order bits will be connected.
WARNING: [BD 41-2384] Width mismatch when connecting pin: '/processing_system7_0/S_AXI_HP1_WID'(6) to pin: '/axi_interconnect_0/M00_AXI_wid'(1) - Only lower order bits will be connected.
WARNING: [BD 41-2384] Width mismatch when connecting pin: '/processing_system7_0/S_AXI_HP0_AWID'(6) to pin: '/axi_mem_intercon/M00_AXI_awid'(1) - Only lower order bits will be connected.
WARNING: [BD 41-2384] Width mismatch when connecting pin: '/processing_system7_0/S_AXI_HP0_ARID'(6) to pin: '/axi_mem_intercon/M00_AXI_arid'(1) - Only lower order bits will be connected.
WARNING: [BD 41-2384] Width mismatch when connecting pin: '/processing_system7_0/S_AXI_HP0_WID'(6) to pin: '/axi_mem_intercon/M00_AXI_wid'(1) - Only lower order bits will be connected.
VHDL Output written to : c:/imgProc/attempt4/hdmi_input/hdmi_input.gen/sources_1/bd/hdmi_in_bd/sim/hdmi_in_bd.v
VHDL Output written to : c:/imgProc/attempt4/hdmi_input/hdmi_input.gen/sources_1/bd/hdmi_in_bd/hdl/hdmi_in_bd_wrapper.v
WARNING: [IP_Flow 19-4994] Overwriting existing constraint file 'c:/imgProc/attempt4/hdmi_input/hdmi_input.gen/sources_1/bd/hdmi_in_bd/ip/hdmi_in_bd_auto_pc_0/hdmi_in_bd_auto_pc_0_ooc.xdc'
INFO: [BD 41-1029] Generation completed for the IP Integrator block ps7_0_axi_periph/s00_couplers/auto_pc .
WARNING: [IP_Flow 19-4994] Overwriting existing constraint file 'c:/imgProc/attempt4/hdmi_input/hdmi_input.gen/sources_1/bd/hdmi_in_bd/ip/hdmi_in_bd_auto_pc_1/hdmi_in_bd_auto_pc_1_ooc.xdc'
INFO: [BD 41-1029] Generation completed for the IP Integrator block axi_mem_intercon/m00_couplers/auto_pc .
WARNING: [IP_Flow 19-4994] Overwriting existing constraint file 'c:/imgProc/attempt4/hdmi_input/hdmi_input.gen/sources_1/bd/hdmi_in_bd/ip/hdmi_in_bd_auto_pc_2/hdmi_in_bd_auto_pc_2_ooc.xdc'
INFO: [BD 41-1029] Generation completed for the IP Integrator block axi_interconnect_0/m00_couplers/auto_pc .
Exporting to file c:/imgProc/attempt4/hdmi_input/hdmi_input.gen/sources_1/bd/hdmi_in_bd/hw_handoff/hdmi_in_bd.hwh
Generated Block Design Tcl file c:/imgProc/attempt4/hdmi_input/hdmi_input.gen/sources_1/bd/hdmi_in_bd/hw_handoff/hdmi_in_bd_bd.tcl
Generated Hardware Definition File c:/imgProc/attempt4/hdmi_input/hdmi_input.gen/sources_1/bd/hdmi_in_bd/synth/hdmi_in_bd.hwdef
INFO: [IP_Flow 19-7066] Running IP cache check for IP hdmi_in_bd_auto_pc_0
INFO: [IP_Flow 19-7066] Running IP cache check for IP hdmi_in_bd_auto_pc_1
INFO: [IP_Flow 19-7066] Running IP cache check for IP hdmi_in_bd_auto_pc_2
INFO: [IP_Flow 19-4993] Using cached IP synthesis design for IP hdmi_in_bd_auto_pc_0, cache-ID = 508b1ce5eb948730; cache size = 100.063 MB.
INFO: [IP_Flow 19-4993] Using cached IP synthesis design for IP hdmi_in_bd_auto_pc_1, cache-ID = b3e003ac3db51c80; cache size = 100.063 MB.
INFO: [IP_Flow 19-4993] Using cached IP synthesis design for IP hdmi_in_bd_auto_pc_2, cache-ID = b3e003ac3db51c80; cache size = 100.063 MB.
[Mon Mar  9 17:27:19 2026] Launched synth_1...
Run output will be captured here: C:/imgProc/attempt4/hdmi_input/hdmi_input.runs/synth_1/runme.log
[Mon Mar  9 17:27:19 2026] Launched impl_1...
Run output will be captured here: C:/imgProc/attempt4/hdmi_input/hdmi_input.runs/impl_1/runme.log
launch_runs: Time (s): cpu = 00:00:36 ; elapsed = 00:00:40 . Memory (MB): peak = 3471.621 ; gain = 20.602
write_project_tcl -force recreate_project.tcl
INFO: [BD 5-453] Writing out BD creation steps for hdmi_in_bd as a TCL proc
INFO: [Vivado-projutils-8] Tcl script 'recreate_project.tcl' generated in output directory 'C:/imgProc/attempt4/hdmi_input'

INFO: [Vivado-projutils-15] Please note that by default, the file path for the project source files were set wth respect to the 'origin_dir' variable in the
 generated script. When this script is executed from the output directory, these source files will be referenced with respect to this 'origin_dir' path value.
 In case this script was later moved to a different directory, the 'origin_dir' value must be set manually in the script with the path
 relative to the new output directory to make sure that the source files are referenced correctly from the original project. You can also set the
 'origin_dir' automatically by setting the 'origin_dir_loc' variable in the tcl shell before sourcing this generated script. The 'origin_dir_loc'
 variable should be set to the path relative to the new output directory. Alternatively, if you are sourcing the script from the Vivado command line,
 then set the origin dir using '-tclargs --origin_dir <path>'. For example, 'vivado -mode tcl -source recreate_project.tcl -tclargs --origin_dir ".."

WARNING: [Vivado-projutils-10] Found source(s) that were local or imported into the project. If this project is being source controlled, then
 please ensure that the project source(s) are also part of this source controlled data. The list of these local source(s) can be found in the generated script
 under the header section.

write_project_tcl: Time (s): cpu = 00:00:06 ; elapsed = 00:00:08 . Memory (MB): peak = 3475.910 ; gain = 0.000
exit
INFO: [Common 17-206] Exiting Vivado at Mon Mar  9 18:41:31 2026...
