#-----------------------------------------------------------
# Vivado v2020.2 (64-bit)
# SW Build 3064766 on Wed Nov 18 09:12:45 MST 2020
# IP Build 3064653 on Wed Nov 18 14:17:31 MST 2020
# Start of session at: Tue Mar  3 16:49:46 2026
# Process ID: 17480
# Current directory: C:/imgProc/backup/hdmi_input
# Command line: vivado.exe -gui_launcher_event rodinguilauncherevent5168 C:\imgProc\backup\hdmi_input\hdmi_input.xpr
# Log file: C:/imgProc/backup/hdmi_input/vivado.log
# Journal file: C:/imgProc/backup/hdmi_input\vivado.jou
#-----------------------------------------------------------
start_gui
open_project C:/imgProc/backup/hdmi_input/hdmi_input.xpr
Scanning sources...
Finished scanning sources
INFO: [IP_Flow 19-234] Refreshing IP repositories
INFO: [IP_Flow 19-1700] Loaded user IP repository 'c:/PYNQ/boards/ip'.
INFO: [IP_Flow 19-1700] Loaded user IP repository 'c:/Users/archit/OneDrive/Documents/Work/infoproc/accel_downscale/solution1/impl/ip'.
INFO: [IP_Flow 19-2313] Loaded Vivado IP repository 'C:/Xilinx/Vivado/2020.2/data/ip'.
open_project: Time (s): cpu = 00:00:26 ; elapsed = 00:00:24 . Memory (MB): peak = 1108.078 ; gain = 0.000
update_compile_order -fileset sources_1
open_bd_design {C:/imgProc/backup/hdmi_input/hdmi_input.srcs/sources_1/bd/hdmi_in_bd/hdmi_in_bd.bd}
Reading block design file <C:/imgProc/backup/hdmi_input/hdmi_input.srcs/sources_1/bd/hdmi_in_bd/hdmi_in_bd.bd>...
Adding component instance block -- digilentinc.com:ip:dvi2rgb:1.7 - dvi2rgb_0
Adding component instance block -- xilinx.com:ip:v_vid_in_axi4s:4.0 - v_vid_in_axi4s_0
Adding component instance block -- xilinx.com:ip:processing_system7:5.5 - processing_system7_0
Adding component instance block -- xilinx.com:ip:clk_wiz:6.0 - clk_wiz_0
Adding component instance block -- xilinx.com:ip:proc_sys_reset:5.0 - proc_sys_reset_0
Adding component instance block -- xilinx.com:ip:proc_sys_reset:5.0 - proc_sys_reset_1
Adding component instance block -- xilinx.com:ip:axi_vdma:6.3 - axi_vdma_0
Adding component instance block -- xilinx.com:ip:axi_interconnect:2.1 - ps7_0_axi_periph
Adding component instance block -- xilinx.com:ip:axi_crossbar:2.1 - xbar
Adding component instance block -- xilinx.com:ip:axi_protocol_converter:2.1 - auto_pc
Adding component instance block -- xilinx.com:ip:axi_interconnect:2.1 - axi_mem_intercon
Adding component instance block -- xilinx.com:ip:axi_crossbar:2.1 - xbar
Adding component instance block -- xilinx.com:ip:axi_protocol_converter:2.1 - auto_pc
Adding component instance block -- xilinx.com:ip:xlconstant:1.1 - xlconstant_0
Adding component instance block -- xilinx.com:ip:xlconstant:1.1 - xlconstant_1
Adding component instance block -- xilinx.com:ip:xlconstant:1.1 - xlconstant_2
Adding component instance block -- xilinx.com:ip:axis_broadcaster:1.1 - axis_broadcaster_0
Successfully read diagram <hdmi_in_bd> from block design file <C:/imgProc/backup/hdmi_input/hdmi_input.srcs/sources_1/bd/hdmi_in_bd/hdmi_in_bd.bd>
open_bd_design: Time (s): cpu = 00:00:12 ; elapsed = 00:00:11 . Memory (MB): peak = 1184.379 ; gain = 60.254
delete_bd_objs [get_bd_intf_nets v_vid_in_axi4s_0_video_out] [get_bd_cells axis_broadcaster_0]
connect_bd_intf_net [get_bd_intf_pins v_vid_in_axi4s_0/video_out] [get_bd_intf_pins axi_vdma_0/S_AXIS_S2MM]
save_bd_design
Wrote  : <C:\imgProc\backup\hdmi_input\hdmi_input.srcs\sources_1\bd\hdmi_in_bd\hdmi_in_bd.bd> 
Wrote  : <C:/imgProc/backup/hdmi_input/hdmi_input.srcs/sources_1/bd/hdmi_in_bd/ui/bd_96625db5.ui> 
validate_bd_design
INFO: [xilinx.com:ip:clk_wiz:6.0-1] /clk_wiz_0 clk_wiz propagate
INFO: [xilinx.com:ip:axi_vdma:6.3-17] /axi_vdma_0 
                    All clocks connected to AXI VDMA are not identical, therefore configuring AXI-VDMA in ASYNC mode.
WARNING: [BD 41-927] Following properties on pin /dvi2rgb_0/RefClk have been updated from connected ip, but BD cell '/dvi2rgb_0' does not accept parameter changes, so they may not be synchronized with cell properties:
	PHASE = 0.0 
Please resolve any mismatches by directly setting properties on BD cell </dvi2rgb_0> to completely resolve these warnings.
validate_bd_design: Time (s): cpu = 00:00:14 ; elapsed = 00:00:13 . Memory (MB): peak = 1353.391 ; gain = 16.266
save_bd_design
Wrote  : <C:\imgProc\backup\hdmi_input\hdmi_input.srcs\sources_1\bd\hdmi_in_bd\hdmi_in_bd.bd> 
reset_run synth_1
launch_runs impl_1 -to_step write_bitstream -jobs 8
INFO: [BD 41-1662] The design 'hdmi_in_bd.bd' is already validated. Therefore parameter propagation will not be re-run.
WARNING: [BD 41-2384] Width mismatch when connecting pin: '/axi_mem_intercon/m00_couplers/auto_pc/m_axi_rid'(1) to pin: '/axi_mem_intercon/m00_couplers/M_AXI_rid'(6) - Only lower order bits will be connected.
WARNING: [BD 41-2384] Width mismatch when connecting pin: '/axi_mem_intercon/m00_couplers/auto_pc/m_axi_bid'(1) to pin: '/axi_mem_intercon/m00_couplers/M_AXI_bid'(6) - Only lower order bits will be connected.
WARNING: [BD 41-2384] Width mismatch when connecting pin: '/processing_system7_0/S_AXI_HP0_AWID'(6) to pin: '/axi_mem_intercon/M00_AXI_awid'(1) - Only lower order bits will be connected.
WARNING: [BD 41-2384] Width mismatch when connecting pin: '/processing_system7_0/S_AXI_HP0_ARID'(6) to pin: '/axi_mem_intercon/M00_AXI_arid'(1) - Only lower order bits will be connected.
WARNING: [BD 41-2384] Width mismatch when connecting pin: '/processing_system7_0/S_AXI_HP0_WID'(6) to pin: '/axi_mem_intercon/M00_AXI_wid'(1) - Only lower order bits will be connected.
VHDL Output written to : c:/imgProc/backup/hdmi_input/hdmi_input.gen/sources_1/bd/hdmi_in_bd/synth/hdmi_in_bd.v
WARNING: [BD 41-2384] Width mismatch when connecting pin: '/axi_mem_intercon/m00_couplers/auto_pc/m_axi_rid'(1) to pin: '/axi_mem_intercon/m00_couplers/M_AXI_rid'(6) - Only lower order bits will be connected.
WARNING: [BD 41-2384] Width mismatch when connecting pin: '/axi_mem_intercon/m00_couplers/auto_pc/m_axi_bid'(1) to pin: '/axi_mem_intercon/m00_couplers/M_AXI_bid'(6) - Only lower order bits will be connected.
WARNING: [BD 41-2384] Width mismatch when connecting pin: '/processing_system7_0/S_AXI_HP0_AWID'(6) to pin: '/axi_mem_intercon/M00_AXI_awid'(1) - Only lower order bits will be connected.
WARNING: [BD 41-2384] Width mismatch when connecting pin: '/processing_system7_0/S_AXI_HP0_ARID'(6) to pin: '/axi_mem_intercon/M00_AXI_arid'(1) - Only lower order bits will be connected.
WARNING: [BD 41-2384] Width mismatch when connecting pin: '/processing_system7_0/S_AXI_HP0_WID'(6) to pin: '/axi_mem_intercon/M00_AXI_wid'(1) - Only lower order bits will be connected.
VHDL Output written to : c:/imgProc/backup/hdmi_input/hdmi_input.gen/sources_1/bd/hdmi_in_bd/sim/hdmi_in_bd.v
VHDL Output written to : c:/imgProc/backup/hdmi_input/hdmi_input.gen/sources_1/bd/hdmi_in_bd/hdl/hdmi_in_bd_wrapper.v
WARNING: [IP_Flow 19-4994] Overwriting existing constraint file 'c:/imgProc/backup/hdmi_input/hdmi_input.gen/sources_1/bd/hdmi_in_bd/ip/hdmi_in_bd_auto_pc_0/hdmi_in_bd_auto_pc_0_ooc.xdc'
INFO: [BD 41-1029] Generation completed for the IP Integrator block ps7_0_axi_periph/s00_couplers/auto_pc .
WARNING: [IP_Flow 19-4994] Overwriting existing constraint file 'c:/imgProc/backup/hdmi_input/hdmi_input.gen/sources_1/bd/hdmi_in_bd/ip/hdmi_in_bd_auto_pc_1/hdmi_in_bd_auto_pc_1_ooc.xdc'
INFO: [BD 41-1029] Generation completed for the IP Integrator block axi_mem_intercon/m00_couplers/auto_pc .
Exporting to file c:/imgProc/backup/hdmi_input/hdmi_input.gen/sources_1/bd/hdmi_in_bd/hw_handoff/hdmi_in_bd.hwh
Generated Block Design Tcl file c:/imgProc/backup/hdmi_input/hdmi_input.gen/sources_1/bd/hdmi_in_bd/hw_handoff/hdmi_in_bd_bd.tcl
Generated Hardware Definition File c:/imgProc/backup/hdmi_input/hdmi_input.gen/sources_1/bd/hdmi_in_bd/synth/hdmi_in_bd.hwdef
INFO: [IP_Flow 19-7066] Running IP cache check for IP hdmi_in_bd_auto_pc_0
INFO: [IP_Flow 19-7066] Running IP cache check for IP hdmi_in_bd_auto_pc_1
INFO: [IP_Flow 19-4993] Using cached IP synthesis design for IP hdmi_in_bd_auto_pc_0, cache-ID = 508b1ce5eb948730; cache size = 49.154 MB.
INFO: [IP_Flow 19-4993] Using cached IP synthesis design for IP hdmi_in_bd_auto_pc_1, cache-ID = b3e003ac3db51c80; cache size = 49.154 MB.
[Tue Mar  3 16:53:22 2026] Launched synth_1...
Run output will be captured here: C:/imgProc/backup/hdmi_input/hdmi_input.runs/synth_1/runme.log
[Tue Mar  3 16:53:22 2026] Launched impl_1...
Run output will be captured here: C:/imgProc/backup/hdmi_input/hdmi_input.runs/impl_1/runme.log
launch_runs: Time (s): cpu = 00:00:13 ; elapsed = 00:00:26 . Memory (MB): peak = 1533.652 ; gain = 180.262
write_project_tcl -force recreate_project.tcl
INFO: [BD 5-453] Writing out BD creation steps for hdmi_in_bd as a TCL proc
INFO: [Vivado-projutils-8] Tcl script 'recreate_project.tcl' generated in output directory 'C:/imgProc/backup/hdmi_input'

INFO: [Vivado-projutils-15] Please note that by default, the file path for the project source files were set wth respect to the 'origin_dir' variable in the
 generated script. When this script is executed from the output directory, these source files will be referenced with respect to this 'origin_dir' path value.
 In case this script was later moved to a different directory, the 'origin_dir' value must be set manually in the script with the path
 relative to the new output directory to make sure that the source files are referenced correctly from the original project. You can also set the
 'origin_dir' automatically by setting the 'origin_dir_loc' variable in the tcl shell before sourcing this generated script. The 'origin_dir_loc'
 variable should be set to the path relative to the new output directory. Alternatively, if you are sourcing the script from the Vivado command line,
 then set the origin dir using '-tclargs --origin_dir <path>'. For example, 'vivado -mode tcl -source recreate_project.tcl -tclargs --origin_dir ".."

WARNING: [Vivado-projutils-10] Found source(s) that were local or imported into the project. If this project is being source controlled, then
 please ensure that the project source(s) are also part of this source controlled data. The list of these local source(s) can be found in the generated script
 under the header section.

write_project_tcl: Time (s): cpu = 00:00:06 ; elapsed = 00:00:06 . Memory (MB): peak = 1556.371 ; gain = 0.000
open_run impl_1
INFO: [Device 21-403] Loading part xc7z020clg400-1
Netlist sorting complete. Time (s): cpu = 00:00:00 ; elapsed = 00:00:00.210 . Memory (MB): peak = 1739.219 ; gain = 0.000
INFO: [Netlist 29-17] Analyzing 174 Unisim elements for replacement
INFO: [Netlist 29-28] Unisim Transformation completed in 0 CPU seconds
INFO: [Project 1-479] Netlist was created with Vivado 2020.2
INFO: [Project 1-570] Preparing netlist for logic optimization
INFO: [Timing 38-478] Restoring timing data from binary archive.
INFO: [Timing 38-479] Binary timing data restore complete.
INFO: [Project 1-856] Restoring constraints from binary archive.
INFO: [Project 1-853] Binary constraint restore complete.
Reading XDEF placement.
Reading placer database...
Reading XDEF routing.
Read XDEF File: Time (s): cpu = 00:00:02 ; elapsed = 00:00:01 . Memory (MB): peak = 2464.395 ; gain = 0.000
Restored from archive | CPU: 2.000000 secs | Memory: 0.000000 MB |
Finished XDEF File Restore: Time (s): cpu = 00:00:02 ; elapsed = 00:00:01 . Memory (MB): peak = 2464.395 ; gain = 0.000
Netlist sorting complete. Time (s): cpu = 00:00:00 ; elapsed = 00:00:00.009 . Memory (MB): peak = 2464.395 ; gain = 0.000
INFO: [Project 1-111] Unisim Transformation Summary:
  A total of 15 instances were transformed.
  IOBUF => IOBUF (IBUF, OBUFT): 2 instances
  RAM32M => RAM32M (RAMD32(x6), RAMS32(x2)): 11 instances
  RAM32X1D => RAM32X1D (RAMD32(x2)): 1 instance 
  SRLC32E => SRL16E: 1 instance 

open_run: Time (s): cpu = 00:00:45 ; elapsed = 00:00:35 . Memory (MB): peak = 2626.895 ; gain = 1010.840
CRITICAL WARNING: [Timing 38-282] The design failed to meet the timing requirements. Please see the timing summary report for details on the timing violations.
exit
INFO: [Common 17-206] Exiting Vivado at Tue Mar  3 17:23:44 2026...
