#-----------------------------------------------------------
# Vivado v2020.2 (64-bit)
# SW Build 3064766 on Wed Nov 18 09:12:45 MST 2020
# IP Build 3064653 on Wed Nov 18 14:17:31 MST 2020
# Start of session at: Tue Mar  3 21:06:12 2026
# Process ID: 25132
# Current directory: C:/imgProc/attempt3lol/hdmi_input
# Command line: vivado.exe -gui_launcher_event rodinguilauncherevent32784 C:\imgProc\attempt3lol\hdmi_input\hdmi_input.xpr
# Log file: C:/imgProc/attempt3lol/hdmi_input/vivado.log
# Journal file: C:/imgProc/attempt3lol/hdmi_input\vivado.jou
#-----------------------------------------------------------
start_gui
open_project C:/imgProc/attempt3lol/hdmi_input/hdmi_input.xpr
WARNING: [BD 41-2576] File 'C:/imgProc/attempt3lol/hdmi_input/hdmi_input.srcs/sources_1/bd/hdmi_in_bd/ip/hdmi_in_bd_xbar_1/hdmi_in_bd_xbar_1.xci' referenced by design 'hdmi_in_bd' could not be found.
WARNING: [BD 41-2576] File 'C:/imgProc/attempt3lol/hdmi_input/hdmi_input.srcs/sources_1/bd/hdmi_in_bd/ip/hdmi_in_bd_auto_pc_1/hdmi_in_bd_auto_pc_1.xci' referenced by design 'hdmi_in_bd' could not be found.
Scanning sources...
Finished scanning sources
INFO: [IP_Flow 19-234] Refreshing IP repositories
INFO: [IP_Flow 19-1700] Loaded user IP repository 'c:/PYNQ/boards/ip'.
INFO: [IP_Flow 19-1700] Loaded user IP repository 'c:/Users/archit/OneDrive/Documents/Work/infoproc/accel_downscale/solution1/impl/ip'.
INFO: [IP_Flow 19-2313] Loaded Vivado IP repository 'C:/Xilinx/Vivado/2020.2/data/ip'.
open_project: Time (s): cpu = 00:00:30 ; elapsed = 00:00:16 . Memory (MB): peak = 1107.742 ; gain = 0.000
update_compile_order -fileset sources_1
open_bd_design {C:/imgProc/attempt3lol/hdmi_input/hdmi_input.srcs/sources_1/bd/hdmi_in_bd/hdmi_in_bd.bd}
Reading block design file <C:/imgProc/attempt3lol/hdmi_input/hdmi_input.srcs/sources_1/bd/hdmi_in_bd/hdmi_in_bd.bd>...
Adding component instance block -- digilentinc.com:ip:dvi2rgb:1.7 - dvi2rgb_0
Adding component instance block -- xilinx.com:ip:v_vid_in_axi4s:4.0 - v_vid_in_axi4s_0
Adding component instance block -- xilinx.com:ip:processing_system7:5.5 - processing_system7_0
Adding component instance block -- xilinx.com:ip:clk_wiz:6.0 - clk_wiz_0
Adding component instance block -- xilinx.com:ip:proc_sys_reset:5.0 - proc_sys_reset_0
Adding component instance block -- xilinx.com:ip:proc_sys_reset:5.0 - proc_sys_reset_1
Adding component instance block -- xilinx.com:ip:axi_vdma:6.3 - axi_vdma_0
Adding component instance block -- xilinx.com:ip:axi_interconnect:2.1 - ps7_0_axi_periph
Adding component instance block -- xilinx.com:ip:axi_crossbar:2.1 - xbar
Adding component instance block -- xilinx.com:ip:axi_protocol_converter:2.1 - auto_pc
Adding component instance block -- xilinx.com:ip:axi_interconnect:2.1 - axi_mem_intercon
Adding component instance block -- xilinx.com:ip:axi_crossbar:2.1 - xbar
INFO: [BD 41-434] Could not find an IP with XCI file by name: hdmi_in_bd_xbar_1 
Adding component instance block -- xilinx.com:ip:axi_protocol_converter:2.1 - auto_pc
INFO: [BD 41-434] Could not find an IP with XCI file by name: hdmi_in_bd_auto_pc_1 
Adding component instance block -- xilinx.com:ip:xlconstant:1.1 - xlconstant_0
Adding component instance block -- xilinx.com:ip:xlconstant:1.1 - xlconstant_1
Adding component instance block -- xilinx.com:ip:xlconstant:1.1 - xlconstant_2
Successfully read diagram <hdmi_in_bd> from block design file <C:/imgProc/attempt3lol/hdmi_input/hdmi_input.srcs/sources_1/bd/hdmi_in_bd/hdmi_in_bd.bd>
INFO: [BD 41-433] 
Design successfully migrated to use XCI files...
open_bd_design: Time (s): cpu = 00:00:11 ; elapsed = 00:00:08 . Memory (MB): peak = 1211.445 ; gain = 79.527
startgroup
create_bd_cell -type ip -vlnv xilinx.com:ip:axi_vdma:6.3 axi_vdma_1
endgroup
set_property -dict [list CONFIG.c_mm2s_genlock_mode {0} CONFIG.c_s2mm_linebuffer_depth {8192} CONFIG.c_include_mm2s {0} CONFIG.c_s2mm_max_burst_length {64}] [get_bd_cells axi_vdma_1]
set_property -dict [list CONFIG.c_s2mm_max_burst_length {256}] [get_bd_cells axi_vdma_1]
set_property location {5 1789 774} [get_bd_cells axi_vdma_1]
startgroup
create_bd_cell -type ip -vlnv xilinx.com:hls:image_accelerator:1.0 image_accelerator_0
endgroup
startgroup
create_bd_cell -type ip -vlnv xilinx.com:ip:axis_broadcaster:1.1 axis_broadcaster_0
endgroup
set_property location {4 1334 737} [get_bd_cells axis_broadcaster_0]
startgroup
create_bd_cell -type ip -vlnv xilinx.com:ip:axi_interconnect:2.1 axi_interconnect_0
endgroup
set_property -dict [list CONFIG.NUM_SI {2} CONFIG.NUM_MI {1} CONFIG.NUM_MI {1}] [get_bd_cells axi_interconnect_0]
set_property location {6 2007 771} [get_bd_cells axi_interconnect_0]
set_property location {5 1997 527} [get_bd_cells axi_interconnect_0]
set_property location {5 2007 781} [get_bd_cells axi_vdma_1]
set_property location {5 1998 284} [get_bd_cells axi_interconnect_0]
set_property location {5 2013 783} [get_bd_cells axi_vdma_1]
set_property location {5 2007 810} [get_bd_cells axi_vdma_1]
set_property location {5 2019 546} [get_bd_cells axi_interconnect_0]
set_property location {5 2032 262} [get_bd_cells axi_mem_intercon]
connect_bd_intf_net [get_bd_intf_pins axi_vdma_1/M_AXI_S2MM] -boundary_type upper [get_bd_intf_pins axi_interconnect_0/S00_AXI]
connect_bd_net [get_bd_pins axi_interconnect_0/ACLK] [get_bd_pins processing_system7_0/FCLK_CLK0]
connect_bd_net [get_bd_pins axi_interconnect_0/S00_ACLK] [get_bd_pins processing_system7_0/FCLK_CLK0]
connect_bd_net [get_bd_pins axi_interconnect_0/M00_ACLK] [get_bd_pins processing_system7_0/FCLK_CLK0]
connect_bd_net [get_bd_pins axi_interconnect_0/S01_ACLK] [get_bd_pins processing_system7_0/FCLK_CLK0]
connect_bd_net [get_bd_pins axi_interconnect_0/ARESETN] [get_bd_pins proc_sys_reset_0/peripheral_aresetn]
connect_bd_net [get_bd_pins axi_interconnect_0/S00_ARESETN] [get_bd_pins proc_sys_reset_0/peripheral_aresetn]
connect_bd_net [get_bd_pins axi_interconnect_0/M00_ARESETN] [get_bd_pins proc_sys_reset_0/peripheral_aresetn]
connect_bd_net [get_bd_pins axi_interconnect_0/S01_ARESETN] [get_bd_pins proc_sys_reset_0/peripheral_aresetn]
WARNING: [IP_Flow 19-474] Invalid Parameter 'Component_Name'
startgroup
set_property -dict [list CONFIG.PCW_USE_S_AXI_HP1 {1}] [get_bd_cells processing_system7_0]
endgroup
save_bd_design
Wrote  : <C:\imgProc\attempt3lol\hdmi_input\hdmi_input.srcs\sources_1\bd\hdmi_in_bd\hdmi_in_bd.bd> 
Wrote  : <C:/imgProc/attempt3lol/hdmi_input/hdmi_input.srcs/sources_1/bd/hdmi_in_bd/ui/bd_96625db5.ui> 
connect_bd_net [get_bd_pins processing_system7_0/S_AXI_HP1_ACLK] [get_bd_pins processing_system7_0/FCLK_CLK0]
connect_bd_intf_net -boundary_type upper [get_bd_intf_pins axi_interconnect_0/M00_AXI] [get_bd_intf_pins processing_system7_0/S_AXI_HP1]
connect_bd_intf_net [get_bd_intf_pins axi_vdma_1/S_AXI_LITE] -boundary_type upper [get_bd_intf_pins ps7_0_axi_periph/M01_AXI]
delete_bd_objs [get_bd_intf_nets v_vid_in_axi4s_0_video_out]
connect_bd_intf_net [get_bd_intf_pins v_vid_in_axi4s_0/video_out] [get_bd_intf_pins axis_broadcaster_0/S_AXIS]
connect_bd_intf_net [get_bd_intf_pins axis_broadcaster_0/M00_AXIS] [get_bd_intf_pins axi_vdma_0/S_AXIS_S2MM]
connect_bd_intf_net [get_bd_intf_pins axis_broadcaster_0/M01_AXIS] [get_bd_intf_pins image_accelerator_0/video_in]
connect_bd_intf_net [get_bd_intf_pins image_accelerator_0/video_out] [get_bd_intf_pins axi_vdma_1/S_AXIS_S2MM]
connect_bd_net [get_bd_pins axi_vdma_1/s_axi_lite_aclk] [get_bd_pins processing_system7_0/FCLK_CLK0]
connect_bd_net [get_bd_pins axi_vdma_1/m_axi_s2mm_aclk] [get_bd_pins processing_system7_0/FCLK_CLK0]
connect_bd_net [get_bd_pins axi_vdma_1/s_axis_s2mm_aclk] [get_bd_pins dvi2rgb_0/PixelClk]
connect_bd_net [get_bd_pins axi_vdma_1/axi_resetn] [get_bd_pins proc_sys_reset_0/peripheral_aresetn]
save_bd_design
Wrote  : <C:\imgProc\attempt3lol\hdmi_input\hdmi_input.srcs\sources_1\bd\hdmi_in_bd\hdmi_in_bd.bd> 
Wrote  : <C:/imgProc/attempt3lol/hdmi_input/hdmi_input.srcs/sources_1/bd/hdmi_in_bd/ui/bd_96625db5.ui> 
WARNING: [IP_Flow 19-474] Invalid Parameter 'Component_Name'
WARNING: [IP_Flow 19-474] Invalid Parameter 'Component_Name'
startgroup
create_bd_cell -type ip -vlnv xilinx.com:ip:xlconcat:2.1 xlconcat_0
endgroup
delete_bd_objs [get_bd_nets axi_vdma_0_s2mm_introut]
connect_bd_net [get_bd_pins axi_vdma_0/s2mm_introut] [get_bd_pins xlconcat_0/In1]
connect_bd_net [get_bd_pins xlconcat_0/dout] [get_bd_pins processing_system7_0/IRQ_F2P]
connect_bd_net [get_bd_pins axi_vdma_1/s2mm_introut] [get_bd_pins xlconcat_0/In0]
save_bd_design
Wrote  : <C:\imgProc\attempt3lol\hdmi_input\hdmi_input.srcs\sources_1\bd\hdmi_in_bd\hdmi_in_bd.bd> 
Wrote  : <C:/imgProc/attempt3lol/hdmi_input/hdmi_input.srcs/sources_1/bd/hdmi_in_bd/ui/bd_96625db5.ui> 
connect_bd_net [get_bd_pins axis_broadcaster_0/aclk] [get_bd_pins processing_system7_0/FCLK_CLK0]
connect_bd_net [get_bd_pins axis_broadcaster_0/aresetn] [get_bd_pins proc_sys_reset_0/peripheral_aresetn]
connect_bd_net [get_bd_pins image_accelerator_0/ap_clk] [get_bd_pins processing_system7_0/FCLK_CLK0]
connect_bd_net [get_bd_pins image_accelerator_0/ap_rst_n] [get_bd_pins proc_sys_reset_0/peripheral_aresetn]
startgroup
set_property -dict [list CONFIG.NUM_MI {3}] [get_bd_cells ps7_0_axi_periph]
endgroup
connect_bd_intf_net [get_bd_intf_pins image_accelerator_0/s_axi_control] -boundary_type upper [get_bd_intf_pins ps7_0_axi_periph/M02_AXI]
save_bd_design
Wrote  : <C:\imgProc\attempt3lol\hdmi_input\hdmi_input.srcs\sources_1\bd\hdmi_in_bd\hdmi_in_bd.bd> 
Wrote  : <C:/imgProc/attempt3lol/hdmi_input/hdmi_input.srcs/sources_1/bd/hdmi_in_bd/ui/bd_96625db5.ui> 
connect_bd_net [get_bd_pins ps7_0_axi_periph/M02_ACLK] [get_bd_pins processing_system7_0/FCLK_CLK0]
connect_bd_net [get_bd_pins ps7_0_axi_periph/M02_ARESETN] [get_bd_pins proc_sys_reset_0/peripheral_aresetn]
save_bd_design
Wrote  : <C:\imgProc\attempt3lol\hdmi_input\hdmi_input.srcs\sources_1\bd\hdmi_in_bd\hdmi_in_bd.bd> 
Wrote  : <C:/imgProc/attempt3lol/hdmi_input/hdmi_input.srcs/sources_1/bd/hdmi_in_bd/ui/bd_96625db5.ui> 
assign_bd_address -target_address_space /processing_system7_0/Data [get_bd_addr_segs image_accelerator_0/s_axi_control/Reg] -force
Slave segment '/image_accelerator_0/s_axi_control/Reg' is being assigned into address space '/processing_system7_0/Data' at <0x4000_0000 [ 64K ]>.
assign_bd_address -target_address_space /processing_system7_0/Data [get_bd_addr_segs axi_vdma_1/S_AXI_LITE/Reg] -force
Slave segment '/axi_vdma_1/S_AXI_LITE/Reg' is being assigned into address space '/processing_system7_0/Data' at <0x44A0_0000 [ 64K ]>.
assign_bd_address -target_address_space /axi_vdma_1/Data_S2MM [get_bd_addr_segs processing_system7_0/S_AXI_HP1/HP1_DDR_LOWOCM] -force
Slave segment '/processing_system7_0/S_AXI_HP1/HP1_DDR_LOWOCM' is being assigned into address space '/axi_vdma_1/Data_S2MM' at <0x0000_0000 [ 512M ]>.
save_bd_design
Wrote  : <C:\imgProc\attempt3lol\hdmi_input\hdmi_input.srcs\sources_1\bd\hdmi_in_bd\hdmi_in_bd.bd> 
Wrote  : <C:/imgProc/attempt3lol/hdmi_input/hdmi_input.srcs/sources_1/bd/hdmi_in_bd/ui/bd_96625db5.ui> 
open_bd_design {C:/imgProc/attempt3lol/hdmi_input/hdmi_input.srcs/sources_1/bd/hdmi_in_bd/hdmi_in_bd.bd}
reset_run synth_1
reset_run hdmi_in_bd_processing_system7_0_0_synth_1
reset_run hdmi_in_bd_xbar_0_synth_1
launch_runs impl_1 -to_step write_bitstream -jobs 8
INFO: [xilinx.com:ip:axi_vdma:6.3-17] /axi_vdma_0 
                    All clocks connected to AXI VDMA are not identical, therefore configuring AXI-VDMA in ASYNC mode.
INFO: [xilinx.com:ip:clk_wiz:6.0-1] /clk_wiz_0 clk_wiz propagate
INFO: [xilinx.com:ip:axi_vdma:6.3-17] /axi_vdma_1 
                    All clocks connected to AXI VDMA are not identical, therefore configuring AXI-VDMA in ASYNC mode.
ERROR: [BD 41-237] Bus Interface property FREQ_HZ does not match between /axis_broadcaster_0/S_AXIS(150000000) and /v_vid_in_axi4s_0/video_out(100000000)
ERROR: [BD 41-237] Bus Interface property CLK_DOMAIN does not match between /axis_broadcaster_0/S_AXIS(hdmi_in_bd_processing_system7_0_0_FCLK_CLK0) and /v_vid_in_axi4s_0/video_out(hdmi_in_bd_dvi2rgb_0_0_PixelClk)
ERROR: [BD 41-237] Bus Interface property FREQ_HZ does not match between /axi_vdma_1/S_AXIS_S2MM(100000000) and /image_accelerator_0/video_out(150000000)
ERROR: [BD 41-237] Bus Interface property CLK_DOMAIN does not match between /axi_vdma_1/S_AXIS_S2MM(hdmi_in_bd_dvi2rgb_0_0_PixelClk) and /image_accelerator_0/video_out(hdmi_in_bd_processing_system7_0_0_FCLK_CLK0)
ERROR: [BD 41-237] Bus Interface property FREQ_HZ does not match between /axi_vdma_0/S_AXIS_S2MM(100000000) and /axis_broadcaster_0/M00_AXIS(150000000)
ERROR: [BD 41-237] Bus Interface property CLK_DOMAIN does not match between /axi_vdma_0/S_AXIS_S2MM(hdmi_in_bd_dvi2rgb_0_0_PixelClk) and /axis_broadcaster_0/M00_AXIS(hdmi_in_bd_processing_system7_0_0_FCLK_CLK0)
WARNING: [BD 41-927] Following properties on pin /dvi2rgb_0/RefClk have been updated from connected ip, but BD cell '/dvi2rgb_0' does not accept parameter changes, so they may not be synchronized with cell properties:
	PHASE = 0.0 
Please resolve any mismatches by directly setting properties on BD cell </dvi2rgb_0> to completely resolve these warnings.
ERROR: [BD 41-1031] Hdl Generation failed for the IP Integrator design C:/imgProc/attempt3lol/hdmi_input/hdmi_input.srcs/sources_1/bd/hdmi_in_bd/hdmi_in_bd.bd 
INFO: [IP_Flow 19-7066] Running IP cache check for IP hdmi_in_bd_axi_vdma_1_0
INFO: [IP_Flow 19-7066] Running IP cache check for IP hdmi_in_bd_axis_broadcaster_0_0
INFO: [IP_Flow 19-7066] Running IP cache check for IP hdmi_in_bd_image_accelerator_0_0
INFO: [IP_Flow 19-7066] Running IP cache check for IP hdmi_in_bd_processing_system7_0_0
INFO: [IP_Flow 19-7066] Running IP cache check for IP hdmi_in_bd_xbar_0
INFO: [IP_Flow 19-7066] Running IP cache check for IP hdmi_in_bd_xbar_1
INFO: [IP_Flow 19-7066] Running IP cache check for IP hdmi_in_bd_xbar_2
INFO: [IP_Flow 19-4993] Using cached IP synthesis design for IP hdmi_in_bd_xbar_1, cache-ID = 6552f448eb2268f5; cache size = 49.154 MB.
INFO: [IP_Flow 19-4993] Using cached IP synthesis design for IP hdmi_in_bd_xbar_2, cache-ID = 6552f448eb2268f5; cache size = 49.154 MB.
ERROR: [Vivado 12-4756] Launch of runs aborted due to earlier errors while preparing sub-designs for run execution.
delete_bd_objs [get_bd_intf_nets v_vid_in_axi4s_0_video_out] [get_bd_intf_nets axis_broadcaster_0_M01_AXIS] [get_bd_intf_nets axis_broadcaster_0_M00_AXIS] [get_bd_cells axis_broadcaster_0]
startgroup
create_bd_cell -type ip -vlnv xilinx.com:ip:axi_data_fifo:2.1 axi_data_fifo_0
endgroup
startgroup
create_bd_cell -type ip -vlnv xilinx.com:ip:axis_data_fifo:2.0 axis_data_fifo_0
endgroup
delete_bd_objs [get_bd_cells axi_data_fifo_0]
startgroup
create_bd_cell -type ip -vlnv xilinx.com:ip:axis_data_fifo:2.0 axis_data_fifo_1
endgroup
set_property -dict [list CONFIG.FIFO_DEPTH {16384} CONFIG.IS_ACLK_ASYNC {1} CONFIG.FIFO_MEMORY_TYPE {block}] [get_bd_cells axis_data_fifo_1]
connect_bd_net [get_bd_pins axis_data_fifo_1/s_axis_aclk] [get_bd_pins dvi2rgb_0/PixelClk]
connect_bd_net [get_bd_pins axis_data_fifo_1/m_axis_aclk] [get_bd_pins processing_system7_0/FCLK_CLK0]
connect_bd_net [get_bd_pins axis_data_fifo_1/s_axis_aresetn] [get_bd_pins proc_sys_reset_1/peripheral_aresetn]
connect_bd_intf_net [get_bd_intf_pins v_vid_in_axi4s_0/video_out] [get_bd_intf_pins axis_data_fifo_1/S_AXIS]
connect_bd_intf_net [get_bd_intf_pins axis_data_fifo_1/M_AXIS] [get_bd_intf_pins axis_data_fifo_0/S_AXIS]
undo
INFO: [Common 17-17] undo 'connect_bd_intf_net [get_bd_intf_pins axis_data_fifo_1/M_AXIS] [get_bd_intf_pins axis_data_fifo_0/S_AXIS]'
connect_bd_intf_net [get_bd_intf_pins axis_data_fifo_1/M_AXIS] [get_bd_intf_pins axi_vdma_0/S_AXIS_S2MM]
set_property -dict [list CONFIG.FIFO_DEPTH {16384} CONFIG.IS_ACLK_ASYNC {1} CONFIG.FIFO_MEMORY_TYPE {block}] [get_bd_cells axis_data_fifo_0]
connect_bd_net [get_bd_pins axis_data_fifo_0/s_axis_aclk] [get_bd_pins dvi2rgb_0/aPixelClkLckd]
disconnect_bd_net /dvi2rgb_0_aPixelClkLckd [get_bd_pins axis_data_fifo_0/s_axis_aclk]
connect_bd_net [get_bd_pins axis_data_fifo_0/s_axis_aclk] [get_bd_pins dvi2rgb_0/PixelClk]
connect_bd_net [get_bd_pins axis_data_fifo_0/m_axis_aclk] [get_bd_pins processing_system7_0/FCLK_CLK0]
connect_bd_net [get_bd_pins axis_data_fifo_0/s_axis_aresetn] [get_bd_pins proc_sys_reset_1/peripheral_aresetn]
delete_bd_objs [get_bd_intf_nets axis_data_fifo_1_M_AXIS]
undo
INFO: [Common 17-17] undo 'delete_bd_objs [get_bd_intf_nets axis_data_fifo_1_M_AXIS]'
undo
INFO: [Common 17-17] undo 'connect_bd_net [get_bd_pins axis_data_fifo_0/s_axis_aresetn] [get_bd_pins proc_sys_reset_1/peripheral_aresetn]'
undo
INFO: [Common 17-17] undo 'connect_bd_net [get_bd_pins axis_data_fifo_0/m_axis_aclk] [get_bd_pins processing_system7_0/FCLK_CLK0]'
undo
INFO: [Common 17-17] undo 'connect_bd_net [get_bd_pins axis_data_fifo_0/s_axis_aclk] [get_bd_pins dvi2rgb_0/PixelClk]'
undo
INFO: [Common 17-17] undo 'disconnect_bd_net /dvi2rgb_0_aPixelClkLckd [get_bd_pins axis_data_fifo_0/s_axis_aclk]'
undo
INFO: [Common 17-17] undo 'connect_bd_net [get_bd_pins axis_data_fifo_0/s_axis_aclk] [get_bd_pins dvi2rgb_0/aPixelClkLckd]'
undo
INFO: [Common 17-17] undo 'set_property -dict [list CONFIG.FIFO_DEPTH {16384} CONFIG.IS_ACLK_ASYNC {1} CONFIG.FIFO_MEMORY_TYPE {block}] [get_bd_cells axis_data_fifo_0]'
undo
INFO: [Common 17-17] undo 'connect_bd_intf_net [get_bd_intf_pins axis_data_fifo_1/M_AXIS] [get_bd_intf_pins axi_vdma_0/S_AXIS_S2MM]'
redo
INFO: [Common 17-16] redo 'connect_bd_intf_net [get_bd_intf_pins axis_data_fifo_1/M_AXIS] [get_bd_intf_pins axi_vdma_0/S_AXIS_S2MM]'
redo
INFO: [Common 17-16] redo 'set_property -dict [list CONFIG.FIFO_DEPTH {16384} CONFIG.IS_ACLK_ASYNC {1} CONFIG.FIFO_MEMORY_TYPE {block}] [get_bd_cells axis_data_fifo_0]'
redo
INFO: [Common 17-16] redo 'connect_bd_net [get_bd_pins axis_data_fifo_0/s_axis_aclk] [get_bd_pins dvi2rgb_0/aPixelClkLckd]'
redo
INFO: [Common 17-16] redo 'disconnect_bd_net /dvi2rgb_0_aPixelClkLckd [get_bd_pins axis_data_fifo_0/s_axis_aclk]'
redo
INFO: [Common 17-16] redo 'connect_bd_net [get_bd_pins axis_data_fifo_0/s_axis_aclk] [get_bd_pins dvi2rgb_0/PixelClk]'
redo
INFO: [Common 17-16] redo 'connect_bd_net [get_bd_pins axis_data_fifo_0/m_axis_aclk] [get_bd_pins processing_system7_0/FCLK_CLK0]'
redo
INFO: [Common 17-16] redo 'connect_bd_net [get_bd_pins axis_data_fifo_0/s_axis_aresetn] [get_bd_pins proc_sys_reset_1/peripheral_aresetn]'
redo
INFO: [Common 17-16] redo 'delete_bd_objs [get_bd_intf_nets axis_data_fifo_1_M_AXIS]'
delete_bd_objs [get_bd_intf_nets v_vid_in_axi4s_0_video_out]
set_property location {4 1411 508} [get_bd_cells axis_data_fifo_0]
set_property location {4 1412 792} [get_bd_cells axis_data_fifo_1]
set_property location {4 1414 654} [get_bd_cells axis_data_fifo_0]
save_bd_design
Wrote  : <C:\imgProc\attempt3lol\hdmi_input\hdmi_input.srcs\sources_1\bd\hdmi_in_bd\hdmi_in_bd.bd> 
Wrote  : <C:/imgProc/attempt3lol/hdmi_input/hdmi_input.srcs/sources_1/bd/hdmi_in_bd/ui/bd_96625db5.ui> 
startgroup
create_bd_cell -type ip -vlnv xilinx.com:ip:axis_broadcaster:1.1 axis_broadcaster_0
endgroup
connect_bd_intf_net [get_bd_intf_pins v_vid_in_axi4s_0/video_out] [get_bd_intf_pins axis_broadcaster_0/S_AXIS]
connect_bd_intf_net [get_bd_intf_pins axis_broadcaster_0/M00_AXIS] [get_bd_intf_pins axis_data_fifo_0/S_AXIS]
connect_bd_intf_net [get_bd_intf_pins axis_broadcaster_0/M01_AXIS] [get_bd_intf_pins axis_data_fifo_1/S_AXIS]
connect_bd_net [get_bd_pins axis_broadcaster_0/aclk] [get_bd_pins dvi2rgb_0/PixelClk]
connect_bd_net [get_bd_pins axis_broadcaster_0/aresetn] [get_bd_pins proc_sys_reset_1/peripheral_aresetn]
connect_bd_intf_net [get_bd_intf_pins axis_data_fifo_1/M_AXIS] [get_bd_intf_pins image_accelerator_0/video_in]
connect_bd_intf_net [get_bd_intf_pins axis_data_fifo_0/M_AXIS] [get_bd_intf_pins axi_vdma_0/S_AXIS_S2MM]
save_bd_design
Wrote  : <C:\imgProc\attempt3lol\hdmi_input\hdmi_input.srcs\sources_1\bd\hdmi_in_bd\hdmi_in_bd.bd> 
Wrote  : <C:/imgProc/attempt3lol/hdmi_input/hdmi_input.srcs/sources_1/bd/hdmi_in_bd/ui/bd_96625db5.ui> 
validate_bd_design
INFO: [xilinx.com:ip:axi_vdma:6.3-17] /axi_vdma_0 
                    All clocks connected to AXI VDMA are not identical, therefore configuring AXI-VDMA in ASYNC mode.
INFO: [xilinx.com:ip:clk_wiz:6.0-1] /clk_wiz_0 clk_wiz propagate
INFO: [xilinx.com:ip:axi_vdma:6.3-17] /axi_vdma_1 
                    All clocks connected to AXI VDMA are not identical, therefore configuring AXI-VDMA in ASYNC mode.
ERROR: [BD 41-237] Bus Interface property FREQ_HZ does not match between /axi_vdma_1/S_AXIS_S2MM(100000000) and /image_accelerator_0/video_out(150000000)
ERROR: [BD 41-237] Bus Interface property CLK_DOMAIN does not match between /axi_vdma_1/S_AXIS_S2MM(hdmi_in_bd_dvi2rgb_0_0_PixelClk) and /image_accelerator_0/video_out(hdmi_in_bd_processing_system7_0_0_FCLK_CLK0)
ERROR: [BD 41-237] Bus Interface property FREQ_HZ does not match between /axi_vdma_0/S_AXIS_S2MM(100000000) and /axis_data_fifo_0/M_AXIS(150000000)
ERROR: [BD 41-237] Bus Interface property CLK_DOMAIN does not match between /axi_vdma_0/S_AXIS_S2MM(hdmi_in_bd_dvi2rgb_0_0_PixelClk) and /axis_data_fifo_0/M_AXIS(hdmi_in_bd_processing_system7_0_0_FCLK_CLK0)
WARNING: [BD 41-927] Following properties on pin /dvi2rgb_0/RefClk have been updated from connected ip, but BD cell '/dvi2rgb_0' does not accept parameter changes, so they may not be synchronized with cell properties:
	PHASE = 0.0 
Please resolve any mismatches by directly setting properties on BD cell </dvi2rgb_0> to completely resolve these warnings.
validate_bd_design: Time (s): cpu = 00:00:24 ; elapsed = 00:00:25 . Memory (MB): peak = 1894.922 ; gain = 54.609
ERROR: [Common 17-39] 'validate_bd_design' failed due to earlier errors.
disconnect_bd_net /dvi2rgb_0_PixelClk [get_bd_pins axi_vdma_1/s_axis_s2mm_aclk]
disconnect_bd_net /dvi2rgb_0_PixelClk [get_bd_pins axi_vdma_0/s_axis_s2mm_aclk]
connect_bd_net [get_bd_pins axi_vdma_1/s_axis_s2mm_aclk] [get_bd_pins processing_system7_0/FCLK_CLK0]
connect_bd_net [get_bd_pins axi_vdma_0/s_axis_s2mm_aclk] [get_bd_pins processing_system7_0/FCLK_CLK0]
save_bd_design
Wrote  : <C:\imgProc\attempt3lol\hdmi_input\hdmi_input.srcs\sources_1\bd\hdmi_in_bd\hdmi_in_bd.bd> 
Wrote  : <C:/imgProc/attempt3lol/hdmi_input/hdmi_input.srcs/sources_1/bd/hdmi_in_bd/ui/bd_96625db5.ui> 
validate_bd_design
INFO: [xilinx.com:ip:clk_wiz:6.0-1] /clk_wiz_0 clk_wiz propagate
WARNING: [BD 41-927] Following properties on pin /dvi2rgb_0/RefClk have been updated from connected ip, but BD cell '/dvi2rgb_0' does not accept parameter changes, so they may not be synchronized with cell properties:
	PHASE = 0.0 
Please resolve any mismatches by directly setting properties on BD cell </dvi2rgb_0> to completely resolve these warnings.
validate_bd_design: Time (s): cpu = 00:00:22 ; elapsed = 00:00:24 . Memory (MB): peak = 1910.387 ; gain = 15.465
save_bd_design
Wrote  : <C:\imgProc\attempt3lol\hdmi_input\hdmi_input.srcs\sources_1\bd\hdmi_in_bd\hdmi_in_bd.bd> 
reset_run hdmi_in_bd_axi_vdma_0_0_synth_1
launch_runs impl_1 -to_step write_bitstream -jobs 8
INFO: [BD 41-1662] The design 'hdmi_in_bd.bd' is already validated. Therefore parameter propagation will not be re-run.
Wrote  : <C:\imgProc\attempt3lol\hdmi_input\hdmi_input.srcs\sources_1\bd\hdmi_in_bd\hdmi_in_bd.bd> 
WARNING: [BD 41-2384] Width mismatch when connecting pin: '/axi_mem_intercon/m00_couplers/auto_pc/m_axi_rid'(1) to pin: '/axi_mem_intercon/m00_couplers/M_AXI_rid'(6) - Only lower order bits will be connected.
WARNING: [BD 41-2384] Width mismatch when connecting pin: '/axi_mem_intercon/m00_couplers/auto_pc/m_axi_bid'(1) to pin: '/axi_mem_intercon/m00_couplers/M_AXI_bid'(6) - Only lower order bits will be connected.
WARNING: [BD 41-2384] Width mismatch when connecting pin: '/axi_interconnect_0/m00_couplers/auto_pc/m_axi_rid'(1) to pin: '/axi_interconnect_0/m00_couplers/M_AXI_rid'(6) - Only lower order bits will be connected.
WARNING: [BD 41-2384] Width mismatch when connecting pin: '/axi_interconnect_0/m00_couplers/auto_pc/m_axi_bid'(1) to pin: '/axi_interconnect_0/m00_couplers/M_AXI_bid'(6) - Only lower order bits will be connected.
WARNING: [BD 41-2384] Width mismatch when connecting pin: '/processing_system7_0/S_AXI_HP0_WID'(6) to pin: '/axi_mem_intercon/M00_AXI_wid'(1) - Only lower order bits will be connected.
WARNING: [BD 41-2384] Width mismatch when connecting pin: '/processing_system7_0/S_AXI_HP0_ARID'(6) to pin: '/axi_mem_intercon/M00_AXI_arid'(1) - Only lower order bits will be connected.
WARNING: [BD 41-2384] Width mismatch when connecting pin: '/processing_system7_0/S_AXI_HP0_AWID'(6) to pin: '/axi_mem_intercon/M00_AXI_awid'(1) - Only lower order bits will be connected.
WARNING: [BD 41-2384] Width mismatch when connecting pin: '/processing_system7_0/S_AXI_HP1_WID'(6) to pin: '/axi_interconnect_0/M00_AXI_wid'(1) - Only lower order bits will be connected.
WARNING: [BD 41-2384] Width mismatch when connecting pin: '/processing_system7_0/S_AXI_HP1_ARID'(6) to pin: '/axi_interconnect_0/M00_AXI_arid'(1) - Only lower order bits will be connected.
WARNING: [BD 41-2384] Width mismatch when connecting pin: '/processing_system7_0/S_AXI_HP1_AWID'(6) to pin: '/axi_interconnect_0/M00_AXI_awid'(1) - Only lower order bits will be connected.
VHDL Output written to : c:/imgProc/attempt3lol/hdmi_input/hdmi_input.gen/sources_1/bd/hdmi_in_bd/synth/hdmi_in_bd.v
WARNING: [BD 41-2384] Width mismatch when connecting pin: '/axi_mem_intercon/m00_couplers/auto_pc/m_axi_rid'(1) to pin: '/axi_mem_intercon/m00_couplers/M_AXI_rid'(6) - Only lower order bits will be connected.
WARNING: [BD 41-2384] Width mismatch when connecting pin: '/axi_mem_intercon/m00_couplers/auto_pc/m_axi_bid'(1) to pin: '/axi_mem_intercon/m00_couplers/M_AXI_bid'(6) - Only lower order bits will be connected.
WARNING: [BD 41-2384] Width mismatch when connecting pin: '/axi_interconnect_0/m00_couplers/auto_pc/m_axi_rid'(1) to pin: '/axi_interconnect_0/m00_couplers/M_AXI_rid'(6) - Only lower order bits will be connected.
WARNING: [BD 41-2384] Width mismatch when connecting pin: '/axi_interconnect_0/m00_couplers/auto_pc/m_axi_bid'(1) to pin: '/axi_interconnect_0/m00_couplers/M_AXI_bid'(6) - Only lower order bits will be connected.
WARNING: [BD 41-2384] Width mismatch when connecting pin: '/processing_system7_0/S_AXI_HP0_WID'(6) to pin: '/axi_mem_intercon/M00_AXI_wid'(1) - Only lower order bits will be connected.
WARNING: [BD 41-2384] Width mismatch when connecting pin: '/processing_system7_0/S_AXI_HP0_ARID'(6) to pin: '/axi_mem_intercon/M00_AXI_arid'(1) - Only lower order bits will be connected.
WARNING: [BD 41-2384] Width mismatch when connecting pin: '/processing_system7_0/S_AXI_HP0_AWID'(6) to pin: '/axi_mem_intercon/M00_AXI_awid'(1) - Only lower order bits will be connected.
WARNING: [BD 41-2384] Width mismatch when connecting pin: '/processing_system7_0/S_AXI_HP1_WID'(6) to pin: '/axi_interconnect_0/M00_AXI_wid'(1) - Only lower order bits will be connected.
WARNING: [BD 41-2384] Width mismatch when connecting pin: '/processing_system7_0/S_AXI_HP1_ARID'(6) to pin: '/axi_interconnect_0/M00_AXI_arid'(1) - Only lower order bits will be connected.
WARNING: [BD 41-2384] Width mismatch when connecting pin: '/processing_system7_0/S_AXI_HP1_AWID'(6) to pin: '/axi_interconnect_0/M00_AXI_awid'(1) - Only lower order bits will be connected.
VHDL Output written to : c:/imgProc/attempt3lol/hdmi_input/hdmi_input.gen/sources_1/bd/hdmi_in_bd/sim/hdmi_in_bd.v
VHDL Output written to : c:/imgProc/attempt3lol/hdmi_input/hdmi_input.gen/sources_1/bd/hdmi_in_bd/hdl/hdmi_in_bd_wrapper.v
WARNING: [IP_Flow 19-5611] Unable to find an associated reset port for the interface 'M_AXI_GP0'. A default connection has been created.
WARNING: [IP_Flow 19-5611] Unable to find an associated reset port for the interface 'S_AXI_HP0'. A default connection has been created.
WARNING: [IP_Flow 19-5611] Unable to find an associated reset port for the interface 'S_AXI_HP1'. A default connection has been created.
INFO: [BD 41-1029] Generation completed for the IP Integrator block processing_system7_0 .
WARNING: [IP_Flow 19-4994] Overwriting existing constraint file 'c:/imgProc/attempt3lol/hdmi_input/hdmi_input.gen/sources_1/bd/hdmi_in_bd/ip/hdmi_in_bd_axi_vdma_0_0/hdmi_in_bd_axi_vdma_0_0_ooc.xdc'
INFO: [BD 41-1029] Generation completed for the IP Integrator block axi_vdma_0 .
INFO: [BD 41-1029] Generation completed for the IP Integrator block ps7_0_axi_periph/xbar .
INFO: [BD 41-1029] Generation completed for the IP Integrator block axi_mem_intercon/xbar .
WARNING: [IP_Flow 19-4994] Overwriting existing constraint file 'c:/imgProc/attempt3lol/hdmi_input/hdmi_input.gen/sources_1/bd/hdmi_in_bd/ip/hdmi_in_bd_axi_vdma_1_0/hdmi_in_bd_axi_vdma_1_0_ooc.xdc'
INFO: [BD 41-1029] Generation completed for the IP Integrator block axi_vdma_1 .
INFO: [BD 41-1029] Generation completed for the IP Integrator block image_accelerator_0 .
INFO: [BD 41-1029] Generation completed for the IP Integrator block axi_interconnect_0/xbar .
INFO: [BD 41-1029] Generation completed for the IP Integrator block xlconcat_0 .
INFO: [BD 41-1029] Generation completed for the IP Integrator block axis_data_fifo_0 .
INFO: [BD 41-1029] Generation completed for the IP Integrator block axis_data_fifo_1 .
WARNING: [IP_Flow 19-4994] Overwriting existing constraint file 'c:/imgProc/attempt3lol/hdmi_input/hdmi_input.gen/sources_1/bd/hdmi_in_bd/ip/hdmi_in_bd_axis_broadcaster_0_1/hdmi_in_bd_axis_broadcaster_0_1_ooc.xdc'
INFO: [BD 41-1029] Generation completed for the IP Integrator block axis_broadcaster_0 .
WARNING: [IP_Flow 19-4994] Overwriting existing constraint file 'c:/imgProc/attempt3lol/hdmi_input/hdmi_input.gen/sources_1/bd/hdmi_in_bd/ip/hdmi_in_bd_auto_pc_0/hdmi_in_bd_auto_pc_0_ooc.xdc'
INFO: [BD 41-1029] Generation completed for the IP Integrator block ps7_0_axi_periph/s00_couplers/auto_pc .
WARNING: [IP_Flow 19-4994] Overwriting existing constraint file 'c:/imgProc/attempt3lol/hdmi_input/hdmi_input.gen/sources_1/bd/hdmi_in_bd/ip/hdmi_in_bd_auto_pc_1/hdmi_in_bd_auto_pc_1_ooc.xdc'
INFO: [BD 41-1029] Generation completed for the IP Integrator block axi_mem_intercon/m00_couplers/auto_pc .
WARNING: [IP_Flow 19-4994] Overwriting existing constraint file 'c:/imgProc/attempt3lol/hdmi_input/hdmi_input.gen/sources_1/bd/hdmi_in_bd/ip/hdmi_in_bd_auto_pc_2/hdmi_in_bd_auto_pc_2_ooc.xdc'
INFO: [BD 41-1029] Generation completed for the IP Integrator block axi_interconnect_0/m00_couplers/auto_pc .
Exporting to file c:/imgProc/attempt3lol/hdmi_input/hdmi_input.gen/sources_1/bd/hdmi_in_bd/hw_handoff/hdmi_in_bd.hwh
Generated Block Design Tcl file c:/imgProc/attempt3lol/hdmi_input/hdmi_input.gen/sources_1/bd/hdmi_in_bd/hw_handoff/hdmi_in_bd_bd.tcl
Generated Hardware Definition File c:/imgProc/attempt3lol/hdmi_input/hdmi_input.gen/sources_1/bd/hdmi_in_bd/synth/hdmi_in_bd.hwdef
INFO: [IP_Flow 19-7066] Running IP cache check for IP hdmi_in_bd_auto_pc_0
INFO: [IP_Flow 19-7066] Running IP cache check for IP hdmi_in_bd_auto_pc_1
INFO: [IP_Flow 19-7066] Running IP cache check for IP hdmi_in_bd_auto_pc_2
INFO: [IP_Flow 19-7066] Running IP cache check for IP hdmi_in_bd_axi_vdma_0_0
INFO: [IP_Flow 19-7066] Running IP cache check for IP hdmi_in_bd_axi_vdma_1_0
INFO: [IP_Flow 19-7066] Running IP cache check for IP hdmi_in_bd_axis_broadcaster_0_1
INFO: [IP_Flow 19-7066] Running IP cache check for IP hdmi_in_bd_axis_data_fifo_0_0
INFO: [IP_Flow 19-7066] Running IP cache check for IP hdmi_in_bd_axis_data_fifo_1_0
INFO: [IP_Flow 19-7066] Running IP cache check for IP hdmi_in_bd_image_accelerator_0_0
INFO: [IP_Flow 19-7066] Running IP cache check for IP hdmi_in_bd_processing_system7_0_0
INFO: [IP_Flow 19-7066] Running IP cache check for IP hdmi_in_bd_xbar_0
INFO: [IP_Flow 19-7066] Running IP cache check for IP hdmi_in_bd_xbar_1
INFO: [IP_Flow 19-7066] Running IP cache check for IP hdmi_in_bd_xbar_2
INFO: [IP_Flow 19-4993] Using cached IP synthesis design for IP hdmi_in_bd_auto_pc_0, cache-ID = 508b1ce5eb948730; cache size = 49.154 MB.
INFO: [IP_Flow 19-4993] Using cached IP synthesis design for IP hdmi_in_bd_auto_pc_1, cache-ID = b3e003ac3db51c80; cache size = 49.154 MB.
INFO: [IP_Flow 19-4993] Using cached IP synthesis design for IP hdmi_in_bd_auto_pc_2, cache-ID = b3e003ac3db51c80; cache size = 49.154 MB.
INFO: [IP_Flow 19-4993] Using cached IP synthesis design for IP hdmi_in_bd_xbar_2, cache-ID = 6552f448eb2268f5; cache size = 49.154 MB.
INFO: [IP_Flow 19-4993] Using cached IP synthesis design for IP hdmi_in_bd_xbar_1, cache-ID = 6552f448eb2268f5; cache size = 49.154 MB.
[Tue Mar  3 22:09:40 2026] Launched hdmi_in_bd_processing_system7_0_0_synth_1, hdmi_in_bd_axi_vdma_0_0_synth_1, hdmi_in_bd_xbar_0_synth_1, hdmi_in_bd_image_accelerator_0_0_synth_1, hdmi_in_bd_axi_vdma_1_0_synth_1, hdmi_in_bd_axis_data_fifo_1_0_synth_1, hdmi_in_bd_axis_data_fifo_0_0_synth_1, hdmi_in_bd_axis_broadcaster_0_1_synth_1, synth_1...
Run output will be captured here:
hdmi_in_bd_processing_system7_0_0_synth_1: C:/imgProc/attempt3lol/hdmi_input/hdmi_input.runs/hdmi_in_bd_processing_system7_0_0_synth_1/runme.log
hdmi_in_bd_axi_vdma_0_0_synth_1: C:/imgProc/attempt3lol/hdmi_input/hdmi_input.runs/hdmi_in_bd_axi_vdma_0_0_synth_1/runme.log
hdmi_in_bd_xbar_0_synth_1: C:/imgProc/attempt3lol/hdmi_input/hdmi_input.runs/hdmi_in_bd_xbar_0_synth_1/runme.log
hdmi_in_bd_image_accelerator_0_0_synth_1: C:/imgProc/attempt3lol/hdmi_input/hdmi_input.runs/hdmi_in_bd_image_accelerator_0_0_synth_1/runme.log
hdmi_in_bd_axi_vdma_1_0_synth_1: C:/imgProc/attempt3lol/hdmi_input/hdmi_input.runs/hdmi_in_bd_axi_vdma_1_0_synth_1/runme.log
hdmi_in_bd_axis_data_fifo_1_0_synth_1: C:/imgProc/attempt3lol/hdmi_input/hdmi_input.runs/hdmi_in_bd_axis_data_fifo_1_0_synth_1/runme.log
hdmi_in_bd_axis_data_fifo_0_0_synth_1: C:/imgProc/attempt3lol/hdmi_input/hdmi_input.runs/hdmi_in_bd_axis_data_fifo_0_0_synth_1/runme.log
hdmi_in_bd_axis_broadcaster_0_1_synth_1: C:/imgProc/attempt3lol/hdmi_input/hdmi_input.runs/hdmi_in_bd_axis_broadcaster_0_1_synth_1/runme.log
synth_1: C:/imgProc/attempt3lol/hdmi_input/hdmi_input.runs/synth_1/runme.log
[Tue Mar  3 22:09:41 2026] Launched impl_1...
Run output will be captured here: C:/imgProc/attempt3lol/hdmi_input/hdmi_input.runs/impl_1/runme.log
launch_runs: Time (s): cpu = 00:00:36 ; elapsed = 00:00:41 . Memory (MB): peak = 2103.680 ; gain = 193.293
reset_run synth_1
reset_run hdmi_in_bd_processing_system7_0_0_synth_1
reset_run hdmi_in_bd_axi_vdma_0_0_synth_1
reset_run hdmi_in_bd_xbar_0_synth_1
reset_run hdmi_in_bd_image_accelerator_0_0_synth_1
reset_run hdmi_in_bd_axi_vdma_1_0_synth_1
reset_run hdmi_in_bd_axis_data_fifo_1_0_synth_1
reset_run hdmi_in_bd_axis_broadcaster_0_1_synth_1
launch_runs impl_1 -to_step write_bitstream -jobs 8
INFO: [IP_Flow 19-7066] Running IP cache check for IP hdmi_in_bd_axi_vdma_0_0
INFO: [IP_Flow 19-7066] Running IP cache check for IP hdmi_in_bd_axi_vdma_1_0
INFO: [IP_Flow 19-7066] Running IP cache check for IP hdmi_in_bd_axis_broadcaster_0_1
INFO: [IP_Flow 19-7066] Running IP cache check for IP hdmi_in_bd_axis_data_fifo_1_0
INFO: [IP_Flow 19-7066] Running IP cache check for IP hdmi_in_bd_image_accelerator_0_0
INFO: [IP_Flow 19-7066] Running IP cache check for IP hdmi_in_bd_processing_system7_0_0
INFO: [IP_Flow 19-7066] Running IP cache check for IP hdmi_in_bd_xbar_0
INFO: [IP_Flow 19-4993] Using cached IP synthesis design for IP hdmi_in_bd_axis_data_fifo_1_0, cache-ID = da872b6336b54406; cache size = 50.317 MB.
[Tue Mar  3 22:12:15 2026] Launched hdmi_in_bd_processing_system7_0_0_synth_1, hdmi_in_bd_axi_vdma_0_0_synth_1, hdmi_in_bd_xbar_0_synth_1, hdmi_in_bd_image_accelerator_0_0_synth_1, hdmi_in_bd_axi_vdma_1_0_synth_1, hdmi_in_bd_axis_broadcaster_0_1_synth_1, synth_1...
Run output will be captured here:
hdmi_in_bd_processing_system7_0_0_synth_1: C:/imgProc/attempt3lol/hdmi_input/hdmi_input.runs/hdmi_in_bd_processing_system7_0_0_synth_1/runme.log
hdmi_in_bd_axi_vdma_0_0_synth_1: C:/imgProc/attempt3lol/hdmi_input/hdmi_input.runs/hdmi_in_bd_axi_vdma_0_0_synth_1/runme.log
hdmi_in_bd_xbar_0_synth_1: C:/imgProc/attempt3lol/hdmi_input/hdmi_input.runs/hdmi_in_bd_xbar_0_synth_1/runme.log
hdmi_in_bd_image_accelerator_0_0_synth_1: C:/imgProc/attempt3lol/hdmi_input/hdmi_input.runs/hdmi_in_bd_image_accelerator_0_0_synth_1/runme.log
hdmi_in_bd_axi_vdma_1_0_synth_1: C:/imgProc/attempt3lol/hdmi_input/hdmi_input.runs/hdmi_in_bd_axi_vdma_1_0_synth_1/runme.log
hdmi_in_bd_axis_broadcaster_0_1_synth_1: C:/imgProc/attempt3lol/hdmi_input/hdmi_input.runs/hdmi_in_bd_axis_broadcaster_0_1_synth_1/runme.log
synth_1: C:/imgProc/attempt3lol/hdmi_input/hdmi_input.runs/synth_1/runme.log
[Tue Mar  3 22:12:16 2026] Launched impl_1...
Run output will be captured here: C:/imgProc/attempt3lol/hdmi_input/hdmi_input.runs/impl_1/runme.log
launch_runs: Time (s): cpu = 00:00:03 ; elapsed = 00:00:05 . Memory (MB): peak = 2123.758 ; gain = 0.000
open_run impl_1
INFO: [Device 21-403] Loading part xc7z020clg400-1
Netlist sorting complete. Time (s): cpu = 00:00:00 ; elapsed = 00:00:00.458 . Memory (MB): peak = 2304.938 ; gain = 0.000
INFO: [Netlist 29-17] Analyzing 680 Unisim elements for replacement
INFO: [Netlist 29-28] Unisim Transformation completed in 0 CPU seconds
INFO: [Project 1-479] Netlist was created with Vivado 2020.2
INFO: [Project 1-570] Preparing netlist for logic optimization
INFO: [Timing 38-478] Restoring timing data from binary archive.
INFO: [Timing 38-479] Binary timing data restore complete.
INFO: [Project 1-856] Restoring constraints from binary archive.
INFO: [Project 1-853] Binary constraint restore complete.
Reading XDEF placement.
Reading placer database...
Reading XDEF routing.
Read XDEF File: Time (s): cpu = 00:00:02 ; elapsed = 00:00:02 . Memory (MB): peak = 3046.145 ; gain = 0.000
Restored from archive | CPU: 2.000000 secs | Memory: 0.000000 MB |
Finished XDEF File Restore: Time (s): cpu = 00:00:02 ; elapsed = 00:00:02 . Memory (MB): peak = 3046.145 ; gain = 0.000
Netlist sorting complete. Time (s): cpu = 00:00:00 ; elapsed = 00:00:00.009 . Memory (MB): peak = 3069.699 ; gain = 0.000
INFO: [Project 1-111] Unisim Transformation Summary:
  A total of 22 instances were transformed.
  IOBUF => IOBUF (IBUF, OBUFT): 2 instances
  RAM32M => RAM32M (RAMD32(x6), RAMS32(x2)): 16 instances
  RAM32X1D => RAM32X1D (RAMD32(x2)): 2 instances
  SRLC32E => SRL16E: 2 instances

open_run: Time (s): cpu = 00:00:44 ; elapsed = 00:00:36 . Memory (MB): peak = 3206.543 ; gain = 1082.785
open_report: Time (s): cpu = 00:00:15 ; elapsed = 00:00:09 . Memory (MB): peak = 3358.207 ; gain = 99.535
CRITICAL WARNING: [Timing 38-282] The design failed to meet the timing requirements. Please see the timing summary report for details on the timing violations.
WARNING: [Timing 38-436] There are set_bus_skew constraint(s) in this design. Please run report_bus_skew to ensure that bus skew requirements are met.
open_bd_design {C:/imgProc/attempt3lol/hdmi_input/hdmi_input.srcs/sources_1/bd/hdmi_in_bd/hdmi_in_bd.bd}
delete_bd_objs [get_bd_nets axi_vdma_0_s2mm_introut] [get_bd_nets axi_vdma_1_s2mm_introut]
