Copyright 1986-2020 Xilinx, Inc. All Rights Reserved.
----------------------------------------------------------------------------------------------------------------------------------------------------------------------------
| Tool Version     : Vivado v.2020.2 (win64) Build 3064766 Wed Nov 18 09:12:45 MST 2020
| Date             : Mon Mar  9 17:37:40 2026
| Host             : Archit-Vivobook running 64-bit major release  (build 9200)
| Command          : report_power -file hdmi_in_bd_wrapper_power_routed.rpt -pb hdmi_in_bd_wrapper_power_summary_routed.pb -rpx hdmi_in_bd_wrapper_power_routed.rpx
| Design           : hdmi_in_bd_wrapper
| Device           : xc7z020clg400-1
| Design State     : routed
| Grade            : commercial
| Process          : typical
| Characterization : Production
----------------------------------------------------------------------------------------------------------------------------------------------------------------------------

Power Report

Table of Contents
-----------------
1. Summary
1.1 On-Chip Components
1.2 Power Supply Summary
1.3 Confidence Level
2. Settings
2.1 Environment
2.2 Clock Constraints
3. Detailed Reports
3.1 By Hierarchy

1. Summary
----------

+--------------------------+--------------+
| Total On-Chip Power (W)  | 2.116        |
| Design Power Budget (W)  | Unspecified* |
| Power Budget Margin (W)  | NA           |
| Dynamic (W)              | 1.960        |
| Device Static (W)        | 0.156        |
| Effective TJA (C/W)      | 11.5         |
| Max Ambient (C)          | 60.6         |
| Junction Temperature (C) | 49.4         |
| Confidence Level         | Medium       |
| Setting File             | ---          |
| Simulation Activity File | ---          |
| Design Nets Matched      | NA           |
+--------------------------+--------------+
* Specify Design Power Budget using, set_operating_conditions -design_power_budget <value in Watts>


1.1 On-Chip Components
----------------------

+--------------------------+-----------+----------+-----------+-----------------+
| On-Chip                  | Power (W) | Used     | Available | Utilization (%) |
+--------------------------+-----------+----------+-----------+-----------------+
| Clocks                   |     0.080 |       13 |       --- |             --- |
| Slice Logic              |     0.022 |    28091 |       --- |             --- |
|   LUT as Logic           |     0.018 |     9031 |     53200 |           16.98 |
|   CARRY4                 |     0.003 |      878 |     13300 |            6.60 |
|   Register               |     0.002 |    13910 |    106400 |           13.07 |
|   LUT as Shift Register  |    <0.001 |      446 |     17400 |            2.56 |
|   LUT as Distributed RAM |    <0.001 |       68 |     17400 |            0.39 |
|   Others                 |    <0.001 |     1138 |       --- |             --- |
|   F7/F8 Muxes            |    <0.001 |       16 |     53200 |            0.03 |
| Signals                  |     0.033 |    21423 |       --- |             --- |
| Block RAM                |     0.044 |     66.5 |       140 |           47.50 |
| MMCM                     |     0.193 |        2 |         4 |           50.00 |
| DSPs                     |     0.019 |       27 |       220 |           12.27 |
| I/O                      |     0.034 |       12 |       125 |            9.60 |
| PS7                      |     1.534 |        1 |       --- |             --- |
| Static Power             |     0.156 |          |           |                 |
| Total                    |     2.116 |          |           |                 |
+--------------------------+-----------+----------+-----------+-----------------+


1.2 Power Supply Summary
------------------------

+-----------+-------------+-----------+-------------+------------+-------------+-------------+------------+
| Source    | Voltage (V) | Total (A) | Dynamic (A) | Static (A) | Powerup (A) | Budget (A)  | Margin (A) |
+-----------+-------------+-----------+-------------+------------+-------------+-------------+------------+
| Vccint    |       1.000 |     0.222 |       0.201 |      0.021 |       NA    | Unspecified | NA         |
| Vccaux    |       1.800 |     0.140 |       0.123 |      0.017 |       NA    | Unspecified | NA         |
| Vcco33    |       3.300 |     0.000 |       0.000 |      0.000 |       NA    | Unspecified | NA         |
| Vcco25    |       2.500 |     0.000 |       0.000 |      0.000 |       NA    | Unspecified | NA         |
| Vcco18    |       1.800 |     0.000 |       0.000 |      0.000 |       NA    | Unspecified | NA         |
| Vcco15    |       1.500 |     0.000 |       0.000 |      0.000 |       NA    | Unspecified | NA         |
| Vcco135   |       1.350 |     0.000 |       0.000 |      0.000 |       NA    | Unspecified | NA         |
| Vcco12    |       1.200 |     0.000 |       0.000 |      0.000 |       NA    | Unspecified | NA         |
| Vccaux_io |       1.800 |     0.000 |       0.000 |      0.000 |       NA    | Unspecified | NA         |
| Vccbram   |       1.000 |     0.010 |       0.004 |      0.006 |       NA    | Unspecified | NA         |
| MGTAVcc   |       1.000 |     0.000 |       0.000 |      0.000 |       NA    | Unspecified | NA         |
| MGTAVtt   |       1.200 |     0.000 |       0.000 |      0.000 |       NA    | Unspecified | NA         |
| MGTVccaux |       1.800 |     0.000 |       0.000 |      0.000 |       NA    | Unspecified | NA         |
| Vccpint   |       1.000 |     0.768 |       0.733 |      0.036 |       NA    | Unspecified | NA         |
| Vccpaux   |       1.800 |     0.060 |       0.050 |      0.010 |       NA    | Unspecified | NA         |
| Vccpll    |       1.800 |     0.017 |       0.014 |      0.003 |       NA    | Unspecified | NA         |
| Vcco_ddr  |       1.500 |     0.459 |       0.457 |      0.002 |       NA    | Unspecified | NA         |
| Vcco_mio0 |       1.800 |     0.000 |       0.000 |      0.000 |       NA    | Unspecified | NA         |
| Vcco_mio1 |       1.800 |     0.000 |       0.000 |      0.000 |       NA    | Unspecified | NA         |
| Vccadc    |       1.800 |     0.020 |       0.000 |      0.020 |       NA    | Unspecified | NA         |
+-----------+-------------+-----------+-------------+------------+-------------+-------------+------------+


1.3 Confidence Level
--------------------

+-----------------------------+------------+-------------------------------------------------------+------------------------------------------------------------------------------------------------------------+
| User Input Data             | Confidence | Details                                               | Action                                                                                                     |
+-----------------------------+------------+-------------------------------------------------------+------------------------------------------------------------------------------------------------------------+
| Design implementation state | High       | Design is routed                                      |                                                                                                            |
| Clock nodes activity        | High       | User specified more than 95% of clocks                |                                                                                                            |
| I/O nodes activity          | Medium     | More than 5% of inputs are missing user specification | Provide missing input activity with simulation results or by editing the "By Resource Type -> I/Os" view   |
| Internal nodes activity     | Medium     | User specified less than 25% of internal nodes        | Provide missing internal nodes activity with simulation results or by editing the "By Resource Type" views |
| Device models               | High       | Device models are Production                          |                                                                                                            |
|                             |            |                                                       |                                                                                                            |
| Overall confidence level    | Medium     |                                                       |                                                                                                            |
+-----------------------------+------------+-------------------------------------------------------+------------------------------------------------------------------------------------------------------------+


2. Settings
-----------

2.1 Environment
---------------

+-----------------------+------------------------+
| Ambient Temp (C)      | 25.0                   |
| ThetaJA (C/W)         | 11.5                   |
| Airflow (LFM)         | 250                    |
| Heat Sink             | none                   |
| ThetaSA (C/W)         | 0.0                    |
| Board Selection       | medium (10"x10")       |
| # of Board Layers     | 8to11 (8 to 11 Layers) |
| Board Temperature (C) | 25.0                   |
+-----------------------+------------------------+


2.2 Clock Constraints
---------------------

+-----------------------------------+---------------------------------------------------------------------+-----------------+
| Clock                             | Domain                                                              | Constraint (ns) |
+-----------------------------------+---------------------------------------------------------------------+-----------------+
| CLKFBIN                           | hdmi_in_bd_i/dvi2rgb_0/U0/TMDS_ClockingX/CLKFBIN                    |             8.3 |
| CLK_OUT_5x_hdmi_clk               | hdmi_in_bd_i/dvi2rgb_0/U0/TMDS_ClockingX/CLK_OUT_5x_hdmi_clk        |             1.7 |
| PixelClk_int                      | hdmi_in_bd_i/dvi2rgb_0/U0/TMDS_ClockingX/rMMCM_LckdRisingFlag_reg_0 |             8.3 |
| clk_fpga_0                        | hdmi_in_bd_i/processing_system7_0/inst/FCLK_CLK_unbuffered[0]       |             6.7 |
| clk_out1_hdmi_in_bd_clk_wiz_0_0   | hdmi_in_bd_i/clk_wiz_0/inst/clk_out1_hdmi_in_bd_clk_wiz_0_0         |             5.0 |
| clk_out1_hdmi_in_bd_clk_wiz_0_0_1 | hdmi_in_bd_i/clk_wiz_0/inst/clk_out1_hdmi_in_bd_clk_wiz_0_0         |             5.0 |
| clkfbout_hdmi_in_bd_clk_wiz_0_0   | hdmi_in_bd_i/clk_wiz_0/inst/clkfbout_hdmi_in_bd_clk_wiz_0_0         |             8.0 |
| clkfbout_hdmi_in_bd_clk_wiz_0_0_1 | hdmi_in_bd_i/clk_wiz_0/inst/clkfbout_hdmi_in_bd_clk_wiz_0_0         |             8.0 |
| hdmi_in_clk_p                     | hdmi_in_clk_p                                                       |             8.3 |
| sys_clk_pin                       | sysclk                                                              |             8.0 |
| sysclk                            | sysclk                                                              |             8.0 |
+-----------------------------------+---------------------------------------------------------------------+-----------------+


3. Detailed Reports
-------------------

3.1 By Hierarchy
----------------

+--------------------------+-----------+
| Name                     | Power (W) |
+--------------------------+-----------+
| hdmi_in_bd_wrapper       |     1.960 |
|   hdmi_in_bd_i           |     1.960 |
|     axi_interconnect_0   |     0.003 |
|       m00_couplers       |     0.002 |
|     axi_mem_intercon     |     0.005 |
|       m00_couplers       |     0.002 |
|       xbar               |     0.002 |
|     axi_vdma_0           |     0.038 |
|       U0                 |     0.038 |
|     axi_vdma_1           |     0.020 |
|       U0                 |     0.020 |
|     axis_data_fifo_1     |     0.021 |
|       inst               |     0.021 |
|     clk_wiz_0            |     0.107 |
|       inst               |     0.107 |
|     dvi2rgb_0            |     0.130 |
|       U0                 |     0.130 |
|     image_accelerator_0  |     0.091 |
|       inst               |     0.091 |
|     processing_system7_0 |     1.536 |
|       inst               |     1.536 |
|     ps7_0_axi_periph     |     0.006 |
|       s00_couplers       |     0.005 |
|       xbar               |     0.001 |
|     v_vid_in_axi4s_0     |     0.001 |
|       inst               |     0.001 |
+--------------------------+-----------+


