

================================================================
== Vitis HLS Report for 'AXIvideo2xfMat_24_9_1080_1920_1_s'
================================================================
* Date:           Mon Mar  9 12:23:53 2026

* Version:        2020.2 (Build 3064766 on Wed Nov 18 09:12:45 MST 2020)
* Project:        accel_downscale
* Solution:       solution1 (Vivado IP Flow Target)
* Product family: zynq
* Target device:  xc7z020-clg400-1


================================================================
== Performance Estimates
================================================================
+ Timing: 
    * Summary: 
    +--------+----------+----------+------------+
    |  Clock |  Target  | Estimated| Uncertainty|
    +--------+----------+----------+------------+
    |ap_clk  |  10.00 ns|  7.268 ns|     2.70 ns|
    +--------+----------+----------+------------+

+ Latency: 
    * Summary: 
    +---------+---------+-----------+-----------+-----+---------+---------+
    |  Latency (cycles) |   Latency (absolute)  |    Interval   | Pipeline|
    |   min   |   max   |    min    |    max    | min |   max   |   Type  |
    +---------+---------+-----------+-----------+-----+---------+---------+
    |        3|  2080084|  30.000 ns|  20.801 ms|    3|  2080084|     none|
    +---------+---------+-----------+-----------+-----+---------+---------+

    + Detail: 
        * Instance: 
        N/A

        * Loop: 
        +---------------------+---------+---------+----------+-----------+-----------+----------+----------+
        |                     |  Latency (cycles) | Iteration|  Initiation Interval  |   Trip   |          |
        |      Loop Name      |   min   |   max   |  Latency |  achieved |   target  |   Count  | Pipelined|
        +---------------------+---------+---------+----------+-----------+-----------+----------+----------+
        |- loop_start_hunt    |        0|        1|         1|          1|          1|     0 ~ 1|       yes|
        |- loop_row_axi2mat   |        0|  2080080|  4 ~ 1926|          -|          -|  0 ~ 1080|        no|
        | + loop_col_zxi2mat  |        1|     1920|         2|          1|          1|  1 ~ 1920|       yes|
        | + loop_last_hunt    |        0|        1|         1|          1|          1|     0 ~ 1|       yes|
        +---------------------+---------+---------+----------+-----------+-----------+----------+----------+



================================================================
== Utilization Estimates
================================================================
* Summary: 
+-----------------+---------+-----+--------+-------+-----+
|       Name      | BRAM_18K| DSP |   FF   |  LUT  | URAM|
+-----------------+---------+-----+--------+-------+-----+
|DSP              |        -|    -|       -|      -|    -|
|Expression       |        -|    -|       0|    100|    -|
|FIFO             |        -|    -|       -|      -|    -|
|Instance         |        -|    -|       -|      -|    -|
|Memory           |        -|    -|       -|      -|    -|
|Multiplexer      |        -|    -|       -|    360|    -|
|Register         |        -|    -|     267|      -|    -|
+-----------------+---------+-----+--------+-------+-----+
|Total            |        0|    0|     267|    460|    0|
+-----------------+---------+-----+--------+-------+-----+
|Available        |      280|  220|  106400|  53200|    0|
+-----------------+---------+-----+--------+-------+-----+
|Utilization (%)  |        0|    0|      ~0|     ~0|    0|
+-----------------+---------+-----+--------+-------+-----+

+ Detail: 
    * Instance: 
    N/A

    * DSP: 
    N/A

    * Memory: 
    N/A

    * FIFO: 
    N/A

    * Expression: 
    +----------------------------------+----------+----+---+----+------------+------------+
    |           Variable Name          | Operation| DSP| FF| LUT| Bitwidth P0| Bitwidth P1|
    +----------------------------------+----------+----+---+----+------------+------------+
    |i_3_fu_396_p2                     |         +|   0|  0|  12|          11|           1|
    |j_3_fu_414_p2                     |         +|   0|  0|  12|          11|           1|
    |ap_block_state2                   |       and|   0|  0|   2|           1|           1|
    |ap_block_state5_pp1_stage0_iter0  |       and|   0|  0|   2|           1|           1|
    |ap_block_state6_pp1_stage0_iter1  |       and|   0|  0|   2|           1|           1|
    |ap_block_state8                   |       and|   0|  0|   2|           1|           1|
    |ap_condition_197                  |       and|   0|  0|   2|           1|           1|
    |ap_predicate_op72_read_state5     |       and|   0|  0|   2|           1|           1|
    |cmp743_i_fu_386_p2                |      icmp|   0|  0|  18|          32|           1|
    |icmp_ln128_fu_409_p2              |      icmp|   0|  0|  18|          32|          32|
    |icmp_ln132_fu_424_p2              |      icmp|   0|  0|  18|          32|          32|
    |ap_block_pp1_stage0_01001         |        or|   0|  0|   2|           1|           1|
    |ap_block_state1                   |        or|   0|  0|   2|           1|           1|
    |or_ln138_fu_429_p2                |        or|   0|  0|   2|           1|           1|
    |ap_enable_pp1                     |       xor|   0|  0|   2|           1|           2|
    |ap_enable_reg_pp1_iter1           |       xor|   0|  0|   2|           2|           1|
    +----------------------------------+----------+----+---+----+------------+------------+
    |Total                             |          |   0|  0| 100|         130|          79|
    +----------------------------------+----------+----+---+----+------------+------------+

    * Multiplexer: 
    +------------------------------------------+----+-----------+-----+-----------+
    |                   Name                   | LUT| Input Size| Bits| Total Bits|
    +------------------------------------------+----+-----------+-----+-----------+
    |ap_NS_fsm                                 |  48|          9|    1|          9|
    |ap_done                                   |   9|          2|    1|          2|
    |ap_enable_reg_pp1_iter1                   |  14|          3|    1|          3|
    |ap_phi_mux_axi_data_V_3_phi_fu_251_p4     |   9|          2|   24|         48|
    |ap_phi_mux_axi_data_V_5_ph_phi_fu_310_p4  |   9|          2|   24|         48|
    |ap_phi_mux_axi_last_V_3_phi_fu_262_p4     |   9|          2|    1|          2|
    |ap_phi_mux_axi_last_V_5_ph_phi_fu_298_p4  |   9|          2|    1|          2|
    |ap_phi_mux_last_1_ph_phi_fu_323_p4        |   9|          2|    1|          2|
    |ap_phi_mux_last_phi_fu_230_p4             |   9|          2|    1|          2|
    |ap_phi_mux_start_3_phi_fu_241_p4          |   9|          2|    1|          2|
    |axi_data_V_2_reg_193                      |   9|          2|   24|         48|
    |axi_data_V_3_reg_248                      |   9|          2|   24|         48|
    |axi_data_V_5_ph_reg_307                   |   9|          2|   24|         48|
    |axi_data_V_5_reg_344                      |   9|          2|   24|         48|
    |axi_last_V_2_reg_204                      |   9|          2|    1|          2|
    |axi_last_V_3_reg_259                      |   9|          2|    1|          2|
    |axi_last_V_5_ph_reg_295                   |   9|          2|    1|          2|
    |axi_last_V_5_reg_332                      |   9|          2|    1|          2|
    |axi_last_V_8_reg_269                      |  14|          3|    1|          3|
    |i_reg_182                                 |   9|          2|   11|         22|
    |img_1_blk_n                               |   9|          2|    1|          2|
    |img_1_out_blk_n                           |   9|          2|    1|          2|
    |img_2_blk_n                               |   9|          2|    1|          2|
    |img_2_out_blk_n                           |   9|          2|    1|          2|
    |img_in_432_blk_n                          |   9|          2|    1|          2|
    |j_reg_215                                 |   9|          2|   11|         22|
    |last_1_ph_reg_319                         |   9|          2|    1|          2|
    |last_1_reg_356                            |   9|          2|    1|          2|
    |last_reg_226                              |   9|          2|    1|          2|
    |p_Val2_s_reg_282                          |  14|          3|   24|         72|
    |real_start                                |   9|          2|    1|          2|
    |start_3_reg_238                           |   9|          2|    1|          2|
    |start_reg_171                             |   9|          2|    1|          2|
    |video_in_TDATA_blk_n                      |   9|          2|    1|          2|
    +------------------------------------------+----+-----------+-----+-----------+
    |Total                                     | 360|         78|  215|        463|
    +------------------------------------------+----+-----------+-----+-----------+

    * Register: 
    +-------------------------+----+----+-----+-----------+
    |           Name          | FF | LUT| Bits| Const Bits|
    +-------------------------+----+----+-----+-----------+
    |ap_CS_fsm                |   8|   0|    8|          0|
    |ap_done_reg              |   1|   0|    1|          0|
    |ap_enable_reg_pp1_iter0  |   1|   0|    1|          0|
    |ap_enable_reg_pp1_iter1  |   1|   0|    1|          0|
    |axi_data_V_2_reg_193     |  24|   0|   24|          0|
    |axi_data_V_3_reg_248     |  24|   0|   24|          0|
    |axi_data_V_5_ph_reg_307  |  24|   0|   24|          0|
    |axi_data_V_5_reg_344     |  24|   0|   24|          0|
    |axi_data_V_reg_159       |  24|   0|   24|          0|
    |axi_last_V_2_reg_204     |   1|   0|    1|          0|
    |axi_last_V_3_reg_259     |   1|   0|    1|          0|
    |axi_last_V_5_ph_reg_295  |   1|   0|    1|          0|
    |axi_last_V_5_reg_332     |   1|   0|    1|          0|
    |axi_last_V_8_reg_269     |   1|   0|    1|          0|
    |axi_last_V_reg_147       |   1|   0|    1|          0|
    |cmp743_i_reg_468         |   1|   0|    1|          0|
    |cols_reg_445             |  32|   0|   32|          0|
    |i_3_reg_472              |  11|   0|   11|          0|
    |i_reg_182                |  11|   0|   11|          0|
    |icmp_ln132_reg_491       |   1|   0|    1|          0|
    |j_reg_215                |  11|   0|   11|          0|
    |last_1_ph_reg_319        |   1|   0|    1|          0|
    |last_1_reg_356           |   1|   0|    1|          0|
    |last_reg_226             |   1|   0|    1|          0|
    |p_Val2_s_reg_282         |  24|   0|   24|          0|
    |rows_reg_440             |  32|   0|   32|          0|
    |start_1_fu_90            |   1|   0|    1|          0|
    |start_3_reg_238          |   1|   0|    1|          0|
    |start_once_reg           |   1|   0|    1|          0|
    |start_reg_171            |   1|   0|    1|          0|
    +-------------------------+----+----+-----+-----------+
    |Total                    | 267|   0|  267|          0|
    +-------------------------+----+----+-----+-----------+



================================================================
== Interface
================================================================
* Summary: 
+-------------------+-----+-----+------------+--------------------------------------+--------------+
|     RTL Ports     | Dir | Bits|  Protocol  |             Source Object            |    C Type    |
+-------------------+-----+-----+------------+--------------------------------------+--------------+
|ap_clk             |   in|    1|  ap_ctrl_hs|  AXIvideo2xfMat<24, 9, 1080, 1920, 1>|  return value|
|ap_rst             |   in|    1|  ap_ctrl_hs|  AXIvideo2xfMat<24, 9, 1080, 1920, 1>|  return value|
|ap_start           |   in|    1|  ap_ctrl_hs|  AXIvideo2xfMat<24, 9, 1080, 1920, 1>|  return value|
|start_full_n       |   in|    1|  ap_ctrl_hs|  AXIvideo2xfMat<24, 9, 1080, 1920, 1>|  return value|
|ap_done            |  out|    1|  ap_ctrl_hs|  AXIvideo2xfMat<24, 9, 1080, 1920, 1>|  return value|
|ap_continue        |   in|    1|  ap_ctrl_hs|  AXIvideo2xfMat<24, 9, 1080, 1920, 1>|  return value|
|ap_idle            |  out|    1|  ap_ctrl_hs|  AXIvideo2xfMat<24, 9, 1080, 1920, 1>|  return value|
|ap_ready           |  out|    1|  ap_ctrl_hs|  AXIvideo2xfMat<24, 9, 1080, 1920, 1>|  return value|
|start_out          |  out|    1|  ap_ctrl_hs|  AXIvideo2xfMat<24, 9, 1080, 1920, 1>|  return value|
|start_write        |  out|    1|  ap_ctrl_hs|  AXIvideo2xfMat<24, 9, 1080, 1920, 1>|  return value|
|img_in_432_din     |  out|   24|     ap_fifo|                            img_in_432|       pointer|
|img_in_432_full_n  |   in|    1|     ap_fifo|                            img_in_432|       pointer|
|img_in_432_write   |  out|    1|     ap_fifo|                            img_in_432|       pointer|
|video_in_TDATA     |   in|   24|        axis|               AXI_video_strm_V_data_V|       pointer|
|video_in_TVALID    |   in|    1|        axis|               AXI_video_strm_V_dest_V|       pointer|
|video_in_TREADY    |  out|    1|        axis|               AXI_video_strm_V_dest_V|       pointer|
|video_in_TDEST     |   in|    1|        axis|               AXI_video_strm_V_dest_V|       pointer|
|video_in_TKEEP     |   in|    3|        axis|               AXI_video_strm_V_keep_V|       pointer|
|video_in_TSTRB     |   in|    3|        axis|               AXI_video_strm_V_strb_V|       pointer|
|video_in_TUSER     |   in|    1|        axis|               AXI_video_strm_V_user_V|       pointer|
|video_in_TLAST     |   in|    1|        axis|               AXI_video_strm_V_last_V|       pointer|
|video_in_TID       |   in|    1|        axis|                 AXI_video_strm_V_id_V|       pointer|
|img_1_dout         |   in|   32|     ap_fifo|                                 img_1|       pointer|
|img_1_empty_n      |   in|    1|     ap_fifo|                                 img_1|       pointer|
|img_1_read         |  out|    1|     ap_fifo|                                 img_1|       pointer|
|img_2_dout         |   in|   32|     ap_fifo|                                 img_2|       pointer|
|img_2_empty_n      |   in|    1|     ap_fifo|                                 img_2|       pointer|
|img_2_read         |  out|    1|     ap_fifo|                                 img_2|       pointer|
|img_1_out_din      |  out|   32|     ap_fifo|                             img_1_out|       pointer|
|img_1_out_full_n   |   in|    1|     ap_fifo|                             img_1_out|       pointer|
|img_1_out_write    |  out|    1|     ap_fifo|                             img_1_out|       pointer|
|img_2_out_din      |  out|   32|     ap_fifo|                             img_2_out|       pointer|
|img_2_out_full_n   |   in|    1|     ap_fifo|                             img_2_out|       pointer|
|img_2_out_write    |  out|    1|     ap_fifo|                             img_2_out|       pointer|
+-------------------+-----+-----+------------+--------------------------------------+--------------+

