

================================================================
== Vitis HLS Report for 'xfMat2AXIvideo_8_0_270_480_1_s'
================================================================
* Date:           Mon Mar  9 12:24:02 2026

* Version:        2020.2 (Build 3064766 on Wed Nov 18 09:12:45 MST 2020)
* Project:        accel_downscale
* Solution:       solution1 (Vivado IP Flow Target)
* Product family: zynq
* Target device:  xc7z020-clg400-1


================================================================
== Performance Estimates
================================================================
+ Timing: 
    * Summary: 
    +--------+----------+----------+------------+
    |  Clock |  Target  | Estimated| Uncertainty|
    +--------+----------+----------+------------+
    |ap_clk  |  10.00 ns|  6.186 ns|     2.70 ns|
    +--------+----------+----------+------------+

+ Latency: 
    * Summary: 
    +---------+---------+-----------+----------+-----+--------+---------+
    |  Latency (cycles) |  Latency (absolute)  |   Interval   | Pipeline|
    |   min   |   max   |    min    |    max   | min |   max  |   Type  |
    +---------+---------+-----------+----------+-----+--------+---------+
    |        1|   130681|  10.000 ns|  1.307 ms|    1|  130681|     none|
    +---------+---------+-----------+----------+-----+--------+---------+

    + Detail: 
        * Instance: 
        N/A

        * Loop: 
        +---------------------+---------+---------+----------+-----------+-----------+---------+----------+
        |                     |  Latency (cycles) | Iteration|  Initiation Interval  |   Trip  |          |
        |      Loop Name      |   min   |   max   |  Latency |  achieved |   target  |  Count  | Pipelined|
        +---------------------+---------+---------+----------+-----------+-----------+---------+----------+
        |- loop_row_mat2axi   |        0|   130680|   2 ~ 484|          -|          -|  0 ~ 270|        no|
        | + loop_col_mat2axi  |        2|      481|         3|          1|          1|  1 ~ 480|       yes|
        +---------------------+---------+---------+----------+-----------+-----------+---------+----------+



================================================================
== Utilization Estimates
================================================================
* Summary: 
+-----------------+---------+-----+--------+-------+-----+
|       Name      | BRAM_18K| DSP |   FF   |  LUT  | URAM|
+-----------------+---------+-----+--------+-------+-----+
|DSP              |        -|    -|       -|      -|    -|
|Expression       |        -|    -|       0|    153|    -|
|FIFO             |        -|    -|       -|      -|    -|
|Instance         |        -|    -|       -|      -|    -|
|Memory           |        -|    -|       -|      -|    -|
|Multiplexer      |        -|    -|       -|    129|    -|
|Register         |        -|    -|     137|      -|    -|
+-----------------+---------+-----+--------+-------+-----+
|Total            |        0|    0|     137|    282|    0|
+-----------------+---------+-----+--------+-------+-----+
|Available        |      280|  220|  106400|  53200|    0|
+-----------------+---------+-----+--------+-------+-----+
|Utilization (%)  |        0|    0|      ~0|     ~0|    0|
+-----------------+---------+-----+--------+-------+-----+

+ Detail: 
    * Instance: 
    N/A

    * DSP: 
    N/A

    * Memory: 
    N/A

    * FIFO: 
    N/A

    * Expression: 
    +----------------------------------+----------+----+---+----+------------+------------+
    |           Variable Name          | Operation| DSP| FF| LUT| Bitwidth P0| Bitwidth P1|
    +----------------------------------+----------+----+---+----+------------+------------+
    |i_1_fu_183_p2                     |         +|   0|  0|  14|           9|           1|
    |j_1_fu_201_p2                     |         +|   0|  0|  14|           9|           1|
    |sub_i_fu_166_p2                   |         +|   0|  0|  39|          32|           2|
    |ap_block_state4_io                |       and|   0|  0|   2|           1|           1|
    |ap_block_state5_io                |       and|   0|  0|   2|           1|           1|
    |axi_last_V_fu_216_p2              |      icmp|   0|  0|  18|          32|          32|
    |cmp71_i_fu_172_p2                 |      icmp|   0|  0|  18|          32|           1|
    |icmp_ln195_fu_196_p2              |      icmp|   0|  0|  18|          32|          32|
    |icmp_ln197_fu_211_p2              |      icmp|   0|  0|  18|          32|          32|
    |ap_block_pp0_stage0_01001         |        or|   0|  0|   2|           1|           1|
    |ap_block_pp0_stage0_11001         |        or|   0|  0|   2|           1|           1|
    |ap_block_state1                   |        or|   0|  0|   2|           1|           1|
    |ap_block_state4_pp0_stage0_iter1  |        or|   0|  0|   2|           1|           1|
    |ap_enable_pp0                     |       xor|   0|  0|   2|           1|           2|
    +----------------------------------+----------+----+---+----+------------+------------+
    |Total                             |          |   0|  0| 153|         185|         109|
    +----------------------------------+----------+----+---+----+------------+------------+

    * Multiplexer: 
    +--------------------------------+----+-----------+-----+-----------+
    |              Name              | LUT| Input Size| Bits| Total Bits|
    +--------------------------------+----+-----------+-----+-----------+
    |ap_NS_fsm                       |  25|          5|    1|          5|
    |ap_done                         |   9|          2|    1|          2|
    |ap_enable_reg_pp0_iter1         |   9|          2|    1|          2|
    |ap_enable_reg_pp0_iter2         |  14|          3|    1|          3|
    |ap_phi_mux_sof_3_phi_fu_157_p4  |   9|          2|    1|          2|
    |i_reg_130                       |   9|          2|    9|         18|
    |img_1_blk_n                     |   9|          2|    1|          2|
    |img_2_blk_n                     |   9|          2|    1|          2|
    |img_out_434_blk_n               |   9|          2|    1|          2|
    |j_reg_141                       |   9|          2|    9|         18|
    |sof_3_reg_152                   |   9|          2|    1|          2|
    |video_out_TDATA_blk_n           |   9|          2|    1|          2|
    +--------------------------------+----+-----------+-----+-----------+
    |Total                           | 129|         28|   28|         60|
    +--------------------------------+----+-----------+-----+-----------+

    * Register: 
    +----------------------------------+----+----+-----+-----------+
    |               Name               | FF | LUT| Bits| Const Bits|
    +----------------------------------+----+----+-----+-----------+
    |ap_CS_fsm                         |   4|   0|    4|          0|
    |ap_done_reg                       |   1|   0|    1|          0|
    |ap_enable_reg_pp0_iter0           |   1|   0|    1|          0|
    |ap_enable_reg_pp0_iter1           |   1|   0|    1|          0|
    |ap_enable_reg_pp0_iter2           |   1|   0|    1|          0|
    |axi_last_V_reg_275                |   1|   0|    1|          0|
    |cmp71_i_reg_248                   |   1|   0|    1|          0|
    |cols_reg_238                      |  32|   0|   32|          0|
    |i_1_reg_252                       |   9|   0|    9|          0|
    |i_reg_130                         |   9|   0|    9|          0|
    |icmp_ln197_reg_271                |   1|   0|    1|          0|
    |icmp_ln197_reg_271_pp0_iter1_reg  |   1|   0|    1|          0|
    |j_reg_141                         |   9|   0|    9|          0|
    |rows_reg_233                      |  32|   0|   32|          0|
    |sof_3_reg_152                     |   1|   0|    1|          0|
    |sof_fu_78                         |   1|   0|    1|          0|
    |sub_i_reg_243                     |  32|   0|   32|          0|
    +----------------------------------+----+----+-----+-----------+
    |Total                             | 137|   0|  137|          0|
    +----------------------------------+----+----+-----+-----------+



================================================================
== Interface
================================================================
* Summary: 
+---------------------+-----+-----+------------+-----------------------------------+--------------+
|      RTL Ports      | Dir | Bits|  Protocol  |           Source Object           |    C Type    |
+---------------------+-----+-----+------------+-----------------------------------+--------------+
|ap_clk               |   in|    1|  ap_ctrl_hs|  xfMat2AXIvideo<8, 0, 270, 480, 1>|  return value|
|ap_rst               |   in|    1|  ap_ctrl_hs|  xfMat2AXIvideo<8, 0, 270, 480, 1>|  return value|
|ap_start             |   in|    1|  ap_ctrl_hs|  xfMat2AXIvideo<8, 0, 270, 480, 1>|  return value|
|ap_done              |  out|    1|  ap_ctrl_hs|  xfMat2AXIvideo<8, 0, 270, 480, 1>|  return value|
|ap_continue          |   in|    1|  ap_ctrl_hs|  xfMat2AXIvideo<8, 0, 270, 480, 1>|  return value|
|ap_idle              |  out|    1|  ap_ctrl_hs|  xfMat2AXIvideo<8, 0, 270, 480, 1>|  return value|
|ap_ready             |  out|    1|  ap_ctrl_hs|  xfMat2AXIvideo<8, 0, 270, 480, 1>|  return value|
|img_out_434_dout     |   in|    8|     ap_fifo|                        img_out_434|       pointer|
|img_out_434_empty_n  |   in|    1|     ap_fifo|                        img_out_434|       pointer|
|img_out_434_read     |  out|    1|     ap_fifo|                        img_out_434|       pointer|
|img_1_dout           |   in|   32|     ap_fifo|                              img_1|       pointer|
|img_1_empty_n        |   in|    1|     ap_fifo|                              img_1|       pointer|
|img_1_read           |  out|    1|     ap_fifo|                              img_1|       pointer|
|img_2_dout           |   in|   32|     ap_fifo|                              img_2|       pointer|
|img_2_empty_n        |   in|    1|     ap_fifo|                              img_2|       pointer|
|img_2_read           |  out|    1|     ap_fifo|                              img_2|       pointer|
|video_out_TDATA      |  out|    8|        axis|            AXI_video_strm_V_data_V|       pointer|
|video_out_TVALID     |  out|    1|        axis|            AXI_video_strm_V_dest_V|       pointer|
|video_out_TREADY     |   in|    1|        axis|            AXI_video_strm_V_dest_V|       pointer|
|video_out_TDEST      |  out|    1|        axis|            AXI_video_strm_V_dest_V|       pointer|
|video_out_TKEEP      |  out|    1|        axis|            AXI_video_strm_V_keep_V|       pointer|
|video_out_TSTRB      |  out|    1|        axis|            AXI_video_strm_V_strb_V|       pointer|
|video_out_TUSER      |  out|    1|        axis|            AXI_video_strm_V_user_V|       pointer|
|video_out_TLAST      |  out|    1|        axis|            AXI_video_strm_V_last_V|       pointer|
|video_out_TID        |  out|    1|        axis|              AXI_video_strm_V_id_V|       pointer|
+---------------------+-----+-----+------------+-----------------------------------+--------------+

