

================================================================
== Vitis HLS Report for 'xFResizeAreaDownScale_1080_1920_1_0_1_1_270_480_1920_480_s'
================================================================
* Date:           Mon Mar  9 12:23:54 2026

* Version:        2020.2 (Build 3064766 on Wed Nov 18 09:12:45 MST 2020)
* Project:        accel_downscale
* Solution:       solution1 (Vivado IP Flow Target)
* Product family: zynq
* Target device:  xc7z020-clg400-1


================================================================
== Performance Estimates
================================================================
+ Timing: 
    * Summary: 
    +--------+----------+----------+------------+
    |  Clock |  Target  | Estimated| Uncertainty|
    +--------+----------+----------+------------+
    |ap_clk  |  10.00 ns|  7.061 ns|     2.70 ns|
    +--------+----------+----------+------------+

+ Latency: 
    * Summary: 
    +---------+---------+----------+-----------+-----+---------+---------+
    |  Latency (cycles) |  Latency (absolute)  |    Interval   | Pipeline|
    |   min   |   max   |    min   |    max    | min |   max   |   Type  |
    +---------+---------+----------+-----------+-----+---------+---------+
    |      556|  2087114|  5.560 us|  20.871 ms|  556|  2087114|     none|
    +---------+---------+----------+-----------+-----+---------+---------+

    + Detail: 
        * Instance: 
        N/A

        * Loop: 
        +--------------------+---------+---------+----------+-----------+-----------+----------+----------+
        |                    |  Latency (cycles) | Iteration|  Initiation Interval  |   Trip   |          |
        |      Loop Name     |   min   |   max   |  Latency |  achieved |   target  |   Count  | Pipelined|
        +--------------------+---------+---------+----------+-----------+-----------+----------+----------+
        |- VITIS_LOOP_658_4  |      480|      480|         1|          1|          1|       480|       yes|
        |- LOOP_ROW          |        2|  2086560|  2 ~ 1932|          -|          -|  1 ~ 1080|        no|
        | + LOOP_COL         |       10|     1929|        11|          1|          1|  1 ~ 1920|       yes|
        +--------------------+---------+---------+----------+-----------+-----------+----------+----------+



================================================================
== Utilization Estimates
================================================================
* Summary: 
+-----------------+---------+-----+--------+-------+-----+
|       Name      | BRAM_18K| DSP |   FF   |  LUT  | URAM|
+-----------------+---------+-----+--------+-------+-----+
|DSP              |        -|    6|       -|      -|    -|
|Expression       |        -|    -|       0|   2213|    -|
|FIFO             |        -|    -|       -|      -|    -|
|Instance         |        -|    -|    1182|    714|    -|
|Memory           |        1|    -|       0|      0|    -|
|Multiplexer      |        -|    -|       -|    581|    -|
|Register         |        -|    -|    1668|    288|    -|
+-----------------+---------+-----+--------+-------+-----+
|Total            |        1|    6|    2850|   3796|    0|
+-----------------+---------+-----+--------+-------+-----+
|Available        |      280|  220|  106400|  53200|    0|
+-----------------+---------+-----+--------+-------+-----+
|Utilization (%)  |       ~0|    2|       2|      7|    0|
+-----------------+---------+-----+--------+-------+-----+

+ Detail: 
    * Instance: 
    +--------------------------------+----------------------------+---------+----+-----+-----+-----+
    |            Instance            |           Module           | BRAM_18K| DSP|  FF | LUT | URAM|
    +--------------------------------+----------------------------+---------+----+-----+-----+-----+
    |udiv_32ns_16ns_32_36_seq_1_U40  |udiv_32ns_16ns_32_36_seq_1  |        0|   0|  394|  238|    0|
    |udiv_32ns_16ns_32_36_seq_1_U41  |udiv_32ns_16ns_32_36_seq_1  |        0|   0|  394|  238|    0|
    |udiv_32ns_16ns_32_36_seq_1_U42  |udiv_32ns_16ns_32_36_seq_1  |        0|   0|  394|  238|    0|
    +--------------------------------+----------------------------+---------+----+-----+-----+-----+
    |Total                           |                            |        0|   0| 1182|  714|    0|
    +--------------------------------+----------------------------+---------+----+-----+-----+-----+

    * DSP: 
    +--------------------------------------+----------------------------------+--------------+
    |               Instance               |              Module              |  Expression  |
    +--------------------------------------+----------------------------------+--------------+
    |mac_muladd_16ns_16ns_17ns_32_4_1_U47  |mac_muladd_16ns_16ns_17ns_32_4_1  |  i0 * i1 + i2|
    |mac_muladd_16ns_17ns_17ns_32_4_1_U45  |mac_muladd_16ns_17ns_17ns_32_4_1  |  i0 * i1 + i2|
    |mac_muladd_17ns_8ns_9ns_24_4_1_U43    |mac_muladd_17ns_8ns_9ns_24_4_1    |  i0 * i1 + i2|
    |mul_mul_16ns_16ns_32_4_1_U48          |mul_mul_16ns_16ns_32_4_1          |       i0 * i1|
    |mul_mul_16ns_17ns_32_4_1_U46          |mul_mul_16ns_17ns_32_4_1          |       i0 * i1|
    |mul_mul_16ns_8ns_24_4_1_U44           |mul_mul_16ns_8ns_24_4_1           |       i0 * i1|
    +--------------------------------------+----------------------------------+--------------+

    * Memory: 
    +----------------------+-------------------------------------------------------------------------------+---------+---+----+-----+------+-----+------+-------------+
    |        Memory        |                                     Module                                    | BRAM_18K| FF| LUT| URAM| Words| Bits| Banks| W*Bits*Banks|
    +----------------------+-------------------------------------------------------------------------------+---------+---+----+-----+------+-----+------+-------------+
    |ouput_buffer_V_0_0_U  |xFResizeAreaDownScale_1080_1920_1_0_1_1_270_480_1920_480_s_ouput_buffer_V_0_0  |        1|  0|   0|    0|   480|   16|     1|         7680|
    +----------------------+-------------------------------------------------------------------------------+---------+---+----+-----+------+-----+------+-------------+
    |Total                 |                                                                               |        1|  0|   0|    0|   480|   16|     1|         7680|
    +----------------------+-------------------------------------------------------------------------------+---------+---+----+-----+------+-----+------+-------------+

    * FIFO: 
    N/A

    * Expression: 
    +-------------------------------------------------+----------+----+---+----+------------+------------+
    |                  Variable Name                  | Operation| DSP| FF| LUT| Bitwidth P0| Bitwidth P1|
    +-------------------------------------------------+----------+----+---+----+------------+------------+
    |Xindex_output_next_V_1_fu_545_p2                 |         +|   0|  0|  39|          32|          32|
    |Yindex_output_V_fu_1051_p2                       |         +|   0|  0|  39|          32|          32|
    |Yindex_output_prev_V_1_fu_1056_p2                |         +|   0|  0|  39|          32|          32|
    |add_ln208_1_fu_1438_p2                           |         +|   0|  0|  23|          16|          16|
    |add_ln208_2_fu_1532_p2                           |         +|   0|  0|  23|          16|          16|
    |add_ln208_3_fu_1538_p2                           |         +|   0|  0|  23|          16|          16|
    |add_ln208_fu_1432_p2                             |         +|   0|  0|  23|          16|          16|
    |add_ln691_fu_533_p2                              |         +|   0|  0|  39|          32|          32|
    |dim3_V_1_fu_299_p2                               |         +|   0|  0|  14|           9|           1|
    |ouput_index_write_counter_V_1_fu_939_p2          |         +|   0|  0|  23|          16|           1|
    |out_col_index_1_fu_1253_p2                       |         +|   0|  0|  39|          32|           1|
    |output_buffer_index_next_V_2_fu_666_p2           |         +|   0|  0|  23|          16|           2|
    |output_buffer_index_next_V_fu_510_p2             |         +|   0|  0|  23|          16|           1|
    |output_buffer_index_start_V_2_fu_623_p2          |         +|   0|  0|  23|          16|           2|
    |ret_1_fu_698_p2                                  |         +|   0|  0|  32|          32|           8|
    |ret_2_fu_725_p2                                  |         +|   0|  0|  39|          32|           8|
    |ret_4_fu_756_p2                                  |         +|   0|  0|  24|          17|           2|
    |ret_6_fu_795_p2                                  |         +|   0|  0|  24|          17|           1|
    |row_index_V_1_fu_487_p2                          |         +|   0|  0|  23|          16|           1|
    |sub158_i_fu_436_p2                               |         +|   0|  0|  24|          17|           2|
    |sub162_i_fu_431_p2                               |         +|   0|  0|  24|          17|           2|
    |sum_rounding_V_fu_1627_p2                        |         +|   0|  0|  23|          16|           8|
    |temp_sum_V_fu_1587_p2                            |         +|   0|  0|  23|          16|          16|
    |write_col_index_V_1_fu_1332_p2                   |         +|   0|  0|  23|          16|           1|
    |Yindex_output_precision_error_V_fu_1113_p2       |         -|   0|  0|  25|          18|          17|
    |Yindex_output_prev_precision_error_V_fu_1007_p2  |         -|   0|  0|  25|          18|          17|
    |overlap_next_pixel_V_fu_790_p2                   |         -|   0|  0|  39|          32|          32|
    |ret_11_fu_1092_p2                                |         -|   0|  0|  40|          33|          33|
    |ret_3_fu_750_p2                                  |         -|   0|  0|  24|          17|          17|
    |ret_5_fu_771_p2                                  |         -|   0|  0|  40|          33|          33|
    |ret_fu_694_p2                                    |         -|   0|  0|  32|          32|          32|
    |sub_ln213_fu_1168_p2                             |         -|   0|  0|  24|          17|          17|
    |sub_value_V_1_fu_580_p2                          |         -|   0|  0|  23|          16|          16|
    |sub_value_V_fu_561_p2                            |         -|   0|  0|  23|          16|          16|
    |DDR_wr_en_tmp_fu_1150_p2                         |       and|   0|  0|   2|           1|           1|
    |Yaxis_overlap_en_1_fu_1231_p2                    |       and|   0|  0|   2|           1|           1|
    |and_ln166_fu_871_p2                              |       and|   0|  0|   2|           1|           1|
    |and_ln201_fu_1145_p2                             |       and|   0|  0|   2|           1|           1|
    |and_ln218_1_fu_905_p2                            |       and|   0|  0|   2|           1|           1|
    |and_ln218_fu_900_p2                              |       and|   0|  0|   2|           1|           1|
    |and_ln488_1_fu_1560_p2                           |       and|   0|  0|   2|           1|           1|
    |and_ln488_fu_1460_p2                             |       and|   0|  0|   2|           1|           1|
    |and_ln72_1_fu_633_p2                             |       and|   0|  0|   2|           1|           1|
    |and_ln72_fu_628_p2                               |       and|   0|  0|   2|           1|           1|
    |and_ln870_1_fu_837_p2                            |       and|   0|  0|   2|           1|           1|
    |and_ln870_fu_832_p2                              |       and|   0|  0|   2|           1|           1|
    |and_ln878_fu_1227_p2                             |       and|   0|  0|   2|           1|           1|
    |and_ln89_1_fu_681_p2                             |       and|   0|  0|   2|           1|           1|
    |and_ln89_fu_676_p2                               |       and|   0|  0|   2|           1|           1|
    |ap_block_pp1                                     |       and|   0|  0|   2|           1|           1|
    |ap_block_state86_pp1_stage0_iter10               |       and|   0|  0|   2|           1|           1|
    |ap_enable_state84_pp1_iter8_stage0               |       and|   0|  0|   2|           1|           1|
    |ap_enable_state85_pp1_iter9_stage0               |       and|   0|  0|   2|           1|           1|
    |ap_enable_state86_pp1_iter10_stage0              |       and|   0|  0|   2|           1|           1|
    |ap_predicate_op517_store_state86                 |       and|   0|  0|   2|           1|           1|
    |ap_predicate_op522_write_state86                 |       and|   0|  0|   2|           1|           1|
    |empty_fu_465_p2                                  |       and|   0|  0|  17|          17|          17|
    |t2_fu_842_p2                                     |       and|   0|  0|   2|           1|           1|
    |bit_select_i_i90_i_fu_425_p2                     |      icmp|   0|  0|  13|          17|           1|
    |cmp10531_fu_460_p2                               |      icmp|   0|  0|  13|          16|           1|
    |cmp108_fu_527_p2                                 |      icmp|   0|  0|  13|          16|           1|
    |cmp_i_i109_i_fu_502_p2                           |      icmp|   0|  0|  13|          17|          17|
    |cmp_i_i937_i_fu_389_p2                           |      icmp|   0|  0|  18|          32|          17|
    |empty_49_fu_471_p2                               |      icmp|   0|  0|  13|          17|           1|
    |icmp_ln204_fu_801_p2                             |      icmp|   0|  0|  13|          17|          17|
    |icmp_ln218_1_fu_806_p2                           |      icmp|   0|  0|  13|          17|          17|
    |icmp_ln218_fu_895_p2                             |      icmp|   0|  0|  13|          16|          16|
    |icmp_ln237_fu_910_p2                             |      icmp|   0|  0|  13|          16|          16|
    |icmp_ln576_fu_1033_p2                            |      icmp|   0|  0|  13|          16|          16|
    |icmp_ln686_fu_493_p2                             |      icmp|   0|  0|  13|          16|          16|
    |icmp_ln692_fu_516_p2                             |      icmp|   0|  0|  13|          16|          16|
    |icmp_ln809_fu_1245_p2                            |      icmp|   0|  0|  18|          32|          32|
    |icmp_ln870_10_fu_861_p2                          |      icmp|   0|  0|  13|          17|          17|
    |icmp_ln870_11_fu_811_p2                          |      icmp|   0|  0|  13|          16|          16|
    |icmp_ln870_9_fu_762_p2                           |      icmp|   0|  0|  13|          17|          17|
    |icmp_ln870_fu_819_p2                             |      icmp|   0|  0|  13|          17|           1|
    |icmp_ln874_1_fu_1526_p2                          |      icmp|   0|  0|   8|           2|           1|
    |icmp_ln874_fu_1426_p2                            |      icmp|   0|  0|   8|           2|           1|
    |icmp_ln878_1_fu_614_p2                           |      icmp|   0|  0|  13|          16|          16|
    |icmp_ln878_2_fu_585_p2                           |      icmp|   0|  0|  13|          16|          16|
    |icmp_ln878_3_fu_827_p2                           |      icmp|   0|  0|  18|          32|          32|
    |icmp_ln878_4_fu_1083_p2                          |      icmp|   0|  0|  18|          32|          32|
    |icmp_ln878_fu_305_p2                             |      icmp|   0|  0|  11|           9|           7|
    |icmp_ln886_1_fu_661_p2                           |      icmp|   0|  0|  13|          16|           7|
    |icmp_ln886_2_fu_776_p2                           |      icmp|   0|  0|  18|          33|           7|
    |icmp_ln886_3_fu_866_p2                           |      icmp|   0|  0|  18|          32|           7|
    |icmp_ln886_4_fu_1039_p2                          |      icmp|   0|  0|  13|          17|           7|
    |icmp_ln886_5_fu_1222_p2                          |      icmp|   0|  0|  18|          33|           7|
    |icmp_ln886_fu_618_p2                             |      icmp|   0|  0|  13|          16|           7|
    |icmp_ln890_1_fu_884_p2                           |      icmp|   0|  0|  13|          16|          16|
    |icmp_ln890_fu_1119_p2                            |      icmp|   0|  0|  13|          17|           7|
    |t1_fu_740_p2                                     |      icmp|   0|  0|  13|          16|          16|
    |DDR_wr_en_1_fu_1156_p2                           |        or|   0|  0|   2|           1|           1|
    |ap_block_pp1_stage0_01001                        |        or|   0|  0|   2|           1|           1|
    |or_ln138_1_fu_853_p2                             |        or|   0|  0|   2|           1|           1|
    |or_ln138_fu_848_p2                               |        or|   0|  0|   2|           1|           1|
    |or_ln201_1_fu_1134_p2                            |        or|   0|  0|   2|           1|           1|
    |or_ln201_2_fu_1139_p2                            |        or|   0|  0|   2|           1|           1|
    |or_ln201_fu_1129_p2                              |        or|   0|  0|   2|           1|           1|
    |or_ln204_fu_1125_p2                              |        or|   0|  0|   2|           1|           1|
    |or_ln237_fu_914_p2                               |        or|   0|  0|   2|           1|           1|
    |or_ln489_fu_1319_p2                              |        or|   0|  0|   2|           1|           1|
    |DDR_write0_temp_V_1_fu_1580_p3                   |    select|   0|  0|  16|           1|          16|
    |DDR_write0_temp_V_fu_1465_p3                     |    select|   0|  0|  16|           1|           1|
    |DDR_write1_temp_V_fu_1564_p3                     |    select|   0|  0|  16|           1|           1|
    |Wx_for_Nplus1_Procblock_fu_877_p3                |    select|   0|  0|  16|           1|          16|
    |Wy0_fu_1174_p3                                   |    select|   0|  0|  17|           1|          17|
    |Wy1_fu_1181_p3                                   |    select|   0|  0|  16|           1|          16|
    |Yindex_output_V_4_fu_1061_p3                     |    select|   0|  0|  32|           1|          32|
    |Yindex_output_prev_V_2_fu_1068_p3                |    select|   0|  0|  32|           1|          32|
    |buffer_data_temp_fu_1600_p3                      |    select|   0|  0|  16|           1|          16|
    |data_mux_out_V_2_fu_1402_p3                      |    select|   0|  0|  16|           1|          16|
    |data_mux_out_V_3_fu_1502_p3                      |    select|   0|  0|  16|           1|          16|
    |data_mux_out_overlap_V_2_fu_1407_p3              |    select|   0|  0|  16|           1|          16|
    |data_mux_out_overlap_V_3_fu_1507_p3              |    select|   0|  0|  16|           1|          16|
    |data_mux_out_status_V_2_fu_1395_p3               |    select|   0|  0|   2|           1|           2|
    |data_mux_out_status_V_5_fu_1495_p3               |    select|   0|  0|   2|           1|           2|
    |data_previous_V_4_fu_1412_p3                     |    select|   0|  0|  16|           1|           1|
    |data_previous_V_5_fu_1512_p3                     |    select|   0|  0|  16|           1|           1|
    |data_previous_overlap_V_4_fu_1419_p3             |    select|   0|  0|  16|           1|           1|
    |data_previous_overlap_V_5_fu_1519_p3             |    select|   0|  0|  16|           1|           1|
    |in_data_V_fu_964_p3                              |    select|   0|  0|   8|           1|           8|
    |int_bits_Xindex_out_previous_V_2_fu_714_p3       |    select|   0|  0|  16|           1|           1|
    |ouput_index_write_counter_V_2_fu_953_p3          |    select|   0|  0|  16|           1|           1|
    |output_buffer_index_next_V_3_fu_671_p3           |    select|   0|  0|  16|           1|          16|
    |output_buffer_index_next_V_5_fu_686_p3           |    select|   0|  0|  16|           1|          16|
    |output_buffer_index_start_V_3_fu_639_p3          |    select|   0|  0|  16|           1|          16|
    |output_buffer_index_start_V_6_fu_646_p3          |    select|   0|  0|  16|           1|          16|
    |p_Val2_5_fu_538_p3                               |    select|   0|  0|  32|           1|          32|
    |p_Val2_s_fu_550_p3                               |    select|   0|  0|  32|           1|          32|
    |select_ln237_fu_931_p3                           |    select|   0|  0|  17|           1|          17|
    |select_ln239_fu_922_p3                           |    select|   0|  0|  16|           1|          16|
    |select_ln530_fu_1593_p3                          |    select|   0|  0|  16|           1|          16|
    |select_ln752_fu_945_p3                           |    select|   0|  0|  16|           1|          16|
    |select_ln811_fu_1259_p3                          |    select|   0|  0|  32|           1|           1|
    |select_ln819_fu_1338_p3                          |    select|   0|  0|  16|           1|          16|
    |update_1_fu_1552_p3                              |    select|   0|  0|  16|           1|          16|
    |update_fu_1452_p3                                |    select|   0|  0|  16|           1|          16|
    |update_overlap_2_fu_1544_p3                      |    select|   0|  0|  16|           1|          16|
    |update_overlap_4_fu_1473_p3                      |    select|   0|  0|  16|           1|           1|
    |update_overlap_5_fu_1572_p3                      |    select|   0|  0|  16|           1|           1|
    |update_overlap_fu_1444_p3                        |    select|   0|  0|  16|           1|          16|
    |write_col_index_V_2_fu_1345_p3                   |    select|   0|  0|  16|           1|           1|
    |ap_enable_pp1                                    |       xor|   0|  0|   2|           1|           2|
    |ap_enable_reg_pp1_iter1                          |       xor|   0|  0|   2|           2|           1|
    |cmp72_i_fu_1369_p2                               |       xor|   0|  0|   2|           1|           2|
    |out_buffer_wr_en_fu_1278_p2                      |       xor|   0|  0|   2|           2|           1|
    |rev_fu_454_p2                                    |       xor|   0|  0|   2|           1|           2|
    |sel_tmp_fu_477_p2                                |       xor|   0|  0|   2|           1|           2|
    |xor_ln870_fu_1374_p2                             |       xor|   0|  0|   2|           1|           2|
    |xor_ln890_fu_889_p2                              |       xor|   0|  0|   2|           1|           2|
    +-------------------------------------------------+----------+----+---+----+------------+------------+
    |Total                                            |          |   0|  0|2213|        1459|        1470|
    +-------------------------------------------------+----------+----+---+----+------------+------------+

    * Multiplexer: 
    +--------------------------------------------------------+-----+-----------+-----+-----------+
    |                          Name                          | LUT | Input Size| Bits| Total Bits|
    +--------------------------------------------------------+-----+-----------+-----+-----------+
    |Yaxis_overlap_en_fu_156                                 |    9|          2|    1|          2|
    |Yindex_output_V_1_fu_136                                |    9|          2|   32|         64|
    |Yindex_output_prev_V_fu_140                             |    9|          2|   32|         64|
    |ap_NS_fsm                                               |  385|         78|    1|         78|
    |ap_enable_reg_pp1_iter1                                 |    9|          2|    1|          2|
    |ap_enable_reg_pp1_iter10                                |    9|          2|    1|          2|
    |ap_phi_mux_output_buffer_index_start_V_5_phi_fu_267_p4  |    9|          2|   16|         32|
    |data_previous_V_2_fu_168                                |    9|          2|   16|         32|
    |data_previous_V_fu_164                                  |    9|          2|   16|         32|
    |data_previous_overlap_V_2_fu_176                        |    9|          2|   16|         32|
    |data_previous_overlap_V_fu_172                          |    9|          2|   16|         32|
    |dim3_V_reg_241                                          |    9|          2|    9|         18|
    |img_gray_433_blk_n                                      |    9|          2|    1|          2|
    |img_out_434_blk_n                                       |    9|          2|    1|          2|
    |ouput_buffer_V_0_0_address0                             |   14|          3|    9|         27|
    |ouput_buffer_V_0_0_d0                                   |   20|          4|   16|         64|
    |ouput_index_write_counter_V_fu_148                      |    9|          2|   16|         32|
    |out_col_index_fu_152                                    |    9|          2|   32|         64|
    |output_buffer_index_start_V_5_reg_263                   |    9|          2|   16|         32|
    |row_index_V_reg_252                                     |    9|          2|   16|         32|
    |write_col_index_V_fu_144                                |    9|          2|   16|         32|
    +--------------------------------------------------------+-----+-----------+-----+-----------+
    |Total                                                   |  581|        121|  280|        677|
    +--------------------------------------------------------+-----+-----------+-----+-----------+

    * Register: 
    +--------------------------------------------------+----+----+-----+-----------+
    |                       Name                       | FF | LUT| Bits| Const Bits|
    +--------------------------------------------------+----+----+-----+-----------+
    |DDR_wr_en_1_reg_2153                              |   1|   0|    1|          0|
    |Xindex_output_next_V_fu_132                       |  32|   0|   32|          0|
    |Yaxis_overlap_en_fu_156                           |   1|   0|    1|          0|
    |Yaxis_overlap_en_load_reg_2148                    |   1|   0|    1|          0|
    |Yindex_output_V_1_fu_136                          |  32|   0|   32|          0|
    |Yindex_output_prev_V_fu_140                       |  32|   0|   32|          0|
    |and_ln218_1_reg_2096                              |   1|   0|    1|          0|
    |ap_CS_fsm                                         |  77|   0|   77|          0|
    |ap_enable_reg_pp1_iter0                           |   1|   0|    1|          0|
    |ap_enable_reg_pp1_iter1                           |   1|   0|    1|          0|
    |ap_enable_reg_pp1_iter10                          |   1|   0|    1|          0|
    |ap_enable_reg_pp1_iter2                           |   1|   0|    1|          0|
    |ap_enable_reg_pp1_iter3                           |   1|   0|    1|          0|
    |ap_enable_reg_pp1_iter4                           |   1|   0|    1|          0|
    |ap_enable_reg_pp1_iter5                           |   1|   0|    1|          0|
    |ap_enable_reg_pp1_iter6                           |   1|   0|    1|          0|
    |ap_enable_reg_pp1_iter7                           |   1|   0|    1|          0|
    |ap_enable_reg_pp1_iter8                           |   1|   0|    1|          0|
    |ap_enable_reg_pp1_iter9                           |   1|   0|    1|          0|
    |bit_select_i_i90_i_reg_1892                       |   1|   0|    1|          0|
    |buffer_data_temp_reg_2236                         |  16|   0|   16|          0|
    |cmp10531_reg_1918                                 |   1|   0|    1|          0|
    |cmp108_reg_1966                                   |   1|   0|    1|          0|
    |cmp_i_i109_i_reg_1942                             |   1|   0|    1|          0|
    |cmp_i_i937_i_reg_1860                             |   1|   0|    1|          0|
    |data_mux_out_V_1_reg_2200                         |  16|   0|   16|          0|
    |data_mux_out_overlap_V_1_reg_2212                 |  16|   0|   16|          0|
    |data_previous_V_2_fu_168                          |  16|   0|   16|          0|
    |data_previous_V_fu_164                            |  16|   0|   16|          0|
    |data_previous_overlap_V_2_fu_176                  |  16|   0|   16|          0|
    |data_previous_overlap_V_fu_172                    |  16|   0|   16|          0|
    |dim3_V_reg_241                                    |   9|   0|    9|          0|
    |empty_49_reg_1922                                 |   1|   0|    1|          0|
    |icmp_ln204_reg_2071                               |   1|   0|    1|          0|
    |icmp_ln218_1_reg_2081                             |   1|   0|    1|          0|
    |icmp_ln576_reg_2128                               |   1|   0|    1|          0|
    |icmp_ln692_reg_1962                               |   1|   0|    1|          0|
    |icmp_ln809_reg_2182                               |   1|   0|    1|          0|
    |icmp_ln870_11_reg_2086                            |   1|   0|    1|          0|
    |icmp_ln870_9_reg_2051                             |   1|   0|    1|          0|
    |icmp_ln878_2_reg_2010                             |   1|   0|    1|          0|
    |icmp_ln878_4_reg_2138                             |   1|   0|    1|          0|
    |icmp_ln886_2_reg_2056                             |   1|   0|    1|          0|
    |icmp_ln886_4_reg_2133                             |   1|   0|    1|          0|
    |index_fract_value_V_reg_1982                      |  16|   0|   16|          0|
    |index_fract_value_V_reg_1982_pp1_iter1_reg        |  16|   0|   16|          0|
    |lhs_V_6_reg_1908                                  |  32|   0|   33|          1|
    |or_ln489_reg_2218                                 |   1|   0|    1|          0|
    |ouput_buffer_V_0_0_addr_1_reg_2224                |   9|   0|    9|          0|
    |ouput_buffer_V_0_0_addr_1_reg_2224_pp1_iter9_reg  |   9|   0|    9|          0|
    |ouput_index_write_counter_V_fu_148                |  16|   0|   16|          0|
    |out_col_index_fu_152                              |  32|   0|   32|          0|
    |out_div_3_reg_1737                                |  32|   0|   32|          0|
    |out_div_4_reg_1869                                |  32|   0|   32|          0|
    |out_index_val_V_reg_2021                          |   1|   0|    1|          0|
    |output_buffer_index_next_V_1_reg_2015             |  16|   0|   16|          0|
    |output_buffer_index_next_V_5_reg_2034             |  16|   0|   16|          0|
    |output_buffer_index_next_V_reg_1956               |  16|   0|   16|          0|
    |output_buffer_index_start_V_5_reg_263             |  16|   0|   16|          0|
    |output_buffer_index_start_V_reg_1998              |  16|   0|   16|          0|
    |overlap_next_pixel_V_reg_2061                     |  32|   0|   32|          0|
    |p_Result_4_reg_2186                               |   1|   0|    1|          0|
    |p_Result_s_reg_2122                               |  16|   0|   16|          0|
    |p_Val2_1_fu_160                                   |  32|   0|   32|          0|
    |p_Val2_5_reg_1975                                 |  32|   0|   32|          0|
    |procBlock_out_V_2_reg_2206                        |  16|   0|   16|          0|
    |procBlock_out_V_reg_2194                          |  16|   0|   16|          0|
    |ret_11_reg_2143                                   |  33|   0|   33|          0|
    |ret_3_reg_2046                                    |  17|   0|   17|          0|
    |ret_6_reg_2066                                    |  17|   0|   17|          0|
    |rev_reg_1913                                      |   1|   0|    1|          0|
    |rhs_4_reg_1887                                    |  32|   0|   33|          1|
    |row_index_V_1_reg_1933                            |  16|   0|   16|          0|
    |row_index_V_reg_252                               |  16|   0|   16|          0|
    |sel_tmp_reg_1927                                  |   1|   0|    1|          0|
    |shl_ln213_reg_1882                                |  31|   0|   32|          1|
    |sub158_i_reg_1903                                 |  17|   0|   17|          0|
    |sub162_i_reg_1897                                 |  17|   0|   17|          0|
    |sub_value_V_1_reg_2005                            |  16|   0|   16|          0|
    |sub_value_V_reg_1992                              |  16|   0|   16|          0|
    |sub_value_V_reg_1992_pp1_iter1_reg                |  16|   0|   16|          0|
    |t1_reg_2041                                       |   1|   0|    1|          0|
    |temp_sum_V_reg_2230                               |  16|   0|   16|          0|
    |trunc_ln213_reg_1877                              |  17|   0|   17|          0|
    |weight_value_V_reg_1947                           |  16|   0|   16|          0|
    |write_col_index_V_fu_144                          |  16|   0|   16|          0|
    |xor_ln890_reg_2091                                |   1|   0|    1|          0|
    |zext_ln29_1_reg_1731                              |  16|   0|   32|         16|
    |zext_ln29_2_reg_1726                              |  16|   0|   17|          1|
    |DDR_wr_en_1_reg_2153                              |  64|  32|    1|          0|
    |Yaxis_overlap_en_load_reg_2148                    |  64|  32|    1|          0|
    |and_ln218_1_reg_2096                              |  64|  32|    1|          0|
    |cmp108_reg_1966                                   |  64|  32|    1|          0|
    |icmp_ln204_reg_2071                               |  64|  32|    1|          0|
    |icmp_ln692_reg_1962                               |  64|  32|    1|          0|
    |icmp_ln809_reg_2182                               |  64|  32|    1|          0|
    |out_index_val_V_reg_2021                          |  64|  32|    1|          0|
    |xor_ln890_reg_2091                                |  64|  32|    1|          0|
    +--------------------------------------------------+----+----+-----+-----------+
    |Total                                             |1668| 288| 1121|         20|
    +--------------------------------------------------+----+----+-----+-----------+



================================================================
== Interface
================================================================
* Summary: 
+----------------------+-----+-----+------------+--------------------------------------------------------------------+--------------+
|       RTL Ports      | Dir | Bits|  Protocol  |                            Source Object                           |    C Type    |
+----------------------+-----+-----+------------+--------------------------------------------------------------------+--------------+
|ap_clk                |   in|    1|  ap_ctrl_hs|  xFResizeAreaDownScale<1080, 1920, 1, 0, 1, 1, 270, 480, 1920, 480>|  return value|
|ap_rst                |   in|    1|  ap_ctrl_hs|  xFResizeAreaDownScale<1080, 1920, 1, 0, 1, 1, 270, 480, 1920, 480>|  return value|
|ap_start              |   in|    1|  ap_ctrl_hs|  xFResizeAreaDownScale<1080, 1920, 1, 0, 1, 1, 270, 480, 1920, 480>|  return value|
|ap_done               |  out|    1|  ap_ctrl_hs|  xFResizeAreaDownScale<1080, 1920, 1, 0, 1, 1, 270, 480, 1920, 480>|  return value|
|ap_idle               |  out|    1|  ap_ctrl_hs|  xFResizeAreaDownScale<1080, 1920, 1, 0, 1, 1, 270, 480, 1920, 480>|  return value|
|ap_ready              |  out|    1|  ap_ctrl_hs|  xFResizeAreaDownScale<1080, 1920, 1, 0, 1, 1, 270, 480, 1920, 480>|  return value|
|img_gray_433_dout     |   in|    8|     ap_fifo|                                                        img_gray_433|       pointer|
|img_gray_433_empty_n  |   in|    1|     ap_fifo|                                                        img_gray_433|       pointer|
|img_gray_433_read     |  out|    1|     ap_fifo|                                                        img_gray_433|       pointer|
|img_out_434_din       |  out|    8|     ap_fifo|                                                         img_out_434|       pointer|
|img_out_434_full_n    |   in|    1|     ap_fifo|                                                         img_out_434|       pointer|
|img_out_434_write     |  out|    1|     ap_fifo|                                                         img_out_434|       pointer|
|p_read                |   in|   16|     ap_none|                                                              p_read|        scalar|
|p_read1               |   in|   16|     ap_none|                                                             p_read1|        scalar|
|p_read2               |   in|   16|     ap_none|                                                             p_read2|        scalar|
|p_read3               |   in|   16|     ap_none|                                                             p_read3|        scalar|
+----------------------+-----+-----+------------+--------------------------------------------------------------------+--------------+

