

================================================================
== Vitis HLS Report for 'xFUDivAreaUp'
================================================================
* Date:           Mon Mar  9 12:23:56 2026

* Version:        2020.2 (Build 3064766 on Wed Nov 18 09:12:45 MST 2020)
* Project:        accel_downscale
* Solution:       solution1 (Vivado IP Flow Target)
* Product family: zynq
* Target device:  xc7z020-clg400-1


================================================================
== Performance Estimates
================================================================
+ Timing: 
    * Summary: 
    +--------+----------+----------+------------+
    |  Clock |  Target  | Estimated| Uncertainty|
    +--------+----------+----------+------------+
    |ap_clk  |  10.00 ns|  4.552 ns|     2.70 ns|
    +--------+----------+----------+------------+

+ Latency: 
    * Summary: 
    +---------+---------+----------+----------+-----+-----+---------+
    |  Latency (cycles) |  Latency (absolute) |  Interval | Pipeline|
    |   min   |   max   |    min   |    max   | min | max |   Type  |
    +---------+---------+----------+----------+-----+-----+---------+
    |       52|       52|  0.520 us|  0.520 us|   52|   52|     none|
    +---------+---------+----------+----------+-----+-----+---------+

    + Detail: 
        * Instance: 
        N/A

        * Loop: 
        N/A



================================================================
== Utilization Estimates
================================================================
* Summary: 
+-----------------+---------+-----+--------+-------+-----+
|       Name      | BRAM_18K| DSP |   FF   |  LUT  | URAM|
+-----------------+---------+-----+--------+-------+-----+
|DSP              |        -|    -|       -|      -|    -|
|Expression       |        -|    -|       -|      -|    -|
|FIFO             |        -|    -|       -|      -|    -|
|Instance         |        -|    -|     586|    353|    -|
|Memory           |        -|    -|       -|      -|    -|
|Multiplexer      |        -|    -|       -|    238|    -|
|Register         |        -|    -|     100|      -|    -|
+-----------------+---------+-----+--------+-------+-----+
|Total            |        0|    0|     686|    591|    0|
+-----------------+---------+-----+--------+-------+-----+
|Available        |      280|  220|  106400|  53200|    0|
+-----------------+---------+-----+--------+-------+-----+
|Utilization (%)  |        0|    0|      ~0|      1|    0|
+-----------------+---------+-----+--------+-------+-----+

+ Detail: 
    * Instance: 
    +--------------------------------+----------------------------+---------+----+-----+-----+-----+
    |            Instance            |           Module           | BRAM_18K| DSP|  FF | LUT | URAM|
    +--------------------------------+----------------------------+---------+----+-----+-----+-----+
    |udiv_48ns_16ns_48_52_seq_1_U63  |udiv_48ns_16ns_48_52_seq_1  |        0|   0|  586|  353|    0|
    +--------------------------------+----------------------------+---------+----+-----+-----+-----+
    |Total                           |                            |        0|   0|  586|  353|    0|
    +--------------------------------+----------------------------+---------+----+-----+-----+-----+

    * DSP: 
    N/A

    * Memory: 
    N/A

    * FIFO: 
    N/A

    * Expression: 
    N/A

    * Multiplexer: 
    +-----------+-----+-----------+-----+-----------+
    |    Name   | LUT | Input Size| Bits| Total Bits|
    +-----------+-----+-----------+-----+-----------+
    |ap_NS_fsm  |  229|         53|    1|         53|
    |ap_return  |    9|          2|   48|         96|
    +-----------+-----+-----------+-----+-----------+
    |Total      |  238|         55|   49|        149|
    +-----------+-----+-----------+-----+-----------+

    * Register: 
    +----------------+----+----+-----+-----------+
    |      Name      | FF | LUT| Bits| Const Bits|
    +----------------+----+----+-----+-----------+
    |ap_CS_fsm       |  52|   0|   52|          0|
    |ap_return_preg  |  48|   0|   64|         16|
    +----------------+----+----+-----+-----------+
    |Total           | 100|   0|  116|         16|
    +----------------+----+----+-----+-----------+



================================================================
== Interface
================================================================
* Summary: 
+-----------+-----+-----+------------+--------------+--------------+
| RTL Ports | Dir | Bits|  Protocol  | Source Object|    C Type    |
+-----------+-----+-----+------------+--------------+--------------+
|ap_clk     |   in|    1|  ap_ctrl_hs|  xFUDivAreaUp|  return value|
|ap_rst     |   in|    1|  ap_ctrl_hs|  xFUDivAreaUp|  return value|
|ap_start   |   in|    1|  ap_ctrl_hs|  xFUDivAreaUp|  return value|
|ap_done    |  out|    1|  ap_ctrl_hs|  xFUDivAreaUp|  return value|
|ap_idle    |  out|    1|  ap_ctrl_hs|  xFUDivAreaUp|  return value|
|ap_ready   |  out|    1|  ap_ctrl_hs|  xFUDivAreaUp|  return value|
|ap_return  |  out|   64|  ap_ctrl_hs|  xFUDivAreaUp|  return value|
|in_n       |   in|   64|     ap_none|          in_n|        scalar|
|in_d       |   in|   16|     ap_none|          in_d|        scalar|
+-----------+-----+-----+------------+--------------+--------------+

