

================================================================
== Vitis HLS Report for 'AXIvideo2xfMat_24_9_1080_1920_1_s'
================================================================
* Date:           Mon Mar  9 12:23:37 2026

* Version:        2020.2 (Build 3064766 on Wed Nov 18 09:12:45 MST 2020)
* Project:        accel_downscale
* Solution:       solution1 (Vivado IP Flow Target)
* Product family: zynq
* Target device:  xc7z020-clg400-1


================================================================
== Performance Estimates
================================================================
+ Timing: 
    * Summary: 
    +--------+----------+----------+------------+
    |  Clock |  Target  | Estimated| Uncertainty|
    +--------+----------+----------+------------+
    |ap_clk  |  10.00 ns|  7.268 ns|     2.70 ns|
    +--------+----------+----------+------------+

+ Latency: 
    * Summary: 
    +---------+---------+-----------+-----------+-----+---------+---------+
    |  Latency (cycles) |   Latency (absolute)  |    Interval   | Pipeline|
    |   min   |   max   |    min    |    max    | min |   max   |   Type  |
    +---------+---------+-----------+-----------+-----+---------+---------+
    |        3|  2080084|  30.000 ns|  20.801 ms|    3|  2080084|     none|
    +---------+---------+-----------+-----------+-----+---------+---------+

    + Detail: 
        * Instance: 
        N/A

        * Loop: 
        +---------------------+---------+---------+----------+-----------+-----------+----------+----------+
        |                     |  Latency (cycles) | Iteration|  Initiation Interval  |   Trip   |          |
        |      Loop Name      |   min   |   max   |  Latency |  achieved |   target  |   Count  | Pipelined|
        +---------------------+---------+---------+----------+-----------+-----------+----------+----------+
        |- loop_start_hunt    |        0|        1|         1|          1|          1|     0 ~ 1|       yes|
        |- loop_row_axi2mat   |        0|  2080080|  4 ~ 1926|          -|          -|  0 ~ 1080|        no|
        | + loop_col_zxi2mat  |        1|     1920|         2|          1|          1|  1 ~ 1920|       yes|
        | + loop_last_hunt    |        0|        1|         1|          1|          1|     0 ~ 1|       yes|
        +---------------------+---------+---------+----------+-----------+-----------+----------+----------+

============================================================
+ Verbose Summary: Synthesis Manager
============================================================
InlineROM: 1
ExposeGlobal: 0
============================================================
+ Verbose Summary: CDFG Model
============================================================
IsTopModel: 0
ResetActiveHigh: 1
IsCombinational: 2
IsDatapathOnly: 0
HasWiredReturn: 1
HasMFsm: 0
HasVarLatency: 1
IsPipeline: 0
IsRtlPipelined: 0
IsInstanceOverlapped: 0
IsDontTouch: 0
HasImplIP: 0
IsGatedGlobalClock: 0

+ Individual pipeline summary: 
  * Pipeline-0: initiation interval (II) = 1, depth = 1
  * Pipeline-1: initiation interval (II) = 1, depth = 2
  * Pipeline-2: initiation interval (II) = 1, depth = 1


============================================================
+ Verbose Summary: Schedule
============================================================
* Number of FSM states : 9
* Pipeline : 3
  Pipeline-0 : II = 1, D = 1, States = { 2 }
  Pipeline-1 : II = 1, D = 2, States = { 5 6 }
  Pipeline-2 : II = 1, D = 1, States = { 8 }
* Dataflow Pipeline: 0

* FSM state transitions: 
1 --> 2 
2 --> 3 2 
3 --> 4 
4 --> 7 5 
5 --> 7 6 
6 --> 5 
7 --> 8 
8 --> 9 8 
9 --> 4 

* FSM state operations: 

State 1 <SV = 0> <Delay = 7.26>
ST_1 : Operation 10 [1/1] (0.00ns)   --->   "%specinterface_ln0 = specinterface void @_ssdm_op_SpecInterface, i24 %img_in_432, void @empty_12, i32 0, i32 0, void @empty_4, i32 0, i32 0, void @empty_4, void @empty_4, void @empty_4, i32 0, i32 0, i32 0, i32 0, void @empty_4, void @empty_4"   --->   Operation 10 'specinterface' 'specinterface_ln0' <Predicate = true> <Delay = 0.00>
ST_1 : Operation 11 [1/1] (0.00ns)   --->   "%specinterface_ln0 = specinterface void @_ssdm_op_SpecInterface, i1 %AXI_video_strm_V_dest_V, i1 %AXI_video_strm_V_id_V, i1 %AXI_video_strm_V_last_V, i1 %AXI_video_strm_V_user_V, i3 %AXI_video_strm_V_strb_V, i3 %AXI_video_strm_V_keep_V, i24 %AXI_video_strm_V_data_V, void @empty_2, i32 1, i32 1, void @empty_24, i32 0, i32 0, void @empty_4, void @empty_4, void @empty_4, i32 0, i32 0, i32 0, i32 0, void @empty_4, void @empty_4"   --->   Operation 11 'specinterface' 'specinterface_ln0' <Predicate = true> <Delay = 0.00>
ST_1 : Operation 12 [1/1] (0.00ns)   --->   "%specinterface_ln0 = specinterface void @_ssdm_op_SpecInterface, i1 %AXI_video_strm_V_dest_V, i1 %AXI_video_strm_V_id_V, i1 %AXI_video_strm_V_last_V, i1 %AXI_video_strm_V_user_V, i3 %AXI_video_strm_V_strb_V, i3 %AXI_video_strm_V_keep_V, i24 %AXI_video_strm_V_data_V, void @empty_2, i32 1, i32 1, void @empty_24, i32 0, i32 0, void @empty_4, void @empty_4, void @empty_4, i32 0, i32 0, i32 0, i32 0, void @empty_4, void @empty_4"   --->   Operation 12 'specinterface' 'specinterface_ln0' <Predicate = true> <Delay = 0.00>
ST_1 : Operation 13 [1/1] (0.00ns)   --->   "%specinterface_ln0 = specinterface void @_ssdm_op_SpecInterface, i1 %AXI_video_strm_V_dest_V, i1 %AXI_video_strm_V_id_V, i1 %AXI_video_strm_V_last_V, i1 %AXI_video_strm_V_user_V, i3 %AXI_video_strm_V_strb_V, i3 %AXI_video_strm_V_keep_V, i24 %AXI_video_strm_V_data_V, void @empty_2, i32 1, i32 1, void @empty_24, i32 0, i32 0, void @empty_4, void @empty_4, void @empty_4, i32 0, i32 0, i32 0, i32 0, void @empty_4, void @empty_4"   --->   Operation 13 'specinterface' 'specinterface_ln0' <Predicate = true> <Delay = 0.00>
ST_1 : Operation 14 [1/1] (0.00ns)   --->   "%specinterface_ln0 = specinterface void @_ssdm_op_SpecInterface, i1 %AXI_video_strm_V_dest_V, i1 %AXI_video_strm_V_id_V, i1 %AXI_video_strm_V_last_V, i1 %AXI_video_strm_V_user_V, i3 %AXI_video_strm_V_strb_V, i3 %AXI_video_strm_V_keep_V, i24 %AXI_video_strm_V_data_V, void @empty_2, i32 1, i32 1, void @empty_24, i32 0, i32 0, void @empty_4, void @empty_4, void @empty_4, i32 0, i32 0, i32 0, i32 0, void @empty_4, void @empty_4"   --->   Operation 14 'specinterface' 'specinterface_ln0' <Predicate = true> <Delay = 0.00>
ST_1 : Operation 15 [1/1] (0.00ns)   --->   "%specinterface_ln0 = specinterface void @_ssdm_op_SpecInterface, i1 %AXI_video_strm_V_dest_V, i1 %AXI_video_strm_V_id_V, i1 %AXI_video_strm_V_last_V, i1 %AXI_video_strm_V_user_V, i3 %AXI_video_strm_V_strb_V, i3 %AXI_video_strm_V_keep_V, i24 %AXI_video_strm_V_data_V, void @empty_2, i32 1, i32 1, void @empty_24, i32 0, i32 0, void @empty_4, void @empty_4, void @empty_4, i32 0, i32 0, i32 0, i32 0, void @empty_4, void @empty_4"   --->   Operation 15 'specinterface' 'specinterface_ln0' <Predicate = true> <Delay = 0.00>
ST_1 : Operation 16 [1/1] (0.00ns)   --->   "%specinterface_ln0 = specinterface void @_ssdm_op_SpecInterface, i1 %AXI_video_strm_V_dest_V, i1 %AXI_video_strm_V_id_V, i1 %AXI_video_strm_V_last_V, i1 %AXI_video_strm_V_user_V, i3 %AXI_video_strm_V_strb_V, i3 %AXI_video_strm_V_keep_V, i24 %AXI_video_strm_V_data_V, void @empty_2, i32 1, i32 1, void @empty_24, i32 0, i32 0, void @empty_4, void @empty_4, void @empty_4, i32 0, i32 0, i32 0, i32 0, void @empty_4, void @empty_4"   --->   Operation 16 'specinterface' 'specinterface_ln0' <Predicate = true> <Delay = 0.00>
ST_1 : Operation 17 [1/1] (0.00ns)   --->   "%specinterface_ln0 = specinterface void @_ssdm_op_SpecInterface, i1 %AXI_video_strm_V_dest_V, i1 %AXI_video_strm_V_id_V, i1 %AXI_video_strm_V_last_V, i1 %AXI_video_strm_V_user_V, i3 %AXI_video_strm_V_strb_V, i3 %AXI_video_strm_V_keep_V, i24 %AXI_video_strm_V_data_V, void @empty_2, i32 1, i32 1, void @empty_24, i32 0, i32 0, void @empty_4, void @empty_4, void @empty_4, i32 0, i32 0, i32 0, i32 0, void @empty_4, void @empty_4"   --->   Operation 17 'specinterface' 'specinterface_ln0' <Predicate = true> <Delay = 0.00>
ST_1 : Operation 18 [1/1] (0.00ns)   --->   "%specinterface_ln0 = specinterface void @_ssdm_op_SpecInterface, i32 %img_2, void @ap_fifo_str, i32 0, i32 0, void @p_str, i32 0, i32 0, void @p_str, void @p_str, void @p_str, i32 2, i32 2, i32 16, i32 16, void @p_str, void @ScalarProp_str"   --->   Operation 18 'specinterface' 'specinterface_ln0' <Predicate = true> <Delay = 0.00>
ST_1 : Operation 19 [1/1] (0.00ns)   --->   "%specinterface_ln0 = specinterface void @_ssdm_op_SpecInterface, i32 %img_1, void @ap_fifo_str, i32 0, i32 0, void @p_str, i32 0, i32 0, void @p_str, void @p_str, void @p_str, i32 2, i32 2, i32 16, i32 16, void @p_str, void @ScalarProp_str"   --->   Operation 19 'specinterface' 'specinterface_ln0' <Predicate = true> <Delay = 0.00>
ST_1 : Operation 20 [1/1] (3.63ns)   --->   "%rows = read i32 @_ssdm_op_Read.ap_fifo.i32P0A, i32 %img_1" [C:/Vitis_Libraries/vision/L1/include\common/xf_infra.hpp:106]   --->   Operation 20 'read' 'rows' <Predicate = true> <Delay = 3.63> <CoreInst = "FIFO_SRL">   --->   Core 81 'FIFO_SRL' <Latency = 0> <II = 1> <Delay = 3.63> <Storage> <Opcode : 'read' 'write' 'nbread' 'nbwrite'> <Ports = 0> <Width = 32> <Depth = 2> <FIFO>
ST_1 : Operation 21 [1/1] (3.63ns)   --->   "%cols = read i32 @_ssdm_op_Read.ap_fifo.i32P0A, i32 %img_2" [C:/Vitis_Libraries/vision/L1/include\common/xf_infra.hpp:107]   --->   Operation 21 'read' 'cols' <Predicate = true> <Delay = 3.63> <CoreInst = "FIFO_SRL">   --->   Core 81 'FIFO_SRL' <Latency = 0> <II = 1> <Delay = 3.63> <Storage> <Opcode : 'read' 'write' 'nbread' 'nbwrite'> <Ports = 0> <Width = 32> <Depth = 2> <FIFO>
ST_1 : Operation 22 [1/1] (0.00ns)   --->   "%specinterface_ln0 = specinterface void @_ssdm_op_SpecInterface, i32 %img_1_out, void @ap_fifo_str, i32 0, i32 0, void @p_str, i32 0, i32 0, void @p_str, void @p_str, void @p_str, i32 2, i32 2, i32 16, i32 16, void @p_str, void @ScalarProp_str"   --->   Operation 22 'specinterface' 'specinterface_ln0' <Predicate = true> <Delay = 0.00>
ST_1 : Operation 23 [1/1] (3.63ns)   --->   "%write_ln106 = write void @_ssdm_op_Write.ap_fifo.i32P0A, i32 %img_1_out, i32 %rows" [C:/Vitis_Libraries/vision/L1/include\common/xf_infra.hpp:106]   --->   Operation 23 'write' 'write_ln106' <Predicate = true> <Delay = 3.63> <CoreInst = "FIFO_SRL">   --->   Core 81 'FIFO_SRL' <Latency = 0> <II = 1> <Delay = 3.63> <Storage> <Opcode : 'read' 'write' 'nbread' 'nbwrite'> <Ports = 0> <Width = 32> <Depth = 2> <FIFO>
ST_1 : Operation 24 [1/1] (0.00ns)   --->   "%specinterface_ln0 = specinterface void @_ssdm_op_SpecInterface, i32 %img_2_out, void @ap_fifo_str, i32 0, i32 0, void @p_str, i32 0, i32 0, void @p_str, void @p_str, void @p_str, i32 2, i32 2, i32 16, i32 16, void @p_str, void @ScalarProp_str"   --->   Operation 24 'specinterface' 'specinterface_ln0' <Predicate = true> <Delay = 0.00>
ST_1 : Operation 25 [1/1] (3.63ns)   --->   "%write_ln107 = write void @_ssdm_op_Write.ap_fifo.i32P0A, i32 %img_2_out, i32 %cols" [C:/Vitis_Libraries/vision/L1/include\common/xf_infra.hpp:107]   --->   Operation 25 'write' 'write_ln107' <Predicate = true> <Delay = 3.63> <CoreInst = "FIFO_SRL">   --->   Core 81 'FIFO_SRL' <Latency = 0> <II = 1> <Delay = 3.63> <Storage> <Opcode : 'read' 'write' 'nbread' 'nbwrite'> <Ports = 0> <Width = 32> <Depth = 2> <FIFO>
ST_1 : Operation 26 [1/1] (0.00ns)   --->   "%specinterface_ln0 = specinterface void @_ssdm_op_SpecInterface, i24 %img_in_432, void @empty_12, i32 0, i32 0, void @empty_4, i32 0, i32 0, void @empty_4, void @empty_4, void @empty_4, i32 0, i32 0, i32 0, i32 0, void @empty_4, void @empty_4"   --->   Operation 26 'specinterface' 'specinterface_ln0' <Predicate = true> <Delay = 0.00>
ST_1 : Operation 27 [1/1] (0.00ns)   --->   "%specinterface_ln0 = specinterface void @_ssdm_op_SpecInterface, i1 %AXI_video_strm_V_dest_V, i1 %AXI_video_strm_V_id_V, i1 %AXI_video_strm_V_last_V, i1 %AXI_video_strm_V_user_V, i3 %AXI_video_strm_V_strb_V, i3 %AXI_video_strm_V_keep_V, i24 %AXI_video_strm_V_data_V, void @empty_2, i32 1, i32 1, void @empty_24, i32 0, i32 0, void @empty_4, void @empty_4, void @empty_4, i32 0, i32 0, i32 0, i32 0, void @empty_4, void @empty_4"   --->   Operation 27 'specinterface' 'specinterface_ln0' <Predicate = true> <Delay = 0.00>
ST_1 : Operation 28 [1/1] (1.58ns)   --->   "%br_ln111 = br void %._crit_edge2.i" [C:/Vitis_Libraries/vision/L1/include\common/xf_infra.hpp:111]   --->   Operation 28 'br' 'br_ln111' <Predicate = true> <Delay = 1.58>

State 2 <SV = 1> <Delay = 0.00>
ST_2 : Operation 29 [1/1] (0.00ns)   --->   "%axi_last_V = phi i1 %axi_last_V_1, void, i1 0, void %entry"   --->   Operation 29 'phi' 'axi_last_V' <Predicate = true> <Delay = 0.00>
ST_2 : Operation 30 [1/1] (0.00ns)   --->   "%axi_data_V = phi i24 %axi_data_V_1, void, i24 0, void %entry"   --->   Operation 30 'phi' 'axi_data_V' <Predicate = true> <Delay = 0.00>
ST_2 : Operation 31 [1/1] (0.00ns)   --->   "%start = phi i1 %axi_user_V, void, i1 0, void %entry"   --->   Operation 31 'phi' 'start' <Predicate = true> <Delay = 0.00>
ST_2 : Operation 32 [1/1] (0.00ns)   --->   "%br_ln117 = br i1 %start, void, void %.lr.ph64.i" [C:/Vitis_Libraries/vision/L1/include\common/xf_infra.hpp:117]   --->   Operation 32 'br' 'br_ln117' <Predicate = true> <Delay = 0.00>
ST_2 : Operation 33 [1/1] (0.00ns)   --->   "%specpipeline_ln283 = specpipeline void @_ssdm_op_SpecPipeline, i32 1, i32 0, i32 0, i32 0, void @empty_4"   --->   Operation 33 'specpipeline' 'specpipeline_ln283' <Predicate = (!start)> <Delay = 0.00>
ST_2 : Operation 34 [1/1] (0.00ns)   --->   "%speclooptripcount_ln283 = speclooptripcount void @_ssdm_op_SpecLoopTripCount, i64 0, i64 1, i64 1"   --->   Operation 34 'speclooptripcount' 'speclooptripcount_ln283' <Predicate = (!start)> <Delay = 0.00>
ST_2 : Operation 35 [1/1] (0.00ns)   --->   "%specloopname_ln283 = specloopname void @_ssdm_op_SpecLoopName, void @empty_17"   --->   Operation 35 'specloopname' 'specloopname_ln283' <Predicate = (!start)> <Delay = 0.00>
ST_2 : Operation 36 [1/1] (0.00ns)   --->   "%empty = read i34 @_ssdm_op_Read.axis.volatile.i24P0A.i3P0A.i3P0A.i1P0A.i1P0A.i1P0A.i1P0A, i24 %AXI_video_strm_V_data_V, i3 %AXI_video_strm_V_keep_V, i3 %AXI_video_strm_V_strb_V, i1 %AXI_video_strm_V_user_V, i1 %AXI_video_strm_V_last_V, i1 %AXI_video_strm_V_id_V, i1 %AXI_video_strm_V_dest_V"   --->   Operation 36 'read' 'empty' <Predicate = (!start)> <Delay = 0.00> <CoreInst = "axis">   --->   Core 115 'axis' <Latency = 0> <II = 1> <Delay = 1.00> <Adapter> <Opcode : >
ST_2 : Operation 37 [1/1] (0.00ns)   --->   "%axi_data_V_1 = extractvalue i34 %empty"   --->   Operation 37 'extractvalue' 'axi_data_V_1' <Predicate = (!start)> <Delay = 0.00>
ST_2 : Operation 38 [1/1] (0.00ns)   --->   "%axi_user_V = extractvalue i34 %empty"   --->   Operation 38 'extractvalue' 'axi_user_V' <Predicate = (!start)> <Delay = 0.00>
ST_2 : Operation 39 [1/1] (0.00ns)   --->   "%axi_last_V_1 = extractvalue i34 %empty"   --->   Operation 39 'extractvalue' 'axi_last_V_1' <Predicate = (!start)> <Delay = 0.00>
ST_2 : Operation 40 [1/1] (0.00ns)   --->   "%br_ln117 = br void %._crit_edge2.i" [C:/Vitis_Libraries/vision/L1/include\common/xf_infra.hpp:117]   --->   Operation 40 'br' 'br_ln117' <Predicate = (!start)> <Delay = 0.00>

State 3 <SV = 2> <Delay = 2.47>
ST_3 : Operation 41 [1/1] (0.00ns)   --->   "%start_1 = alloca i32 1"   --->   Operation 41 'alloca' 'start_1' <Predicate = true> <Delay = 0.00>
ST_3 : Operation 42 [1/1] (2.47ns)   --->   "%cmp743_i = icmp_sgt  i32 %cols, i32 0" [C:/Vitis_Libraries/vision/L1/include\common/xf_infra.hpp:107]   --->   Operation 42 'icmp' 'cmp743_i' <Predicate = true> <Delay = 2.47> <CoreInst = "Cmp">   --->   Core 9 'Cmp' <Latency = 0> <II = 1> <Delay = 2.47> <FuncUnit> <Opcode : 'icmp'> <InPorts = 2> <OutPorts = 1>
ST_3 : Operation 43 [1/1] (1.58ns)   --->   "%store_ln128 = store i1 1, i1 %start_1" [C:/Vitis_Libraries/vision/L1/include\common/xf_infra.hpp:128]   --->   Operation 43 'store' 'store_ln128' <Predicate = true> <Delay = 1.58>
ST_3 : Operation 44 [1/1] (1.58ns)   --->   "%br_ln128 = br void" [C:/Vitis_Libraries/vision/L1/include\common/xf_infra.hpp:128]   --->   Operation 44 'br' 'br_ln128' <Predicate = true> <Delay = 1.58>

State 4 <SV = 3> <Delay = 2.47>
ST_4 : Operation 45 [1/1] (0.00ns)   --->   "%i = phi i11 0, void %.lr.ph64.i, i11 %i_3, void"   --->   Operation 45 'phi' 'i' <Predicate = true> <Delay = 0.00>
ST_4 : Operation 46 [1/1] (0.00ns)   --->   "%axi_data_V_2 = phi i24 %axi_data_V, void %.lr.ph64.i, i24 %axi_data_V_5, void"   --->   Operation 46 'phi' 'axi_data_V_2' <Predicate = true> <Delay = 0.00>
ST_4 : Operation 47 [1/1] (0.00ns)   --->   "%axi_last_V_2 = phi i1 %axi_last_V, void %.lr.ph64.i, i1 %axi_last_V_5, void"   --->   Operation 47 'phi' 'axi_last_V_2' <Predicate = true> <Delay = 0.00>
ST_4 : Operation 48 [1/1] (1.63ns)   --->   "%i_3 = add i11 %i, i11 1" [C:/Vitis_Libraries/vision/L1/include\common/xf_infra.hpp:128]   --->   Operation 48 'add' 'i_3' <Predicate = true> <Delay = 1.63> <CoreInst = "Adder">   --->   Core 1 'Adder' <Latency = 0> <II = 1> <Delay = 1.63> <FuncUnit> <Opcode : 'add' 'sub'> <InPorts = 2> <OutPorts = 1>
ST_4 : Operation 49 [1/1] (0.00ns)   --->   "%start_4 = load i1 %start_1"   --->   Operation 49 'load' 'start_4' <Predicate = true> <Delay = 0.00>
ST_4 : Operation 50 [1/1] (0.00ns)   --->   "%zext_ln128 = zext i11 %i" [C:/Vitis_Libraries/vision/L1/include\common/xf_infra.hpp:128]   --->   Operation 50 'zext' 'zext_ln128' <Predicate = true> <Delay = 0.00>
ST_4 : Operation 51 [1/1] (2.47ns)   --->   "%icmp_ln128 = icmp_slt  i32 %zext_ln128, i32 %rows" [C:/Vitis_Libraries/vision/L1/include\common/xf_infra.hpp:128]   --->   Operation 51 'icmp' 'icmp_ln128' <Predicate = true> <Delay = 2.47> <CoreInst = "Cmp">   --->   Core 9 'Cmp' <Latency = 0> <II = 1> <Delay = 2.47> <FuncUnit> <Opcode : 'icmp'> <InPorts = 2> <OutPorts = 1>
ST_4 : Operation 52 [1/1] (0.00ns)   --->   "%speclooptripcount_ln0 = speclooptripcount void @_ssdm_op_SpecLoopTripCount, i64 0, i64 1080, i64 0"   --->   Operation 52 'speclooptripcount' 'speclooptripcount_ln0' <Predicate = true> <Delay = 0.00>
ST_4 : Operation 53 [1/1] (0.00ns)   --->   "%br_ln128 = br i1 %icmp_ln128, void %.exit, void %.split2.i" [C:/Vitis_Libraries/vision/L1/include\common/xf_infra.hpp:128]   --->   Operation 53 'br' 'br_ln128' <Predicate = true> <Delay = 0.00>
ST_4 : Operation 54 [1/1] (0.00ns)   --->   "%specloopname_ln101 = specloopname void @_ssdm_op_SpecLoopName, void @empty_16" [C:/Vitis_Libraries/vision/L1/include\common/xf_infra.hpp:101]   --->   Operation 54 'specloopname' 'specloopname_ln101' <Predicate = (icmp_ln128)> <Delay = 0.00>
ST_4 : Operation 55 [1/1] (1.58ns)   --->   "%br_ln132 = br i1 %cmp743_i, void %._crit_edge.i.preheader, void %.lr.ph.i.preheader" [C:/Vitis_Libraries/vision/L1/include\common/xf_infra.hpp:132]   --->   Operation 55 'br' 'br_ln132' <Predicate = (icmp_ln128)> <Delay = 1.58>
ST_4 : Operation 56 [1/1] (1.58ns)   --->   "%br_ln132 = br void %.lr.ph.i" [C:/Vitis_Libraries/vision/L1/include\common/xf_infra.hpp:132]   --->   Operation 56 'br' 'br_ln132' <Predicate = (icmp_ln128 & cmp743_i)> <Delay = 1.58>
ST_4 : Operation 57 [1/1] (0.00ns)   --->   "%ret_ln0 = ret"   --->   Operation 57 'ret' 'ret_ln0' <Predicate = (!icmp_ln128)> <Delay = 0.00>

State 5 <SV = 4> <Delay = 2.56>
ST_5 : Operation 58 [1/1] (0.00ns)   --->   "%j = phi i11 %j_3, void %.split._crit_edge.i, i11 0, void %.lr.ph.i.preheader"   --->   Operation 58 'phi' 'j' <Predicate = true> <Delay = 0.00>
ST_5 : Operation 59 [1/1] (0.00ns)   --->   "%last = phi i1 %axi_last_V_8, void %.split._crit_edge.i, i1 0, void %.lr.ph.i.preheader"   --->   Operation 59 'phi' 'last' <Predicate = true> <Delay = 0.00>
ST_5 : Operation 60 [1/1] (0.00ns)   --->   "%start_3 = phi i1 0, void %.split._crit_edge.i, i1 %start_4, void %.lr.ph.i.preheader"   --->   Operation 60 'phi' 'start_3' <Predicate = true> <Delay = 0.00>
ST_5 : Operation 61 [1/1] (0.00ns)   --->   "%axi_data_V_3 = phi i24 %p_Val2_s, void %.split._crit_edge.i, i24 %axi_data_V_2, void %.lr.ph.i.preheader"   --->   Operation 61 'phi' 'axi_data_V_3' <Predicate = true> <Delay = 0.00>
ST_5 : Operation 62 [1/1] (0.00ns)   --->   "%axi_last_V_3 = phi i1 %axi_last_V_8, void %.split._crit_edge.i, i1 %axi_last_V_2, void %.lr.ph.i.preheader"   --->   Operation 62 'phi' 'axi_last_V_3' <Predicate = true> <Delay = 0.00>
ST_5 : Operation 63 [1/1] (1.63ns)   --->   "%j_3 = add i11 %j, i11 1" [C:/Vitis_Libraries/vision/L1/include\common/xf_infra.hpp:132]   --->   Operation 63 'add' 'j_3' <Predicate = true> <Delay = 1.63> <CoreInst = "Adder">   --->   Core 1 'Adder' <Latency = 0> <II = 1> <Delay = 1.63> <FuncUnit> <Opcode : 'add' 'sub'> <InPorts = 2> <OutPorts = 1>
ST_5 : Operation 64 [1/1] (0.00ns)   --->   "%zext_ln132 = zext i11 %j" [C:/Vitis_Libraries/vision/L1/include\common/xf_infra.hpp:132]   --->   Operation 64 'zext' 'zext_ln132' <Predicate = true> <Delay = 0.00>
ST_5 : Operation 65 [1/1] (2.47ns)   --->   "%icmp_ln132 = icmp_eq  i32 %zext_ln132, i32 %cols" [C:/Vitis_Libraries/vision/L1/include\common/xf_infra.hpp:132]   --->   Operation 65 'icmp' 'icmp_ln132' <Predicate = true> <Delay = 2.47> <CoreInst = "Cmp">   --->   Core 9 'Cmp' <Latency = 0> <II = 1> <Delay = 2.47> <FuncUnit> <Opcode : 'icmp'> <InPorts = 2> <OutPorts = 1>
ST_5 : Operation 66 [1/1] (0.00ns)   --->   "%speclooptripcount_ln0 = speclooptripcount void @_ssdm_op_SpecLoopTripCount, i64 1, i64 1920, i64 0"   --->   Operation 66 'speclooptripcount' 'speclooptripcount_ln0' <Predicate = true> <Delay = 0.00>
ST_5 : Operation 67 [1/1] (0.00ns)   --->   "%br_ln132 = br i1 %icmp_ln132, void %.split.i, void %._crit_edge.i.loopexit" [C:/Vitis_Libraries/vision/L1/include\common/xf_infra.hpp:132]   --->   Operation 67 'br' 'br_ln132' <Predicate = true> <Delay = 0.00>
ST_5 : Operation 68 [1/1] (0.00ns)   --->   "%specpipeline_ln101 = specpipeline void @_ssdm_op_SpecPipeline, i32 1, i32 0, i32 0, i32 0, void @empty_4" [C:/Vitis_Libraries/vision/L1/include\common/xf_infra.hpp:101]   --->   Operation 68 'specpipeline' 'specpipeline_ln101' <Predicate = (!icmp_ln132)> <Delay = 0.00>
ST_5 : Operation 69 [1/1] (0.00ns)   --->   "%specloopname_ln101 = specloopname void @_ssdm_op_SpecLoopName, void @empty_14" [C:/Vitis_Libraries/vision/L1/include\common/xf_infra.hpp:101]   --->   Operation 69 'specloopname' 'specloopname_ln101' <Predicate = (!icmp_ln132)> <Delay = 0.00>
ST_5 : Operation 70 [1/1] (0.97ns)   --->   "%or_ln138 = or i1 %start_3, i1 %last" [C:/Vitis_Libraries/vision/L1/include\common/xf_infra.hpp:138]   --->   Operation 70 'or' 'or_ln138' <Predicate = (!icmp_ln132)> <Delay = 0.97> <CoreInst = "LogicGate">   --->   Core 74 'LogicGate' <Latency = 0> <II = 1> <Delay = 0.97> <FuncUnit> <Opcode : 'and' 'or' 'xor'> <InPorts = 2> <OutPorts = 1>
ST_5 : Operation 71 [1/1] (1.58ns)   --->   "%br_ln138 = br i1 %or_ln138, void, void %.split._crit_edge.i" [C:/Vitis_Libraries/vision/L1/include\common/xf_infra.hpp:138]   --->   Operation 71 'br' 'br_ln138' <Predicate = (!icmp_ln132)> <Delay = 1.58>
ST_5 : Operation 72 [1/1] (0.00ns)   --->   "%empty_106 = read i34 @_ssdm_op_Read.axis.volatile.i24P0A.i3P0A.i3P0A.i1P0A.i1P0A.i1P0A.i1P0A, i24 %AXI_video_strm_V_data_V, i3 %AXI_video_strm_V_keep_V, i3 %AXI_video_strm_V_strb_V, i1 %AXI_video_strm_V_user_V, i1 %AXI_video_strm_V_last_V, i1 %AXI_video_strm_V_id_V, i1 %AXI_video_strm_V_dest_V"   --->   Operation 72 'read' 'empty_106' <Predicate = (!icmp_ln132 & !or_ln138)> <Delay = 0.00> <CoreInst = "axis">   --->   Core 115 'axis' <Latency = 0> <II = 1> <Delay = 1.00> <Adapter> <Opcode : >
ST_5 : Operation 73 [1/1] (0.00ns)   --->   "%axi_data_V_4 = extractvalue i34 %empty_106"   --->   Operation 73 'extractvalue' 'axi_data_V_4' <Predicate = (!icmp_ln132 & !or_ln138)> <Delay = 0.00>
ST_5 : Operation 74 [1/1] (0.00ns)   --->   "%axi_last_V_4 = extractvalue i34 %empty_106"   --->   Operation 74 'extractvalue' 'axi_last_V_4' <Predicate = (!icmp_ln132 & !or_ln138)> <Delay = 0.00>
ST_5 : Operation 75 [1/1] (1.58ns)   --->   "%br_ln0 = br void %.split._crit_edge.i"   --->   Operation 75 'br' 'br_ln0' <Predicate = (!icmp_ln132 & !or_ln138)> <Delay = 1.58>
ST_5 : Operation 76 [1/1] (0.00ns)   --->   "%axi_last_V_8 = phi i1 %axi_last_V_4, void, i1 %axi_last_V_3, void %.split.i"   --->   Operation 76 'phi' 'axi_last_V_8' <Predicate = (!icmp_ln132)> <Delay = 0.00>
ST_5 : Operation 77 [1/1] (0.00ns)   --->   "%p_Val2_s = phi i24 %axi_data_V_4, void, i24 %axi_data_V_3, void %.split.i"   --->   Operation 77 'phi' 'p_Val2_s' <Predicate = (!icmp_ln132)> <Delay = 0.00>
ST_5 : Operation 78 [1/1] (0.00ns)   --->   "%br_ln0 = br void %.lr.ph.i"   --->   Operation 78 'br' 'br_ln0' <Predicate = (!icmp_ln132)> <Delay = 0.00>

State 6 <SV = 5> <Delay = 3.63>
ST_6 : Operation 79 [1/1] (3.63ns)   --->   "%write_ln174 = write void @_ssdm_op_Write.ap_fifo.volatile.i24P0A, i24 %img_in_432, i24 %p_Val2_s" [C:/Xilinx/Vitis_HLS/2020.2/common/technology/autopilot/hls_stream_39.h:174]   --->   Operation 79 'write' 'write_ln174' <Predicate = (!icmp_ln132)> <Delay = 3.63> <CoreInst = "FIFO_SRL">   --->   Core 81 'FIFO_SRL' <Latency = 0> <II = 1> <Delay = 3.63> <Storage> <Opcode : 'read' 'write' 'nbread' 'nbwrite'> <Ports = 0> <Width = 24> <Depth = 2> <FIFO>

State 7 <SV = 5> <Delay = 1.58>
ST_7 : Operation 80 [1/1] (1.58ns)   --->   "%store_ln0 = store i1 0, i1 %start_1"   --->   Operation 80 'store' 'store_ln0' <Predicate = (cmp743_i)> <Delay = 1.58>
ST_7 : Operation 81 [1/1] (1.58ns)   --->   "%br_ln0 = br void %._crit_edge.i.preheader"   --->   Operation 81 'br' 'br_ln0' <Predicate = (cmp743_i)> <Delay = 1.58>
ST_7 : Operation 82 [1/1] (0.00ns)   --->   "%axi_last_V_5_ph = phi i1 %axi_last_V_2, void %.split2.i, i1 %last, void %._crit_edge.i.loopexit"   --->   Operation 82 'phi' 'axi_last_V_5_ph' <Predicate = true> <Delay = 0.00>
ST_7 : Operation 83 [1/1] (0.00ns)   --->   "%axi_data_V_5_ph = phi i24 %axi_data_V_2, void %.split2.i, i24 %axi_data_V_3, void %._crit_edge.i.loopexit"   --->   Operation 83 'phi' 'axi_data_V_5_ph' <Predicate = true> <Delay = 0.00>
ST_7 : Operation 84 [1/1] (0.00ns)   --->   "%last_1_ph = phi i1 0, void %.split2.i, i1 %last, void %._crit_edge.i.loopexit"   --->   Operation 84 'phi' 'last_1_ph' <Predicate = true> <Delay = 0.00>
ST_7 : Operation 85 [1/1] (1.58ns)   --->   "%br_ln158 = br void %._crit_edge.i" [C:/Vitis_Libraries/vision/L1/include\common/xf_infra.hpp:158]   --->   Operation 85 'br' 'br_ln158' <Predicate = true> <Delay = 1.58>

State 8 <SV = 6> <Delay = 0.00>
ST_8 : Operation 86 [1/1] (0.00ns)   --->   "%axi_last_V_5 = phi i1 %axi_last_V_9, void, i1 %axi_last_V_5_ph, void %._crit_edge.i.preheader"   --->   Operation 86 'phi' 'axi_last_V_5' <Predicate = true> <Delay = 0.00>
ST_8 : Operation 87 [1/1] (0.00ns)   --->   "%axi_data_V_5 = phi i24 %axi_data_V_7, void, i24 %axi_data_V_5_ph, void %._crit_edge.i.preheader"   --->   Operation 87 'phi' 'axi_data_V_5' <Predicate = true> <Delay = 0.00>
ST_8 : Operation 88 [1/1] (0.00ns)   --->   "%last_1 = phi i1 %axi_last_V_9, void, i1 %last_1_ph, void %._crit_edge.i.preheader"   --->   Operation 88 'phi' 'last_1' <Predicate = true> <Delay = 0.00>
ST_8 : Operation 89 [1/1] (0.00ns)   --->   "%br_ln158 = br i1 %last_1, void, void" [C:/Vitis_Libraries/vision/L1/include\common/xf_infra.hpp:158]   --->   Operation 89 'br' 'br_ln158' <Predicate = true> <Delay = 0.00>
ST_8 : Operation 90 [1/1] (0.00ns)   --->   "%specpipeline_ln283 = specpipeline void @_ssdm_op_SpecPipeline, i32 1, i32 0, i32 0, i32 0, void @empty_4"   --->   Operation 90 'specpipeline' 'specpipeline_ln283' <Predicate = (!last_1)> <Delay = 0.00>
ST_8 : Operation 91 [1/1] (0.00ns)   --->   "%speclooptripcount_ln283 = speclooptripcount void @_ssdm_op_SpecLoopTripCount, i64 0, i64 1, i64 1"   --->   Operation 91 'speclooptripcount' 'speclooptripcount_ln283' <Predicate = (!last_1)> <Delay = 0.00>
ST_8 : Operation 92 [1/1] (0.00ns)   --->   "%specloopname_ln283 = specloopname void @_ssdm_op_SpecLoopName, void @empty_15"   --->   Operation 92 'specloopname' 'specloopname_ln283' <Predicate = (!last_1)> <Delay = 0.00>
ST_8 : Operation 93 [1/1] (0.00ns)   --->   "%empty_107 = read i34 @_ssdm_op_Read.axis.volatile.i24P0A.i3P0A.i3P0A.i1P0A.i1P0A.i1P0A.i1P0A, i24 %AXI_video_strm_V_data_V, i3 %AXI_video_strm_V_keep_V, i3 %AXI_video_strm_V_strb_V, i1 %AXI_video_strm_V_user_V, i1 %AXI_video_strm_V_last_V, i1 %AXI_video_strm_V_id_V, i1 %AXI_video_strm_V_dest_V"   --->   Operation 93 'read' 'empty_107' <Predicate = (!last_1)> <Delay = 0.00> <CoreInst = "axis">   --->   Core 115 'axis' <Latency = 0> <II = 1> <Delay = 1.00> <Adapter> <Opcode : >
ST_8 : Operation 94 [1/1] (0.00ns)   --->   "%axi_data_V_7 = extractvalue i34 %empty_107"   --->   Operation 94 'extractvalue' 'axi_data_V_7' <Predicate = (!last_1)> <Delay = 0.00>
ST_8 : Operation 95 [1/1] (0.00ns)   --->   "%axi_last_V_9 = extractvalue i34 %empty_107"   --->   Operation 95 'extractvalue' 'axi_last_V_9' <Predicate = (!last_1)> <Delay = 0.00>
ST_8 : Operation 96 [1/1] (0.00ns)   --->   "%br_ln158 = br void %._crit_edge.i" [C:/Vitis_Libraries/vision/L1/include\common/xf_infra.hpp:158]   --->   Operation 96 'br' 'br_ln158' <Predicate = (!last_1)> <Delay = 0.00>

State 9 <SV = 7> <Delay = 0.00>
ST_9 : Operation 97 [1/1] (0.00ns)   --->   "%br_ln0 = br void"   --->   Operation 97 'br' 'br_ln0' <Predicate = true> <Delay = 0.00>


============================================================
+ Verbose Summary: Timing violations
============================================================
Target clock period: 10ns, clock uncertainty: 2.7ns.

 <State 1>: 7.27ns
The critical path consists of the following:
	fifo read on port 'img_1' (C:/Vitis_Libraries/vision/L1/include\common/xf_infra.hpp:106) [23]  (3.63 ns)
	fifo write on port 'img_1_out' (C:/Vitis_Libraries/vision/L1/include\common/xf_infra.hpp:106) [26]  (3.63 ns)

 <State 2>: 0ns
The critical path consists of the following:

 <State 3>: 2.47ns
The critical path consists of the following:
	'icmp' operation ('cmp743_i', C:/Vitis_Libraries/vision/L1/include\common/xf_infra.hpp:107) [48]  (2.47 ns)

 <State 4>: 2.47ns
The critical path consists of the following:
	'phi' operation ('i') with incoming values : ('i', C:/Vitis_Libraries/vision/L1/include\common/xf_infra.hpp:128) [52]  (0 ns)
	'icmp' operation ('icmp_ln128', C:/Vitis_Libraries/vision/L1/include\common/xf_infra.hpp:128) [58]  (2.47 ns)

 <State 5>: 2.57ns
The critical path consists of the following:
	'phi' operation ('axi.last.V') with incoming values : ('axi.last.V') [68]  (0 ns)
	'or' operation ('or_ln138', C:/Vitis_Libraries/vision/L1/include\common/xf_infra.hpp:138) [80]  (0.978 ns)
	multiplexor before 'phi' operation ('axi.last.V') with incoming values : ('axi.last.V') [88]  (1.59 ns)
	'phi' operation ('axi.last.V') with incoming values : ('axi.last.V') [88]  (0 ns)

 <State 6>: 3.63ns
The critical path consists of the following:
	fifo write on port 'img_in_432' (C:/Xilinx/Vitis_HLS/2020.2/common/technology/autopilot/hls_stream_39.h:174) [90]  (3.63 ns)

 <State 7>: 1.59ns
The critical path consists of the following:
	'store' operation ('store_ln0') of constant 0 on local variable 'start' [93]  (1.59 ns)

 <State 8>: 0ns
The critical path consists of the following:

 <State 9>: 0ns
The critical path consists of the following:


============================================================
+ Verbose Summary: Binding
============================================================
N/A
* FSMD analyzer results:
  - Output states:
 - Input state : 
  - Chain level:
	State 1
	State 2
	State 3
	State 4
	State 5
	State 6
	State 7
	State 8
	State 9


============================================================
+ Verbose Summary: Datapath Resource usage 
============================================================
N/A
