

================================================================
== Vitis HLS Report for 'AXIvideo2xfMat_24_9_1080_1920_1_s'
================================================================
* Date:           Mon Mar  9 12:23:37 2026

* Version:        2020.2 (Build 3064766 on Wed Nov 18 09:12:45 MST 2020)
* Project:        accel_downscale
* Solution:       solution1 (Vivado IP Flow Target)
* Product family: zynq
* Target device:  xc7z020-clg400-1


================================================================
== Performance Estimates
================================================================
+ Timing: 
    * Summary: 
    +--------+----------+----------+------------+
    |  Clock |  Target  | Estimated| Uncertainty|
    +--------+----------+----------+------------+
    |ap_clk  |  10.00 ns|  7.268 ns|     2.70 ns|
    +--------+----------+----------+------------+

+ Latency: 
    * Summary: 
    +---------+---------+-----------+-----------+-----+---------+---------+
    |  Latency (cycles) |   Latency (absolute)  |    Interval   | Pipeline|
    |   min   |   max   |    min    |    max    | min |   max   |   Type  |
    +---------+---------+-----------+-----------+-----+---------+---------+
    |        3|  2080084|  30.000 ns|  20.801 ms|    3|  2080084|     none|
    +---------+---------+-----------+-----------+-----+---------+---------+

    + Detail: 
        * Instance: 
        N/A

        * Loop: 
        +---------------------+---------+---------+----------+-----------+-----------+----------+----------+
        |                     |  Latency (cycles) | Iteration|  Initiation Interval  |   Trip   |          |
        |      Loop Name      |   min   |   max   |  Latency |  achieved |   target  |   Count  | Pipelined|
        +---------------------+---------+---------+----------+-----------+-----------+----------+----------+
        |- loop_start_hunt    |        0|        1|         1|          1|          1|     0 ~ 1|       yes|
        |- loop_row_axi2mat   |        0|  2080080|  4 ~ 1926|          -|          -|  0 ~ 1080|        no|
        | + loop_col_zxi2mat  |        1|     1920|         2|          1|          1|  1 ~ 1920|       yes|
        | + loop_last_hunt    |        0|        1|         1|          1|          1|     0 ~ 1|       yes|
        +---------------------+---------+---------+----------+-----------+-----------+----------+----------+

============================================================
+ Verbose Summary: Synthesis Manager
============================================================
InlineROM: 1
ExposeGlobal: 0
============================================================
+ Verbose Summary: CDFG Model
============================================================
IsTopModel: 0
ResetActiveHigh: 1
IsCombinational: 2
IsDatapathOnly: 0
HasWiredReturn: 1
HasMFsm: 0
HasVarLatency: 1
IsPipeline: 0
IsRtlPipelined: 0
IsInstanceOverlapped: 0
IsDontTouch: 0
HasImplIP: 0
IsGatedGlobalClock: 0

+ Individual pipeline summary: 
  * Pipeline-0: initiation interval (II) = 1, depth = 1
  * Pipeline-1: initiation interval (II) = 1, depth = 2
  * Pipeline-2: initiation interval (II) = 1, depth = 1


============================================================
+ Verbose Summary: Schedule
============================================================
* Number of FSM states : 9
* Pipeline : 3
  Pipeline-0 : II = 1, D = 1, States = { 2 }
  Pipeline-1 : II = 1, D = 2, States = { 5 6 }
  Pipeline-2 : II = 1, D = 1, States = { 8 }
* Dataflow Pipeline: 0

* FSM state transitions: 
1 --> 2 
2 --> 3 2 
3 --> 4 
4 --> 7 5 
5 --> 7 6 
6 --> 5 
7 --> 8 
8 --> 9 8 
9 --> 4 

* FSM state operations: 

State 1 <SV = 0> <Delay = 7.26>
ST_1 : Operation 10 [1/1] (0.00ns)   --->   "%specinterface_ln0 = specinterface void @_ssdm_op_SpecInterface, i24 %img_in_432, void @empty_12, i32 0, i32 0, void @empty_4, i32 0, i32 0, void @empty_4, void @empty_4, void @empty_4, i32 0, i32 0, i32 0, i32 0, void @empty_4, void @empty_4"   --->   Operation 10 'specinterface' 'specinterface_ln0' <Predicate = true> <Delay = 0.00>
ST_1 : Operation 11 [1/1] (0.00ns)   --->   "%specinterface_ln0 = specinterface void @_ssdm_op_SpecInterface, i1 %AXI_video_strm_V_dest_V, i1 %AXI_video_strm_V_id_V, i1 %AXI_video_strm_V_last_V, i1 %AXI_video_strm_V_user_V, i3 %AXI_video_strm_V_strb_V, i3 %AXI_video_strm_V_keep_V, i24 %AXI_video_strm_V_data_V, void @empty_2, i32 1, i32 1, void @empty_24, i32 0, i32 0, void @empty_4, void @empty_4, void @empty_4, i32 0, i32 0, i32 0, i32 0, void @empty_4, void @empty_4"   --->   Operation 11 'specinterface' 'specinterface_ln0' <Predicate = true> <Delay = 0.00>
ST_1 : Operation 12 [1/1] (0.00ns)   --->   "%specinterface_ln0 = specinterface void @_ssdm_op_SpecInterface, i1 %AXI_video_strm_V_dest_V, i1 %AXI_video_strm_V_id_V, i1 %AXI_video_strm_V_last_V, i1 %AXI_video_strm_V_user_V, i3 %AXI_video_strm_V_strb_V, i3 %AXI_video_strm_V_keep_V, i24 %AXI_video_strm_V_data_V, void @empty_2, i32 1, i32 1, void @empty_24, i32 0, i32 0, void @empty_4, void @empty_4, void @empty_4, i32 0, i32 0, i32 0, i32 0, void @empty_4, void @empty_4"   --->   Operation 12 'specinterface' 'specinterface_ln0' <Predicate = true> <Delay = 0.00>
ST_1 : Operation 13 [1/1] (0.00ns)   --->   "%specinterface_ln0 = specinterface void @_ssdm_op_SpecInterface, i1 %AXI_video_strm_V_dest_V, i1 %AXI_video_strm_V_id_V, i1 %AXI_video_strm_V_last_V, i1 %AXI_video_strm_V_user_V, i3 %AXI_video_strm_V_strb_V, i3 %AXI_video_strm_V_keep_V, i24 %AXI_video_strm_V_data_V, void @empty_2, i32 1, i32 1, void @empty_24, i32 0, i32 0, void @empty_4, void @empty_4, void @empty_4, i32 0, i32 0, i32 0, i32 0, void @empty_4, void @empty_4"   --->   Operation 13 'specinterface' 'specinterface_ln0' <Predicate = true> <Delay = 0.00>
ST_1 : Operation 14 [1/1] (0.00ns)   --->   "%specinterface_ln0 = specinterface void @_ssdm_op_SpecInterface, i1 %AXI_video_strm_V_dest_V, i1 %AXI_video_strm_V_id_V, i1 %AXI_video_strm_V_last_V, i1 %AXI_video_strm_V_user_V, i3 %AXI_video_strm_V_strb_V, i3 %AXI_video_strm_V_keep_V, i24 %AXI_video_strm_V_data_V, void @empty_2, i32 1, i32 1, void @empty_24, i32 0, i32 0, void @empty_4, void @empty_4, void @empty_4, i32 0, i32 0, i32 0, i32 0, void @empty_4, void @empty_4"   --->   Operation 14 'specinterface' 'specinterface_ln0' <Predicate = true> <Delay = 0.00>
ST_1 : Operation 15 [1/1] (0.00ns)   --->   "%specinterface_ln0 = specinterface void @_ssdm_op_SpecInterface, i1 %AXI_video_strm_V_dest_V, i1 %AXI_video_strm_V_id_V, i1 %AXI_video_strm_V_last_V, i1 %AXI_video_strm_V_user_V, i3 %AXI_video_strm_V_strb_V, i3 %AXI_video_strm_V_keep_V, i24 %AXI_video_strm_V_data_V, void @empty_2, i32 1, i32 1, void @empty_24, i32 0, i32 0, void @empty_4, void @empty_4, void @empty_4, i32 0, i32 0, i32 0, i32 0, void @empty_4, void @empty_4"   --->   Operation 15 'specinterface' 'specinterface_ln0' <Predicate = true> <Delay = 0.00>
ST_1 : Operation 16 [1/1] (0.00ns)   --->   "%specinterface_ln0 = specinterface void @_ssdm_op_SpecInterface, i1 %AXI_video_strm_V_dest_V, i1 %AXI_video_strm_V_id_V, i1 %AXI_video_strm_V_last_V, i1 %AXI_video_strm_V_user_V, i3 %AXI_video_strm_V_strb_V, i3 %AXI_video_strm_V_keep_V, i24 %AXI_video_strm_V_data_V, void @empty_2, i32 1, i32 1, void @empty_24, i32 0, i32 0, void @empty_4, void @empty_4, void @empty_4, i32 0, i32 0, i32 0, i32 0, void @empty_4, void @empty_4"   --->   Operation 16 'specinterface' 'specinterface_ln0' <Predicate = true> <Delay = 0.00>
ST_1 : Operation 17 [1/1] (0.00ns)   --->   "%specinterface_ln0 = specinterface void @_ssdm_op_SpecInterface, i1 %AXI_video_strm_V_dest_V, i1 %AXI_video_strm_V_id_V, i1 %AXI_video_strm_V_last_V, i1 %AXI_video_strm_V_user_V, i3 %AXI_video_strm_V_strb_V, i3 %AXI_video_strm_V_keep_V, i24 %AXI_video_strm_V_data_V, void @empty_2, i32 1, i32 1, void @empty_24, i32 0, i32 0, void @empty_4, void @empty_4, void @empty_4, i32 0, i32 0, i32 0, i32 0, void @empty_4, void @empty_4"   --->   Operation 17 'specinterface' 'specinterface_ln0' <Predicate = true> <Delay = 0.00>
ST_1 : Operation 18 [1/1] (0.00ns)   --->   "%specinterface_ln0 = specinterface void @_ssdm_op_SpecInterface, i32 %img_2, void @ap_fifo_str, i32 0, i32 0, void @p_str, i32 0, i32 0, void @p_str, void @p_str, void @p_str, i32 2, i32 2, i32 16, i32 16, void @p_str, void @ScalarProp_str"   --->   Operation 18 'specinterface' 'specinterface_ln0' <Predicate = true> <Delay = 0.00>
ST_1 : Operation 19 [1/1] (0.00ns)   --->   "%specinterface_ln0 = specinterface void @_ssdm_op_SpecInterface, i32 %img_1, void @ap_fifo_str, i32 0, i32 0, void @p_str, i32 0, i32 0, void @p_str, void @p_str, void @p_str, i32 2, i32 2, i32 16, i32 16, void @p_str, void @ScalarProp_str"   --->   Operation 19 'specinterface' 'specinterface_ln0' <Predicate = true> <Delay = 0.00>
ST_1 : Operation 20 [1/1] (3.63ns)   --->   "%rows = read i32 @_ssdm_op_Read.ap_fifo.i32P0A, i32 %img_1" [C:/Vitis_Libraries/vision/L1/include\common/xf_infra.hpp:106]   --->   Operation 20 'read' 'rows' <Predicate = true> <Delay = 3.63> <CoreInst = "FIFO_SRL">   --->   Core 81 'FIFO_SRL' <Latency = 0> <II = 1> <Delay = 3.63> <Storage> <Opcode : 'read' 'write' 'nbread' 'nbwrite'> <Ports = 0> <Width = 32> <Depth = 2> <FIFO>
ST_1 : Operation 21 [1/1] (3.63ns)   --->   "%cols = read i32 @_ssdm_op_Read.ap_fifo.i32P0A, i32 %img_2" [C:/Vitis_Libraries/vision/L1/include\common/xf_infra.hpp:107]   --->   Operation 21 'read' 'cols' <Predicate = true> <Delay = 3.63> <CoreInst = "FIFO_SRL">   --->   Core 81 'FIFO_SRL' <Latency = 0> <II = 1> <Delay = 3.63> <Storage> <Opcode : 'read' 'write' 'nbread' 'nbwrite'> <Ports = 0> <Width = 32> <Depth = 2> <FIFO>
ST_1 : Operation 22 [1/1] (0.00ns)   --->   "%specinterface_ln0 = specinterface void @_ssdm_op_SpecInterface, i32 %img_1_out, void @ap_fifo_str, i32 0, i32 0, void @p_str, i32 0, i32 0, void @p_str, void @p_str, void @p_str, i32 2, i32 2, i32 16, i32 16, void @p_str, void @ScalarProp_str"   --->   Operation 22 'specinterface' 'specinterface_ln0' <Predicate = true> <Delay = 0.00>
ST_1 : Operation 23 [1/1] (3.63ns)   --->   "%write_ln106 = write void @_ssdm_op_Write.ap_fifo.i32P0A, i32 %img_1_out, i32 %rows" [C:/Vitis_Libraries/vision/L1/include\common/xf_infra.hpp:106]   --->   Operation 23 'write' 'write_ln106' <Predicate = true> <Delay = 3.63> <CoreInst = "FIFO_SRL">   --->   Core 81 'FIFO_SRL' <Latency = 0> <II = 1> <Delay = 3.63> <Storage> <Opcode : 'read' 'write' 'nbread' 'nbwrite'> <Ports = 0> <Width = 32> <Depth = 2> <FIFO>
ST_1 : Operation 24 [1/1] (0.00ns)   --->   "%specinterface_ln0 = specinterface void @_ssdm_op_SpecInterface, i32 %img_2_out, void @ap_fifo_str, i32 0, i32 0, void @p_str, i32 0, i32 0, void @p_str, void @p_str, void @p_str, i32 2, i32 2, i32 16, i32 16, void @p_str, void @ScalarProp_str"   --->   Operation 24 'specinterface' 'specinterface_ln0' <Predicate = true> <Delay = 0.00>
ST_1 : Operation 25 [1/1] (3.63ns)   --->   "%write_ln107 = write void @_ssdm_op_Write.ap_fifo.i32P0A, i32 %img_2_out, i32 %cols" [C:/Vitis_Libraries/vision/L1/include\common/xf_infra.hpp:107]   --->   Operation 25 'write' 'write_ln107' <Predicate = true> <Delay = 3.63> <CoreInst = "FIFO_SRL">   --->   Core 81 'FIFO_SRL' <Latency = 0> <II = 1> <Delay = 3.63> <Storage> <Opcode : 'read' 'write' 'nbread' 'nbwrite'> <Ports = 0> <Width = 32> <Depth = 2> <FIFO>
ST_1 : Operation 26 [1/1] (0.00ns)   --->   "%specinterface_ln0 = specinterface void @_ssdm_op_SpecInterface, i24 %img_in_432, void @empty_12, i32 0, i32 0, void @empty_4, i32 0, i32 0, void @empty_4, void @empty_4, void @empty_4, i32 0, i32 0, i32 0, i32 0, void @empty_4, void @empty_4"   --->   Operation 26 'specinterface' 'specinterface_ln0' <Predicate = true> <Delay = 0.00>
ST_1 : Operation 27 [1/1] (0.00ns)   --->   "%specinterface_ln0 = specinterface void @_ssdm_op_SpecInterface, i1 %AXI_video_strm_V_dest_V, i1 %AXI_video_strm_V_id_V, i1 %AXI_video_strm_V_last_V, i1 %AXI_video_strm_V_user_V, i3 %AXI_video_strm_V_strb_V, i3 %AXI_video_strm_V_keep_V, i24 %AXI_video_strm_V_data_V, void @empty_2, i32 1, i32 1, void @empty_24, i32 0, i32 0, void @empty_4, void @empty_4, void @empty_4, i32 0, i32 0, i32 0, i32 0, void @empty_4, void @empty_4"   --->   Operation 27 'specinterface' 'specinterface_ln0' <Predicate = true> <Delay = 0.00>
ST_1 : Operation 28 [1/1] (1.58ns)   --->   "%br_ln111 = br void %._crit_edge2.i" [C:/Vitis_Libraries/vision/L1/include\common/xf_infra.hpp:111]   --->   Operation 28 'br' 'br_ln111' <Predicate = true> <Delay = 1.58>

State 2 <SV = 1> <Delay = 0.00>
ST_2 : Operation 29 [1/1] (0.00ns)   --->   "%axi_last_V = phi i1 %axi_last_V_1, void, i1 0, void %entry"   --->   Operation 29 'phi' 'axi_last_V' <Predicate = true> <Delay = 0.00>
ST_2 : Operation 30 [1/1] (0.00ns)   --->   "%axi_data_V = phi i24 %axi_data_V_1, void, i24 0, void %entry"   --->   Operation 30 'phi' 'axi_data_V' <Predicate = true> <Delay = 0.00>
ST_2 : Operation 31 [1/1] (0.00ns)   --->   "%start = phi i1 %axi_user_V, void, i1 0, void %entry"   --->   Operation 31 'phi' 'start' <Predicate = true> <Delay = 0.00>
ST_2 : Operation 32 [1/1] (0.00ns)   --->   "%br_ln117 = br i1 %start, void, void %.lr.ph64.i" [C:/Vitis_Libraries/vision/L1/include\common/xf_infra.hpp:117]   --->   Operation 32 'br' 'br_ln117' <Predicate = true> <Delay = 0.00>
ST_2 : Operation 33 [1/1] (0.00ns)   --->   "%specpipeline_ln283 = specpipeline void @_ssdm_op_SpecPipeline, i32 1, i32 0, i32 0, i32 0, void @empty_4"   --->   Operation 33 'specpipeline' 'specpipeline_ln283' <Predicate = (!start)> <Delay = 0.00>
ST_2 : Operation 34 [1/1] (0.00ns)   --->   "%speclooptripcount_ln283 = speclooptripcount void @_ssdm_op_SpecLoopTripCount, i64 0, i64 1, i64 1"   --->   Operation 34 'speclooptripcount' 'speclooptripcount_ln283' <Predicate = (!start)> <Delay = 0.00>
ST_2 : Operation 35 [1/1] (0.00ns)   --->   "%specloopname_ln283 = specloopname void @_ssdm_op_SpecLoopName, void @empty_17"   --->   Operation 35 'specloopname' 'specloopname_ln283' <Predicate = (!start)> <Delay = 0.00>
ST_2 : Operation 36 [1/1] (0.00ns)   --->   "%empty = read i34 @_ssdm_op_Read.axis.volatile.i24P0A.i3P0A.i3P0A.i1P0A.i1P0A.i1P0A.i1P0A, i24 %AXI_video_strm_V_data_V, i3 %AXI_video_strm_V_keep_V, i3 %AXI_video_strm_V_strb_V, i1 %AXI_video_strm_V_user_V, i1 %AXI_video_strm_V_last_V, i1 %AXI_video_strm_V_id_V, i1 %AXI_video_strm_V_dest_V"   --->   Operation 36 'read' 'empty' <Predicate = (!start)> <Delay = 0.00> <CoreInst = "axis">   --->   Core 115 'axis' <Latency = 0> <II = 1> <Delay = 1.00> <Adapter> <Opcode : >
ST_2 : Operation 37 [1/1] (0.00ns)   --->   "%axi_data_V_1 = extractvalue i34 %empty"   --->   Operation 37 'extractvalue' 'axi_data_V_1' <Predicate = (!start)> <Delay = 0.00>
ST_2 : Operation 38 [1/1] (0.00ns)   --->   "%axi_user_V = extractvalue i34 %empty"   --->   Operation 38 'extractvalue' 'axi_user_V' <Predicate = (!start)> <Delay = 0.00>
ST_2 : Operation 39 [1/1] (0.00ns)   --->   "%axi_last_V_1 = extractvalue i34 %empty"   --->   Operation 39 'extractvalue' 'axi_last_V_1' <Predicate = (!start)> <Delay = 0.00>
ST_2 : Operation 40 [1/1] (0.00ns)   --->   "%br_ln117 = br void %._crit_edge2.i" [C:/Vitis_Libraries/vision/L1/include\common/xf_infra.hpp:117]   --->   Operation 40 'br' 'br_ln117' <Predicate = (!start)> <Delay = 0.00>

State 3 <SV = 2> <Delay = 2.47>
ST_3 : Operation 41 [1/1] (0.00ns)   --->   "%start_1 = alloca i32 1"   --->   Operation 41 'alloca' 'start_1' <Predicate = true> <Delay = 0.00>
ST_3 : Operation 42 [1/1] (2.47ns)   --->   "%cmp743_i = icmp_sgt  i32 %cols, i32 0" [C:/Vitis_Libraries/vision/L1/include\common/xf_infra.hpp:107]   --->   Operation 42 'icmp' 'cmp743_i' <Predicate = true> <Delay = 2.47> <CoreInst = "Cmp">   --->   Core 9 'Cmp' <Latency = 0> <II = 1> <Delay = 2.47> <FuncUnit> <Opcode : 'icmp'> <InPorts = 2> <OutPorts = 1>
ST_3 : Operation 43 [1/1] (1.58ns)   --->   "%store_ln128 = store i1 1, i1 %start_1" [C:/Vitis_Libraries/vision/L1/include\common/xf_infra.hpp:128]   --->   Operation 43 'store' 'store_ln128' <Predicate = true> <Delay = 1.58>
ST_3 : Operation 44 [1/1] (1.58ns)   --->   "%br_ln128 = br void" [C:/Vitis_Libraries/vision/L1/include\common/xf_infra.hpp:128]   --->   Operation 44 'br' 'br_ln128' <Predicate = true> <Delay = 1.58>

State 4 <SV = 3> <Delay = 2.47>
ST_4 : Operation 45 [1/1] (0.00ns)   --->   "%i = phi i11 0, void %.lr.ph64.i, i11 %i_3, void"   --->   Operation 45 'phi' 'i' <Predicate = true> <Delay = 0.00>
ST_4 : Operation 46 [1/1] (0.00ns)   --->   "%axi_data_V_2 = phi i24 %axi_data_V, void %.lr.ph64.i, i24 %axi_data_V_5, void"   --->   Operation 46 'phi' 'axi_data_V_2' <Predicate = true> <Delay = 0.00>
ST_4 : Operation 47 [1/1] (0.00ns)   --->   "%axi_last_V_2 = phi i1 %axi_last_V, void %.lr.ph64.i, i1 %axi_last_V_5, void"   --->   Operation 47 'phi' 'axi_last_V_2' <Predicate = true> <Delay = 0.00>
ST_4 : Operation 48 [1/1] (1.63ns)   --->   "%i_3 = add i11 %i, i11 1" [C:/Vitis_Libraries/vision/L1/include\common/xf_infra.hpp:128]   --->   Operation 48 'add' 'i_3' <Predicate = true> <Delay = 1.63> <CoreInst = "Adder">   --->   Core 1 'Adder' <Latency = 0> <II = 1> <Delay = 1.63> <FuncUnit> <Opcode : 'add' 'sub'> <InPorts = 2> <OutPorts = 1>
ST_4 : Operation 49 [1/1] (0.00ns)   --->   "%start_4 = load i1 %start_1"   --->   Operation 49 'load' 'start_4' <Predicate = true> <Delay = 0.00>
ST_4 : Operation 50 [1/1] (0.00ns)   --->   "%zext_ln128 = zext i11 %i" [C:/Vitis_Libraries/vision/L1/include\common/xf_infra.hpp:128]   --->   Operation 50 'zext' 'zext_ln128' <Predicate = true> <Delay = 0.00>
ST_4 : Operation 51 [1/1] (2.47ns)   --->   "%icmp_ln128 = icmp_slt  i32 %zext_ln128, i32 %rows" [C:/Vitis_Libraries/vision/L1/include\common/xf_infra.hpp:128]   --->   Operation 51 'icmp' 'icmp_ln128' <Predicate = true> <Delay = 2.47> <CoreInst = "Cmp">   --->   Core 9 'Cmp' <Latency = 0> <II = 1> <Delay = 2.47> <FuncUnit> <Opcode : 'icmp'> <InPorts = 2> <OutPorts = 1>
ST_4 : Operation 52 [1/1] (0.00ns)   --->   "%speclooptripcount_ln0 = speclooptripcount void @_ssdm_op_SpecLoopTripCount, i64 0, i64 1080, i64 0"   --->   Operation 52 'speclooptripcount' 'speclooptripcount_ln0' <Predicate = true> <Delay = 0.00>
ST_4 : Operation 53 [1/1] (0.00ns)   --->   "%br_ln128 = br i1 %icmp_ln128, void %.exit, void %.split2.i" [C:/Vitis_Libraries/vision/L1/include\common/xf_infra.hpp:128]   --->   Operation 53 'br' 'br_ln128' <Predicate = true> <Delay = 0.00>
ST_4 : Operation 54 [1/1] (0.00ns)   --->   "%specloopname_ln101 = specloopname void @_ssdm_op_SpecLoopName, void @empty_16" [C:/Vitis_Libraries/vision/L1/include\common/xf_infra.hpp:101]   --->   Operation 54 'specloopname' 'specloopname_ln101' <Predicate = (icmp_ln128)> <Delay = 0.00>
ST_4 : Operation 55 [1/1] (1.58ns)   --->   "%br_ln132 = br i1 %cmp743_i, void %._crit_edge.i.preheader, void %.lr.ph.i.preheader" [C:/Vitis_Libraries/vision/L1/include\common/xf_infra.hpp:132]   --->   Operation 55 'br' 'br_ln132' <Predicate = (icmp_ln128)> <Delay = 1.58>
ST_4 : Operation 56 [1/1] (1.58ns)   --->   "%br_ln132 = br void %.lr.ph.i" [C:/Vitis_Libraries/vision/L1/include\common/xf_infra.hpp:132]   --->   Operation 56 'br' 'br_ln132' <Predicate = (icmp_ln128 & cmp743_i)> <Delay = 1.58>
ST_4 : Operation 57 [1/1] (0.00ns)   --->   "%ret_ln0 = ret"   --->   Operation 57 'ret' 'ret_ln0' <Predicate = (!icmp_ln128)> <Delay = 0.00>

State 5 <SV = 4> <Delay = 2.56>
ST_5 : Operation 58 [1/1] (0.00ns)   --->   "%j = phi i11 %j_3, void %.split._crit_edge.i, i11 0, void %.lr.ph.i.preheader"   --->   Operation 58 'phi' 'j' <Predicate = true> <Delay = 0.00>
ST_5 : Operation 59 [1/1] (0.00ns)   --->   "%last = phi i1 %axi_last_V_8, void %.split._crit_edge.i, i1 0, void %.lr.ph.i.preheader"   --->   Operation 59 'phi' 'last' <Predicate = true> <Delay = 0.00>
ST_5 : Operation 60 [1/1] (0.00ns)   --->   "%start_3 = phi i1 0, void %.split._crit_edge.i, i1 %start_4, void %.lr.ph.i.preheader"   --->   Operation 60 'phi' 'start_3' <Predicate = true> <Delay = 0.00>
ST_5 : Operation 61 [1/1] (0.00ns)   --->   "%axi_data_V_3 = phi i24 %p_Val2_s, void %.split._crit_edge.i, i24 %axi_data_V_2, void %.lr.ph.i.preheader"   --->   Operation 61 'phi' 'axi_data_V_3' <Predicate = true> <Delay = 0.00>
ST_5 : Operation 62 [1/1] (0.00ns)   --->   "%axi_last_V_3 = phi i1 %axi_last_V_8, void %.split._crit_edge.i, i1 %axi_last_V_2, void %.lr.ph.i.preheader"   --->   Operation 62 'phi' 'axi_last_V_3' <Predicate = true> <Delay = 0.00>
ST_5 : Operation 63 [1/1] (1.63ns)   --->   "%j_3 = add i11 %j, i11 1" [C:/Vitis_Libraries/vision/L1/include\common/xf_infra.hpp:132]   --->   Operation 63 'add' 'j_3' <Predicate = true> <Delay = 1.63> <CoreInst = "Adder">   --->   Core 1 'Adder' <Latency = 0> <II = 1> <Delay = 1.63> <FuncUnit> <Opcode : 'add' 'sub'> <InPorts = 2> <OutPorts = 1>
ST_5 : Operation 64 [1/1] (0.00ns)   --->   "%zext_ln132 = zext i11 %j" [C:/Vitis_Libraries/vision/L1/include\common/xf_infra.hpp:132]   --->   Operation 64 'zext' 'zext_ln132' <Predicate = true> <Delay = 0.00>
ST_5 : Operation 65 [1/1] (2.47ns)   --->   "%icmp_ln132 = icmp_eq  i32 %zext_ln132, i32 %cols" [C:/Vitis_Libraries/vision/L1/include\common/xf_infra.hpp:132]   --->   Operation 65 'icmp' 'icmp_ln132' <Predicate = true> <Delay = 2.47> <CoreInst = "Cmp">   --->   Core 9 'Cmp' <Latency = 0> <II = 1> <Delay = 2.47> <FuncUnit> <Opcode : 'icmp'> <InPorts = 2> <OutPorts = 1>
ST_5 : Operation 66 [1/1] (0.00ns)   --->   "%speclooptripcount_ln0 = speclooptripcount void @_ssdm_op_SpecLoopTripCount, i64 1, i64 1920, i64 0"   --->   Operation 66 'speclooptripcount' 'speclooptripcount_ln0' <Predicate = true> <Delay = 0.00>
ST_5 : Operation 67 [1/1] (0.00ns)   --->   "%br_ln132 = br i1 %icmp_ln132, void %.split.i, void %._crit_edge.i.loopexit" [C:/Vitis_Libraries/vision/L1/include\common/xf_infra.hpp:132]   --->   Operation 67 'br' 'br_ln132' <Predicate = true> <Delay = 0.00>
ST_5 : Operation 68 [1/1] (0.00ns)   --->   "%specpipeline_ln101 = specpipeline void @_ssdm_op_SpecPipeline, i32 1, i32 0, i32 0, i32 0, void @empty_4" [C:/Vitis_Libraries/vision/L1/include\common/xf_infra.hpp:101]   --->   Operation 68 'specpipeline' 'specpipeline_ln101' <Predicate = (!icmp_ln132)> <Delay = 0.00>
ST_5 : Operation 69 [1/1] (0.00ns)   --->   "%specloopname_ln101 = specloopname void @_ssdm_op_SpecLoopName, void @empty_14" [C:/Vitis_Libraries/vision/L1/include\common/xf_infra.hpp:101]   --->   Operation 69 'specloopname' 'specloopname_ln101' <Predicate = (!icmp_ln132)> <Delay = 0.00>
ST_5 : Operation 70 [1/1] (0.97ns)   --->   "%or_ln138 = or i1 %start_3, i1 %last" [C:/Vitis_Libraries/vision/L1/include\common/xf_infra.hpp:138]   --->   Operation 70 'or' 'or_ln138' <Predicate = (!icmp_ln132)> <Delay = 0.97> <CoreInst = "LogicGate">   --->   Core 74 'LogicGate' <Latency = 0> <II = 1> <Delay = 0.97> <FuncUnit> <Opcode : 'and' 'or' 'xor'> <InPorts = 2> <OutPorts = 1>
ST_5 : Operation 71 [1/1] (1.58ns)   --->   "%br_ln138 = br i1 %or_ln138, void, void %.split._crit_edge.i" [C:/Vitis_Libraries/vision/L1/include\common/xf_infra.hpp:138]   --->   Operation 71 'br' 'br_ln138' <Predicate = (!icmp_ln132)> <Delay = 1.58>
ST_5 : Operation 72 [1/1] (0.00ns)   --->   "%empty_106 = read i34 @_ssdm_op_Read.axis.volatile.i24P0A.i3P0A.i3P0A.i1P0A.i1P0A.i1P0A.i1P0A, i24 %AXI_video_strm_V_data_V, i3 %AXI_video_strm_V_keep_V, i3 %AXI_video_strm_V_strb_V, i1 %AXI_video_strm_V_user_V, i1 %AXI_video_strm_V_last_V, i1 %AXI_video_strm_V_id_V, i1 %AXI_video_strm_V_dest_V"   --->   Operation 72 'read' 'empty_106' <Predicate = (!icmp_ln132 & !or_ln138)> <Delay = 0.00> <CoreInst = "axis">   --->   Core 115 'axis' <Latency = 0> <II = 1> <Delay = 1.00> <Adapter> <Opcode : >
ST_5 : Operation 73 [1/1] (0.00ns)   --->   "%axi_data_V_4 = extractvalue i34 %empty_106"   --->   Operation 73 'extractvalue' 'axi_data_V_4' <Predicate = (!icmp_ln132 & !or_ln138)> <Delay = 0.00>
ST_5 : Operation 74 [1/1] (0.00ns)   --->   "%axi_last_V_4 = extractvalue i34 %empty_106"   --->   Operation 74 'extractvalue' 'axi_last_V_4' <Predicate = (!icmp_ln132 & !or_ln138)> <Delay = 0.00>
ST_5 : Operation 75 [1/1] (1.58ns)   --->   "%br_ln0 = br void %.split._crit_edge.i"   --->   Operation 75 'br' 'br_ln0' <Predicate = (!icmp_ln132 & !or_ln138)> <Delay = 1.58>
ST_5 : Operation 76 [1/1] (0.00ns)   --->   "%axi_last_V_8 = phi i1 %axi_last_V_4, void, i1 %axi_last_V_3, void %.split.i"   --->   Operation 76 'phi' 'axi_last_V_8' <Predicate = (!icmp_ln132)> <Delay = 0.00>
ST_5 : Operation 77 [1/1] (0.00ns)   --->   "%p_Val2_s = phi i24 %axi_data_V_4, void, i24 %axi_data_V_3, void %.split.i"   --->   Operation 77 'phi' 'p_Val2_s' <Predicate = (!icmp_ln132)> <Delay = 0.00>
ST_5 : Operation 78 [1/1] (0.00ns)   --->   "%br_ln0 = br void %.lr.ph.i"   --->   Operation 78 'br' 'br_ln0' <Predicate = (!icmp_ln132)> <Delay = 0.00>

State 6 <SV = 5> <Delay = 3.63>
ST_6 : Operation 79 [1/1] (3.63ns)   --->   "%write_ln174 = write void @_ssdm_op_Write.ap_fifo.volatile.i24P0A, i24 %img_in_432, i24 %p_Val2_s" [C:/Xilinx/Vitis_HLS/2020.2/common/technology/autopilot/hls_stream_39.h:174]   --->   Operation 79 'write' 'write_ln174' <Predicate = (!icmp_ln132)> <Delay = 3.63> <CoreInst = "FIFO_SRL">   --->   Core 81 'FIFO_SRL' <Latency = 0> <II = 1> <Delay = 3.63> <Storage> <Opcode : 'read' 'write' 'nbread' 'nbwrite'> <Ports = 0> <Width = 24> <Depth = 2> <FIFO>

State 7 <SV = 5> <Delay = 1.58>
ST_7 : Operation 80 [1/1] (1.58ns)   --->   "%store_ln0 = store i1 0, i1 %start_1"   --->   Operation 80 'store' 'store_ln0' <Predicate = (cmp743_i)> <Delay = 1.58>
ST_7 : Operation 81 [1/1] (1.58ns)   --->   "%br_ln0 = br void %._crit_edge.i.preheader"   --->   Operation 81 'br' 'br_ln0' <Predicate = (cmp743_i)> <Delay = 1.58>
ST_7 : Operation 82 [1/1] (0.00ns)   --->   "%axi_last_V_5_ph = phi i1 %axi_last_V_2, void %.split2.i, i1 %last, void %._crit_edge.i.loopexit"   --->   Operation 82 'phi' 'axi_last_V_5_ph' <Predicate = true> <Delay = 0.00>
ST_7 : Operation 83 [1/1] (0.00ns)   --->   "%axi_data_V_5_ph = phi i24 %axi_data_V_2, void %.split2.i, i24 %axi_data_V_3, void %._crit_edge.i.loopexit"   --->   Operation 83 'phi' 'axi_data_V_5_ph' <Predicate = true> <Delay = 0.00>
ST_7 : Operation 84 [1/1] (0.00ns)   --->   "%last_1_ph = phi i1 0, void %.split2.i, i1 %last, void %._crit_edge.i.loopexit"   --->   Operation 84 'phi' 'last_1_ph' <Predicate = true> <Delay = 0.00>
ST_7 : Operation 85 [1/1] (1.58ns)   --->   "%br_ln158 = br void %._crit_edge.i" [C:/Vitis_Libraries/vision/L1/include\common/xf_infra.hpp:158]   --->   Operation 85 'br' 'br_ln158' <Predicate = true> <Delay = 1.58>

State 8 <SV = 6> <Delay = 0.00>
ST_8 : Operation 86 [1/1] (0.00ns)   --->   "%axi_last_V_5 = phi i1 %axi_last_V_9, void, i1 %axi_last_V_5_ph, void %._crit_edge.i.preheader"   --->   Operation 86 'phi' 'axi_last_V_5' <Predicate = true> <Delay = 0.00>
ST_8 : Operation 87 [1/1] (0.00ns)   --->   "%axi_data_V_5 = phi i24 %axi_data_V_7, void, i24 %axi_data_V_5_ph, void %._crit_edge.i.preheader"   --->   Operation 87 'phi' 'axi_data_V_5' <Predicate = true> <Delay = 0.00>
ST_8 : Operation 88 [1/1] (0.00ns)   --->   "%last_1 = phi i1 %axi_last_V_9, void, i1 %last_1_ph, void %._crit_edge.i.preheader"   --->   Operation 88 'phi' 'last_1' <Predicate = true> <Delay = 0.00>
ST_8 : Operation 89 [1/1] (0.00ns)   --->   "%br_ln158 = br i1 %last_1, void, void" [C:/Vitis_Libraries/vision/L1/include\common/xf_infra.hpp:158]   --->   Operation 89 'br' 'br_ln158' <Predicate = true> <Delay = 0.00>
ST_8 : Operation 90 [1/1] (0.00ns)   --->   "%specpipeline_ln283 = specpipeline void @_ssdm_op_SpecPipeline, i32 1, i32 0, i32 0, i32 0, void @empty_4"   --->   Operation 90 'specpipeline' 'specpipeline_ln283' <Predicate = (!last_1)> <Delay = 0.00>
ST_8 : Operation 91 [1/1] (0.00ns)   --->   "%speclooptripcount_ln283 = speclooptripcount void @_ssdm_op_SpecLoopTripCount, i64 0, i64 1, i64 1"   --->   Operation 91 'speclooptripcount' 'speclooptripcount_ln283' <Predicate = (!last_1)> <Delay = 0.00>
ST_8 : Operation 92 [1/1] (0.00ns)   --->   "%specloopname_ln283 = specloopname void @_ssdm_op_SpecLoopName, void @empty_15"   --->   Operation 92 'specloopname' 'specloopname_ln283' <Predicate = (!last_1)> <Delay = 0.00>
ST_8 : Operation 93 [1/1] (0.00ns)   --->   "%empty_107 = read i34 @_ssdm_op_Read.axis.volatile.i24P0A.i3P0A.i3P0A.i1P0A.i1P0A.i1P0A.i1P0A, i24 %AXI_video_strm_V_data_V, i3 %AXI_video_strm_V_keep_V, i3 %AXI_video_strm_V_strb_V, i1 %AXI_video_strm_V_user_V, i1 %AXI_video_strm_V_last_V, i1 %AXI_video_strm_V_id_V, i1 %AXI_video_strm_V_dest_V"   --->   Operation 93 'read' 'empty_107' <Predicate = (!last_1)> <Delay = 0.00> <CoreInst = "axis">   --->   Core 115 'axis' <Latency = 0> <II = 1> <Delay = 1.00> <Adapter> <Opcode : >
ST_8 : Operation 94 [1/1] (0.00ns)   --->   "%axi_data_V_7 = extractvalue i34 %empty_107"   --->   Operation 94 'extractvalue' 'axi_data_V_7' <Predicate = (!last_1)> <Delay = 0.00>
ST_8 : Operation 95 [1/1] (0.00ns)   --->   "%axi_last_V_9 = extractvalue i34 %empty_107"   --->   Operation 95 'extractvalue' 'axi_last_V_9' <Predicate = (!last_1)> <Delay = 0.00>
ST_8 : Operation 96 [1/1] (0.00ns)   --->   "%br_ln158 = br void %._crit_edge.i" [C:/Vitis_Libraries/vision/L1/include\common/xf_infra.hpp:158]   --->   Operation 96 'br' 'br_ln158' <Predicate = (!last_1)> <Delay = 0.00>

State 9 <SV = 7> <Delay = 0.00>
ST_9 : Operation 97 [1/1] (0.00ns)   --->   "%br_ln0 = br void"   --->   Operation 97 'br' 'br_ln0' <Predicate = true> <Delay = 0.00>


============================================================
+ Verbose Summary: Binding
============================================================
STG Binding: 
---------------- STG Properties BEGIN ----------------
- Is combinational: 0
- Is one-state seq: 0
- Is datapath-only: 0
- Is pipelined: 0
- Is top level: 0
Port [ Return ] is wired: 1; IO mode=ap_ctrl_hs:ce=0
Port [ img_in_432]:  wired=1; compound=1; hidden=0; nouse=0; global=0; static=0; extern=0; dir=1; type=3; pingpong=0; private_global=0; IO mode=ap_fifo:ce=0
Port [ AXI_video_strm_V_data_V]:  wired=1; compound=1; hidden=0; nouse=0; global=0; static=0; extern=0; dir=0; type=0; pingpong=0; private_global=0; IO mode=axis:ce=0
Port [ AXI_video_strm_V_keep_V]:  wired=1; compound=1; hidden=0; nouse=0; global=0; static=0; extern=0; dir=0; type=0; pingpong=0; private_global=0; IO mode=axis:ce=0
Port [ AXI_video_strm_V_strb_V]:  wired=1; compound=1; hidden=0; nouse=0; global=0; static=0; extern=0; dir=0; type=0; pingpong=0; private_global=0; IO mode=axis:ce=0
Port [ AXI_video_strm_V_user_V]:  wired=1; compound=1; hidden=0; nouse=0; global=0; static=0; extern=0; dir=0; type=0; pingpong=0; private_global=0; IO mode=axis:ce=0
Port [ AXI_video_strm_V_last_V]:  wired=1; compound=1; hidden=0; nouse=0; global=0; static=0; extern=0; dir=0; type=0; pingpong=0; private_global=0; IO mode=axis:ce=0
Port [ AXI_video_strm_V_id_V]:  wired=1; compound=1; hidden=0; nouse=0; global=0; static=0; extern=0; dir=0; type=0; pingpong=0; private_global=0; IO mode=axis:ce=0
Port [ AXI_video_strm_V_dest_V]:  wired=1; compound=1; hidden=0; nouse=0; global=0; static=0; extern=0; dir=0; type=0; pingpong=0; private_global=0; IO mode=axis:ce=0
Port [ img_1]:  wired=1; compound=1; hidden=0; nouse=0; global=0; static=0; extern=0; dir=0; type=3; pingpong=0; private_global=0; IO mode=ap_fifo:ce=0
Port [ img_2]:  wired=1; compound=1; hidden=0; nouse=0; global=0; static=0; extern=0; dir=0; type=3; pingpong=0; private_global=0; IO mode=ap_fifo:ce=0
Port [ img_1_out]:  wired=1; compound=1; hidden=0; nouse=0; global=0; static=0; extern=0; dir=1; type=3; pingpong=0; private_global=0; IO mode=ap_fifo:ce=0
Port [ img_2_out]:  wired=1; compound=1; hidden=0; nouse=0; global=0; static=0; extern=0; dir=1; type=3; pingpong=0; private_global=0; IO mode=ap_fifo:ce=0
---------------- STG Properties END ------------------

---------------- Datapath Model BEGIN ----------------

<LifeTime>
<method=bitvector/>
specinterface_ln0       (specinterface    ) [ 0000000000]
specinterface_ln0       (specinterface    ) [ 0000000000]
specinterface_ln0       (specinterface    ) [ 0000000000]
specinterface_ln0       (specinterface    ) [ 0000000000]
specinterface_ln0       (specinterface    ) [ 0000000000]
specinterface_ln0       (specinterface    ) [ 0000000000]
specinterface_ln0       (specinterface    ) [ 0000000000]
specinterface_ln0       (specinterface    ) [ 0000000000]
specinterface_ln0       (specinterface    ) [ 0000000000]
specinterface_ln0       (specinterface    ) [ 0000000000]
rows                    (read             ) [ 0011111111]
cols                    (read             ) [ 0011111111]
specinterface_ln0       (specinterface    ) [ 0000000000]
write_ln106             (write            ) [ 0000000000]
specinterface_ln0       (specinterface    ) [ 0000000000]
write_ln107             (write            ) [ 0000000000]
specinterface_ln0       (specinterface    ) [ 0000000000]
specinterface_ln0       (specinterface    ) [ 0000000000]
br_ln111                (br               ) [ 0110000000]
axi_last_V              (phi              ) [ 0011111111]
axi_data_V              (phi              ) [ 0011111111]
start                   (phi              ) [ 0010000000]
br_ln117                (br               ) [ 0000000000]
specpipeline_ln283      (specpipeline     ) [ 0000000000]
speclooptripcount_ln283 (speclooptripcount) [ 0000000000]
specloopname_ln283      (specloopname     ) [ 0000000000]
empty                   (read             ) [ 0000000000]
axi_data_V_1            (extractvalue     ) [ 0110000000]
axi_user_V              (extractvalue     ) [ 0110000000]
axi_last_V_1            (extractvalue     ) [ 0110000000]
br_ln117                (br               ) [ 0110000000]
start_1                 (alloca           ) [ 0001111111]
cmp743_i                (icmp             ) [ 0000111111]
store_ln128             (store            ) [ 0000000000]
br_ln128                (br               ) [ 0001111111]
i                       (phi              ) [ 0000100000]
axi_data_V_2            (phi              ) [ 0000111100]
axi_last_V_2            (phi              ) [ 0000111100]
i_3                     (add              ) [ 0001111111]
start_4                 (load             ) [ 0000111111]
zext_ln128              (zext             ) [ 0000000000]
icmp_ln128              (icmp             ) [ 0000111111]
speclooptripcount_ln0   (speclooptripcount) [ 0000000000]
br_ln128                (br               ) [ 0000000000]
specloopname_ln101      (specloopname     ) [ 0000000000]
br_ln132                (br               ) [ 0000111111]
br_ln132                (br               ) [ 0000111111]
ret_ln0                 (ret              ) [ 0000000000]
j                       (phi              ) [ 0000011000]
last                    (phi              ) [ 0000111111]
start_3                 (phi              ) [ 0000011000]
axi_data_V_3            (phi              ) [ 0000111111]
axi_last_V_3            (phi              ) [ 0000011000]
j_3                     (add              ) [ 0000111111]
zext_ln132              (zext             ) [ 0000000000]
icmp_ln132              (icmp             ) [ 0000111111]
speclooptripcount_ln0   (speclooptripcount) [ 0000000000]
br_ln132                (br               ) [ 0000000000]
specpipeline_ln101      (specpipeline     ) [ 0000000000]
specloopname_ln101      (specloopname     ) [ 0000000000]
or_ln138                (or               ) [ 0000111111]
br_ln138                (br               ) [ 0000000000]
empty_106               (read             ) [ 0000000000]
axi_data_V_4            (extractvalue     ) [ 0000000000]
axi_last_V_4            (extractvalue     ) [ 0000000000]
br_ln0                  (br               ) [ 0000000000]
axi_last_V_8            (phi              ) [ 0000111111]
p_Val2_s                (phi              ) [ 0000111111]
br_ln0                  (br               ) [ 0000111111]
write_ln174             (write            ) [ 0000000000]
store_ln0               (store            ) [ 0000000000]
br_ln0                  (br               ) [ 0000000000]
axi_last_V_5_ph         (phi              ) [ 0000011110]
axi_data_V_5_ph         (phi              ) [ 0000011110]
last_1_ph               (phi              ) [ 0000011110]
br_ln158                (br               ) [ 0000111111]
axi_last_V_5            (phi              ) [ 0001100011]
axi_data_V_5            (phi              ) [ 0001100011]
last_1                  (phi              ) [ 0000000010]
br_ln158                (br               ) [ 0000000000]
specpipeline_ln283      (specpipeline     ) [ 0000000000]
speclooptripcount_ln283 (speclooptripcount) [ 0000000000]
specloopname_ln283      (specloopname     ) [ 0000000000]
empty_107               (read             ) [ 0000000000]
axi_data_V_7            (extractvalue     ) [ 0000111111]
axi_last_V_9            (extractvalue     ) [ 0000111111]
br_ln158                (br               ) [ 0000111111]
br_ln0                  (br               ) [ 0001111111]
</LifeTime>

<model>

<comp_list>
<comp id="0" class="1000" name="img_in_432">
<pin_list>
<pin id="1" dir="1" index="0" bw="1" slack="0"/>
</pin_list>
<bind>
<StgValue><ssdm name="img_in_432"/></StgValue>
</bind>
</comp>

<comp id="2" class="1000" name="AXI_video_strm_V_data_V">
<pin_list>
<pin id="3" dir="1" index="0" bw="1" slack="0"/>
</pin_list>
<bind>
<StgValue><ssdm name="AXI_video_strm_V_data_V"/></StgValue>
</bind>
</comp>

<comp id="4" class="1000" name="AXI_video_strm_V_keep_V">
<pin_list>
<pin id="5" dir="1" index="0" bw="1" slack="0"/>
</pin_list>
<bind>
<StgValue><ssdm name="AXI_video_strm_V_keep_V"/></StgValue>
</bind>
</comp>

<comp id="6" class="1000" name="AXI_video_strm_V_strb_V">
<pin_list>
<pin id="7" dir="1" index="0" bw="1" slack="0"/>
</pin_list>
<bind>
<StgValue><ssdm name="AXI_video_strm_V_strb_V"/></StgValue>
</bind>
</comp>

<comp id="8" class="1000" name="AXI_video_strm_V_user_V">
<pin_list>
<pin id="9" dir="1" index="0" bw="1" slack="0"/>
</pin_list>
<bind>
<StgValue><ssdm name="AXI_video_strm_V_user_V"/></StgValue>
</bind>
</comp>

<comp id="10" class="1000" name="AXI_video_strm_V_last_V">
<pin_list>
<pin id="11" dir="1" index="0" bw="1" slack="0"/>
</pin_list>
<bind>
<StgValue><ssdm name="AXI_video_strm_V_last_V"/></StgValue>
</bind>
</comp>

<comp id="12" class="1000" name="AXI_video_strm_V_id_V">
<pin_list>
<pin id="13" dir="1" index="0" bw="1" slack="0"/>
</pin_list>
<bind>
<StgValue><ssdm name="AXI_video_strm_V_id_V"/></StgValue>
</bind>
</comp>

<comp id="14" class="1000" name="AXI_video_strm_V_dest_V">
<pin_list>
<pin id="15" dir="1" index="0" bw="1" slack="0"/>
</pin_list>
<bind>
<StgValue><ssdm name="AXI_video_strm_V_dest_V"/></StgValue>
</bind>
</comp>

<comp id="16" class="1000" name="img_1">
<pin_list>
<pin id="17" dir="1" index="0" bw="1" slack="0"/>
</pin_list>
<bind>
<StgValue><ssdm name="img_1"/></StgValue>
</bind>
</comp>

<comp id="18" class="1000" name="img_2">
<pin_list>
<pin id="19" dir="1" index="0" bw="1" slack="0"/>
</pin_list>
<bind>
<StgValue><ssdm name="img_2"/></StgValue>
</bind>
</comp>

<comp id="20" class="1000" name="img_1_out">
<pin_list>
<pin id="21" dir="1" index="0" bw="1" slack="0"/>
</pin_list>
<bind>
<StgValue><ssdm name="img_1_out"/></StgValue>
</bind>
</comp>

<comp id="22" class="1000" name="img_2_out">
<pin_list>
<pin id="23" dir="1" index="0" bw="1" slack="0"/>
</pin_list>
<bind>
<StgValue><ssdm name="img_2_out"/></StgValue>
</bind>
</comp>

<comp id="24" class="1001" name="const_24">
<pin_list>
<pin id="25" dir="1" index="0" bw="1" slack="2147483647"/>
</pin_list>
<bind>
<StgValue><ssdm name="_ssdm_op_SpecInterface"/></StgValue>
</bind>
</comp>

<comp id="26" class="1001" name="const_26">
<pin_list>
<pin id="27" dir="1" index="0" bw="1" slack="2147483647"/>
</pin_list>
<bind>
<StgValue><ssdm name="empty_12"/></StgValue>
</bind>
</comp>

<comp id="28" class="1001" name="const_28">
<pin_list>
<pin id="29" dir="1" index="0" bw="1" slack="0"/>
</pin_list>
<bind>
<StgValue><ssdm name=""/></StgValue>
</bind>
</comp>

<comp id="30" class="1001" name="const_30">
<pin_list>
<pin id="31" dir="1" index="0" bw="1" slack="2147483647"/>
</pin_list>
<bind>
<StgValue><ssdm name="empty_4"/></StgValue>
</bind>
</comp>

<comp id="32" class="1001" name="const_32">
<pin_list>
<pin id="33" dir="1" index="0" bw="1" slack="2147483647"/>
</pin_list>
<bind>
<StgValue><ssdm name="empty_2"/></StgValue>
</bind>
</comp>

<comp id="34" class="1001" name="const_34">
<pin_list>
<pin id="35" dir="1" index="0" bw="1" slack="0"/>
</pin_list>
<bind>
<StgValue><ssdm name=""/></StgValue>
</bind>
</comp>

<comp id="36" class="1001" name="const_36">
<pin_list>
<pin id="37" dir="1" index="0" bw="1" slack="2147483647"/>
</pin_list>
<bind>
<StgValue><ssdm name="empty_24"/></StgValue>
</bind>
</comp>

<comp id="38" class="1001" name="const_38">
<pin_list>
<pin id="39" dir="1" index="0" bw="1" slack="2147483647"/>
</pin_list>
<bind>
<StgValue><ssdm name="ap_fifo_str"/></StgValue>
</bind>
</comp>

<comp id="40" class="1001" name="const_40">
<pin_list>
<pin id="41" dir="1" index="0" bw="1" slack="2147483647"/>
</pin_list>
<bind>
<StgValue><ssdm name="p_str"/></StgValue>
</bind>
</comp>

<comp id="42" class="1001" name="const_42">
<pin_list>
<pin id="43" dir="1" index="0" bw="1" slack="2147483647"/>
</pin_list>
<bind>
<StgValue><ssdm name=""/></StgValue>
</bind>
</comp>

<comp id="44" class="1001" name="const_44">
<pin_list>
<pin id="45" dir="1" index="0" bw="1" slack="2147483647"/>
</pin_list>
<bind>
<StgValue><ssdm name=""/></StgValue>
</bind>
</comp>

<comp id="46" class="1001" name="const_46">
<pin_list>
<pin id="47" dir="1" index="0" bw="1" slack="2147483647"/>
</pin_list>
<bind>
<StgValue><ssdm name="ScalarProp_str"/></StgValue>
</bind>
</comp>

<comp id="48" class="1001" name="const_48">
<pin_list>
<pin id="49" dir="1" index="0" bw="1" slack="0"/>
</pin_list>
<bind>
<StgValue><ssdm name="_ssdm_op_Read.ap_fifo.i32P0A"/></StgValue>
</bind>
</comp>

<comp id="50" class="1001" name="const_50">
<pin_list>
<pin id="51" dir="1" index="0" bw="1" slack="0"/>
</pin_list>
<bind>
<StgValue><ssdm name="_ssdm_op_Write.ap_fifo.i32P0A"/></StgValue>
</bind>
</comp>

<comp id="52" class="1001" name="const_52">
<pin_list>
<pin id="53" dir="1" index="0" bw="1" slack="1"/>
</pin_list>
<bind>
<StgValue><ssdm name=""/></StgValue>
</bind>
</comp>

<comp id="54" class="1001" name="const_54">
<pin_list>
<pin id="55" dir="1" index="0" bw="1" slack="1"/>
</pin_list>
<bind>
<StgValue><ssdm name=""/></StgValue>
</bind>
</comp>

<comp id="56" class="1001" name="const_56">
<pin_list>
<pin id="57" dir="1" index="0" bw="1" slack="0"/>
</pin_list>
<bind>
<StgValue><ssdm name=""/></StgValue>
</bind>
</comp>

<comp id="58" class="1001" name="const_58">
<pin_list>
<pin id="59" dir="1" index="0" bw="1" slack="2147483647"/>
</pin_list>
<bind>
<StgValue><ssdm name="_ssdm_op_SpecPipeline"/></StgValue>
</bind>
</comp>

<comp id="60" class="1001" name="const_60">
<pin_list>
<pin id="61" dir="1" index="0" bw="1" slack="2147483647"/>
</pin_list>
<bind>
<StgValue><ssdm name="_ssdm_op_SpecLoopTripCount"/></StgValue>
</bind>
</comp>

<comp id="62" class="1001" name="const_62">
<pin_list>
<pin id="63" dir="1" index="0" bw="1" slack="2147483647"/>
</pin_list>
<bind>
<StgValue><ssdm name=""/></StgValue>
</bind>
</comp>

<comp id="64" class="1001" name="const_64">
<pin_list>
<pin id="65" dir="1" index="0" bw="1" slack="2147483647"/>
</pin_list>
<bind>
<StgValue><ssdm name=""/></StgValue>
</bind>
</comp>

<comp id="66" class="1001" name="const_66">
<pin_list>
<pin id="67" dir="1" index="0" bw="1" slack="2147483647"/>
</pin_list>
<bind>
<StgValue><ssdm name="_ssdm_op_SpecLoopName"/></StgValue>
</bind>
</comp>

<comp id="68" class="1001" name="const_68">
<pin_list>
<pin id="69" dir="1" index="0" bw="1" slack="2147483647"/>
</pin_list>
<bind>
<StgValue><ssdm name="empty_17"/></StgValue>
</bind>
</comp>

<comp id="70" class="1001" name="const_70">
<pin_list>
<pin id="71" dir="1" index="0" bw="1" slack="0"/>
</pin_list>
<bind>
<StgValue><ssdm name="_ssdm_op_Read.axis.volatile.i24P0A.i3P0A.i3P0A.i1P0A.i1P0A.i1P0A.i1P0A"/></StgValue>
</bind>
</comp>

<comp id="72" class="1001" name="const_72">
<pin_list>
<pin id="73" dir="1" index="0" bw="1" slack="0"/>
</pin_list>
<bind>
<StgValue><ssdm name=""/></StgValue>
</bind>
</comp>

<comp id="74" class="1001" name="const_74">
<pin_list>
<pin id="75" dir="1" index="0" bw="1" slack="1"/>
</pin_list>
<bind>
<StgValue><ssdm name=""/></StgValue>
</bind>
</comp>

<comp id="76" class="1001" name="const_76">
<pin_list>
<pin id="77" dir="1" index="0" bw="1" slack="0"/>
</pin_list>
<bind>
<StgValue><ssdm name=""/></StgValue>
</bind>
</comp>

<comp id="78" class="1001" name="const_78">
<pin_list>
<pin id="79" dir="1" index="0" bw="1" slack="2147483647"/>
</pin_list>
<bind>
<StgValue><ssdm name=""/></StgValue>
</bind>
</comp>

<comp id="80" class="1001" name="const_80">
<pin_list>
<pin id="81" dir="1" index="0" bw="1" slack="2147483647"/>
</pin_list>
<bind>
<StgValue><ssdm name="empty_16"/></StgValue>
</bind>
</comp>

<comp id="82" class="1001" name="const_82">
<pin_list>
<pin id="83" dir="1" index="0" bw="1" slack="2147483647"/>
</pin_list>
<bind>
<StgValue><ssdm name=""/></StgValue>
</bind>
</comp>

<comp id="84" class="1001" name="const_84">
<pin_list>
<pin id="85" dir="1" index="0" bw="1" slack="2147483647"/>
</pin_list>
<bind>
<StgValue><ssdm name="empty_14"/></StgValue>
</bind>
</comp>

<comp id="86" class="1001" name="const_86">
<pin_list>
<pin id="87" dir="1" index="0" bw="1" slack="0"/>
</pin_list>
<bind>
<StgValue><ssdm name="_ssdm_op_Write.ap_fifo.volatile.i24P0A"/></StgValue>
</bind>
</comp>

<comp id="88" class="1001" name="const_88">
<pin_list>
<pin id="89" dir="1" index="0" bw="1" slack="2147483647"/>
</pin_list>
<bind>
<StgValue><ssdm name="empty_15"/></StgValue>
</bind>
</comp>

<comp id="90" class="1004" name="start_1_fu_90">
<pin_list>
<pin id="91" dir="0" index="0" bw="1" slack="0"/>
<pin id="92" dir="1" index="1" bw="1" slack="0"/>
</pin_list>
<bind>
<opcode="alloca(26) " fcode="alloca"/>
<opset="start_1/3 "/>
</bind>
</comp>

<comp id="94" class="1004" name="rows_read_fu_94">
<pin_list>
<pin id="95" dir="0" index="0" bw="32" slack="0"/>
<pin id="96" dir="0" index="1" bw="32" slack="0"/>
<pin id="97" dir="1" index="2" bw="32" slack="0"/>
</pin_list>
<bind>
<opcode="read(1150) " fcode="read"/>
<opset="rows/1 "/>
</bind>
</comp>

<comp id="100" class="1004" name="cols_read_fu_100">
<pin_list>
<pin id="101" dir="0" index="0" bw="32" slack="0"/>
<pin id="102" dir="0" index="1" bw="32" slack="0"/>
<pin id="103" dir="1" index="2" bw="32" slack="0"/>
</pin_list>
<bind>
<opcode="read(1150) " fcode="read"/>
<opset="cols/1 "/>
</bind>
</comp>

<comp id="106" class="1004" name="write_ln106_write_fu_106">
<pin_list>
<pin id="107" dir="0" index="0" bw="0" slack="0"/>
<pin id="108" dir="0" index="1" bw="32" slack="0"/>
<pin id="109" dir="0" index="2" bw="32" slack="0"/>
<pin id="110" dir="1" index="3" bw="0" slack="2147483647"/>
</pin_list>
<bind>
<opcode="write(1151) " fcode="write"/>
<opset="write_ln106/1 "/>
</bind>
</comp>

<comp id="114" class="1004" name="write_ln107_write_fu_114">
<pin_list>
<pin id="115" dir="0" index="0" bw="0" slack="0"/>
<pin id="116" dir="0" index="1" bw="32" slack="0"/>
<pin id="117" dir="0" index="2" bw="32" slack="0"/>
<pin id="118" dir="1" index="3" bw="0" slack="2147483647"/>
</pin_list>
<bind>
<opcode="write(1151) " fcode="write"/>
<opset="write_ln107/1 "/>
</bind>
</comp>

<comp id="122" class="1004" name="grp_read_fu_122">
<pin_list>
<pin id="123" dir="0" index="0" bw="34" slack="0"/>
<pin id="124" dir="0" index="1" bw="24" slack="0"/>
<pin id="125" dir="0" index="2" bw="3" slack="0"/>
<pin id="126" dir="0" index="3" bw="3" slack="0"/>
<pin id="127" dir="0" index="4" bw="1" slack="0"/>
<pin id="128" dir="0" index="5" bw="1" slack="0"/>
<pin id="129" dir="0" index="6" bw="1" slack="0"/>
<pin id="130" dir="0" index="7" bw="1" slack="0"/>
<pin id="131" dir="1" index="8" bw="34" slack="0"/>
</pin_list>
<bind>
<opcode="read(1150) " fcode="read"/>
<opset="empty/2 empty_106/5 empty_107/8 "/>
</bind>
</comp>

<comp id="140" class="1004" name="write_ln174_write_fu_140">
<pin_list>
<pin id="141" dir="0" index="0" bw="0" slack="0"/>
<pin id="142" dir="0" index="1" bw="24" slack="0"/>
<pin id="143" dir="0" index="2" bw="24" slack="1"/>
<pin id="144" dir="1" index="3" bw="0" slack="2147483647"/>
</pin_list>
<bind>
<opcode="write(1151) " fcode="write"/>
<opset="write_ln174/6 "/>
</bind>
</comp>

<comp id="147" class="1005" name="axi_last_V_reg_147">
<pin_list>
<pin id="148" dir="0" index="0" bw="1" slack="1"/>
<pin id="149" dir="1" index="1" bw="1" slack="1"/>
</pin_list>
<bind>
<opset="axi_last_V (phireg) "/>
</bind>
</comp>

<comp id="151" class="1004" name="axi_last_V_phi_fu_151">
<pin_list>
<pin id="152" dir="0" index="0" bw="1" slack="0"/>
<pin id="153" dir="0" index="1" bw="0" slack="2147483647"/>
<pin id="154" dir="0" index="2" bw="1" slack="1"/>
<pin id="155" dir="0" index="3" bw="0" slack="2147483647"/>
<pin id="156" dir="1" index="4" bw="1" slack="2"/>
</pin_list>
<bind>
<opcode="phi(47) " fcode="phi"/>
<opset="axi_last_V/2 "/>
</bind>
</comp>

<comp id="159" class="1005" name="axi_data_V_reg_159">
<pin_list>
<pin id="160" dir="0" index="0" bw="24" slack="1"/>
<pin id="161" dir="1" index="1" bw="24" slack="1"/>
</pin_list>
<bind>
<opset="axi_data_V (phireg) "/>
</bind>
</comp>

<comp id="163" class="1004" name="axi_data_V_phi_fu_163">
<pin_list>
<pin id="164" dir="0" index="0" bw="24" slack="0"/>
<pin id="165" dir="0" index="1" bw="0" slack="2147483647"/>
<pin id="166" dir="0" index="2" bw="1" slack="1"/>
<pin id="167" dir="0" index="3" bw="0" slack="2147483647"/>
<pin id="168" dir="1" index="4" bw="24" slack="2"/>
</pin_list>
<bind>
<opcode="phi(47) " fcode="phi"/>
<opset="axi_data_V/2 "/>
</bind>
</comp>

<comp id="171" class="1005" name="start_reg_171">
<pin_list>
<pin id="172" dir="0" index="0" bw="1" slack="1"/>
<pin id="173" dir="1" index="1" bw="1" slack="1"/>
</pin_list>
<bind>
<opset="start (phireg) "/>
</bind>
</comp>

<comp id="175" class="1004" name="start_phi_fu_175">
<pin_list>
<pin id="176" dir="0" index="0" bw="1" slack="0"/>
<pin id="177" dir="0" index="1" bw="0" slack="2147483647"/>
<pin id="178" dir="0" index="2" bw="1" slack="1"/>
<pin id="179" dir="0" index="3" bw="0" slack="2147483647"/>
<pin id="180" dir="1" index="4" bw="1" slack="2147483647"/>
</pin_list>
<bind>
<opcode="phi(47) " fcode="phi"/>
<opset="start/2 "/>
</bind>
</comp>

<comp id="182" class="1005" name="i_reg_182">
<pin_list>
<pin id="183" dir="0" index="0" bw="11" slack="1"/>
<pin id="184" dir="1" index="1" bw="11" slack="1"/>
</pin_list>
<bind>
<opset="i (phireg) "/>
</bind>
</comp>

<comp id="186" class="1004" name="i_phi_fu_186">
<pin_list>
<pin id="187" dir="0" index="0" bw="1" slack="1"/>
<pin id="188" dir="0" index="1" bw="0" slack="2147483647"/>
<pin id="189" dir="0" index="2" bw="11" slack="0"/>
<pin id="190" dir="0" index="3" bw="0" slack="2147483647"/>
<pin id="191" dir="1" index="4" bw="11" slack="0"/>
</pin_list>
<bind>
<opcode="phi(47) " fcode="phi"/>
<opset="i/4 "/>
</bind>
</comp>

<comp id="193" class="1005" name="axi_data_V_2_reg_193">
<pin_list>
<pin id="194" dir="0" index="0" bw="24" slack="1"/>
<pin id="195" dir="1" index="1" bw="24" slack="1"/>
</pin_list>
<bind>
<opset="axi_data_V_2 (phireg) "/>
</bind>
</comp>

<comp id="196" class="1004" name="axi_data_V_2_phi_fu_196">
<pin_list>
<pin id="197" dir="0" index="0" bw="24" slack="2"/>
<pin id="198" dir="0" index="1" bw="0" slack="2147483647"/>
<pin id="199" dir="0" index="2" bw="24" slack="1"/>
<pin id="200" dir="0" index="3" bw="0" slack="2147483647"/>
<pin id="201" dir="1" index="4" bw="24" slack="1"/>
</pin_list>
<bind>
<opcode="phi(47) " fcode="phi"/>
<opset="axi_data_V_2/4 "/>
</bind>
</comp>

<comp id="204" class="1005" name="axi_last_V_2_reg_204">
<pin_list>
<pin id="205" dir="0" index="0" bw="1" slack="1"/>
<pin id="206" dir="1" index="1" bw="1" slack="1"/>
</pin_list>
<bind>
<opset="axi_last_V_2 (phireg) "/>
</bind>
</comp>

<comp id="207" class="1004" name="axi_last_V_2_phi_fu_207">
<pin_list>
<pin id="208" dir="0" index="0" bw="1" slack="2"/>
<pin id="209" dir="0" index="1" bw="0" slack="2147483647"/>
<pin id="210" dir="0" index="2" bw="1" slack="1"/>
<pin id="211" dir="0" index="3" bw="0" slack="2147483647"/>
<pin id="212" dir="1" index="4" bw="1" slack="1"/>
</pin_list>
<bind>
<opcode="phi(47) " fcode="phi"/>
<opset="axi_last_V_2/4 "/>
</bind>
</comp>

<comp id="215" class="1005" name="j_reg_215">
<pin_list>
<pin id="216" dir="0" index="0" bw="11" slack="1"/>
<pin id="217" dir="1" index="1" bw="11" slack="1"/>
</pin_list>
<bind>
<opset="j (phireg) "/>
</bind>
</comp>

<comp id="219" class="1004" name="j_phi_fu_219">
<pin_list>
<pin id="220" dir="0" index="0" bw="11" slack="0"/>
<pin id="221" dir="0" index="1" bw="0" slack="2147483647"/>
<pin id="222" dir="0" index="2" bw="1" slack="1"/>
<pin id="223" dir="0" index="3" bw="0" slack="2147483647"/>
<pin id="224" dir="1" index="4" bw="11" slack="0"/>
</pin_list>
<bind>
<opcode="phi(47) " fcode="phi"/>
<opset="j/5 "/>
</bind>
</comp>

<comp id="226" class="1005" name="last_reg_226">
<pin_list>
<pin id="227" dir="0" index="0" bw="1" slack="1"/>
<pin id="228" dir="1" index="1" bw="1" slack="1"/>
</pin_list>
<bind>
<opset="last (phireg) "/>
</bind>
</comp>

<comp id="230" class="1004" name="last_phi_fu_230">
<pin_list>
<pin id="231" dir="0" index="0" bw="1" slack="0"/>
<pin id="232" dir="0" index="1" bw="0" slack="2147483647"/>
<pin id="233" dir="0" index="2" bw="1" slack="1"/>
<pin id="234" dir="0" index="3" bw="0" slack="2147483647"/>
<pin id="235" dir="1" index="4" bw="1" slack="0"/>
</pin_list>
<bind>
<opcode="phi(47) " fcode="phi"/>
<opset="last/5 "/>
</bind>
</comp>

<comp id="238" class="1005" name="start_3_reg_238">
<pin_list>
<pin id="239" dir="0" index="0" bw="1" slack="2147483647"/>
<pin id="240" dir="1" index="1" bw="1" slack="2147483647"/>
</pin_list>
<bind>
<opset="start_3 (phireg) "/>
</bind>
</comp>

<comp id="241" class="1004" name="start_3_phi_fu_241">
<pin_list>
<pin id="242" dir="0" index="0" bw="1" slack="0"/>
<pin id="243" dir="0" index="1" bw="0" slack="2147483647"/>
<pin id="244" dir="0" index="2" bw="1" slack="1"/>
<pin id="245" dir="0" index="3" bw="0" slack="2147483647"/>
<pin id="246" dir="1" index="4" bw="1" slack="0"/>
</pin_list>
<bind>
<opcode="phi(47) " fcode="phi"/>
<opset="start_3/5 "/>
</bind>
</comp>

<comp id="248" class="1005" name="axi_data_V_3_reg_248">
<pin_list>
<pin id="249" dir="0" index="0" bw="24" slack="1"/>
<pin id="250" dir="1" index="1" bw="24" slack="1"/>
</pin_list>
<bind>
<opset="axi_data_V_3 (phireg) "/>
</bind>
</comp>

<comp id="251" class="1004" name="axi_data_V_3_phi_fu_251">
<pin_list>
<pin id="252" dir="0" index="0" bw="24" slack="0"/>
<pin id="253" dir="0" index="1" bw="0" slack="2147483647"/>
<pin id="254" dir="0" index="2" bw="24" slack="1"/>
<pin id="255" dir="0" index="3" bw="0" slack="2147483647"/>
<pin id="256" dir="1" index="4" bw="24" slack="0"/>
</pin_list>
<bind>
<opcode="phi(47) " fcode="phi"/>
<opset="axi_data_V_3/5 "/>
</bind>
</comp>

<comp id="259" class="1005" name="axi_last_V_3_reg_259">
<pin_list>
<pin id="260" dir="0" index="0" bw="1" slack="2147483647"/>
<pin id="261" dir="1" index="1" bw="1" slack="2147483647"/>
</pin_list>
<bind>
<opset="axi_last_V_3 (phireg) "/>
</bind>
</comp>

<comp id="262" class="1004" name="axi_last_V_3_phi_fu_262">
<pin_list>
<pin id="263" dir="0" index="0" bw="1" slack="0"/>
<pin id="264" dir="0" index="1" bw="0" slack="2147483647"/>
<pin id="265" dir="0" index="2" bw="1" slack="1"/>
<pin id="266" dir="0" index="3" bw="0" slack="2147483647"/>
<pin id="267" dir="1" index="4" bw="1" slack="0"/>
</pin_list>
<bind>
<opcode="phi(47) " fcode="phi"/>
<opset="axi_last_V_3/5 "/>
</bind>
</comp>

<comp id="269" class="1005" name="axi_last_V_8_reg_269">
<pin_list>
<pin id="270" dir="0" index="0" bw="1" slack="0"/>
<pin id="271" dir="1" index="1" bw="1" slack="0"/>
</pin_list>
<bind>
<opset="axi_last_V_8 (phireg) "/>
</bind>
</comp>

<comp id="274" class="1004" name="axi_last_V_8_phi_fu_274">
<pin_list>
<pin id="275" dir="0" index="0" bw="1" slack="0"/>
<pin id="276" dir="0" index="1" bw="0" slack="2147483647"/>
<pin id="277" dir="0" index="2" bw="1" slack="0"/>
<pin id="278" dir="0" index="3" bw="0" slack="2147483647"/>
<pin id="279" dir="1" index="4" bw="1" slack="0"/>
</pin_list>
<bind>
<opcode="phi(47) " fcode="phi"/>
<opset="axi_last_V_8/5 "/>
</bind>
</comp>

<comp id="282" class="1005" name="p_Val2_s_reg_282">
<pin_list>
<pin id="283" dir="0" index="0" bw="24" slack="0"/>
<pin id="284" dir="1" index="1" bw="24" slack="0"/>
</pin_list>
<bind>
<opset="p_Val2_s (phireg) "/>
</bind>
</comp>

<comp id="287" class="1004" name="p_Val2_s_phi_fu_287">
<pin_list>
<pin id="288" dir="0" index="0" bw="24" slack="0"/>
<pin id="289" dir="0" index="1" bw="0" slack="2147483647"/>
<pin id="290" dir="0" index="2" bw="24" slack="0"/>
<pin id="291" dir="0" index="3" bw="0" slack="2147483647"/>
<pin id="292" dir="1" index="4" bw="24" slack="0"/>
</pin_list>
<bind>
<opcode="phi(47) " fcode="phi"/>
<opset="p_Val2_s/5 "/>
</bind>
</comp>

<comp id="295" class="1005" name="axi_last_V_5_ph_reg_295">
<pin_list>
<pin id="296" dir="0" index="0" bw="1" slack="1"/>
<pin id="297" dir="1" index="1" bw="1" slack="1"/>
</pin_list>
<bind>
<opset="axi_last_V_5_ph (phireg) "/>
</bind>
</comp>

<comp id="298" class="1004" name="axi_last_V_5_ph_phi_fu_298">
<pin_list>
<pin id="299" dir="0" index="0" bw="1" slack="2"/>
<pin id="300" dir="0" index="1" bw="0" slack="2147483647"/>
<pin id="301" dir="0" index="2" bw="1" slack="1"/>
<pin id="302" dir="0" index="3" bw="0" slack="2147483647"/>
<pin id="303" dir="1" index="4" bw="1" slack="1"/>
</pin_list>
<bind>
<opcode="phi(47) " fcode="phi"/>
<opset="axi_last_V_5_ph/7 "/>
</bind>
</comp>

<comp id="307" class="1005" name="axi_data_V_5_ph_reg_307">
<pin_list>
<pin id="308" dir="0" index="0" bw="24" slack="1"/>
<pin id="309" dir="1" index="1" bw="24" slack="1"/>
</pin_list>
<bind>
<opset="axi_data_V_5_ph (phireg) "/>
</bind>
</comp>

<comp id="310" class="1004" name="axi_data_V_5_ph_phi_fu_310">
<pin_list>
<pin id="311" dir="0" index="0" bw="24" slack="2"/>
<pin id="312" dir="0" index="1" bw="0" slack="2147483647"/>
<pin id="313" dir="0" index="2" bw="24" slack="1"/>
<pin id="314" dir="0" index="3" bw="0" slack="2147483647"/>
<pin id="315" dir="1" index="4" bw="24" slack="1"/>
</pin_list>
<bind>
<opcode="phi(47) " fcode="phi"/>
<opset="axi_data_V_5_ph/7 "/>
</bind>
</comp>

<comp id="319" class="1005" name="last_1_ph_reg_319">
<pin_list>
<pin id="320" dir="0" index="0" bw="1" slack="1"/>
<pin id="321" dir="1" index="1" bw="1" slack="1"/>
</pin_list>
<bind>
<opset="last_1_ph (phireg) "/>
</bind>
</comp>

<comp id="323" class="1004" name="last_1_ph_phi_fu_323">
<pin_list>
<pin id="324" dir="0" index="0" bw="1" slack="2"/>
<pin id="325" dir="0" index="1" bw="0" slack="2147483647"/>
<pin id="326" dir="0" index="2" bw="1" slack="1"/>
<pin id="327" dir="0" index="3" bw="0" slack="2147483647"/>
<pin id="328" dir="1" index="4" bw="1" slack="1"/>
</pin_list>
<bind>
<opcode="phi(47) " fcode="phi"/>
<opset="last_1_ph/7 "/>
</bind>
</comp>

<comp id="332" class="1005" name="axi_last_V_5_reg_332">
<pin_list>
<pin id="333" dir="0" index="0" bw="1" slack="1"/>
<pin id="334" dir="1" index="1" bw="1" slack="1"/>
</pin_list>
<bind>
<opset="axi_last_V_5 (phireg) "/>
</bind>
</comp>

<comp id="336" class="1004" name="axi_last_V_5_phi_fu_336">
<pin_list>
<pin id="337" dir="0" index="0" bw="1" slack="0"/>
<pin id="338" dir="0" index="1" bw="0" slack="2147483647"/>
<pin id="339" dir="0" index="2" bw="1" slack="1"/>
<pin id="340" dir="0" index="3" bw="0" slack="2147483647"/>
<pin id="341" dir="1" index="4" bw="1" slack="1"/>
</pin_list>
<bind>
<opcode="phi(47) " fcode="phi"/>
<opset="axi_last_V_5/8 "/>
</bind>
</comp>

<comp id="344" class="1005" name="axi_data_V_5_reg_344">
<pin_list>
<pin id="345" dir="0" index="0" bw="24" slack="1"/>
<pin id="346" dir="1" index="1" bw="24" slack="1"/>
</pin_list>
<bind>
<opset="axi_data_V_5 (phireg) "/>
</bind>
</comp>

<comp id="348" class="1004" name="axi_data_V_5_phi_fu_348">
<pin_list>
<pin id="349" dir="0" index="0" bw="24" slack="0"/>
<pin id="350" dir="0" index="1" bw="0" slack="2147483647"/>
<pin id="351" dir="0" index="2" bw="24" slack="1"/>
<pin id="352" dir="0" index="3" bw="0" slack="2147483647"/>
<pin id="353" dir="1" index="4" bw="24" slack="1"/>
</pin_list>
<bind>
<opcode="phi(47) " fcode="phi"/>
<opset="axi_data_V_5/8 "/>
</bind>
</comp>

<comp id="356" class="1005" name="last_1_reg_356">
<pin_list>
<pin id="357" dir="0" index="0" bw="1" slack="2147483647"/>
<pin id="358" dir="1" index="1" bw="1" slack="2147483647"/>
</pin_list>
<bind>
<opset="last_1 (phireg) "/>
</bind>
</comp>

<comp id="359" class="1004" name="last_1_phi_fu_359">
<pin_list>
<pin id="360" dir="0" index="0" bw="1" slack="0"/>
<pin id="361" dir="0" index="1" bw="0" slack="2147483647"/>
<pin id="362" dir="0" index="2" bw="1" slack="1"/>
<pin id="363" dir="0" index="3" bw="0" slack="2147483647"/>
<pin id="364" dir="1" index="4" bw="1" slack="2147483647"/>
</pin_list>
<bind>
<opcode="phi(47) " fcode="phi"/>
<opset="last_1/8 "/>
</bind>
</comp>

<comp id="366" class="1004" name="grp_fu_366">
<pin_list>
<pin id="367" dir="0" index="0" bw="34" slack="0"/>
<pin id="368" dir="1" index="1" bw="24" slack="0"/>
</pin_list>
<bind>
<opcode="extractvalue(56) " fcode="extractvalue"/>
<opset="axi_data_V_1/2 axi_data_V_4/5 axi_data_V_7/8 "/>
</bind>
</comp>

<comp id="371" class="1004" name="grp_fu_371">
<pin_list>
<pin id="372" dir="0" index="0" bw="34" slack="0"/>
<pin id="373" dir="1" index="1" bw="1" slack="0"/>
</pin_list>
<bind>
<opcode="extractvalue(56) " fcode="extractvalue"/>
<opset="axi_last_V_1/2 axi_last_V_4/5 axi_last_V_9/8 "/>
</bind>
</comp>

<comp id="376" class="1005" name="reg_376">
<pin_list>
<pin id="377" dir="0" index="0" bw="24" slack="0"/>
<pin id="378" dir="1" index="1" bw="24" slack="0"/>
</pin_list>
<bind>
<opset="axi_data_V_1 axi_data_V_7 "/>
</bind>
</comp>

<comp id="382" class="1004" name="axi_user_V_fu_382">
<pin_list>
<pin id="383" dir="0" index="0" bw="34" slack="0"/>
<pin id="384" dir="1" index="1" bw="1" slack="0"/>
</pin_list>
<bind>
<opcode="extractvalue(56) " fcode="extractvalue"/>
<opset="axi_user_V/2 "/>
</bind>
</comp>

<comp id="386" class="1004" name="cmp743_i_fu_386">
<pin_list>
<pin id="387" dir="0" index="0" bw="32" slack="2"/>
<pin id="388" dir="0" index="1" bw="1" slack="0"/>
<pin id="389" dir="1" index="2" bw="1" slack="1"/>
</pin_list>
<bind>
<opcode="icmp(45) " fcode="icmp"/>
<opset="cmp743_i/3 "/>
</bind>
</comp>

<comp id="391" class="1004" name="store_ln128_store_fu_391">
<pin_list>
<pin id="392" dir="0" index="0" bw="1" slack="0"/>
<pin id="393" dir="0" index="1" bw="1" slack="0"/>
<pin id="394" dir="1" index="2" bw="0" slack="2147483647"/>
</pin_list>
<bind>
<opcode="store(28) " fcode="store"/>
<opset="store_ln128/3 "/>
</bind>
</comp>

<comp id="396" class="1004" name="i_3_fu_396">
<pin_list>
<pin id="397" dir="0" index="0" bw="11" slack="0"/>
<pin id="398" dir="0" index="1" bw="1" slack="0"/>
<pin id="399" dir="1" index="2" bw="11" slack="0"/>
</pin_list>
<bind>
<opcode="add(8) " fcode="add"/>
<opset="i_3/4 "/>
</bind>
</comp>

<comp id="402" class="1004" name="start_4_load_fu_402">
<pin_list>
<pin id="403" dir="0" index="0" bw="1" slack="1"/>
<pin id="404" dir="1" index="1" bw="1" slack="1"/>
</pin_list>
<bind>
<opcode="load(27) " fcode="load"/>
<opset="start_4/4 "/>
</bind>
</comp>

<comp id="405" class="1004" name="zext_ln128_fu_405">
<pin_list>
<pin id="406" dir="0" index="0" bw="11" slack="0"/>
<pin id="407" dir="1" index="1" bw="32" slack="0"/>
</pin_list>
<bind>
<opcode="zext(34) " fcode="zext"/>
<opset="zext_ln128/4 "/>
</bind>
</comp>

<comp id="409" class="1004" name="icmp_ln128_fu_409">
<pin_list>
<pin id="410" dir="0" index="0" bw="11" slack="0"/>
<pin id="411" dir="0" index="1" bw="32" slack="3"/>
<pin id="412" dir="1" index="2" bw="1" slack="1"/>
</pin_list>
<bind>
<opcode="icmp(45) " fcode="icmp"/>
<opset="icmp_ln128/4 "/>
</bind>
</comp>

<comp id="414" class="1004" name="j_3_fu_414">
<pin_list>
<pin id="415" dir="0" index="0" bw="11" slack="0"/>
<pin id="416" dir="0" index="1" bw="1" slack="0"/>
<pin id="417" dir="1" index="2" bw="11" slack="0"/>
</pin_list>
<bind>
<opcode="add(8) " fcode="add"/>
<opset="j_3/5 "/>
</bind>
</comp>

<comp id="420" class="1004" name="zext_ln132_fu_420">
<pin_list>
<pin id="421" dir="0" index="0" bw="11" slack="0"/>
<pin id="422" dir="1" index="1" bw="32" slack="0"/>
</pin_list>
<bind>
<opcode="zext(34) " fcode="zext"/>
<opset="zext_ln132/5 "/>
</bind>
</comp>

<comp id="424" class="1004" name="icmp_ln132_fu_424">
<pin_list>
<pin id="425" dir="0" index="0" bw="11" slack="0"/>
<pin id="426" dir="0" index="1" bw="32" slack="4"/>
<pin id="427" dir="1" index="2" bw="1" slack="1"/>
</pin_list>
<bind>
<opcode="icmp(45) " fcode="icmp"/>
<opset="icmp_ln132/5 "/>
</bind>
</comp>

<comp id="429" class="1004" name="or_ln138_fu_429">
<pin_list>
<pin id="430" dir="0" index="0" bw="1" slack="0"/>
<pin id="431" dir="0" index="1" bw="1" slack="0"/>
<pin id="432" dir="1" index="2" bw="1" slack="1"/>
</pin_list>
<bind>
<opcode="or(24) " fcode="or"/>
<opset="or_ln138/5 "/>
</bind>
</comp>

<comp id="435" class="1004" name="store_ln0_store_fu_435">
<pin_list>
<pin id="436" dir="0" index="0" bw="1" slack="0"/>
<pin id="437" dir="0" index="1" bw="1" slack="3"/>
<pin id="438" dir="1" index="2" bw="0" slack="2147483647"/>
</pin_list>
<bind>
<opcode="store(28) " fcode="store"/>
<opset="store_ln0/7 "/>
</bind>
</comp>

<comp id="440" class="1005" name="rows_reg_440">
<pin_list>
<pin id="441" dir="0" index="0" bw="32" slack="3"/>
<pin id="442" dir="1" index="1" bw="32" slack="3"/>
</pin_list>
<bind>
<opset="rows "/>
</bind>
</comp>

<comp id="445" class="1005" name="cols_reg_445">
<pin_list>
<pin id="446" dir="0" index="0" bw="32" slack="2"/>
<pin id="447" dir="1" index="1" bw="32" slack="2"/>
</pin_list>
<bind>
<opset="cols "/>
</bind>
</comp>

<comp id="451" class="1005" name="axi_user_V_reg_451">
<pin_list>
<pin id="452" dir="0" index="0" bw="1" slack="0"/>
<pin id="453" dir="1" index="1" bw="1" slack="0"/>
</pin_list>
<bind>
<opset="axi_user_V "/>
</bind>
</comp>

<comp id="456" class="1005" name="axi_last_V_1_reg_456">
<pin_list>
<pin id="457" dir="0" index="0" bw="1" slack="0"/>
<pin id="458" dir="1" index="1" bw="1" slack="0"/>
</pin_list>
<bind>
<opset="axi_last_V_1 "/>
</bind>
</comp>

<comp id="461" class="1005" name="start_1_reg_461">
<pin_list>
<pin id="462" dir="0" index="0" bw="1" slack="0"/>
<pin id="463" dir="1" index="1" bw="1" slack="0"/>
</pin_list>
<bind>
<opset="start_1 "/>
</bind>
</comp>

<comp id="468" class="1005" name="cmp743_i_reg_468">
<pin_list>
<pin id="469" dir="0" index="0" bw="1" slack="1"/>
<pin id="470" dir="1" index="1" bw="1" slack="2147483647"/>
</pin_list>
<bind>
<opset="cmp743_i "/>
</bind>
</comp>

<comp id="472" class="1005" name="i_3_reg_472">
<pin_list>
<pin id="473" dir="0" index="0" bw="11" slack="0"/>
<pin id="474" dir="1" index="1" bw="11" slack="0"/>
</pin_list>
<bind>
<opset="i_3 "/>
</bind>
</comp>

<comp id="477" class="1005" name="start_4_reg_477">
<pin_list>
<pin id="478" dir="0" index="0" bw="1" slack="1"/>
<pin id="479" dir="1" index="1" bw="1" slack="1"/>
</pin_list>
<bind>
<opset="start_4 "/>
</bind>
</comp>

<comp id="482" class="1005" name="icmp_ln128_reg_482">
<pin_list>
<pin id="483" dir="0" index="0" bw="1" slack="1"/>
<pin id="484" dir="1" index="1" bw="1" slack="2147483647"/>
</pin_list>
<bind>
<opset="icmp_ln128 "/>
</bind>
</comp>

<comp id="486" class="1005" name="j_3_reg_486">
<pin_list>
<pin id="487" dir="0" index="0" bw="11" slack="0"/>
<pin id="488" dir="1" index="1" bw="11" slack="0"/>
</pin_list>
<bind>
<opset="j_3 "/>
</bind>
</comp>

<comp id="491" class="1005" name="icmp_ln132_reg_491">
<pin_list>
<pin id="492" dir="0" index="0" bw="1" slack="1"/>
<pin id="493" dir="1" index="1" bw="1" slack="2147483647"/>
</pin_list>
<bind>
<opset="icmp_ln132 "/>
</bind>
</comp>

<comp id="495" class="1005" name="or_ln138_reg_495">
<pin_list>
<pin id="496" dir="0" index="0" bw="1" slack="1"/>
<pin id="497" dir="1" index="1" bw="1" slack="2147483647"/>
</pin_list>
<bind>
<opset="or_ln138 "/>
</bind>
</comp>

<comp id="499" class="1005" name="axi_last_V_9_reg_499">
<pin_list>
<pin id="500" dir="0" index="0" bw="1" slack="0"/>
<pin id="501" dir="1" index="1" bw="1" slack="0"/>
</pin_list>
<bind>
<opset="axi_last_V_9 "/>
</bind>
</comp>

</comp_list>

<net_list>
<net id="93"><net_src comp="34" pin="0"/><net_sink comp="90" pin=0"/></net>

<net id="98"><net_src comp="48" pin="0"/><net_sink comp="94" pin=0"/></net>

<net id="99"><net_src comp="16" pin="0"/><net_sink comp="94" pin=1"/></net>

<net id="104"><net_src comp="48" pin="0"/><net_sink comp="100" pin=0"/></net>

<net id="105"><net_src comp="18" pin="0"/><net_sink comp="100" pin=1"/></net>

<net id="111"><net_src comp="50" pin="0"/><net_sink comp="106" pin=0"/></net>

<net id="112"><net_src comp="20" pin="0"/><net_sink comp="106" pin=1"/></net>

<net id="113"><net_src comp="94" pin="2"/><net_sink comp="106" pin=2"/></net>

<net id="119"><net_src comp="50" pin="0"/><net_sink comp="114" pin=0"/></net>

<net id="120"><net_src comp="22" pin="0"/><net_sink comp="114" pin=1"/></net>

<net id="121"><net_src comp="100" pin="2"/><net_sink comp="114" pin=2"/></net>

<net id="132"><net_src comp="70" pin="0"/><net_sink comp="122" pin=0"/></net>

<net id="133"><net_src comp="2" pin="0"/><net_sink comp="122" pin=1"/></net>

<net id="134"><net_src comp="4" pin="0"/><net_sink comp="122" pin=2"/></net>

<net id="135"><net_src comp="6" pin="0"/><net_sink comp="122" pin=3"/></net>

<net id="136"><net_src comp="8" pin="0"/><net_sink comp="122" pin=4"/></net>

<net id="137"><net_src comp="10" pin="0"/><net_sink comp="122" pin=5"/></net>

<net id="138"><net_src comp="12" pin="0"/><net_sink comp="122" pin=6"/></net>

<net id="139"><net_src comp="14" pin="0"/><net_sink comp="122" pin=7"/></net>

<net id="145"><net_src comp="86" pin="0"/><net_sink comp="140" pin=0"/></net>

<net id="146"><net_src comp="0" pin="0"/><net_sink comp="140" pin=1"/></net>

<net id="150"><net_src comp="52" pin="0"/><net_sink comp="147" pin=0"/></net>

<net id="157"><net_src comp="147" pin="1"/><net_sink comp="151" pin=2"/></net>

<net id="158"><net_src comp="151" pin="4"/><net_sink comp="147" pin=0"/></net>

<net id="162"><net_src comp="54" pin="0"/><net_sink comp="159" pin=0"/></net>

<net id="169"><net_src comp="159" pin="1"/><net_sink comp="163" pin=2"/></net>

<net id="170"><net_src comp="163" pin="4"/><net_sink comp="159" pin=0"/></net>

<net id="174"><net_src comp="56" pin="0"/><net_sink comp="171" pin=0"/></net>

<net id="181"><net_src comp="171" pin="1"/><net_sink comp="175" pin=2"/></net>

<net id="185"><net_src comp="74" pin="0"/><net_sink comp="182" pin=0"/></net>

<net id="192"><net_src comp="182" pin="1"/><net_sink comp="186" pin=0"/></net>

<net id="202"><net_src comp="159" pin="1"/><net_sink comp="196" pin=0"/></net>

<net id="203"><net_src comp="196" pin="4"/><net_sink comp="193" pin=0"/></net>

<net id="213"><net_src comp="147" pin="1"/><net_sink comp="207" pin=0"/></net>

<net id="214"><net_src comp="207" pin="4"/><net_sink comp="204" pin=0"/></net>

<net id="218"><net_src comp="74" pin="0"/><net_sink comp="215" pin=0"/></net>

<net id="225"><net_src comp="215" pin="1"/><net_sink comp="219" pin=2"/></net>

<net id="229"><net_src comp="56" pin="0"/><net_sink comp="226" pin=0"/></net>

<net id="236"><net_src comp="226" pin="1"/><net_sink comp="230" pin=2"/></net>

<net id="237"><net_src comp="230" pin="4"/><net_sink comp="226" pin=0"/></net>

<net id="247"><net_src comp="56" pin="0"/><net_sink comp="241" pin=0"/></net>

<net id="257"><net_src comp="193" pin="1"/><net_sink comp="251" pin=2"/></net>

<net id="258"><net_src comp="251" pin="4"/><net_sink comp="248" pin=0"/></net>

<net id="268"><net_src comp="204" pin="1"/><net_sink comp="262" pin=2"/></net>

<net id="272"><net_src comp="269" pin="1"/><net_sink comp="230" pin=0"/></net>

<net id="273"><net_src comp="269" pin="1"/><net_sink comp="262" pin=0"/></net>

<net id="280"><net_src comp="262" pin="4"/><net_sink comp="274" pin=2"/></net>

<net id="281"><net_src comp="274" pin="4"/><net_sink comp="269" pin=0"/></net>

<net id="285"><net_src comp="282" pin="1"/><net_sink comp="251" pin=0"/></net>

<net id="286"><net_src comp="282" pin="1"/><net_sink comp="140" pin=2"/></net>

<net id="293"><net_src comp="251" pin="4"/><net_sink comp="287" pin=2"/></net>

<net id="294"><net_src comp="287" pin="4"/><net_sink comp="282" pin=0"/></net>

<net id="304"><net_src comp="204" pin="1"/><net_sink comp="298" pin=0"/></net>

<net id="305"><net_src comp="226" pin="1"/><net_sink comp="298" pin=2"/></net>

<net id="306"><net_src comp="298" pin="4"/><net_sink comp="295" pin=0"/></net>

<net id="316"><net_src comp="193" pin="1"/><net_sink comp="310" pin=0"/></net>

<net id="317"><net_src comp="248" pin="1"/><net_sink comp="310" pin=2"/></net>

<net id="318"><net_src comp="310" pin="4"/><net_sink comp="307" pin=0"/></net>

<net id="322"><net_src comp="56" pin="0"/><net_sink comp="319" pin=0"/></net>

<net id="329"><net_src comp="319" pin="1"/><net_sink comp="323" pin=0"/></net>

<net id="330"><net_src comp="226" pin="1"/><net_sink comp="323" pin=2"/></net>

<net id="331"><net_src comp="323" pin="4"/><net_sink comp="319" pin=0"/></net>

<net id="335"><net_src comp="332" pin="1"/><net_sink comp="207" pin=2"/></net>

<net id="342"><net_src comp="295" pin="1"/><net_sink comp="336" pin=2"/></net>

<net id="343"><net_src comp="336" pin="4"/><net_sink comp="332" pin=0"/></net>

<net id="347"><net_src comp="344" pin="1"/><net_sink comp="196" pin=2"/></net>

<net id="354"><net_src comp="307" pin="1"/><net_sink comp="348" pin=2"/></net>

<net id="355"><net_src comp="348" pin="4"/><net_sink comp="344" pin=0"/></net>

<net id="365"><net_src comp="319" pin="1"/><net_sink comp="359" pin=2"/></net>

<net id="369"><net_src comp="122" pin="8"/><net_sink comp="366" pin=0"/></net>

<net id="370"><net_src comp="366" pin="1"/><net_sink comp="287" pin=0"/></net>

<net id="374"><net_src comp="122" pin="8"/><net_sink comp="371" pin=0"/></net>

<net id="375"><net_src comp="371" pin="1"/><net_sink comp="274" pin=0"/></net>

<net id="379"><net_src comp="366" pin="1"/><net_sink comp="376" pin=0"/></net>

<net id="380"><net_src comp="376" pin="1"/><net_sink comp="163" pin=0"/></net>

<net id="381"><net_src comp="376" pin="1"/><net_sink comp="348" pin=0"/></net>

<net id="385"><net_src comp="122" pin="8"/><net_sink comp="382" pin=0"/></net>

<net id="390"><net_src comp="28" pin="0"/><net_sink comp="386" pin=1"/></net>

<net id="395"><net_src comp="72" pin="0"/><net_sink comp="391" pin=0"/></net>

<net id="400"><net_src comp="186" pin="4"/><net_sink comp="396" pin=0"/></net>

<net id="401"><net_src comp="76" pin="0"/><net_sink comp="396" pin=1"/></net>

<net id="408"><net_src comp="186" pin="4"/><net_sink comp="405" pin=0"/></net>

<net id="413"><net_src comp="405" pin="1"/><net_sink comp="409" pin=0"/></net>

<net id="418"><net_src comp="219" pin="4"/><net_sink comp="414" pin=0"/></net>

<net id="419"><net_src comp="76" pin="0"/><net_sink comp="414" pin=1"/></net>

<net id="423"><net_src comp="219" pin="4"/><net_sink comp="420" pin=0"/></net>

<net id="428"><net_src comp="420" pin="1"/><net_sink comp="424" pin=0"/></net>

<net id="433"><net_src comp="241" pin="4"/><net_sink comp="429" pin=0"/></net>

<net id="434"><net_src comp="230" pin="4"/><net_sink comp="429" pin=1"/></net>

<net id="439"><net_src comp="56" pin="0"/><net_sink comp="435" pin=0"/></net>

<net id="443"><net_src comp="94" pin="2"/><net_sink comp="440" pin=0"/></net>

<net id="444"><net_src comp="440" pin="1"/><net_sink comp="409" pin=1"/></net>

<net id="448"><net_src comp="100" pin="2"/><net_sink comp="445" pin=0"/></net>

<net id="449"><net_src comp="445" pin="1"/><net_sink comp="386" pin=0"/></net>

<net id="450"><net_src comp="445" pin="1"/><net_sink comp="424" pin=1"/></net>

<net id="454"><net_src comp="382" pin="1"/><net_sink comp="451" pin=0"/></net>

<net id="455"><net_src comp="451" pin="1"/><net_sink comp="175" pin=0"/></net>

<net id="459"><net_src comp="371" pin="1"/><net_sink comp="456" pin=0"/></net>

<net id="460"><net_src comp="456" pin="1"/><net_sink comp="151" pin=0"/></net>

<net id="464"><net_src comp="90" pin="1"/><net_sink comp="461" pin=0"/></net>

<net id="465"><net_src comp="461" pin="1"/><net_sink comp="391" pin=1"/></net>

<net id="466"><net_src comp="461" pin="1"/><net_sink comp="402" pin=0"/></net>

<net id="467"><net_src comp="461" pin="1"/><net_sink comp="435" pin=1"/></net>

<net id="471"><net_src comp="386" pin="2"/><net_sink comp="468" pin=0"/></net>

<net id="475"><net_src comp="396" pin="2"/><net_sink comp="472" pin=0"/></net>

<net id="476"><net_src comp="472" pin="1"/><net_sink comp="186" pin=2"/></net>

<net id="480"><net_src comp="402" pin="1"/><net_sink comp="477" pin=0"/></net>

<net id="481"><net_src comp="477" pin="1"/><net_sink comp="241" pin=2"/></net>

<net id="485"><net_src comp="409" pin="2"/><net_sink comp="482" pin=0"/></net>

<net id="489"><net_src comp="414" pin="2"/><net_sink comp="486" pin=0"/></net>

<net id="490"><net_src comp="486" pin="1"/><net_sink comp="219" pin=0"/></net>

<net id="494"><net_src comp="424" pin="2"/><net_sink comp="491" pin=0"/></net>

<net id="498"><net_src comp="429" pin="2"/><net_sink comp="495" pin=0"/></net>

<net id="502"><net_src comp="371" pin="1"/><net_sink comp="499" pin=0"/></net>

<net id="503"><net_src comp="499" pin="1"/><net_sink comp="336" pin=0"/></net>

<net id="504"><net_src comp="499" pin="1"/><net_sink comp="359" pin=0"/></net>

</net_list>

</model> 
---------------- Datapath Model END ------------------

* FSMD analyzer results:
  - Output states:
	Port: img_in_432 | {6 }
	Port: img_1_out | {1 }
	Port: img_2_out | {1 }
 - Input state : 
	Port: AXIvideo2xfMat<24, 9, 1080, 1920, 1> : AXI_video_strm_V_data_V | {2 5 8 }
	Port: AXIvideo2xfMat<24, 9, 1080, 1920, 1> : AXI_video_strm_V_keep_V | {2 5 8 }
	Port: AXIvideo2xfMat<24, 9, 1080, 1920, 1> : AXI_video_strm_V_strb_V | {2 5 8 }
	Port: AXIvideo2xfMat<24, 9, 1080, 1920, 1> : AXI_video_strm_V_user_V | {2 5 8 }
	Port: AXIvideo2xfMat<24, 9, 1080, 1920, 1> : AXI_video_strm_V_last_V | {2 5 8 }
	Port: AXIvideo2xfMat<24, 9, 1080, 1920, 1> : AXI_video_strm_V_id_V | {2 5 8 }
	Port: AXIvideo2xfMat<24, 9, 1080, 1920, 1> : AXI_video_strm_V_dest_V | {2 5 8 }
	Port: AXIvideo2xfMat<24, 9, 1080, 1920, 1> : img_1 | {1 }
	Port: AXIvideo2xfMat<24, 9, 1080, 1920, 1> : img_2 | {1 }
  - Chain level:
	State 1
	State 2
		br_ln117 : 1
	State 3
		store_ln128 : 1
	State 4
		i_3 : 1
		zext_ln128 : 1
		icmp_ln128 : 2
		br_ln128 : 3
	State 5
		j_3 : 1
		zext_ln132 : 1
		icmp_ln132 : 2
		br_ln132 : 3
		or_ln138 : 1
		br_ln138 : 1
		axi_last_V_8 : 2
		p_Val2_s : 2
	State 6
	State 7
		axi_last_V_5_ph : 1
		axi_data_V_5_ph : 1
		last_1_ph : 1
	State 8
		br_ln158 : 1
	State 9


============================================================
+ Verbose Summary: Datapath Resource usage 
============================================================

* Functional unit list:
|----------|--------------------------|---------|---------|
| Operation|      Functional Unit     |    FF   |   LUT   |
|----------|--------------------------|---------|---------|
|          |      cmp743_i_fu_386     |    0    |    18   |
|   icmp   |     icmp_ln128_fu_409    |    0    |    18   |
|          |     icmp_ln132_fu_424    |    0    |    18   |
|----------|--------------------------|---------|---------|
|    add   |        i_3_fu_396        |    0    |    12   |
|          |        j_3_fu_414        |    0    |    12   |
|----------|--------------------------|---------|---------|
|    or    |      or_ln138_fu_429     |    0    |    2    |
|----------|--------------------------|---------|---------|
|          |      rows_read_fu_94     |    0    |    0    |
|   read   |     cols_read_fu_100     |    0    |    0    |
|          |      grp_read_fu_122     |    0    |    0    |
|----------|--------------------------|---------|---------|
|          | write_ln106_write_fu_106 |    0    |    0    |
|   write  | write_ln107_write_fu_114 |    0    |    0    |
|          | write_ln174_write_fu_140 |    0    |    0    |
|----------|--------------------------|---------|---------|
|          |        grp_fu_366        |    0    |    0    |
|extractvalue|        grp_fu_371        |    0    |    0    |
|          |     axi_user_V_fu_382    |    0    |    0    |
|----------|--------------------------|---------|---------|
|   zext   |     zext_ln128_fu_405    |    0    |    0    |
|          |     zext_ln132_fu_420    |    0    |    0    |
|----------|--------------------------|---------|---------|
|   Total  |                          |    0    |    80   |
|----------|--------------------------|---------|---------|

Memories:
N/A

* Register list:
+-----------------------+--------+
|                       |   FF   |
+-----------------------+--------+
|  axi_data_V_2_reg_193 |   24   |
|  axi_data_V_3_reg_248 |   24   |
|axi_data_V_5_ph_reg_307|   24   |
|  axi_data_V_5_reg_344 |   24   |
|   axi_data_V_reg_159  |   24   |
|  axi_last_V_1_reg_456 |    1   |
|  axi_last_V_2_reg_204 |    1   |
|  axi_last_V_3_reg_259 |    1   |
|axi_last_V_5_ph_reg_295|    1   |
|  axi_last_V_5_reg_332 |    1   |
|  axi_last_V_8_reg_269 |    1   |
|  axi_last_V_9_reg_499 |    1   |
|   axi_last_V_reg_147  |    1   |
|   axi_user_V_reg_451  |    1   |
|    cmp743_i_reg_468   |    1   |
|      cols_reg_445     |   32   |
|      i_3_reg_472      |   11   |
|       i_reg_182       |   11   |
|   icmp_ln128_reg_482  |    1   |
|   icmp_ln132_reg_491  |    1   |
|      j_3_reg_486      |   11   |
|       j_reg_215       |   11   |
|   last_1_ph_reg_319   |    1   |
|     last_1_reg_356    |    1   |
|      last_reg_226     |    1   |
|    or_ln138_reg_495   |    1   |
|    p_Val2_s_reg_282   |   24   |
|        reg_376        |   24   |
|      rows_reg_440     |   32   |
|    start_1_reg_461    |    1   |
|    start_3_reg_238    |    1   |
|    start_4_reg_477    |    1   |
|     start_reg_171     |    1   |
+-----------------------+--------+
|         Total         |   296  |
+-----------------------+--------+

* Multiplexer (MUX) list: 
|--------------------|------|------|------|--------||---------||---------|
|        Comp        |  Pin | Size |  BW  | S x BW ||  Delay  ||   LUT   |
|--------------------|------|------|------|--------||---------||---------|
| axi_last_V_reg_147 |  p0  |   2  |   1  |    2   ||    9    |
| axi_data_V_reg_159 |  p0  |   2  |  24  |   48   ||    9    |
|    last_reg_226    |  p0  |   2  |   1  |    2   ||    9    |
|  last_1_ph_reg_319 |  p0  |   2  |   1  |    2   ||    9    |
|--------------------|------|------|------|--------||---------||---------|
|        Total       |      |      |      |   54   ||  6.352  ||    36   |
|--------------------|------|------|------|--------||---------||---------|



* Summary:
+-----------+--------+--------+--------+
|           |  Delay |   FF   |   LUT  |
+-----------+--------+--------+--------+
|  Function |    -   |    0   |   80   |
|   Memory  |    -   |    -   |    -   |
|Multiplexer|    6   |    -   |   36   |
|  Register |    -   |   296  |    -   |
+-----------+--------+--------+--------+
|   Total   |    6   |   296  |   116  |
+-----------+--------+--------+--------+
