

================================================================
== Vitis HLS Report for 'CoreProcessUpArea'
================================================================
* Date:           Mon Mar  9 12:23:44 2026

* Version:        2020.2 (Build 3064766 on Wed Nov 18 09:12:45 MST 2020)
* Project:        accel_downscale
* Solution:       solution1 (Vivado IP Flow Target)
* Product family: zynq
* Target device:  xc7z020-clg400-1


================================================================
== Performance Estimates
================================================================
+ Timing: 
    * Summary: 
    +--------+----------+----------+------------+
    |  Clock |  Target  | Estimated| Uncertainty|
    +--------+----------+----------+------------+
    |ap_clk  |  10.00 ns|  6.912 ns|     2.70 ns|
    +--------+----------+----------+------------+

+ Latency: 
    * Summary: 
    +---------+---------+-----------+-----------+-----+-----+---------+
    |  Latency (cycles) |   Latency (absolute)  |  Interval | Pipeline|
    |   min   |   max   |    min    |    max    | min | max |   Type  |
    +---------+---------+-----------+-----------+-----+-----+---------+
    |        5|        5|  50.000 ns|  50.000 ns|    1|    1|      yes|
    +---------+---------+-----------+-----------+-----+-----+---------+

    + Detail: 
        * Instance: 
        N/A

        * Loop: 
        N/A

============================================================
+ Verbose Summary: Synthesis Manager
============================================================
InlineROM: 1
ExposeGlobal: 0
============================================================
+ Verbose Summary: CDFG Model
============================================================
IsTopModel: 0
ResetActiveHigh: 1
IsCombinational: 0
IsDatapathOnly: 0
HasWiredReturn: 1
HasMFsm: 2
HasVarLatency: 0
IsPipeline: 1
IsRtlPipelined: 1
IsInstanceOverlapped: 0
IsDontTouch: 0
HasImplIP: 0
IsGatedGlobalClock: 0

+ Individual pipeline summary: 
  * Pipeline-0: initiation interval (II) = 1, depth = 6


============================================================
+ Verbose Summary: Schedule
============================================================
* Number of FSM states : 6
* Pipeline : 1
  Pipeline-0 : II = 1, D = 6, States = { 1 2 3 4 5 6 }
* Dataflow Pipeline: 0

* FSM state transitions: 
1 --> 2 
2 --> 3 
3 --> 4 
4 --> 5 
5 --> 6 
6 --> 

* FSM state operations: 

State 1 <SV = 0> <Delay = 6.91>
ST_1 : Operation 7 [1/1] (0.00ns)   --->   "%Wy_read = read i32 @_ssdm_op_Read.ap_auto.i32, i32 %Wy" [C:/Vitis_Libraries/vision/L1/include\imgproc/xf_resize_up_area.hpp:34]   --->   Operation 7 'read' 'Wy_read' <Predicate = true> <Delay = 0.00>
ST_1 : Operation 8 [1/1] (0.00ns)   --->   "%Wx_read = read i32 @_ssdm_op_Read.ap_auto.i32, i32 %Wx" [C:/Vitis_Libraries/vision/L1/include\imgproc/xf_resize_up_area.hpp:34]   --->   Operation 8 'read' 'Wx_read' <Predicate = true> <Delay = 0.00>
ST_1 : Operation 9 [1/1] (0.00ns)   --->   "%B1_read = read i8 @_ssdm_op_Read.ap_auto.i8, i8 %B1" [C:/Vitis_Libraries/vision/L1/include\imgproc/xf_resize_up_area.hpp:34]   --->   Operation 9 'read' 'B1_read' <Predicate = true> <Delay = 0.00>
ST_1 : Operation 10 [1/1] (0.00ns)   --->   "%A1_read = read i8 @_ssdm_op_Read.ap_auto.i8, i8 %A1" [C:/Vitis_Libraries/vision/L1/include\imgproc/xf_resize_up_area.hpp:34]   --->   Operation 10 'read' 'A1_read' <Predicate = true> <Delay = 0.00>
ST_1 : Operation 11 [1/1] (0.00ns)   --->   "%B0_read = read i8 @_ssdm_op_Read.ap_auto.i8, i8 %B0" [C:/Vitis_Libraries/vision/L1/include\imgproc/xf_resize_up_area.hpp:34]   --->   Operation 11 'read' 'B0_read' <Predicate = true> <Delay = 0.00>
ST_1 : Operation 12 [1/1] (0.00ns)   --->   "%A0_read = read i8 @_ssdm_op_Read.ap_auto.i8, i8 %A0" [C:/Vitis_Libraries/vision/L1/include\imgproc/xf_resize_up_area.hpp:34]   --->   Operation 12 'read' 'A0_read' <Predicate = true> <Delay = 0.00>
ST_1 : Operation 13 [1/1] (0.00ns)   --->   "%zext_ln42 = zext i32 %Wx_read" [C:/Vitis_Libraries/vision/L1/include\imgproc/xf_resize_up_area.hpp:42]   --->   Operation 13 'zext' 'zext_ln42' <Predicate = true> <Delay = 0.00>
ST_1 : Operation 14 [1/1] (0.00ns)   --->   "%zext_ln42_1 = zext i32 %Wy_read" [C:/Vitis_Libraries/vision/L1/include\imgproc/xf_resize_up_area.hpp:42]   --->   Operation 14 'zext' 'zext_ln42_1' <Predicate = true> <Delay = 0.00>
ST_1 : Operation 15 [2/2] (6.91ns)   --->   "%mul_ln42 = mul i64 %zext_ln42_1, i64 %zext_ln42" [C:/Vitis_Libraries/vision/L1/include\imgproc/xf_resize_up_area.hpp:42]   --->   Operation 15 'mul' 'mul_ln42' <Predicate = true> <Delay = 6.91> <CoreInst = "Multiplier">   --->   Core 3 'Multiplier' <Latency = 1> <II = 1> <Delay = 6.91> <FuncUnit> <Opcode : 'mul'> <InPorts = 2> <OutPorts = 1>

State 2 <SV = 1> <Delay = 6.91>
ST_2 : Operation 16 [1/2] (6.91ns)   --->   "%mul_ln42 = mul i64 %zext_ln42_1, i64 %zext_ln42" [C:/Vitis_Libraries/vision/L1/include\imgproc/xf_resize_up_area.hpp:42]   --->   Operation 16 'mul' 'mul_ln42' <Predicate = true> <Delay = 6.91> <CoreInst = "Multiplier">   --->   Core 3 'Multiplier' <Latency = 1> <II = 1> <Delay = 6.91> <FuncUnit> <Opcode : 'mul'> <InPorts = 2> <OutPorts = 1>
ST_2 : Operation 17 [1/1] (0.00ns)   --->   "%zext_ln43 = zext i8 %A0_read" [C:/Vitis_Libraries/vision/L1/include\imgproc/xf_resize_up_area.hpp:43]   --->   Operation 17 'zext' 'zext_ln43' <Predicate = true> <Delay = 0.00>
ST_2 : Operation 18 [1/1] (0.00ns)   --->   "%zext_ln43_1 = zext i8 %B1_read" [C:/Vitis_Libraries/vision/L1/include\imgproc/xf_resize_up_area.hpp:43]   --->   Operation 18 'zext' 'zext_ln43_1' <Predicate = true> <Delay = 0.00>
ST_2 : Operation 19 [1/1] (0.00ns)   --->   "%zext_ln43_2 = zext i8 %B0_read" [C:/Vitis_Libraries/vision/L1/include\imgproc/xf_resize_up_area.hpp:43]   --->   Operation 19 'zext' 'zext_ln43_2' <Predicate = true> <Delay = 0.00>
ST_2 : Operation 20 [1/1] (0.00ns)   --->   "%zext_ln43_3 = zext i8 %A1_read" [C:/Vitis_Libraries/vision/L1/include\imgproc/xf_resize_up_area.hpp:43]   --->   Operation 20 'zext' 'zext_ln43_3' <Predicate = true> <Delay = 0.00>
ST_2 : Operation 21 [1/1] (0.00ns)   --->   "%zext_ln43_4 = zext i8 %A1_read" [C:/Vitis_Libraries/vision/L1/include\imgproc/xf_resize_up_area.hpp:43]   --->   Operation 21 'zext' 'zext_ln43_4' <Predicate = true> <Delay = 0.00>
ST_2 : Operation 22 [1/1] (1.91ns)   --->   "%sub_ln43 = sub i9 %zext_ln43, i9 %zext_ln43_2" [C:/Vitis_Libraries/vision/L1/include\imgproc/xf_resize_up_area.hpp:43]   --->   Operation 22 'sub' 'sub_ln43' <Predicate = true> <Delay = 1.91> <CoreInst = "Adder">   --->   Core 1 'Adder' <Latency = 0> <II = 1> <Delay = 2.87> <FuncUnit> <Opcode : 'add' 'sub'> <InPorts = 2> <OutPorts = 1>
ST_2 : Operation 23 [1/1] (0.00ns)   --->   "%sext_ln43 = sext i9 %sub_ln43" [C:/Vitis_Libraries/vision/L1/include\imgproc/xf_resize_up_area.hpp:43]   --->   Operation 23 'sext' 'sext_ln43' <Predicate = true> <Delay = 0.00>
ST_2 : Operation 24 [1/1] (0.00ns) (grouped into TernaryAdder)   --->   "%sub_ln43_1 = sub i10 %sext_ln43, i10 %zext_ln43_4" [C:/Vitis_Libraries/vision/L1/include\imgproc/xf_resize_up_area.hpp:43]   --->   Operation 24 'sub' 'sub_ln43_1' <Predicate = true> <Delay = 0.00> <CoreInst = "TAddSub">   --->   Core 10 'TAddSub' <Latency = 0> <II = 1> <Delay = 2.30> <IPBlock> <Opcode : 'add' 'sub'> <InPorts = 3> <OutPorts = 1> <Sync>
ST_2 : Operation 25 [1/1] (3.72ns) (root node of TernaryAdder)   --->   "%val0 = add i10 %sub_ln43_1, i10 %zext_ln43_1" [C:/Vitis_Libraries/vision/L1/include\imgproc/xf_resize_up_area.hpp:43]   --->   Operation 25 'add' 'val0' <Predicate = true> <Delay = 3.72> <CoreInst = "TAddSub">   --->   Core 10 'TAddSub' <Latency = 0> <II = 1> <Delay = 2.30> <IPBlock> <Opcode : 'add' 'sub'> <InPorts = 3> <OutPorts = 1> <Sync>
ST_2 : Operation 26 [1/1] (1.91ns)   --->   "%val1 = sub i9 %zext_ln43_2, i9 %zext_ln43" [C:/Vitis_Libraries/vision/L1/include\imgproc/xf_resize_up_area.hpp:44]   --->   Operation 26 'sub' 'val1' <Predicate = true> <Delay = 1.91> <CoreInst = "Adder">   --->   Core 1 'Adder' <Latency = 0> <II = 1> <Delay = 2.87> <FuncUnit> <Opcode : 'add' 'sub'> <InPorts = 2> <OutPorts = 1>
ST_2 : Operation 27 [1/1] (1.91ns)   --->   "%val2 = sub i9 %zext_ln43_3, i9 %zext_ln43" [C:/Vitis_Libraries/vision/L1/include\imgproc/xf_resize_up_area.hpp:45]   --->   Operation 27 'sub' 'val2' <Predicate = true> <Delay = 1.91> <CoreInst = "Adder">   --->   Core 1 'Adder' <Latency = 0> <II = 1> <Delay = 2.87> <FuncUnit> <Opcode : 'add' 'sub'> <InPorts = 2> <OutPorts = 1>
ST_2 : Operation 28 [1/1] (0.00ns)   --->   "%trunc_ln = partselect i32 @_ssdm_op_PartSelect.i32.i64.i32.i32, i64 %mul_ln42, i32 32, i32 63" [C:/Vitis_Libraries/vision/L1/include\imgproc/xf_resize_up_area.hpp:40]   --->   Operation 28 'partselect' 'trunc_ln' <Predicate = true> <Delay = 0.00>

State 3 <SV = 2> <Delay = 6.91>
ST_3 : Operation 29 [1/1] (0.00ns)   --->   "%zext_ln40 = zext i32 %Wx_read" [C:/Vitis_Libraries/vision/L1/include\imgproc/xf_resize_up_area.hpp:40]   --->   Operation 29 'zext' 'zext_ln40' <Predicate = true> <Delay = 0.00>
ST_3 : Operation 30 [1/1] (0.00ns)   --->   "%zext_ln40_1 = zext i32 %Wy_read" [C:/Vitis_Libraries/vision/L1/include\imgproc/xf_resize_up_area.hpp:40]   --->   Operation 30 'zext' 'zext_ln40_1' <Predicate = true> <Delay = 0.00>
ST_3 : Operation 31 [1/1] (0.00ns)   --->   "%sext_ln40 = sext i10 %val0" [C:/Vitis_Libraries/vision/L1/include\imgproc/xf_resize_up_area.hpp:40]   --->   Operation 31 'sext' 'sext_ln40' <Predicate = true> <Delay = 0.00>
ST_3 : Operation 32 [1/1] (0.00ns)   --->   "%zext_ln40_2 = zext i32 %trunc_ln" [C:/Vitis_Libraries/vision/L1/include\imgproc/xf_resize_up_area.hpp:40]   --->   Operation 32 'zext' 'zext_ln40_2' <Predicate = true> <Delay = 0.00>
ST_3 : Operation 33 [2/2] (6.91ns)   --->   "%mul_ln40 = mul i40 %zext_ln40_2, i40 %sext_ln40" [C:/Vitis_Libraries/vision/L1/include\imgproc/xf_resize_up_area.hpp:40]   --->   Operation 33 'mul' 'mul_ln40' <Predicate = true> <Delay = 6.91> <CoreInst = "Multiplier">   --->   Core 3 'Multiplier' <Latency = 1> <II = 1> <Delay = 6.91> <FuncUnit> <Opcode : 'mul'> <InPorts = 2> <OutPorts = 1>
ST_3 : Operation 34 [1/1] (0.00ns)   --->   "%sext_ln40_1 = sext i9 %val1" [C:/Vitis_Libraries/vision/L1/include\imgproc/xf_resize_up_area.hpp:40]   --->   Operation 34 'sext' 'sext_ln40_1' <Predicate = true> <Delay = 0.00>
ST_3 : Operation 35 [2/2] (6.91ns)   --->   "%mul_ln40_1 = mul i40 %zext_ln40, i40 %sext_ln40_1" [C:/Vitis_Libraries/vision/L1/include\imgproc/xf_resize_up_area.hpp:40]   --->   Operation 35 'mul' 'mul_ln40_1' <Predicate = true> <Delay = 6.91> <CoreInst = "Multiplier">   --->   Core 3 'Multiplier' <Latency = 1> <II = 1> <Delay = 6.91> <FuncUnit> <Opcode : 'mul'> <InPorts = 2> <OutPorts = 1>
ST_3 : Operation 36 [1/1] (0.00ns)   --->   "%sext_ln40_2 = sext i9 %val2" [C:/Vitis_Libraries/vision/L1/include\imgproc/xf_resize_up_area.hpp:40]   --->   Operation 36 'sext' 'sext_ln40_2' <Predicate = true> <Delay = 0.00>
ST_3 : Operation 37 [2/2] (6.91ns)   --->   "%mul_ln40_2 = mul i40 %zext_ln40_1, i40 %sext_ln40_2" [C:/Vitis_Libraries/vision/L1/include\imgproc/xf_resize_up_area.hpp:40]   --->   Operation 37 'mul' 'mul_ln40_2' <Predicate = true> <Delay = 6.91> <CoreInst = "Multiplier">   --->   Core 3 'Multiplier' <Latency = 1> <II = 1> <Delay = 6.91> <FuncUnit> <Opcode : 'mul'> <InPorts = 2> <OutPorts = 1>

State 4 <SV = 3> <Delay = 6.91>
ST_4 : Operation 38 [1/2] (6.91ns)   --->   "%mul_ln40 = mul i40 %zext_ln40_2, i40 %sext_ln40" [C:/Vitis_Libraries/vision/L1/include\imgproc/xf_resize_up_area.hpp:40]   --->   Operation 38 'mul' 'mul_ln40' <Predicate = true> <Delay = 6.91> <CoreInst = "Multiplier">   --->   Core 3 'Multiplier' <Latency = 1> <II = 1> <Delay = 6.91> <FuncUnit> <Opcode : 'mul'> <InPorts = 2> <OutPorts = 1>
ST_4 : Operation 39 [1/2] (6.91ns)   --->   "%mul_ln40_1 = mul i40 %zext_ln40, i40 %sext_ln40_1" [C:/Vitis_Libraries/vision/L1/include\imgproc/xf_resize_up_area.hpp:40]   --->   Operation 39 'mul' 'mul_ln40_1' <Predicate = true> <Delay = 6.91> <CoreInst = "Multiplier">   --->   Core 3 'Multiplier' <Latency = 1> <II = 1> <Delay = 6.91> <FuncUnit> <Opcode : 'mul'> <InPorts = 2> <OutPorts = 1>
ST_4 : Operation 40 [1/2] (6.91ns)   --->   "%mul_ln40_2 = mul i40 %zext_ln40_1, i40 %sext_ln40_2" [C:/Vitis_Libraries/vision/L1/include\imgproc/xf_resize_up_area.hpp:40]   --->   Operation 40 'mul' 'mul_ln40_2' <Predicate = true> <Delay = 6.91> <CoreInst = "Multiplier">   --->   Core 3 'Multiplier' <Latency = 1> <II = 1> <Delay = 6.91> <FuncUnit> <Opcode : 'mul'> <InPorts = 2> <OutPorts = 1>

State 5 <SV = 4> <Delay = 2.87>
ST_5 : Operation 41 [1/1] (2.87ns)   --->   "%add_ln52_1 = add i40 %mul_ln40_2, i40 %mul_ln40" [C:/Vitis_Libraries/vision/L1/include\imgproc/xf_resize_up_area.hpp:52]   --->   Operation 41 'add' 'add_ln52_1' <Predicate = true> <Delay = 2.87> <CoreInst = "Adder">   --->   Core 1 'Adder' <Latency = 0> <II = 1> <Delay = 2.87> <FuncUnit> <Opcode : 'add' 'sub'> <InPorts = 2> <OutPorts = 1>

State 6 <SV = 5> <Delay = 4.60>
ST_6 : Operation 42 [1/1] (0.00ns)   --->   "%specpipeline_ln34 = specpipeline void @_ssdm_op_SpecPipeline, i32 4294967295, i32 0, i32 0, i32 0, void @empty_4" [C:/Vitis_Libraries/vision/L1/include\imgproc/xf_resize_up_area.hpp:34]   --->   Operation 42 'specpipeline' 'specpipeline_ln34' <Predicate = true> <Delay = 0.00>
ST_6 : Operation 43 [1/1] (0.00ns)   --->   "%P4 = bitconcatenate i40 @_ssdm_op_BitConcatenate.i40.i8.i32, i8 %A0_read, i32 0" [C:/Vitis_Libraries/vision/L1/include\imgproc/xf_resize_up_area.hpp:50]   --->   Operation 43 'bitconcatenate' 'P4' <Predicate = true> <Delay = 0.00>
ST_6 : Operation 44 [1/1] (0.00ns) (grouped into TernaryAdder)   --->   "%add_ln52 = add i40 %mul_ln40_1, i40 %P4" [C:/Vitis_Libraries/vision/L1/include\imgproc/xf_resize_up_area.hpp:52]   --->   Operation 44 'add' 'add_ln52' <Predicate = true> <Delay = 0.00> <CoreInst = "TAddSub">   --->   Core 10 'TAddSub' <Latency = 0> <II = 1> <Delay = 2.30> <IPBlock> <Opcode : 'add' 'sub'> <InPorts = 3> <OutPorts = 1> <Sync>
ST_6 : Operation 45 [1/1] (4.60ns) (root node of TernaryAdder)   --->   "%add_ln52_2 = add i40 %add_ln52_1, i40 %add_ln52" [C:/Vitis_Libraries/vision/L1/include\imgproc/xf_resize_up_area.hpp:52]   --->   Operation 45 'add' 'add_ln52_2' <Predicate = true> <Delay = 4.60> <CoreInst = "TAddSub">   --->   Core 10 'TAddSub' <Latency = 0> <II = 1> <Delay = 2.30> <IPBlock> <Opcode : 'add' 'sub'> <InPorts = 3> <OutPorts = 1> <Sync>
ST_6 : Operation 46 [1/1] (0.00ns)   --->   "%pixel_write_assign = partselect i8 @_ssdm_op_PartSelect.i8.i40.i32.i32, i40 %add_ln52_2, i32 32, i32 39" [C:/Vitis_Libraries/vision/L1/include\imgproc/xf_resize_up_area.hpp:52]   --->   Operation 46 'partselect' 'pixel_write_assign' <Predicate = true> <Delay = 0.00>
ST_6 : Operation 47 [1/1] (0.00ns)   --->   "%ret_ln53 = ret i8 %pixel_write_assign" [C:/Vitis_Libraries/vision/L1/include\imgproc/xf_resize_up_area.hpp:53]   --->   Operation 47 'ret' 'ret_ln53' <Predicate = true> <Delay = 0.00>


============================================================
+ Verbose Summary: Timing violations
============================================================
Target clock period: 10ns, clock uncertainty: 2.7ns.

 <State 1>: 6.91ns
The critical path consists of the following:
	wire read on port 'Wy' (C:/Vitis_Libraries/vision/L1/include\imgproc/xf_resize_up_area.hpp:34) [8]  (0 ns)
	'mul' operation ('mul_ln42', C:/Vitis_Libraries/vision/L1/include\imgproc/xf_resize_up_area.hpp:42) [18]  (6.91 ns)

 <State 2>: 6.91ns
The critical path consists of the following:
	'mul' operation ('mul_ln42', C:/Vitis_Libraries/vision/L1/include\imgproc/xf_resize_up_area.hpp:42) [18]  (6.91 ns)

 <State 3>: 6.91ns
The critical path consists of the following:
	'mul' operation ('mul_ln40', C:/Vitis_Libraries/vision/L1/include\imgproc/xf_resize_up_area.hpp:40) [33]  (6.91 ns)

 <State 4>: 6.91ns
The critical path consists of the following:
	'mul' operation ('mul_ln40', C:/Vitis_Libraries/vision/L1/include\imgproc/xf_resize_up_area.hpp:40) [33]  (6.91 ns)

 <State 5>: 2.88ns
The critical path consists of the following:
	'add' operation ('add_ln52_1', C:/Vitis_Libraries/vision/L1/include\imgproc/xf_resize_up_area.hpp:52) [40]  (2.88 ns)

 <State 6>: 4.61ns
The critical path consists of the following:
	'add' operation ('add_ln52', C:/Vitis_Libraries/vision/L1/include\imgproc/xf_resize_up_area.hpp:52) [39]  (0 ns)
	'add' operation ('add_ln52_2', C:/Vitis_Libraries/vision/L1/include\imgproc/xf_resize_up_area.hpp:52) [41]  (4.61 ns)


============================================================
+ Verbose Summary: Binding
============================================================
N/A
* FSMD analyzer results:
  - Output states:
 - Input state : 
  - Chain level:
	State 1
	State 2
	State 3
	State 4
	State 5
	State 6


============================================================
+ Verbose Summary: Datapath Resource usage 
============================================================
N/A
