

================================================================
== Vitis HLS Report for 'CoreProcessUpArea'
================================================================
* Date:           Mon Mar  9 12:23:57 2026

* Version:        2020.2 (Build 3064766 on Wed Nov 18 09:12:45 MST 2020)
* Project:        accel_downscale
* Solution:       solution1 (Vivado IP Flow Target)
* Product family: zynq
* Target device:  xc7z020-clg400-1


================================================================
== Performance Estimates
================================================================
+ Timing: 
    * Summary: 
    +--------+----------+----------+------------+
    |  Clock |  Target  | Estimated| Uncertainty|
    +--------+----------+----------+------------+
    |ap_clk  |  10.00 ns|  6.912 ns|     2.70 ns|
    +--------+----------+----------+------------+

+ Latency: 
    * Summary: 
    +---------+---------+-----------+-----------+-----+-----+---------+
    |  Latency (cycles) |   Latency (absolute)  |  Interval | Pipeline|
    |   min   |   max   |    min    |    max    | min | max |   Type  |
    +---------+---------+-----------+-----------+-----+-----+---------+
    |        5|        5|  50.000 ns|  50.000 ns|    1|    1|      yes|
    +---------+---------+-----------+-----------+-----+-----+---------+

    + Detail: 
        * Instance: 
        N/A

        * Loop: 
        N/A



================================================================
== Utilization Estimates
================================================================
* Summary: 
+-----------------+---------+-----+--------+-------+-----+
|       Name      | BRAM_18K| DSP |   FF   |  LUT  | URAM|
+-----------------+---------+-----+--------+-------+-----+
|DSP              |        -|    -|       -|      -|    -|
|Expression       |        -|    -|       0|    249|    -|
|FIFO             |        -|    -|       -|      -|    -|
|Instance         |        -|    0|     660|    200|    -|
|Memory           |        -|    -|       -|      -|    -|
|Multiplexer      |        -|    -|       -|      9|    -|
|Register         |        -|    -|     589|     32|    -|
+-----------------+---------+-----+--------+-------+-----+
|Total            |        0|    0|    1249|    490|    0|
+-----------------+---------+-----+--------+-------+-----+
|Available        |      280|  220|  106400|  53200|    0|
+-----------------+---------+-----+--------+-------+-----+
|Utilization (%)  |        0|    0|       1|     ~0|    0|
+-----------------+---------+-----+--------+-------+-----+

+ Detail: 
    * Instance: 
    +--------------------------+----------------------+---------+----+-----+----+-----+
    |         Instance         |        Module        | BRAM_18K| DSP|  FF | LUT| URAM|
    +--------------------------+----------------------+---------+----+-----+----+-----+
    |mul_32ns_10s_40_2_0_U69   |mul_32ns_10s_40_2_0   |        0|   0|  165|  50|    0|
    |mul_32ns_32ns_64_2_0_U68  |mul_32ns_32ns_64_2_0  |        0|   0|  165|  50|    0|
    |mul_32ns_9s_40_2_0_U70    |mul_32ns_9s_40_2_0    |        0|   0|  165|  50|    0|
    |mul_32ns_9s_40_2_0_U71    |mul_32ns_9s_40_2_0    |        0|   0|  165|  50|    0|
    +--------------------------+----------------------+---------+----+-----+----+-----+
    |Total                     |                      |        0|   0|  660| 200|    0|
    +--------------------------+----------------------+---------+----+-----+----+-----+

    * DSP: 
    N/A

    * Memory: 
    N/A

    * FIFO: 
    N/A

    * Expression: 
    +----------------------+----------+----+---+----+------------+------------+
    |     Variable Name    | Operation| DSP| FF| LUT| Bitwidth P0| Bitwidth P1|
    +----------------------+----------+----+---+----+------------+------------+
    |add_ln52_1_fu_181_p2  |         +|   0|  0|  47|          40|          40|
    |add_ln52_2_fu_197_p2  |         +|   0|  0|  40|          40|          40|
    |add_ln52_fu_192_p2    |         +|   0|  0|  40|          40|          40|
    |val0_fu_117_p2        |         +|   0|  0|  40|          10|          10|
    |sub_ln43_1_fu_111_p2  |         -|   0|  0|  40|          10|          10|
    |sub_ln43_fu_101_p2    |         -|   0|  0|  14|           9|           9|
    |val1_fu_123_p2        |         -|   0|  0|  14|           9|           9|
    |val2_fu_129_p2        |         -|   0|  0|  14|           9|           9|
    +----------------------+----------+----+---+----+------------+------------+
    |Total                 |          |   0|  0| 249|         167|         167|
    +----------------------+----------+----+---+----+------------+------------+

    * Multiplexer: 
    +-----------+----+-----------+-----+-----------+
    |    Name   | LUT| Input Size| Bits| Total Bits|
    +-----------+----+-----------+-----+-----------+
    |ap_return  |   9|          2|    8|         16|
    +-----------+----+-----------+-----+-----------+
    |Total      |   9|          2|    8|         16|
    +-----------+----+-----------+-----+-----------+

    * Register: 
    +----------------------------------+----+----+-----+-----------+
    |               Name               | FF | LUT| Bits| Const Bits|
    +----------------------------------+----+----+-----+-----------+
    |A0_int_reg                        |   8|   0|    8|          0|
    |A0_read_reg_238                   |   8|   0|    8|          0|
    |A1_int_reg                        |   8|   0|    8|          0|
    |A1_read_reg_227                   |   8|   0|    8|          0|
    |B0_int_reg                        |   8|   0|    8|          0|
    |B0_read_reg_233                   |   8|   0|    8|          0|
    |B1_int_reg                        |   8|   0|    8|          0|
    |B1_read_reg_222                   |   8|   0|    8|          0|
    |Wx_int_reg                        |  32|   0|   32|          0|
    |Wx_read_reg_217                   |  32|   0|   32|          0|
    |Wx_read_reg_217_pp0_iter1_reg     |  32|   0|   32|          0|
    |Wy_int_reg                        |  32|   0|   32|          0|
    |Wy_read_reg_212                   |  32|   0|   32|          0|
    |Wy_read_reg_212_pp0_iter1_reg     |  32|   0|   32|          0|
    |add_ln52_1_reg_319                |  40|   0|   40|          0|
    |ap_ce_reg                         |   1|   0|    1|          0|
    |ap_return_int_reg                 |   8|   0|    8|          0|
    |mul_ln40_1_reg_309                |  40|   0|   40|          0|
    |mul_ln40_1_reg_309_pp0_iter4_reg  |  40|   0|   40|          0|
    |mul_ln40_2_reg_314                |  40|   0|   40|          0|
    |mul_ln40_reg_304                  |  40|   0|   40|          0|
    |trunc_ln_reg_269                  |  32|   0|   32|          0|
    |val0_reg_254                      |  10|   0|   10|          0|
    |val1_reg_259                      |   9|   0|    9|          0|
    |val2_reg_264                      |   9|   0|    9|          0|
    |A0_read_reg_238                   |  64|  32|    8|          0|
    +----------------------------------+----+----+-----+-----------+
    |Total                             | 589|  32|  533|          0|
    +----------------------------------+----+----+-----+-----------+



================================================================
== Interface
================================================================
* Summary: 
+-----------+-----+-----+------------+-------------------+--------------+
| RTL Ports | Dir | Bits|  Protocol  |   Source Object   |    C Type    |
+-----------+-----+-----+------------+-------------------+--------------+
|ap_clk     |   in|    1|  ap_ctrl_hs|  CoreProcessUpArea|  return value|
|ap_rst     |   in|    1|  ap_ctrl_hs|  CoreProcessUpArea|  return value|
|ap_return  |  out|    8|  ap_ctrl_hs|  CoreProcessUpArea|  return value|
|ap_ce      |   in|    1|  ap_ctrl_hs|  CoreProcessUpArea|  return value|
|A0         |   in|    8|     ap_none|                 A0|        scalar|
|B0         |   in|    8|     ap_none|                 B0|        scalar|
|A1         |   in|    8|     ap_none|                 A1|        scalar|
|B1         |   in|    8|     ap_none|                 B1|        scalar|
|Wx         |   in|   32|     ap_none|                 Wx|        scalar|
|Wy         |   in|   32|     ap_none|                 Wy|        scalar|
+-----------+-----+-----+------------+-------------------+--------------+

============================================================
+ Verbose Summary: Synthesis Manager
============================================================
InlineROM: 1
ExposeGlobal: 0
============================================================
+ Verbose Summary: CDFG Model
============================================================
IsTopModel: 0
ResetActiveHigh: 1
IsCombinational: 2
IsDatapathOnly: 1
HasWiredReturn: 1
HasMFsm: 2
HasVarLatency: 0
IsPipeline: 1
IsRtlPipelined: 1
IsInstanceOverlapped: 0
IsDontTouch: 0
HasImplIP: 0
IsGatedGlobalClock: 0

+ Individual pipeline summary: 
  * Pipeline-0: initiation interval (II) = 1, depth = 6


============================================================
+ Verbose Summary: Schedule
============================================================
* Number of FSM states : 6
* Pipeline : 1
  Pipeline-0 : II = 1, D = 6, States = { 1 2 3 4 5 6 }
* Dataflow Pipeline: 0

* FSM state transitions: 
1 --> 2 
2 --> 3 
3 --> 4 
4 --> 5 
5 --> 6 
6 --> 

* FSM state operations: 

State 1 <SV = 0> <Delay = 6.91>
ST_1 : Operation 7 [1/1] (0.00ns)   --->   "%Wy_read = read i32 @_ssdm_op_Read.ap_auto.i32, i32 %Wy" [C:/Vitis_Libraries/vision/L1/include\imgproc/xf_resize_up_area.hpp:34]   --->   Operation 7 'read' 'Wy_read' <Predicate = true> <Delay = 0.00>
ST_1 : Operation 8 [1/1] (0.00ns)   --->   "%Wx_read = read i32 @_ssdm_op_Read.ap_auto.i32, i32 %Wx" [C:/Vitis_Libraries/vision/L1/include\imgproc/xf_resize_up_area.hpp:34]   --->   Operation 8 'read' 'Wx_read' <Predicate = true> <Delay = 0.00>
ST_1 : Operation 9 [1/1] (0.00ns)   --->   "%B1_read = read i8 @_ssdm_op_Read.ap_auto.i8, i8 %B1" [C:/Vitis_Libraries/vision/L1/include\imgproc/xf_resize_up_area.hpp:34]   --->   Operation 9 'read' 'B1_read' <Predicate = true> <Delay = 0.00>
ST_1 : Operation 10 [1/1] (0.00ns)   --->   "%A1_read = read i8 @_ssdm_op_Read.ap_auto.i8, i8 %A1" [C:/Vitis_Libraries/vision/L1/include\imgproc/xf_resize_up_area.hpp:34]   --->   Operation 10 'read' 'A1_read' <Predicate = true> <Delay = 0.00>
ST_1 : Operation 11 [1/1] (0.00ns)   --->   "%B0_read = read i8 @_ssdm_op_Read.ap_auto.i8, i8 %B0" [C:/Vitis_Libraries/vision/L1/include\imgproc/xf_resize_up_area.hpp:34]   --->   Operation 11 'read' 'B0_read' <Predicate = true> <Delay = 0.00>
ST_1 : Operation 12 [1/1] (0.00ns)   --->   "%A0_read = read i8 @_ssdm_op_Read.ap_auto.i8, i8 %A0" [C:/Vitis_Libraries/vision/L1/include\imgproc/xf_resize_up_area.hpp:34]   --->   Operation 12 'read' 'A0_read' <Predicate = true> <Delay = 0.00>
ST_1 : Operation 13 [1/1] (0.00ns)   --->   "%zext_ln42 = zext i32 %Wx_read" [C:/Vitis_Libraries/vision/L1/include\imgproc/xf_resize_up_area.hpp:42]   --->   Operation 13 'zext' 'zext_ln42' <Predicate = true> <Delay = 0.00>
ST_1 : Operation 14 [1/1] (0.00ns)   --->   "%zext_ln42_1 = zext i32 %Wy_read" [C:/Vitis_Libraries/vision/L1/include\imgproc/xf_resize_up_area.hpp:42]   --->   Operation 14 'zext' 'zext_ln42_1' <Predicate = true> <Delay = 0.00>
ST_1 : Operation 15 [2/2] (6.91ns)   --->   "%mul_ln42 = mul i64 %zext_ln42_1, i64 %zext_ln42" [C:/Vitis_Libraries/vision/L1/include\imgproc/xf_resize_up_area.hpp:42]   --->   Operation 15 'mul' 'mul_ln42' <Predicate = true> <Delay = 6.91> <CoreInst = "Multiplier">   --->   Core 3 'Multiplier' <Latency = 1> <II = 1> <Delay = 6.91> <FuncUnit> <Opcode : 'mul'> <InPorts = 2> <OutPorts = 1>

State 2 <SV = 1> <Delay = 6.91>
ST_2 : Operation 16 [1/2] (6.91ns)   --->   "%mul_ln42 = mul i64 %zext_ln42_1, i64 %zext_ln42" [C:/Vitis_Libraries/vision/L1/include\imgproc/xf_resize_up_area.hpp:42]   --->   Operation 16 'mul' 'mul_ln42' <Predicate = true> <Delay = 6.91> <CoreInst = "Multiplier">   --->   Core 3 'Multiplier' <Latency = 1> <II = 1> <Delay = 6.91> <FuncUnit> <Opcode : 'mul'> <InPorts = 2> <OutPorts = 1>
ST_2 : Operation 17 [1/1] (0.00ns)   --->   "%zext_ln43 = zext i8 %A0_read" [C:/Vitis_Libraries/vision/L1/include\imgproc/xf_resize_up_area.hpp:43]   --->   Operation 17 'zext' 'zext_ln43' <Predicate = true> <Delay = 0.00>
ST_2 : Operation 18 [1/1] (0.00ns)   --->   "%zext_ln43_1 = zext i8 %B1_read" [C:/Vitis_Libraries/vision/L1/include\imgproc/xf_resize_up_area.hpp:43]   --->   Operation 18 'zext' 'zext_ln43_1' <Predicate = true> <Delay = 0.00>
ST_2 : Operation 19 [1/1] (0.00ns)   --->   "%zext_ln43_2 = zext i8 %B0_read" [C:/Vitis_Libraries/vision/L1/include\imgproc/xf_resize_up_area.hpp:43]   --->   Operation 19 'zext' 'zext_ln43_2' <Predicate = true> <Delay = 0.00>
ST_2 : Operation 20 [1/1] (0.00ns)   --->   "%zext_ln43_3 = zext i8 %A1_read" [C:/Vitis_Libraries/vision/L1/include\imgproc/xf_resize_up_area.hpp:43]   --->   Operation 20 'zext' 'zext_ln43_3' <Predicate = true> <Delay = 0.00>
ST_2 : Operation 21 [1/1] (0.00ns)   --->   "%zext_ln43_4 = zext i8 %A1_read" [C:/Vitis_Libraries/vision/L1/include\imgproc/xf_resize_up_area.hpp:43]   --->   Operation 21 'zext' 'zext_ln43_4' <Predicate = true> <Delay = 0.00>
ST_2 : Operation 22 [1/1] (1.91ns)   --->   "%sub_ln43 = sub i9 %zext_ln43, i9 %zext_ln43_2" [C:/Vitis_Libraries/vision/L1/include\imgproc/xf_resize_up_area.hpp:43]   --->   Operation 22 'sub' 'sub_ln43' <Predicate = true> <Delay = 1.91> <CoreInst = "Adder">   --->   Core 1 'Adder' <Latency = 0> <II = 1> <Delay = 1.82> <FuncUnit> <Opcode : 'add' 'sub'> <InPorts = 2> <OutPorts = 1>
ST_2 : Operation 23 [1/1] (0.00ns)   --->   "%sext_ln43 = sext i9 %sub_ln43" [C:/Vitis_Libraries/vision/L1/include\imgproc/xf_resize_up_area.hpp:43]   --->   Operation 23 'sext' 'sext_ln43' <Predicate = true> <Delay = 0.00>
ST_2 : Operation 24 [1/1] (0.00ns) (grouped into TernaryAdder)   --->   "%sub_ln43_1 = sub i10 %sext_ln43, i10 %zext_ln43_4" [C:/Vitis_Libraries/vision/L1/include\imgproc/xf_resize_up_area.hpp:43]   --->   Operation 24 'sub' 'sub_ln43_1' <Predicate = true> <Delay = 0.00> <CoreInst = "TAddSub">   --->   Core 10 'TAddSub' <Latency = 0> <II = 1> <Delay = 2.30> <IPBlock> <Opcode : 'add' 'sub'> <InPorts = 3> <OutPorts = 1> <Sync>
ST_2 : Operation 25 [1/1] (3.72ns) (root node of TernaryAdder)   --->   "%val0 = add i10 %sub_ln43_1, i10 %zext_ln43_1" [C:/Vitis_Libraries/vision/L1/include\imgproc/xf_resize_up_area.hpp:43]   --->   Operation 25 'add' 'val0' <Predicate = true> <Delay = 3.72> <CoreInst = "TAddSub">   --->   Core 10 'TAddSub' <Latency = 0> <II = 1> <Delay = 2.30> <IPBlock> <Opcode : 'add' 'sub'> <InPorts = 3> <OutPorts = 1> <Sync>
ST_2 : Operation 26 [1/1] (1.91ns)   --->   "%val1 = sub i9 %zext_ln43_2, i9 %zext_ln43" [C:/Vitis_Libraries/vision/L1/include\imgproc/xf_resize_up_area.hpp:44]   --->   Operation 26 'sub' 'val1' <Predicate = true> <Delay = 1.91> <CoreInst = "Adder">   --->   Core 1 'Adder' <Latency = 0> <II = 1> <Delay = 1.82> <FuncUnit> <Opcode : 'add' 'sub'> <InPorts = 2> <OutPorts = 1>
ST_2 : Operation 27 [1/1] (1.91ns)   --->   "%val2 = sub i9 %zext_ln43_3, i9 %zext_ln43" [C:/Vitis_Libraries/vision/L1/include\imgproc/xf_resize_up_area.hpp:45]   --->   Operation 27 'sub' 'val2' <Predicate = true> <Delay = 1.91> <CoreInst = "Adder">   --->   Core 1 'Adder' <Latency = 0> <II = 1> <Delay = 1.82> <FuncUnit> <Opcode : 'add' 'sub'> <InPorts = 2> <OutPorts = 1>
ST_2 : Operation 28 [1/1] (0.00ns)   --->   "%trunc_ln = partselect i32 @_ssdm_op_PartSelect.i32.i64.i32.i32, i64 %mul_ln42, i32 32, i32 63" [C:/Vitis_Libraries/vision/L1/include\imgproc/xf_resize_up_area.hpp:40]   --->   Operation 28 'partselect' 'trunc_ln' <Predicate = true> <Delay = 0.00>

State 3 <SV = 2> <Delay = 6.91>
ST_3 : Operation 29 [1/1] (0.00ns)   --->   "%zext_ln40 = zext i32 %Wx_read" [C:/Vitis_Libraries/vision/L1/include\imgproc/xf_resize_up_area.hpp:40]   --->   Operation 29 'zext' 'zext_ln40' <Predicate = true> <Delay = 0.00>
ST_3 : Operation 30 [1/1] (0.00ns)   --->   "%zext_ln40_1 = zext i32 %Wy_read" [C:/Vitis_Libraries/vision/L1/include\imgproc/xf_resize_up_area.hpp:40]   --->   Operation 30 'zext' 'zext_ln40_1' <Predicate = true> <Delay = 0.00>
ST_3 : Operation 31 [1/1] (0.00ns)   --->   "%sext_ln40 = sext i10 %val0" [C:/Vitis_Libraries/vision/L1/include\imgproc/xf_resize_up_area.hpp:40]   --->   Operation 31 'sext' 'sext_ln40' <Predicate = true> <Delay = 0.00>
ST_3 : Operation 32 [1/1] (0.00ns)   --->   "%zext_ln40_2 = zext i32 %trunc_ln" [C:/Vitis_Libraries/vision/L1/include\imgproc/xf_resize_up_area.hpp:40]   --->   Operation 32 'zext' 'zext_ln40_2' <Predicate = true> <Delay = 0.00>
ST_3 : Operation 33 [2/2] (6.91ns)   --->   "%mul_ln40 = mul i40 %zext_ln40_2, i40 %sext_ln40" [C:/Vitis_Libraries/vision/L1/include\imgproc/xf_resize_up_area.hpp:40]   --->   Operation 33 'mul' 'mul_ln40' <Predicate = true> <Delay = 6.91> <CoreInst = "Multiplier">   --->   Core 3 'Multiplier' <Latency = 1> <II = 1> <Delay = 6.91> <FuncUnit> <Opcode : 'mul'> <InPorts = 2> <OutPorts = 1>
ST_3 : Operation 34 [1/1] (0.00ns)   --->   "%sext_ln40_1 = sext i9 %val1" [C:/Vitis_Libraries/vision/L1/include\imgproc/xf_resize_up_area.hpp:40]   --->   Operation 34 'sext' 'sext_ln40_1' <Predicate = true> <Delay = 0.00>
ST_3 : Operation 35 [2/2] (6.91ns)   --->   "%mul_ln40_1 = mul i40 %zext_ln40, i40 %sext_ln40_1" [C:/Vitis_Libraries/vision/L1/include\imgproc/xf_resize_up_area.hpp:40]   --->   Operation 35 'mul' 'mul_ln40_1' <Predicate = true> <Delay = 6.91> <CoreInst = "Multiplier">   --->   Core 3 'Multiplier' <Latency = 1> <II = 1> <Delay = 6.91> <FuncUnit> <Opcode : 'mul'> <InPorts = 2> <OutPorts = 1>
ST_3 : Operation 36 [1/1] (0.00ns)   --->   "%sext_ln40_2 = sext i9 %val2" [C:/Vitis_Libraries/vision/L1/include\imgproc/xf_resize_up_area.hpp:40]   --->   Operation 36 'sext' 'sext_ln40_2' <Predicate = true> <Delay = 0.00>
ST_3 : Operation 37 [2/2] (6.91ns)   --->   "%mul_ln40_2 = mul i40 %zext_ln40_1, i40 %sext_ln40_2" [C:/Vitis_Libraries/vision/L1/include\imgproc/xf_resize_up_area.hpp:40]   --->   Operation 37 'mul' 'mul_ln40_2' <Predicate = true> <Delay = 6.91> <CoreInst = "Multiplier">   --->   Core 3 'Multiplier' <Latency = 1> <II = 1> <Delay = 6.91> <FuncUnit> <Opcode : 'mul'> <InPorts = 2> <OutPorts = 1>

State 4 <SV = 3> <Delay = 6.91>
ST_4 : Operation 38 [1/2] (6.91ns)   --->   "%mul_ln40 = mul i40 %zext_ln40_2, i40 %sext_ln40" [C:/Vitis_Libraries/vision/L1/include\imgproc/xf_resize_up_area.hpp:40]   --->   Operation 38 'mul' 'mul_ln40' <Predicate = true> <Delay = 6.91> <CoreInst = "Multiplier">   --->   Core 3 'Multiplier' <Latency = 1> <II = 1> <Delay = 6.91> <FuncUnit> <Opcode : 'mul'> <InPorts = 2> <OutPorts = 1>
ST_4 : Operation 39 [1/2] (6.91ns)   --->   "%mul_ln40_1 = mul i40 %zext_ln40, i40 %sext_ln40_1" [C:/Vitis_Libraries/vision/L1/include\imgproc/xf_resize_up_area.hpp:40]   --->   Operation 39 'mul' 'mul_ln40_1' <Predicate = true> <Delay = 6.91> <CoreInst = "Multiplier">   --->   Core 3 'Multiplier' <Latency = 1> <II = 1> <Delay = 6.91> <FuncUnit> <Opcode : 'mul'> <InPorts = 2> <OutPorts = 1>
ST_4 : Operation 40 [1/2] (6.91ns)   --->   "%mul_ln40_2 = mul i40 %zext_ln40_1, i40 %sext_ln40_2" [C:/Vitis_Libraries/vision/L1/include\imgproc/xf_resize_up_area.hpp:40]   --->   Operation 40 'mul' 'mul_ln40_2' <Predicate = true> <Delay = 6.91> <CoreInst = "Multiplier">   --->   Core 3 'Multiplier' <Latency = 1> <II = 1> <Delay = 6.91> <FuncUnit> <Opcode : 'mul'> <InPorts = 2> <OutPorts = 1>

State 5 <SV = 4> <Delay = 2.87>
ST_5 : Operation 41 [1/1] (2.87ns)   --->   "%add_ln52_1 = add i40 %mul_ln40_2, i40 %mul_ln40" [C:/Vitis_Libraries/vision/L1/include\imgproc/xf_resize_up_area.hpp:52]   --->   Operation 41 'add' 'add_ln52_1' <Predicate = true> <Delay = 2.87> <CoreInst = "Adder">   --->   Core 1 'Adder' <Latency = 0> <II = 1> <Delay = 1.82> <FuncUnit> <Opcode : 'add' 'sub'> <InPorts = 2> <OutPorts = 1>

State 6 <SV = 5> <Delay = 4.60>
ST_6 : Operation 42 [1/1] (0.00ns)   --->   "%specpipeline_ln34 = specpipeline void @_ssdm_op_SpecPipeline, i32 4294967295, i32 0, i32 0, i32 0, void @empty_4" [C:/Vitis_Libraries/vision/L1/include\imgproc/xf_resize_up_area.hpp:34]   --->   Operation 42 'specpipeline' 'specpipeline_ln34' <Predicate = true> <Delay = 0.00>
ST_6 : Operation 43 [1/1] (0.00ns)   --->   "%P4 = bitconcatenate i40 @_ssdm_op_BitConcatenate.i40.i8.i32, i8 %A0_read, i32 0" [C:/Vitis_Libraries/vision/L1/include\imgproc/xf_resize_up_area.hpp:50]   --->   Operation 43 'bitconcatenate' 'P4' <Predicate = true> <Delay = 0.00>
ST_6 : Operation 44 [1/1] (0.00ns) (grouped into TernaryAdder)   --->   "%add_ln52 = add i40 %mul_ln40_1, i40 %P4" [C:/Vitis_Libraries/vision/L1/include\imgproc/xf_resize_up_area.hpp:52]   --->   Operation 44 'add' 'add_ln52' <Predicate = true> <Delay = 0.00> <CoreInst = "TAddSub">   --->   Core 10 'TAddSub' <Latency = 0> <II = 1> <Delay = 2.30> <IPBlock> <Opcode : 'add' 'sub'> <InPorts = 3> <OutPorts = 1> <Sync>
ST_6 : Operation 45 [1/1] (4.60ns) (root node of TernaryAdder)   --->   "%add_ln52_2 = add i40 %add_ln52_1, i40 %add_ln52" [C:/Vitis_Libraries/vision/L1/include\imgproc/xf_resize_up_area.hpp:52]   --->   Operation 45 'add' 'add_ln52_2' <Predicate = true> <Delay = 4.60> <CoreInst = "TAddSub">   --->   Core 10 'TAddSub' <Latency = 0> <II = 1> <Delay = 2.30> <IPBlock> <Opcode : 'add' 'sub'> <InPorts = 3> <OutPorts = 1> <Sync>
ST_6 : Operation 46 [1/1] (0.00ns)   --->   "%pixel_write_assign = partselect i8 @_ssdm_op_PartSelect.i8.i40.i32.i32, i40 %add_ln52_2, i32 32, i32 39" [C:/Vitis_Libraries/vision/L1/include\imgproc/xf_resize_up_area.hpp:52]   --->   Operation 46 'partselect' 'pixel_write_assign' <Predicate = true> <Delay = 0.00>
ST_6 : Operation 47 [1/1] (0.00ns)   --->   "%ret_ln53 = ret i8 %pixel_write_assign" [C:/Vitis_Libraries/vision/L1/include\imgproc/xf_resize_up_area.hpp:53]   --->   Operation 47 'ret' 'ret_ln53' <Predicate = true> <Delay = 0.00>


============================================================
+ Verbose Summary: Binding
============================================================
STG Binding: 
---------------- STG Properties BEGIN ----------------
- Is combinational: 0
- Is one-state seq: 0
- Is datapath-only: 1
- Is pipelined: 1
- Is top level: 0
Port [ Return ] is wired: 1; IO mode=ap_ctrl_hs:ce=0
Port [ A0]:  wired=1; compound=0; hidden=0; nouse=0; global=0; static=0; extern=0; dir=0; type=0; pingpong=0; private_global=0; IO mode=ap_none:ce=0
Port [ B0]:  wired=1; compound=0; hidden=0; nouse=0; global=0; static=0; extern=0; dir=0; type=0; pingpong=0; private_global=0; IO mode=ap_none:ce=0
Port [ A1]:  wired=1; compound=0; hidden=0; nouse=0; global=0; static=0; extern=0; dir=0; type=0; pingpong=0; private_global=0; IO mode=ap_none:ce=0
Port [ B1]:  wired=1; compound=0; hidden=0; nouse=0; global=0; static=0; extern=0; dir=0; type=0; pingpong=0; private_global=0; IO mode=ap_none:ce=0
Port [ Wx]:  wired=1; compound=0; hidden=0; nouse=0; global=0; static=0; extern=0; dir=0; type=0; pingpong=0; private_global=0; IO mode=ap_none:ce=0
Port [ Wy]:  wired=1; compound=0; hidden=0; nouse=0; global=0; static=0; extern=0; dir=0; type=0; pingpong=0; private_global=0; IO mode=ap_none:ce=0
---------------- STG Properties END ------------------

---------------- Datapath Model BEGIN ----------------

<LifeTime>
<method=bitvector/>
Wy_read            (read          ) [ 0111000]
Wx_read            (read          ) [ 0111000]
B1_read            (read          ) [ 0110000]
A1_read            (read          ) [ 0110000]
B0_read            (read          ) [ 0110000]
A0_read            (read          ) [ 0111111]
zext_ln42          (zext          ) [ 0110000]
zext_ln42_1        (zext          ) [ 0110000]
mul_ln42           (mul           ) [ 0000000]
zext_ln43          (zext          ) [ 0000000]
zext_ln43_1        (zext          ) [ 0000000]
zext_ln43_2        (zext          ) [ 0000000]
zext_ln43_3        (zext          ) [ 0000000]
zext_ln43_4        (zext          ) [ 0000000]
sub_ln43           (sub           ) [ 0000000]
sext_ln43          (sext          ) [ 0000000]
sub_ln43_1         (sub           ) [ 0000000]
val0               (add           ) [ 0101000]
val1               (sub           ) [ 0101000]
val2               (sub           ) [ 0101000]
trunc_ln           (partselect    ) [ 0101000]
zext_ln40          (zext          ) [ 0100100]
zext_ln40_1        (zext          ) [ 0100100]
sext_ln40          (sext          ) [ 0100100]
zext_ln40_2        (zext          ) [ 0100100]
sext_ln40_1        (sext          ) [ 0100100]
sext_ln40_2        (sext          ) [ 0100100]
mul_ln40           (mul           ) [ 0100010]
mul_ln40_1         (mul           ) [ 0100011]
mul_ln40_2         (mul           ) [ 0100010]
add_ln52_1         (add           ) [ 0100001]
specpipeline_ln34  (specpipeline  ) [ 0000000]
P4                 (bitconcatenate) [ 0000000]
add_ln52           (add           ) [ 0000000]
add_ln52_2         (add           ) [ 0000000]
pixel_write_assign (partselect    ) [ 0000000]
ret_ln53           (ret           ) [ 0000000]
</LifeTime>

<model>

<comp_list>
<comp id="0" class="1000" name="A0">
<pin_list>
<pin id="1" dir="1" index="0" bw="1" slack="0"/>
</pin_list>
<bind>
<StgValue><ssdm name="A0"/></StgValue>
</bind>
</comp>

<comp id="2" class="1000" name="B0">
<pin_list>
<pin id="3" dir="1" index="0" bw="1" slack="0"/>
</pin_list>
<bind>
<StgValue><ssdm name="B0"/></StgValue>
</bind>
</comp>

<comp id="4" class="1000" name="A1">
<pin_list>
<pin id="5" dir="1" index="0" bw="1" slack="0"/>
</pin_list>
<bind>
<StgValue><ssdm name="A1"/></StgValue>
</bind>
</comp>

<comp id="6" class="1000" name="B1">
<pin_list>
<pin id="7" dir="1" index="0" bw="1" slack="0"/>
</pin_list>
<bind>
<StgValue><ssdm name="B1"/></StgValue>
</bind>
</comp>

<comp id="8" class="1000" name="Wx">
<pin_list>
<pin id="9" dir="1" index="0" bw="1" slack="0"/>
</pin_list>
<bind>
<StgValue><ssdm name="Wx"/></StgValue>
</bind>
</comp>

<comp id="10" class="1000" name="Wy">
<pin_list>
<pin id="11" dir="1" index="0" bw="1" slack="0"/>
</pin_list>
<bind>
<StgValue><ssdm name="Wy"/></StgValue>
</bind>
</comp>

<comp id="12" class="1001" name="const_12">
<pin_list>
<pin id="13" dir="1" index="0" bw="1" slack="0"/>
</pin_list>
<bind>
<StgValue><ssdm name="_ssdm_op_Read.ap_auto.i32"/></StgValue>
</bind>
</comp>

<comp id="14" class="1001" name="const_14">
<pin_list>
<pin id="15" dir="1" index="0" bw="1" slack="0"/>
</pin_list>
<bind>
<StgValue><ssdm name="_ssdm_op_Read.ap_auto.i8"/></StgValue>
</bind>
</comp>

<comp id="16" class="1001" name="const_16">
<pin_list>
<pin id="17" dir="1" index="0" bw="1" slack="0"/>
</pin_list>
<bind>
<StgValue><ssdm name="_ssdm_op_PartSelect.i32.i64.i32.i32"/></StgValue>
</bind>
</comp>

<comp id="18" class="1001" name="const_18">
<pin_list>
<pin id="19" dir="1" index="0" bw="1" slack="0"/>
</pin_list>
<bind>
<StgValue><ssdm name=""/></StgValue>
</bind>
</comp>

<comp id="20" class="1001" name="const_20">
<pin_list>
<pin id="21" dir="1" index="0" bw="1" slack="0"/>
</pin_list>
<bind>
<StgValue><ssdm name=""/></StgValue>
</bind>
</comp>

<comp id="22" class="1001" name="const_22">
<pin_list>
<pin id="23" dir="1" index="0" bw="1" slack="2147483647"/>
</pin_list>
<bind>
<StgValue><ssdm name="_ssdm_op_SpecPipeline"/></StgValue>
</bind>
</comp>

<comp id="24" class="1001" name="const_24">
<pin_list>
<pin id="25" dir="1" index="0" bw="1" slack="2147483647"/>
</pin_list>
<bind>
<StgValue><ssdm name=""/></StgValue>
</bind>
</comp>

<comp id="26" class="1001" name="const_26">
<pin_list>
<pin id="27" dir="1" index="0" bw="1" slack="0"/>
</pin_list>
<bind>
<StgValue><ssdm name=""/></StgValue>
</bind>
</comp>

<comp id="28" class="1001" name="const_28">
<pin_list>
<pin id="29" dir="1" index="0" bw="1" slack="2147483647"/>
</pin_list>
<bind>
<StgValue><ssdm name="empty_4"/></StgValue>
</bind>
</comp>

<comp id="30" class="1001" name="const_30">
<pin_list>
<pin id="31" dir="1" index="0" bw="1" slack="0"/>
</pin_list>
<bind>
<StgValue><ssdm name="_ssdm_op_BitConcatenate.i40.i8.i32"/></StgValue>
</bind>
</comp>

<comp id="32" class="1001" name="const_32">
<pin_list>
<pin id="33" dir="1" index="0" bw="1" slack="0"/>
</pin_list>
<bind>
<StgValue><ssdm name="_ssdm_op_PartSelect.i8.i40.i32.i32"/></StgValue>
</bind>
</comp>

<comp id="34" class="1001" name="const_34">
<pin_list>
<pin id="35" dir="1" index="0" bw="1" slack="0"/>
</pin_list>
<bind>
<StgValue><ssdm name=""/></StgValue>
</bind>
</comp>

<comp id="36" class="1004" name="Wy_read_read_fu_36">
<pin_list>
<pin id="37" dir="0" index="0" bw="32" slack="0"/>
<pin id="38" dir="0" index="1" bw="32" slack="0"/>
<pin id="39" dir="1" index="2" bw="32" slack="0"/>
</pin_list>
<bind>
<opcode="read(1150) " fcode="read"/>
<opset="Wy_read/1 "/>
</bind>
</comp>

<comp id="42" class="1004" name="Wx_read_read_fu_42">
<pin_list>
<pin id="43" dir="0" index="0" bw="32" slack="0"/>
<pin id="44" dir="0" index="1" bw="32" slack="0"/>
<pin id="45" dir="1" index="2" bw="32" slack="0"/>
</pin_list>
<bind>
<opcode="read(1150) " fcode="read"/>
<opset="Wx_read/1 "/>
</bind>
</comp>

<comp id="48" class="1004" name="B1_read_read_fu_48">
<pin_list>
<pin id="49" dir="0" index="0" bw="8" slack="0"/>
<pin id="50" dir="0" index="1" bw="8" slack="0"/>
<pin id="51" dir="1" index="2" bw="8" slack="1"/>
</pin_list>
<bind>
<opcode="read(1150) " fcode="read"/>
<opset="B1_read/1 "/>
</bind>
</comp>

<comp id="54" class="1004" name="A1_read_read_fu_54">
<pin_list>
<pin id="55" dir="0" index="0" bw="8" slack="0"/>
<pin id="56" dir="0" index="1" bw="8" slack="0"/>
<pin id="57" dir="1" index="2" bw="8" slack="1"/>
</pin_list>
<bind>
<opcode="read(1150) " fcode="read"/>
<opset="A1_read/1 "/>
</bind>
</comp>

<comp id="60" class="1004" name="B0_read_read_fu_60">
<pin_list>
<pin id="61" dir="0" index="0" bw="8" slack="0"/>
<pin id="62" dir="0" index="1" bw="8" slack="0"/>
<pin id="63" dir="1" index="2" bw="8" slack="1"/>
</pin_list>
<bind>
<opcode="read(1150) " fcode="read"/>
<opset="B0_read/1 "/>
</bind>
</comp>

<comp id="66" class="1004" name="A0_read_read_fu_66">
<pin_list>
<pin id="67" dir="0" index="0" bw="8" slack="0"/>
<pin id="68" dir="0" index="1" bw="8" slack="0"/>
<pin id="69" dir="1" index="2" bw="8" slack="1"/>
</pin_list>
<bind>
<opcode="read(1150) " fcode="read"/>
<opset="A0_read/1 "/>
</bind>
</comp>

<comp id="72" class="1004" name="zext_ln42_fu_72">
<pin_list>
<pin id="73" dir="0" index="0" bw="32" slack="0"/>
<pin id="74" dir="1" index="1" bw="64" slack="0"/>
</pin_list>
<bind>
<opcode="zext(34) " fcode="zext"/>
<opset="zext_ln42/1 "/>
</bind>
</comp>

<comp id="76" class="1004" name="zext_ln42_1_fu_76">
<pin_list>
<pin id="77" dir="0" index="0" bw="32" slack="0"/>
<pin id="78" dir="1" index="1" bw="64" slack="0"/>
</pin_list>
<bind>
<opcode="zext(34) " fcode="zext"/>
<opset="zext_ln42_1/1 "/>
</bind>
</comp>

<comp id="80" class="1004" name="grp_fu_80">
<pin_list>
<pin id="81" dir="0" index="0" bw="32" slack="0"/>
<pin id="82" dir="0" index="1" bw="32" slack="0"/>
<pin id="83" dir="1" index="2" bw="64" slack="0"/>
</pin_list>
<bind>
<opcode="mul(12) " fcode="mul"/>
<opset="mul_ln42/1 "/>
</bind>
</comp>

<comp id="86" class="1004" name="zext_ln43_fu_86">
<pin_list>
<pin id="87" dir="0" index="0" bw="8" slack="1"/>
<pin id="88" dir="1" index="1" bw="9" slack="0"/>
</pin_list>
<bind>
<opcode="zext(34) " fcode="zext"/>
<opset="zext_ln43/2 "/>
</bind>
</comp>

<comp id="89" class="1004" name="zext_ln43_1_fu_89">
<pin_list>
<pin id="90" dir="0" index="0" bw="8" slack="1"/>
<pin id="91" dir="1" index="1" bw="10" slack="0"/>
</pin_list>
<bind>
<opcode="zext(34) " fcode="zext"/>
<opset="zext_ln43_1/2 "/>
</bind>
</comp>

<comp id="92" class="1004" name="zext_ln43_2_fu_92">
<pin_list>
<pin id="93" dir="0" index="0" bw="8" slack="1"/>
<pin id="94" dir="1" index="1" bw="9" slack="0"/>
</pin_list>
<bind>
<opcode="zext(34) " fcode="zext"/>
<opset="zext_ln43_2/2 "/>
</bind>
</comp>

<comp id="95" class="1004" name="zext_ln43_3_fu_95">
<pin_list>
<pin id="96" dir="0" index="0" bw="8" slack="1"/>
<pin id="97" dir="1" index="1" bw="9" slack="0"/>
</pin_list>
<bind>
<opcode="zext(34) " fcode="zext"/>
<opset="zext_ln43_3/2 "/>
</bind>
</comp>

<comp id="98" class="1004" name="zext_ln43_4_fu_98">
<pin_list>
<pin id="99" dir="0" index="0" bw="8" slack="1"/>
<pin id="100" dir="1" index="1" bw="10" slack="0"/>
</pin_list>
<bind>
<opcode="zext(34) " fcode="zext"/>
<opset="zext_ln43_4/2 "/>
</bind>
</comp>

<comp id="101" class="1004" name="sub_ln43_fu_101">
<pin_list>
<pin id="102" dir="0" index="0" bw="8" slack="0"/>
<pin id="103" dir="0" index="1" bw="8" slack="0"/>
<pin id="104" dir="1" index="2" bw="9" slack="0"/>
</pin_list>
<bind>
<opcode="sub(10) " fcode="sub"/>
<opset="sub_ln43/2 "/>
</bind>
</comp>

<comp id="107" class="1004" name="sext_ln43_fu_107">
<pin_list>
<pin id="108" dir="0" index="0" bw="9" slack="0"/>
<pin id="109" dir="1" index="1" bw="10" slack="0"/>
</pin_list>
<bind>
<opcode="sext(35) " fcode="sext"/>
<opset="sext_ln43/2 "/>
</bind>
</comp>

<comp id="111" class="1004" name="sub_ln43_1_fu_111">
<pin_list>
<pin id="112" dir="0" index="0" bw="9" slack="0"/>
<pin id="113" dir="0" index="1" bw="8" slack="0"/>
<pin id="114" dir="1" index="2" bw="10" slack="0"/>
</pin_list>
<bind>
<opcode="sub(10) " fcode="sub"/>
<opset="sub_ln43_1/2 "/>
</bind>
</comp>

<comp id="117" class="1004" name="val0_fu_117">
<pin_list>
<pin id="118" dir="0" index="0" bw="10" slack="0"/>
<pin id="119" dir="0" index="1" bw="8" slack="0"/>
<pin id="120" dir="1" index="2" bw="10" slack="1"/>
</pin_list>
<bind>
<opcode="add(8) " fcode="add"/>
<opset="val0/2 "/>
</bind>
</comp>

<comp id="123" class="1004" name="val1_fu_123">
<pin_list>
<pin id="124" dir="0" index="0" bw="8" slack="0"/>
<pin id="125" dir="0" index="1" bw="8" slack="0"/>
<pin id="126" dir="1" index="2" bw="9" slack="1"/>
</pin_list>
<bind>
<opcode="sub(10) " fcode="sub"/>
<opset="val1/2 "/>
</bind>
</comp>

<comp id="129" class="1004" name="val2_fu_129">
<pin_list>
<pin id="130" dir="0" index="0" bw="8" slack="0"/>
<pin id="131" dir="0" index="1" bw="8" slack="0"/>
<pin id="132" dir="1" index="2" bw="9" slack="1"/>
</pin_list>
<bind>
<opcode="sub(10) " fcode="sub"/>
<opset="val2/2 "/>
</bind>
</comp>

<comp id="135" class="1004" name="trunc_ln_fu_135">
<pin_list>
<pin id="136" dir="0" index="0" bw="32" slack="0"/>
<pin id="137" dir="0" index="1" bw="64" slack="0"/>
<pin id="138" dir="0" index="2" bw="7" slack="0"/>
<pin id="139" dir="0" index="3" bw="7" slack="0"/>
<pin id="140" dir="1" index="4" bw="32" slack="1"/>
</pin_list>
<bind>
<opcode="partselect(1002) " fcode="partselect"/>
<opset="trunc_ln/2 "/>
</bind>
</comp>

<comp id="145" class="1004" name="zext_ln40_fu_145">
<pin_list>
<pin id="146" dir="0" index="0" bw="32" slack="2"/>
<pin id="147" dir="1" index="1" bw="40" slack="0"/>
</pin_list>
<bind>
<opcode="zext(34) " fcode="zext"/>
<opset="zext_ln40/3 "/>
</bind>
</comp>

<comp id="148" class="1004" name="zext_ln40_1_fu_148">
<pin_list>
<pin id="149" dir="0" index="0" bw="32" slack="2"/>
<pin id="150" dir="1" index="1" bw="40" slack="0"/>
</pin_list>
<bind>
<opcode="zext(34) " fcode="zext"/>
<opset="zext_ln40_1/3 "/>
</bind>
</comp>

<comp id="151" class="1004" name="sext_ln40_fu_151">
<pin_list>
<pin id="152" dir="0" index="0" bw="10" slack="1"/>
<pin id="153" dir="1" index="1" bw="40" slack="0"/>
</pin_list>
<bind>
<opcode="sext(35) " fcode="sext"/>
<opset="sext_ln40/3 "/>
</bind>
</comp>

<comp id="154" class="1004" name="zext_ln40_2_fu_154">
<pin_list>
<pin id="155" dir="0" index="0" bw="32" slack="1"/>
<pin id="156" dir="1" index="1" bw="40" slack="0"/>
</pin_list>
<bind>
<opcode="zext(34) " fcode="zext"/>
<opset="zext_ln40_2/3 "/>
</bind>
</comp>

<comp id="157" class="1004" name="grp_fu_157">
<pin_list>
<pin id="158" dir="0" index="0" bw="32" slack="0"/>
<pin id="159" dir="0" index="1" bw="10" slack="0"/>
<pin id="160" dir="1" index="2" bw="40" slack="1"/>
</pin_list>
<bind>
<opcode="mul(12) " fcode="mul"/>
<opset="mul_ln40/3 "/>
</bind>
</comp>

<comp id="163" class="1004" name="sext_ln40_1_fu_163">
<pin_list>
<pin id="164" dir="0" index="0" bw="9" slack="1"/>
<pin id="165" dir="1" index="1" bw="40" slack="0"/>
</pin_list>
<bind>
<opcode="sext(35) " fcode="sext"/>
<opset="sext_ln40_1/3 "/>
</bind>
</comp>

<comp id="166" class="1004" name="grp_fu_166">
<pin_list>
<pin id="167" dir="0" index="0" bw="32" slack="0"/>
<pin id="168" dir="0" index="1" bw="9" slack="0"/>
<pin id="169" dir="1" index="2" bw="40" slack="2"/>
</pin_list>
<bind>
<opcode="mul(12) " fcode="mul"/>
<opset="mul_ln40_1/3 "/>
</bind>
</comp>

<comp id="172" class="1004" name="sext_ln40_2_fu_172">
<pin_list>
<pin id="173" dir="0" index="0" bw="9" slack="1"/>
<pin id="174" dir="1" index="1" bw="40" slack="0"/>
</pin_list>
<bind>
<opcode="sext(35) " fcode="sext"/>
<opset="sext_ln40_2/3 "/>
</bind>
</comp>

<comp id="175" class="1004" name="grp_fu_175">
<pin_list>
<pin id="176" dir="0" index="0" bw="32" slack="0"/>
<pin id="177" dir="0" index="1" bw="9" slack="0"/>
<pin id="178" dir="1" index="2" bw="40" slack="1"/>
</pin_list>
<bind>
<opcode="mul(12) " fcode="mul"/>
<opset="mul_ln40_2/3 "/>
</bind>
</comp>

<comp id="181" class="1004" name="add_ln52_1_fu_181">
<pin_list>
<pin id="182" dir="0" index="0" bw="40" slack="1"/>
<pin id="183" dir="0" index="1" bw="40" slack="1"/>
<pin id="184" dir="1" index="2" bw="40" slack="1"/>
</pin_list>
<bind>
<opcode="add(8) " fcode="add"/>
<opset="add_ln52_1/5 "/>
</bind>
</comp>

<comp id="185" class="1004" name="P4_fu_185">
<pin_list>
<pin id="186" dir="0" index="0" bw="40" slack="0"/>
<pin id="187" dir="0" index="1" bw="8" slack="5"/>
<pin id="188" dir="0" index="2" bw="1" slack="0"/>
<pin id="189" dir="1" index="3" bw="40" slack="0"/>
</pin_list>
<bind>
<opcode="bitconcatenate(1004) " fcode="bitconcatenate"/>
<opset="P4/6 "/>
</bind>
</comp>

<comp id="192" class="1004" name="add_ln52_fu_192">
<pin_list>
<pin id="193" dir="0" index="0" bw="40" slack="2"/>
<pin id="194" dir="0" index="1" bw="40" slack="0"/>
<pin id="195" dir="1" index="2" bw="40" slack="0"/>
</pin_list>
<bind>
<opcode="add(8) " fcode="add"/>
<opset="add_ln52/6 "/>
</bind>
</comp>

<comp id="197" class="1004" name="add_ln52_2_fu_197">
<pin_list>
<pin id="198" dir="0" index="0" bw="40" slack="1"/>
<pin id="199" dir="0" index="1" bw="40" slack="0"/>
<pin id="200" dir="1" index="2" bw="40" slack="0"/>
</pin_list>
<bind>
<opcode="add(8) " fcode="add"/>
<opset="add_ln52_2/6 "/>
</bind>
</comp>

<comp id="202" class="1004" name="pixel_write_assign_fu_202">
<pin_list>
<pin id="203" dir="0" index="0" bw="8" slack="0"/>
<pin id="204" dir="0" index="1" bw="40" slack="0"/>
<pin id="205" dir="0" index="2" bw="7" slack="0"/>
<pin id="206" dir="0" index="3" bw="7" slack="0"/>
<pin id="207" dir="1" index="4" bw="8" slack="2147483647"/>
</pin_list>
<bind>
<opcode="partselect(1002) " fcode="partselect"/>
<opset="pixel_write_assign/6 "/>
</bind>
</comp>

<comp id="212" class="1005" name="Wy_read_reg_212">
<pin_list>
<pin id="213" dir="0" index="0" bw="32" slack="2"/>
<pin id="214" dir="1" index="1" bw="32" slack="2"/>
</pin_list>
<bind>
<opset="Wy_read "/>
</bind>
</comp>

<comp id="217" class="1005" name="Wx_read_reg_217">
<pin_list>
<pin id="218" dir="0" index="0" bw="32" slack="2"/>
<pin id="219" dir="1" index="1" bw="32" slack="2"/>
</pin_list>
<bind>
<opset="Wx_read "/>
</bind>
</comp>

<comp id="222" class="1005" name="B1_read_reg_222">
<pin_list>
<pin id="223" dir="0" index="0" bw="8" slack="1"/>
<pin id="224" dir="1" index="1" bw="8" slack="1"/>
</pin_list>
<bind>
<opset="B1_read "/>
</bind>
</comp>

<comp id="227" class="1005" name="A1_read_reg_227">
<pin_list>
<pin id="228" dir="0" index="0" bw="8" slack="1"/>
<pin id="229" dir="1" index="1" bw="8" slack="1"/>
</pin_list>
<bind>
<opset="A1_read "/>
</bind>
</comp>

<comp id="233" class="1005" name="B0_read_reg_233">
<pin_list>
<pin id="234" dir="0" index="0" bw="8" slack="1"/>
<pin id="235" dir="1" index="1" bw="8" slack="1"/>
</pin_list>
<bind>
<opset="B0_read "/>
</bind>
</comp>

<comp id="238" class="1005" name="A0_read_reg_238">
<pin_list>
<pin id="239" dir="0" index="0" bw="8" slack="1"/>
<pin id="240" dir="1" index="1" bw="8" slack="1"/>
</pin_list>
<bind>
<opset="A0_read "/>
</bind>
</comp>

<comp id="244" class="1005" name="zext_ln42_reg_244">
<pin_list>
<pin id="245" dir="0" index="0" bw="64" slack="1"/>
<pin id="246" dir="1" index="1" bw="64" slack="1"/>
</pin_list>
<bind>
<opset="zext_ln42 "/>
</bind>
</comp>

<comp id="249" class="1005" name="zext_ln42_1_reg_249">
<pin_list>
<pin id="250" dir="0" index="0" bw="64" slack="1"/>
<pin id="251" dir="1" index="1" bw="64" slack="1"/>
</pin_list>
<bind>
<opset="zext_ln42_1 "/>
</bind>
</comp>

<comp id="254" class="1005" name="val0_reg_254">
<pin_list>
<pin id="255" dir="0" index="0" bw="10" slack="1"/>
<pin id="256" dir="1" index="1" bw="10" slack="1"/>
</pin_list>
<bind>
<opset="val0 "/>
</bind>
</comp>

<comp id="259" class="1005" name="val1_reg_259">
<pin_list>
<pin id="260" dir="0" index="0" bw="9" slack="1"/>
<pin id="261" dir="1" index="1" bw="9" slack="1"/>
</pin_list>
<bind>
<opset="val1 "/>
</bind>
</comp>

<comp id="264" class="1005" name="val2_reg_264">
<pin_list>
<pin id="265" dir="0" index="0" bw="9" slack="1"/>
<pin id="266" dir="1" index="1" bw="9" slack="1"/>
</pin_list>
<bind>
<opset="val2 "/>
</bind>
</comp>

<comp id="269" class="1005" name="trunc_ln_reg_269">
<pin_list>
<pin id="270" dir="0" index="0" bw="32" slack="1"/>
<pin id="271" dir="1" index="1" bw="32" slack="1"/>
</pin_list>
<bind>
<opset="trunc_ln "/>
</bind>
</comp>

<comp id="274" class="1005" name="zext_ln40_reg_274">
<pin_list>
<pin id="275" dir="0" index="0" bw="40" slack="1"/>
<pin id="276" dir="1" index="1" bw="40" slack="1"/>
</pin_list>
<bind>
<opset="zext_ln40 "/>
</bind>
</comp>

<comp id="279" class="1005" name="zext_ln40_1_reg_279">
<pin_list>
<pin id="280" dir="0" index="0" bw="40" slack="1"/>
<pin id="281" dir="1" index="1" bw="40" slack="1"/>
</pin_list>
<bind>
<opset="zext_ln40_1 "/>
</bind>
</comp>

<comp id="284" class="1005" name="sext_ln40_reg_284">
<pin_list>
<pin id="285" dir="0" index="0" bw="40" slack="1"/>
<pin id="286" dir="1" index="1" bw="40" slack="1"/>
</pin_list>
<bind>
<opset="sext_ln40 "/>
</bind>
</comp>

<comp id="289" class="1005" name="zext_ln40_2_reg_289">
<pin_list>
<pin id="290" dir="0" index="0" bw="40" slack="1"/>
<pin id="291" dir="1" index="1" bw="40" slack="1"/>
</pin_list>
<bind>
<opset="zext_ln40_2 "/>
</bind>
</comp>

<comp id="294" class="1005" name="sext_ln40_1_reg_294">
<pin_list>
<pin id="295" dir="0" index="0" bw="40" slack="1"/>
<pin id="296" dir="1" index="1" bw="40" slack="1"/>
</pin_list>
<bind>
<opset="sext_ln40_1 "/>
</bind>
</comp>

<comp id="299" class="1005" name="sext_ln40_2_reg_299">
<pin_list>
<pin id="300" dir="0" index="0" bw="40" slack="1"/>
<pin id="301" dir="1" index="1" bw="40" slack="1"/>
</pin_list>
<bind>
<opset="sext_ln40_2 "/>
</bind>
</comp>

<comp id="304" class="1005" name="mul_ln40_reg_304">
<pin_list>
<pin id="305" dir="0" index="0" bw="40" slack="1"/>
<pin id="306" dir="1" index="1" bw="40" slack="1"/>
</pin_list>
<bind>
<opset="mul_ln40 "/>
</bind>
</comp>

<comp id="309" class="1005" name="mul_ln40_1_reg_309">
<pin_list>
<pin id="310" dir="0" index="0" bw="40" slack="2"/>
<pin id="311" dir="1" index="1" bw="40" slack="2"/>
</pin_list>
<bind>
<opset="mul_ln40_1 "/>
</bind>
</comp>

<comp id="314" class="1005" name="mul_ln40_2_reg_314">
<pin_list>
<pin id="315" dir="0" index="0" bw="40" slack="1"/>
<pin id="316" dir="1" index="1" bw="40" slack="1"/>
</pin_list>
<bind>
<opset="mul_ln40_2 "/>
</bind>
</comp>

<comp id="319" class="1005" name="add_ln52_1_reg_319">
<pin_list>
<pin id="320" dir="0" index="0" bw="40" slack="1"/>
<pin id="321" dir="1" index="1" bw="40" slack="1"/>
</pin_list>
<bind>
<opset="add_ln52_1 "/>
</bind>
</comp>

</comp_list>

<net_list>
<net id="40"><net_src comp="12" pin="0"/><net_sink comp="36" pin=0"/></net>

<net id="41"><net_src comp="10" pin="0"/><net_sink comp="36" pin=1"/></net>

<net id="46"><net_src comp="12" pin="0"/><net_sink comp="42" pin=0"/></net>

<net id="47"><net_src comp="8" pin="0"/><net_sink comp="42" pin=1"/></net>

<net id="52"><net_src comp="14" pin="0"/><net_sink comp="48" pin=0"/></net>

<net id="53"><net_src comp="6" pin="0"/><net_sink comp="48" pin=1"/></net>

<net id="58"><net_src comp="14" pin="0"/><net_sink comp="54" pin=0"/></net>

<net id="59"><net_src comp="4" pin="0"/><net_sink comp="54" pin=1"/></net>

<net id="64"><net_src comp="14" pin="0"/><net_sink comp="60" pin=0"/></net>

<net id="65"><net_src comp="2" pin="0"/><net_sink comp="60" pin=1"/></net>

<net id="70"><net_src comp="14" pin="0"/><net_sink comp="66" pin=0"/></net>

<net id="71"><net_src comp="0" pin="0"/><net_sink comp="66" pin=1"/></net>

<net id="75"><net_src comp="42" pin="2"/><net_sink comp="72" pin=0"/></net>

<net id="79"><net_src comp="36" pin="2"/><net_sink comp="76" pin=0"/></net>

<net id="84"><net_src comp="76" pin="1"/><net_sink comp="80" pin=0"/></net>

<net id="85"><net_src comp="72" pin="1"/><net_sink comp="80" pin=1"/></net>

<net id="105"><net_src comp="86" pin="1"/><net_sink comp="101" pin=0"/></net>

<net id="106"><net_src comp="92" pin="1"/><net_sink comp="101" pin=1"/></net>

<net id="110"><net_src comp="101" pin="2"/><net_sink comp="107" pin=0"/></net>

<net id="115"><net_src comp="107" pin="1"/><net_sink comp="111" pin=0"/></net>

<net id="116"><net_src comp="98" pin="1"/><net_sink comp="111" pin=1"/></net>

<net id="121"><net_src comp="111" pin="2"/><net_sink comp="117" pin=0"/></net>

<net id="122"><net_src comp="89" pin="1"/><net_sink comp="117" pin=1"/></net>

<net id="127"><net_src comp="92" pin="1"/><net_sink comp="123" pin=0"/></net>

<net id="128"><net_src comp="86" pin="1"/><net_sink comp="123" pin=1"/></net>

<net id="133"><net_src comp="95" pin="1"/><net_sink comp="129" pin=0"/></net>

<net id="134"><net_src comp="86" pin="1"/><net_sink comp="129" pin=1"/></net>

<net id="141"><net_src comp="16" pin="0"/><net_sink comp="135" pin=0"/></net>

<net id="142"><net_src comp="80" pin="2"/><net_sink comp="135" pin=1"/></net>

<net id="143"><net_src comp="18" pin="0"/><net_sink comp="135" pin=2"/></net>

<net id="144"><net_src comp="20" pin="0"/><net_sink comp="135" pin=3"/></net>

<net id="161"><net_src comp="154" pin="1"/><net_sink comp="157" pin=0"/></net>

<net id="162"><net_src comp="151" pin="1"/><net_sink comp="157" pin=1"/></net>

<net id="170"><net_src comp="145" pin="1"/><net_sink comp="166" pin=0"/></net>

<net id="171"><net_src comp="163" pin="1"/><net_sink comp="166" pin=1"/></net>

<net id="179"><net_src comp="148" pin="1"/><net_sink comp="175" pin=0"/></net>

<net id="180"><net_src comp="172" pin="1"/><net_sink comp="175" pin=1"/></net>

<net id="190"><net_src comp="30" pin="0"/><net_sink comp="185" pin=0"/></net>

<net id="191"><net_src comp="26" pin="0"/><net_sink comp="185" pin=2"/></net>

<net id="196"><net_src comp="185" pin="3"/><net_sink comp="192" pin=1"/></net>

<net id="201"><net_src comp="192" pin="2"/><net_sink comp="197" pin=1"/></net>

<net id="208"><net_src comp="32" pin="0"/><net_sink comp="202" pin=0"/></net>

<net id="209"><net_src comp="197" pin="2"/><net_sink comp="202" pin=1"/></net>

<net id="210"><net_src comp="18" pin="0"/><net_sink comp="202" pin=2"/></net>

<net id="211"><net_src comp="34" pin="0"/><net_sink comp="202" pin=3"/></net>

<net id="215"><net_src comp="36" pin="2"/><net_sink comp="212" pin=0"/></net>

<net id="216"><net_src comp="212" pin="1"/><net_sink comp="148" pin=0"/></net>

<net id="220"><net_src comp="42" pin="2"/><net_sink comp="217" pin=0"/></net>

<net id="221"><net_src comp="217" pin="1"/><net_sink comp="145" pin=0"/></net>

<net id="225"><net_src comp="48" pin="2"/><net_sink comp="222" pin=0"/></net>

<net id="226"><net_src comp="222" pin="1"/><net_sink comp="89" pin=0"/></net>

<net id="230"><net_src comp="54" pin="2"/><net_sink comp="227" pin=0"/></net>

<net id="231"><net_src comp="227" pin="1"/><net_sink comp="95" pin=0"/></net>

<net id="232"><net_src comp="227" pin="1"/><net_sink comp="98" pin=0"/></net>

<net id="236"><net_src comp="60" pin="2"/><net_sink comp="233" pin=0"/></net>

<net id="237"><net_src comp="233" pin="1"/><net_sink comp="92" pin=0"/></net>

<net id="241"><net_src comp="66" pin="2"/><net_sink comp="238" pin=0"/></net>

<net id="242"><net_src comp="238" pin="1"/><net_sink comp="86" pin=0"/></net>

<net id="243"><net_src comp="238" pin="1"/><net_sink comp="185" pin=1"/></net>

<net id="247"><net_src comp="72" pin="1"/><net_sink comp="244" pin=0"/></net>

<net id="248"><net_src comp="244" pin="1"/><net_sink comp="80" pin=1"/></net>

<net id="252"><net_src comp="76" pin="1"/><net_sink comp="249" pin=0"/></net>

<net id="253"><net_src comp="249" pin="1"/><net_sink comp="80" pin=0"/></net>

<net id="257"><net_src comp="117" pin="2"/><net_sink comp="254" pin=0"/></net>

<net id="258"><net_src comp="254" pin="1"/><net_sink comp="151" pin=0"/></net>

<net id="262"><net_src comp="123" pin="2"/><net_sink comp="259" pin=0"/></net>

<net id="263"><net_src comp="259" pin="1"/><net_sink comp="163" pin=0"/></net>

<net id="267"><net_src comp="129" pin="2"/><net_sink comp="264" pin=0"/></net>

<net id="268"><net_src comp="264" pin="1"/><net_sink comp="172" pin=0"/></net>

<net id="272"><net_src comp="135" pin="4"/><net_sink comp="269" pin=0"/></net>

<net id="273"><net_src comp="269" pin="1"/><net_sink comp="154" pin=0"/></net>

<net id="277"><net_src comp="145" pin="1"/><net_sink comp="274" pin=0"/></net>

<net id="278"><net_src comp="274" pin="1"/><net_sink comp="166" pin=0"/></net>

<net id="282"><net_src comp="148" pin="1"/><net_sink comp="279" pin=0"/></net>

<net id="283"><net_src comp="279" pin="1"/><net_sink comp="175" pin=0"/></net>

<net id="287"><net_src comp="151" pin="1"/><net_sink comp="284" pin=0"/></net>

<net id="288"><net_src comp="284" pin="1"/><net_sink comp="157" pin=1"/></net>

<net id="292"><net_src comp="154" pin="1"/><net_sink comp="289" pin=0"/></net>

<net id="293"><net_src comp="289" pin="1"/><net_sink comp="157" pin=0"/></net>

<net id="297"><net_src comp="163" pin="1"/><net_sink comp="294" pin=0"/></net>

<net id="298"><net_src comp="294" pin="1"/><net_sink comp="166" pin=1"/></net>

<net id="302"><net_src comp="172" pin="1"/><net_sink comp="299" pin=0"/></net>

<net id="303"><net_src comp="299" pin="1"/><net_sink comp="175" pin=1"/></net>

<net id="307"><net_src comp="157" pin="2"/><net_sink comp="304" pin=0"/></net>

<net id="308"><net_src comp="304" pin="1"/><net_sink comp="181" pin=1"/></net>

<net id="312"><net_src comp="166" pin="2"/><net_sink comp="309" pin=0"/></net>

<net id="313"><net_src comp="309" pin="1"/><net_sink comp="192" pin=0"/></net>

<net id="317"><net_src comp="175" pin="2"/><net_sink comp="314" pin=0"/></net>

<net id="318"><net_src comp="314" pin="1"/><net_sink comp="181" pin=0"/></net>

<net id="322"><net_src comp="181" pin="2"/><net_sink comp="319" pin=0"/></net>

<net id="323"><net_src comp="319" pin="1"/><net_sink comp="197" pin=0"/></net>

</net_list>

</model> 
---------------- Datapath Model END ------------------

* FSMD analyzer results:
  - Output states:
	Port: A0 | {}
	Port: B0 | {}
	Port: A1 | {}
	Port: B1 | {}
	Port: Wx | {}
	Port: Wy | {}
 - Input state : 
	Port: CoreProcessUpArea : A0 | {1 }
	Port: CoreProcessUpArea : B0 | {1 }
	Port: CoreProcessUpArea : A1 | {1 }
	Port: CoreProcessUpArea : B1 | {1 }
	Port: CoreProcessUpArea : Wx | {1 }
	Port: CoreProcessUpArea : Wy | {1 }
  - Chain level:
	State 1
		mul_ln42 : 1
	State 2
		sub_ln43 : 1
		sext_ln43 : 2
		sub_ln43_1 : 3
		val0 : 4
		val1 : 1
		val2 : 1
		trunc_ln : 1
	State 3
		mul_ln40 : 1
		mul_ln40_1 : 1
		mul_ln40_2 : 1
	State 4
	State 5
	State 6
		add_ln52 : 1
		add_ln52_2 : 2
		pixel_write_assign : 3
		ret_ln53 : 4


============================================================
+ Verbose Summary: Datapath Resource usage 
============================================================

* Functional unit list:
|----------|---------------------------|---------|---------|---------|
| Operation|      Functional Unit      |   DSP   |    FF   |   LUT   |
|----------|---------------------------|---------|---------|---------|
|          |         grp_fu_80         |    0    |   165   |    50   |
|    mul   |         grp_fu_157        |    0    |   165   |    50   |
|          |         grp_fu_166        |    0    |   165   |    50   |
|          |         grp_fu_175        |    0    |   165   |    50   |
|----------|---------------------------|---------|---------|---------|
|          |        val0_fu_117        |    0    |    0    |    40   |
|    add   |     add_ln52_1_fu_181     |    0    |    0    |    47   |
|          |      add_ln52_fu_192      |    0    |    0    |    40   |
|          |     add_ln52_2_fu_197     |    0    |    0    |    40   |
|----------|---------------------------|---------|---------|---------|
|          |      sub_ln43_fu_101      |    0    |    0    |    15   |
|    sub   |     sub_ln43_1_fu_111     |    0    |    0    |    40   |
|          |        val1_fu_123        |    0    |    0    |    15   |
|          |        val2_fu_129        |    0    |    0    |    15   |
|----------|---------------------------|---------|---------|---------|
|          |     Wy_read_read_fu_36    |    0    |    0    |    0    |
|          |     Wx_read_read_fu_42    |    0    |    0    |    0    |
|   read   |     B1_read_read_fu_48    |    0    |    0    |    0    |
|          |     A1_read_read_fu_54    |    0    |    0    |    0    |
|          |     B0_read_read_fu_60    |    0    |    0    |    0    |
|          |     A0_read_read_fu_66    |    0    |    0    |    0    |
|----------|---------------------------|---------|---------|---------|
|          |      zext_ln42_fu_72      |    0    |    0    |    0    |
|          |     zext_ln42_1_fu_76     |    0    |    0    |    0    |
|          |      zext_ln43_fu_86      |    0    |    0    |    0    |
|          |     zext_ln43_1_fu_89     |    0    |    0    |    0    |
|   zext   |     zext_ln43_2_fu_92     |    0    |    0    |    0    |
|          |     zext_ln43_3_fu_95     |    0    |    0    |    0    |
|          |     zext_ln43_4_fu_98     |    0    |    0    |    0    |
|          |      zext_ln40_fu_145     |    0    |    0    |    0    |
|          |     zext_ln40_1_fu_148    |    0    |    0    |    0    |
|          |     zext_ln40_2_fu_154    |    0    |    0    |    0    |
|----------|---------------------------|---------|---------|---------|
|          |      sext_ln43_fu_107     |    0    |    0    |    0    |
|   sext   |      sext_ln40_fu_151     |    0    |    0    |    0    |
|          |     sext_ln40_1_fu_163    |    0    |    0    |    0    |
|          |     sext_ln40_2_fu_172    |    0    |    0    |    0    |
|----------|---------------------------|---------|---------|---------|
|partselect|      trunc_ln_fu_135      |    0    |    0    |    0    |
|          | pixel_write_assign_fu_202 |    0    |    0    |    0    |
|----------|---------------------------|---------|---------|---------|
|bitconcatenate|         P4_fu_185         |    0    |    0    |    0    |
|----------|---------------------------|---------|---------|---------|
|   Total  |                           |    0    |   660   |   452   |
|----------|---------------------------|---------|---------|---------|

Memories:
N/A

* Register list:
+-------------------+--------+
|                   |   FF   |
+-------------------+--------+
|  A0_read_reg_238  |    8   |
|  A1_read_reg_227  |    8   |
|  B0_read_reg_233  |    8   |
|  B1_read_reg_222  |    8   |
|  Wx_read_reg_217  |   32   |
|  Wy_read_reg_212  |   32   |
| add_ln52_1_reg_319|   40   |
| mul_ln40_1_reg_309|   40   |
| mul_ln40_2_reg_314|   40   |
|  mul_ln40_reg_304 |   40   |
|sext_ln40_1_reg_294|   40   |
|sext_ln40_2_reg_299|   40   |
| sext_ln40_reg_284 |   40   |
|  trunc_ln_reg_269 |   32   |
|    val0_reg_254   |   10   |
|    val1_reg_259   |    9   |
|    val2_reg_264   |    9   |
|zext_ln40_1_reg_279|   40   |
|zext_ln40_2_reg_289|   40   |
| zext_ln40_reg_274 |   40   |
|zext_ln42_1_reg_249|   64   |
| zext_ln42_reg_244 |   64   |
+-------------------+--------+
|       Total       |   684  |
+-------------------+--------+

* Multiplexer (MUX) list: 
|------------|------|------|------|--------||---------||---------|
|    Comp    |  Pin | Size |  BW  | S x BW ||  Delay  ||   LUT   |
|------------|------|------|------|--------||---------||---------|
|  grp_fu_80 |  p0  |   2  |  32  |   64   ||    9    |
|  grp_fu_80 |  p1  |   2  |  32  |   64   ||    9    |
| grp_fu_157 |  p0  |   2  |  32  |   64   ||    9    |
| grp_fu_157 |  p1  |   2  |  10  |   20   ||    9    |
| grp_fu_166 |  p0  |   2  |  32  |   64   ||    9    |
| grp_fu_166 |  p1  |   2  |   9  |   18   ||    9    |
| grp_fu_175 |  p0  |   2  |  32  |   64   ||    9    |
| grp_fu_175 |  p1  |   2  |   9  |   18   ||    9    |
|------------|------|------|------|--------||---------||---------|
|    Total   |      |      |      |   376  ||  12.704 ||    72   |
|------------|------|------|------|--------||---------||---------|



* Summary:
+-----------+--------+--------+--------+--------+
|           |   DSP  |  Delay |   FF   |   LUT  |
+-----------+--------+--------+--------+--------+
|  Function |    0   |    -   |   660  |   452  |
|   Memory  |    -   |    -   |    -   |    -   |
|Multiplexer|    -   |   12   |    -   |   72   |
|  Register |    -   |    -   |   684  |    -   |
+-----------+--------+--------+--------+--------+
|   Total   |    0   |   12   |  1344  |   524  |
+-----------+--------+--------+--------+--------+
