

================================================================
== Vitis HLS Report for 'resize_2_0_1080_1920_270_480_1_4_s'
================================================================
* Date:           Mon Mar  9 12:24:01 2026

* Version:        2020.2 (Build 3064766 on Wed Nov 18 09:12:45 MST 2020)
* Project:        accel_downscale
* Solution:       solution1 (Vivado IP Flow Target)
* Product family: zynq
* Target device:  xc7z020-clg400-1


================================================================
== Performance Estimates
================================================================
+ Timing: 
    * Summary: 
    +--------+----------+----------+------------+
    |  Clock |  Target  | Estimated| Uncertainty|
    +--------+----------+----------+------------+
    |ap_clk  |  10.00 ns|  7.268 ns|     2.70 ns|
    +--------+----------+----------+------------+

+ Latency: 
    * Summary: 
    +---------+---------+----------+-----------+-----+---------+---------+
    |  Latency (cycles) |  Latency (absolute)  |    Interval   | Pipeline|
    |   min   |   max   |    min   |    max    | min |   max   |   Type  |
    +---------+---------+----------+-----------+-----+---------+---------+
    |      251|  2087116|  2.510 us|  20.871 ms|  251|  2087116|     none|
    +---------+---------+----------+-----------+-----+---------+---------+

    + Detail: 
        * Instance: 
        +----------------------------------------------------------------------+------------------------------------------------------------+---------+---------+----------+-----------+-----+---------+---------+
        |                                                                      |                                                            |  Latency (cycles) |  Latency (absolute)  |    Interval   | Pipeline|
        |                               Instance                               |                           Module                           |   min   |   max   |    min   |    max    | min |   max   |   Type  |
        +----------------------------------------------------------------------+------------------------------------------------------------+---------+---------+----------+-----------+-----+---------+---------+
        |grp_xFResizeAreaUpScale_1080_1920_1_0_1_1_270_480_1920_480_s_fu_82    |xFResizeAreaUpScale_1080_1920_1_0_1_1_270_480_1920_480_s    |      249|   138743|  2.490 us|   1.387 ms|  249|   138743|     none|
        |grp_xFResizeAreaDownScale_1080_1920_1_0_1_1_270_480_1920_480_s_fu_94  |xFResizeAreaDownScale_1080_1920_1_0_1_1_270_480_1920_480_s  |      556|  2087114|  5.560 us|  20.871 ms|  556|  2087114|     none|
        +----------------------------------------------------------------------+------------------------------------------------------------+---------+---------+----------+-----------+-----+---------+---------+

        * Loop: 
        N/A



================================================================
== Utilization Estimates
================================================================
* Summary: 
+-----------------+---------+-----+--------+-------+-----+
|       Name      | BRAM_18K| DSP |   FF   |  LUT  | URAM|
+-----------------+---------+-----+--------+-------+-----+
|DSP              |        -|    -|       -|      -|    -|
|Expression       |        -|    -|       0|     42|    -|
|FIFO             |        -|    -|       -|      -|    -|
|Instance         |        8|   10|    7790|   8213|    -|
|Memory           |        -|    -|       -|      -|    -|
|Multiplexer      |        -|    -|       -|    134|    -|
|Register         |        -|    -|      73|      -|    -|
+-----------------+---------+-----+--------+-------+-----+
|Total            |        8|   10|    7863|   8389|    0|
+-----------------+---------+-----+--------+-------+-----+
|Available        |      280|  220|  106400|  53200|    0|
+-----------------+---------+-----+--------+-------+-----+
|Utilization (%)  |        2|    4|       7|     15|    0|
+-----------------+---------+-----+--------+-------+-----+

+ Detail: 
    * Instance: 
    +----------------------------------------------------------------------+------------------------------------------------------------+---------+----+------+------+-----+
    |                               Instance                               |                           Module                           | BRAM_18K| DSP|  FF  |  LUT | URAM|
    +----------------------------------------------------------------------+------------------------------------------------------------+---------+----+------+------+-----+
    |grp_xFResizeAreaDownScale_1080_1920_1_0_1_1_270_480_1920_480_s_fu_94  |xFResizeAreaDownScale_1080_1920_1_0_1_1_270_480_1920_480_s  |        1|   6|  2850|  3796|    0|
    |grp_xFResizeAreaUpScale_1080_1920_1_0_1_1_270_480_1920_480_s_fu_82    |xFResizeAreaUpScale_1080_1920_1_0_1_1_270_480_1920_480_s    |        7|   4|  4940|  4417|    0|
    +----------------------------------------------------------------------+------------------------------------------------------------+---------+----+------+------+-----+
    |Total                                                                 |                                                            |        8|  10|  7790|  8213|    0|
    +----------------------------------------------------------------------+------------------------------------------------------------+---------+----+------+------+-----+

    * DSP: 
    N/A

    * Memory: 
    N/A

    * FIFO: 
    N/A

    * Expression: 
    +---------------------------------+----------+----+---+----+------------+------------+
    |          Variable Name          | Operation| DSP| FF| LUT| Bitwidth P0| Bitwidth P1|
    +---------------------------------+----------+----+---+----+------------+------------+
    |and_ln50_fu_134_p2               |       and|   0|  0|   2|           1|           1|
    |icmp_ln50_1_fu_128_p2            |      icmp|   0|  0|  18|          32|          32|
    |icmp_ln50_fu_122_p2              |      icmp|   0|  0|  18|          32|          32|
    |ap_block_state1                  |        or|   0|  0|   2|           1|           1|
    |ap_block_state3_on_subcall_done  |        or|   0|  0|   2|           1|           1|
    +---------------------------------+----------+----+---+----+------------+------------+
    |Total                            |          |   0|  0|  42|          67|          67|
    +---------------------------------+----------+----+---+----+------------+------------+

    * Multiplexer: 
    +----------------------+----+-----------+-----+-----------+
    |         Name         | LUT| Input Size| Bits| Total Bits|
    +----------------------+----+-----------+-----+-----------+
    |ap_NS_fsm             |  25|          5|    1|          5|
    |ap_done               |   9|          2|    1|          2|
    |img_gray_433_read     |  14|          3|    1|          3|
    |img_out_434_din       |   9|          2|    8|         16|
    |img_out_434_write     |  14|          3|    1|          3|
    |p_dst_cols_blk_n      |   9|          2|    1|          2|
    |p_dst_cols_out_blk_n  |   9|          2|    1|          2|
    |p_dst_rows_blk_n      |   9|          2|    1|          2|
    |p_dst_rows_out_blk_n  |   9|          2|    1|          2|
    |p_src_cols_blk_n      |   9|          2|    1|          2|
    |p_src_rows_blk_n      |   9|          2|    1|          2|
    |real_start            |   9|          2|    1|          2|
    +----------------------+----+-----------+-----+-----------+
    |Total                 | 134|         29|   19|         43|
    +----------------------+----+-----------+-----+-----------+

    * Register: 
    +-----------------------------------------------------------------------------------+----+----+-----+-----------+
    |                                        Name                                       | FF | LUT| Bits| Const Bits|
    +-----------------------------------------------------------------------------------+----+----+-----+-----------+
    |and_ln50_reg_164                                                                   |   1|   0|    1|          0|
    |ap_CS_fsm                                                                          |   4|   0|    4|          0|
    |ap_done_reg                                                                        |   1|   0|    1|          0|
    |empty_50_reg_146                                                                   |  16|   0|   16|          0|
    |empty_51_reg_152                                                                   |  16|   0|   16|          0|
    |empty_52_reg_158                                                                   |  16|   0|   16|          0|
    |empty_reg_140                                                                      |  16|   0|   16|          0|
    |grp_xFResizeAreaDownScale_1080_1920_1_0_1_1_270_480_1920_480_s_fu_94_ap_start_reg  |   1|   0|    1|          0|
    |grp_xFResizeAreaUpScale_1080_1920_1_0_1_1_270_480_1920_480_s_fu_82_ap_start_reg    |   1|   0|    1|          0|
    |start_once_reg                                                                     |   1|   0|    1|          0|
    +-----------------------------------------------------------------------------------+----+----+-----+-----------+
    |Total                                                                              |  73|   0|   73|          0|
    +-----------------------------------------------------------------------------------+----+----+-----+-----------+



================================================================
== Interface
================================================================
* Summary: 
+-----------------------+-----+-----+------------+------------------------------------------+--------------+
|       RTL Ports       | Dir | Bits|  Protocol  |               Source Object              |    C Type    |
+-----------------------+-----+-----+------------+------------------------------------------+--------------+
|ap_clk                 |   in|    1|  ap_ctrl_hs|  resize<2, 0, 1080, 1920, 270, 480, 1, 4>|  return value|
|ap_rst                 |   in|    1|  ap_ctrl_hs|  resize<2, 0, 1080, 1920, 270, 480, 1, 4>|  return value|
|ap_start               |   in|    1|  ap_ctrl_hs|  resize<2, 0, 1080, 1920, 270, 480, 1, 4>|  return value|
|start_full_n           |   in|    1|  ap_ctrl_hs|  resize<2, 0, 1080, 1920, 270, 480, 1, 4>|  return value|
|ap_done                |  out|    1|  ap_ctrl_hs|  resize<2, 0, 1080, 1920, 270, 480, 1, 4>|  return value|
|ap_continue            |   in|    1|  ap_ctrl_hs|  resize<2, 0, 1080, 1920, 270, 480, 1, 4>|  return value|
|ap_idle                |  out|    1|  ap_ctrl_hs|  resize<2, 0, 1080, 1920, 270, 480, 1, 4>|  return value|
|ap_ready               |  out|    1|  ap_ctrl_hs|  resize<2, 0, 1080, 1920, 270, 480, 1, 4>|  return value|
|start_out              |  out|    1|  ap_ctrl_hs|  resize<2, 0, 1080, 1920, 270, 480, 1, 4>|  return value|
|start_write            |  out|    1|  ap_ctrl_hs|  resize<2, 0, 1080, 1920, 270, 480, 1, 4>|  return value|
|img_gray_433_dout      |   in|    8|     ap_fifo|                              img_gray_433|       pointer|
|img_gray_433_empty_n   |   in|    1|     ap_fifo|                              img_gray_433|       pointer|
|img_gray_433_read      |  out|    1|     ap_fifo|                              img_gray_433|       pointer|
|img_out_434_din        |  out|    8|     ap_fifo|                               img_out_434|       pointer|
|img_out_434_full_n     |   in|    1|     ap_fifo|                               img_out_434|       pointer|
|img_out_434_write      |  out|    1|     ap_fifo|                               img_out_434|       pointer|
|p_src_rows_dout        |   in|   32|     ap_fifo|                                p_src_rows|       pointer|
|p_src_rows_empty_n     |   in|    1|     ap_fifo|                                p_src_rows|       pointer|
|p_src_rows_read        |  out|    1|     ap_fifo|                                p_src_rows|       pointer|
|p_src_cols_dout        |   in|   32|     ap_fifo|                                p_src_cols|       pointer|
|p_src_cols_empty_n     |   in|    1|     ap_fifo|                                p_src_cols|       pointer|
|p_src_cols_read        |  out|    1|     ap_fifo|                                p_src_cols|       pointer|
|p_dst_rows_dout        |   in|   32|     ap_fifo|                                p_dst_rows|       pointer|
|p_dst_rows_empty_n     |   in|    1|     ap_fifo|                                p_dst_rows|       pointer|
|p_dst_rows_read        |  out|    1|     ap_fifo|                                p_dst_rows|       pointer|
|p_dst_cols_dout        |   in|   32|     ap_fifo|                                p_dst_cols|       pointer|
|p_dst_cols_empty_n     |   in|    1|     ap_fifo|                                p_dst_cols|       pointer|
|p_dst_cols_read        |  out|    1|     ap_fifo|                                p_dst_cols|       pointer|
|p_dst_rows_out_din     |  out|   32|     ap_fifo|                            p_dst_rows_out|       pointer|
|p_dst_rows_out_full_n  |   in|    1|     ap_fifo|                            p_dst_rows_out|       pointer|
|p_dst_rows_out_write   |  out|    1|     ap_fifo|                            p_dst_rows_out|       pointer|
|p_dst_cols_out_din     |  out|   32|     ap_fifo|                            p_dst_cols_out|       pointer|
|p_dst_cols_out_full_n  |   in|    1|     ap_fifo|                            p_dst_cols_out|       pointer|
|p_dst_cols_out_write   |  out|    1|     ap_fifo|                            p_dst_cols_out|       pointer|
+-----------------------+-----+-----+------------+------------------------------------------+--------------+

============================================================
+ Verbose Summary: Synthesis Manager
============================================================
InlineROM: 1
ExposeGlobal: 0
============================================================
+ Verbose Summary: CDFG Model
============================================================
IsTopModel: 0
ResetActiveHigh: 1
IsCombinational: 2
IsDatapathOnly: 0
HasWiredReturn: 1
HasMFsm: 0
HasVarLatency: 1
IsPipeline: 0
IsRtlPipelined: 0
IsInstanceOverlapped: 0
IsDontTouch: 0
HasImplIP: 0
IsGatedGlobalClock: 0


============================================================
+ Verbose Summary: Schedule
============================================================
* Number of FSM states : 4
* Pipeline : 0
* Dataflow Pipeline: 0

* FSM state transitions: 
1 --> 2 4 
2 --> 3 
3 --> 
4 --> 3 

* FSM state operations: 

State 1 <SV = 0> <Delay = 7.26>
ST_1 : Operation 5 [1/1] (0.00ns)   --->   "%specinterface_ln0 = specinterface void @_ssdm_op_SpecInterface, i8 %img_gray_433, void @empty_12, i32 0, i32 0, void @empty_4, i32 0, i32 0, void @empty_4, void @empty_4, void @empty_4, i32 0, i32 0, i32 0, i32 0, void @empty_4, void @empty_4"   --->   Operation 5 'specinterface' 'specinterface_ln0' <Predicate = true> <Delay = 0.00>
ST_1 : Operation 6 [1/1] (0.00ns)   --->   "%specinterface_ln0 = specinterface void @_ssdm_op_SpecInterface, i8 %img_out_434, void @empty_12, i32 0, i32 0, void @empty_4, i32 0, i32 0, void @empty_4, void @empty_4, void @empty_4, i32 0, i32 0, i32 0, i32 0, void @empty_4, void @empty_4"   --->   Operation 6 'specinterface' 'specinterface_ln0' <Predicate = true> <Delay = 0.00>
ST_1 : Operation 7 [1/1] (0.00ns)   --->   "%specinterface_ln0 = specinterface void @_ssdm_op_SpecInterface, i32 %p_dst_cols, void @ap_fifo_str, i32 0, i32 0, void @p_str, i32 0, i32 0, void @p_str, void @p_str, void @p_str, i32 2, i32 2, i32 16, i32 16, void @p_str, void @ScalarProp_str"   --->   Operation 7 'specinterface' 'specinterface_ln0' <Predicate = true> <Delay = 0.00>
ST_1 : Operation 8 [1/1] (0.00ns)   --->   "%specinterface_ln0 = specinterface void @_ssdm_op_SpecInterface, i32 %p_dst_rows, void @ap_fifo_str, i32 0, i32 0, void @p_str, i32 0, i32 0, void @p_str, void @p_str, void @p_str, i32 2, i32 2, i32 16, i32 16, void @p_str, void @ScalarProp_str"   --->   Operation 8 'specinterface' 'specinterface_ln0' <Predicate = true> <Delay = 0.00>
ST_1 : Operation 9 [1/1] (0.00ns)   --->   "%specinterface_ln0 = specinterface void @_ssdm_op_SpecInterface, i32 %p_src_rows, void @ap_fifo_str, i32 0, i32 0, void @p_str, i32 0, i32 0, void @p_str, void @p_str, void @p_str, i32 2, i32 2, i32 16, i32 16, void @p_str, void @ScalarProp_str"   --->   Operation 9 'specinterface' 'specinterface_ln0' <Predicate = true> <Delay = 0.00>
ST_1 : Operation 10 [1/1] (0.00ns)   --->   "%specinterface_ln0 = specinterface void @_ssdm_op_SpecInterface, i32 %p_src_cols, void @ap_fifo_str, i32 0, i32 0, void @p_str, i32 0, i32 0, void @p_str, void @p_str, void @p_str, i32 2, i32 2, i32 16, i32 16, void @p_str, void @ScalarProp_str"   --->   Operation 10 'specinterface' 'specinterface_ln0' <Predicate = true> <Delay = 0.00>
ST_1 : Operation 11 [1/1] (3.63ns)   --->   "%p_dst_rows_read = read i32 @_ssdm_op_Read.ap_fifo.i32P0A, i32 %p_dst_rows" [C:/Vitis_Libraries/vision/L1/include\imgproc/xf_resize.hpp:46]   --->   Operation 11 'read' 'p_dst_rows_read' <Predicate = true> <Delay = 3.63> <CoreInst = "FIFO_SRL">   --->   Core 81 'FIFO_SRL' <Latency = 0> <II = 1> <Delay = 3.63> <Storage> <Opcode : 'read' 'write' 'nbread' 'nbwrite'> <Ports = 0> <Width = 32> <Depth = 4> <FIFO>
ST_1 : Operation 12 [1/1] (3.63ns)   --->   "%p_dst_cols_read = read i32 @_ssdm_op_Read.ap_fifo.i32P0A, i32 %p_dst_cols" [C:/Vitis_Libraries/vision/L1/include\imgproc/xf_resize.hpp:46]   --->   Operation 12 'read' 'p_dst_cols_read' <Predicate = true> <Delay = 3.63> <CoreInst = "FIFO_SRL">   --->   Core 81 'FIFO_SRL' <Latency = 0> <II = 1> <Delay = 3.63> <Storage> <Opcode : 'read' 'write' 'nbread' 'nbwrite'> <Ports = 0> <Width = 32> <Depth = 4> <FIFO>
ST_1 : Operation 13 [1/1] (0.00ns)   --->   "%specinterface_ln0 = specinterface void @_ssdm_op_SpecInterface, i32 %p_dst_rows_out, void @ap_fifo_str, i32 0, i32 0, void @p_str, i32 0, i32 0, void @p_str, void @p_str, void @p_str, i32 2, i32 2, i32 16, i32 16, void @p_str, void @ScalarProp_str"   --->   Operation 13 'specinterface' 'specinterface_ln0' <Predicate = true> <Delay = 0.00>
ST_1 : Operation 14 [1/1] (3.63ns)   --->   "%write_ln46 = write void @_ssdm_op_Write.ap_fifo.i32P0A, i32 %p_dst_rows_out, i32 %p_dst_rows_read" [C:/Vitis_Libraries/vision/L1/include\imgproc/xf_resize.hpp:46]   --->   Operation 14 'write' 'write_ln46' <Predicate = true> <Delay = 3.63> <CoreInst = "FIFO_SRL">   --->   Core 81 'FIFO_SRL' <Latency = 0> <II = 1> <Delay = 3.63> <Storage> <Opcode : 'read' 'write' 'nbread' 'nbwrite'> <Ports = 0> <Width = 32> <Depth = 2> <FIFO>
ST_1 : Operation 15 [1/1] (0.00ns)   --->   "%specinterface_ln0 = specinterface void @_ssdm_op_SpecInterface, i32 %p_dst_cols_out, void @ap_fifo_str, i32 0, i32 0, void @p_str, i32 0, i32 0, void @p_str, void @p_str, void @p_str, i32 2, i32 2, i32 16, i32 16, void @p_str, void @ScalarProp_str"   --->   Operation 15 'specinterface' 'specinterface_ln0' <Predicate = true> <Delay = 0.00>
ST_1 : Operation 16 [1/1] (3.63ns)   --->   "%write_ln46 = write void @_ssdm_op_Write.ap_fifo.i32P0A, i32 %p_dst_cols_out, i32 %p_dst_cols_read" [C:/Vitis_Libraries/vision/L1/include\imgproc/xf_resize.hpp:46]   --->   Operation 16 'write' 'write_ln46' <Predicate = true> <Delay = 3.63> <CoreInst = "FIFO_SRL">   --->   Core 81 'FIFO_SRL' <Latency = 0> <II = 1> <Delay = 3.63> <Storage> <Opcode : 'read' 'write' 'nbread' 'nbwrite'> <Ports = 0> <Width = 32> <Depth = 2> <FIFO>
ST_1 : Operation 17 [1/1] (0.00ns)   --->   "%specinterface_ln0 = specinterface void @_ssdm_op_SpecInterface, i8 %img_out_434, void @empty_12, i32 0, i32 0, void @empty_4, i32 0, i32 0, void @empty_4, void @empty_4, void @empty_4, i32 0, i32 0, i32 0, i32 0, void @empty_4, void @empty_4"   --->   Operation 17 'specinterface' 'specinterface_ln0' <Predicate = true> <Delay = 0.00>
ST_1 : Operation 18 [1/1] (0.00ns)   --->   "%specinterface_ln0 = specinterface void @_ssdm_op_SpecInterface, i8 %img_gray_433, void @empty_12, i32 0, i32 0, void @empty_4, i32 0, i32 0, void @empty_4, void @empty_4, void @empty_4, i32 0, i32 0, i32 0, i32 0, void @empty_4, void @empty_4"   --->   Operation 18 'specinterface' 'specinterface_ln0' <Predicate = true> <Delay = 0.00>
ST_1 : Operation 19 [1/1] (3.63ns)   --->   "%p_src_rows_read = read i32 @_ssdm_op_Read.ap_fifo.i32P0A, i32 %p_src_rows" [C:/Vitis_Libraries/vision/L1/include\imgproc/xf_resize.hpp:44]   --->   Operation 19 'read' 'p_src_rows_read' <Predicate = true> <Delay = 3.63> <CoreInst = "FIFO_SRL">   --->   Core 81 'FIFO_SRL' <Latency = 0> <II = 1> <Delay = 3.63> <Storage> <Opcode : 'read' 'write' 'nbread' 'nbwrite'> <Ports = 0> <Width = 32> <Depth = 4> <FIFO>
ST_1 : Operation 20 [1/1] (0.00ns)   --->   "%empty = trunc i32 %p_src_rows_read" [C:/Vitis_Libraries/vision/L1/include\imgproc/xf_resize.hpp:44]   --->   Operation 20 'trunc' 'empty' <Predicate = true> <Delay = 0.00>
ST_1 : Operation 21 [1/1] (3.63ns)   --->   "%p_src_cols_read = read i32 @_ssdm_op_Read.ap_fifo.i32P0A, i32 %p_src_cols" [C:/Vitis_Libraries/vision/L1/include\imgproc/xf_resize.hpp:44]   --->   Operation 21 'read' 'p_src_cols_read' <Predicate = true> <Delay = 3.63> <CoreInst = "FIFO_SRL">   --->   Core 81 'FIFO_SRL' <Latency = 0> <II = 1> <Delay = 3.63> <Storage> <Opcode : 'read' 'write' 'nbread' 'nbwrite'> <Ports = 0> <Width = 32> <Depth = 4> <FIFO>
ST_1 : Operation 22 [1/1] (0.00ns)   --->   "%empty_50 = trunc i32 %p_src_cols_read" [C:/Vitis_Libraries/vision/L1/include\imgproc/xf_resize.hpp:44]   --->   Operation 22 'trunc' 'empty_50' <Predicate = true> <Delay = 0.00>
ST_1 : Operation 23 [1/1] (0.00ns)   --->   "%empty_51 = trunc i32 %p_dst_rows_read" [C:/Vitis_Libraries/vision/L1/include\imgproc/xf_resize.hpp:46]   --->   Operation 23 'trunc' 'empty_51' <Predicate = true> <Delay = 0.00>
ST_1 : Operation 24 [1/1] (0.00ns)   --->   "%empty_52 = trunc i32 %p_dst_cols_read" [C:/Vitis_Libraries/vision/L1/include\imgproc/xf_resize.hpp:46]   --->   Operation 24 'trunc' 'empty_52' <Predicate = true> <Delay = 0.00>
ST_1 : Operation 25 [1/1] (2.47ns)   --->   "%icmp_ln50 = icmp_slt  i32 %p_src_rows_read, i32 %p_dst_rows_read" [C:/Vitis_Libraries/vision/L1/include\imgproc/xf_resize.hpp:50]   --->   Operation 25 'icmp' 'icmp_ln50' <Predicate = true> <Delay = 2.47> <CoreInst = "Cmp">   --->   Core 9 'Cmp' <Latency = 0> <II = 1> <Delay = 2.47> <FuncUnit> <Opcode : 'icmp'> <InPorts = 2> <OutPorts = 1>
ST_1 : Operation 26 [1/1] (2.47ns)   --->   "%icmp_ln50_1 = icmp_slt  i32 %p_src_cols_read, i32 %p_dst_cols_read" [C:/Vitis_Libraries/vision/L1/include\imgproc/xf_resize.hpp:50]   --->   Operation 26 'icmp' 'icmp_ln50_1' <Predicate = true> <Delay = 2.47> <CoreInst = "Cmp">   --->   Core 9 'Cmp' <Latency = 0> <II = 1> <Delay = 2.47> <FuncUnit> <Opcode : 'icmp'> <InPorts = 2> <OutPorts = 1>
ST_1 : Operation 27 [1/1] (0.97ns)   --->   "%and_ln50 = and i1 %icmp_ln50, i1 %icmp_ln50_1" [C:/Vitis_Libraries/vision/L1/include\imgproc/xf_resize.hpp:50]   --->   Operation 27 'and' 'and_ln50' <Predicate = true> <Delay = 0.97> <CoreInst = "LogicGate">   --->   Core 74 'LogicGate' <Latency = 0> <II = 1> <Delay = 0.97> <FuncUnit> <Opcode : 'and' 'or' 'xor'> <InPorts = 2> <OutPorts = 1>
ST_1 : Operation 28 [1/1] (0.00ns)   --->   "%br_ln50 = br i1 %and_ln50, void %.critedge6.i, void %.critedge.i" [C:/Vitis_Libraries/vision/L1/include\imgproc/xf_resize.hpp:50]   --->   Operation 28 'br' 'br_ln50' <Predicate = true> <Delay = 0.00>

State 2 <SV = 1> <Delay = 4.13>
ST_2 : Operation 29 [2/2] (4.13ns)   --->   "%call_ln61 = call void @xFResizeAreaDownScale<1080, 1920, 1, 0, 1, 1, 270, 480, 1920, 480>, i8 %img_gray_433, i8 %img_out_434, i16 %empty, i16 %empty_50, i16 %empty_51, i16 %empty_52" [C:/Vitis_Libraries/vision/L1/include\imgproc/xf_resize.hpp:61]   --->   Operation 29 'call' 'call_ln61' <Predicate = true> <Delay = 4.13> <CoreType = "Generic">   --->   Core 0 '' <Latency = 0> <II = 1> <Delay = 1.00> <Generic> <Opcode : >

State 3 <SV = 2> <Delay = 0.00>
ST_3 : Operation 30 [1/2] (0.00ns)   --->   "%call_ln61 = call void @xFResizeAreaDownScale<1080, 1920, 1, 0, 1, 1, 270, 480, 1920, 480>, i8 %img_gray_433, i8 %img_out_434, i16 %empty, i16 %empty_50, i16 %empty_51, i16 %empty_52" [C:/Vitis_Libraries/vision/L1/include\imgproc/xf_resize.hpp:61]   --->   Operation 30 'call' 'call_ln61' <Predicate = (!and_ln50)> <Delay = 0.00> <CoreType = "Generic">   --->   Core 0 '' <Latency = 0> <II = 1> <Delay = 1.00> <Generic> <Opcode : >
ST_3 : Operation 31 [1/1] (0.00ns)   --->   "%br_ln64 = br void %.exit" [C:/Vitis_Libraries/vision/L1/include\imgproc/xf_resize.hpp:64]   --->   Operation 31 'br' 'br_ln64' <Predicate = (!and_ln50)> <Delay = 0.00>
ST_3 : Operation 32 [1/2] (0.00ns)   --->   "%call_ln57 = call void @xFResizeAreaUpScale<1080, 1920, 1, 0, 1, 1, 270, 480, 1920, 480>, i8 %img_gray_433, i8 %img_out_434, i16 %empty, i16 %empty_50, i16 %empty_51, i16 %empty_52" [C:/Vitis_Libraries/vision/L1/include\imgproc/xf_resize.hpp:57]   --->   Operation 32 'call' 'call_ln57' <Predicate = (and_ln50)> <Delay = 0.00> <CoreType = "Generic">   --->   Core 0 '' <Latency = 0> <II = 1> <Delay = 1.00> <Generic> <Opcode : >
ST_3 : Operation 33 [1/1] (0.00ns)   --->   "%br_ln60 = br void %.exit" [C:/Vitis_Libraries/vision/L1/include\imgproc/xf_resize.hpp:60]   --->   Operation 33 'br' 'br_ln60' <Predicate = (and_ln50)> <Delay = 0.00>
ST_3 : Operation 34 [1/1] (0.00ns)   --->   "%ret_ln0 = ret"   --->   Operation 34 'ret' 'ret_ln0' <Predicate = true> <Delay = 0.00>

State 4 <SV = 1> <Delay = 6.37>
ST_4 : Operation 35 [2/2] (6.37ns)   --->   "%call_ln57 = call void @xFResizeAreaUpScale<1080, 1920, 1, 0, 1, 1, 270, 480, 1920, 480>, i8 %img_gray_433, i8 %img_out_434, i16 %empty, i16 %empty_50, i16 %empty_51, i16 %empty_52" [C:/Vitis_Libraries/vision/L1/include\imgproc/xf_resize.hpp:57]   --->   Operation 35 'call' 'call_ln57' <Predicate = true> <Delay = 6.37> <CoreType = "Generic">   --->   Core 0 '' <Latency = 0> <II = 1> <Delay = 1.00> <Generic> <Opcode : >


============================================================
+ Verbose Summary: Binding
============================================================
STG Binding: 
---------------- STG Properties BEGIN ----------------
- Is combinational: 0
- Is one-state seq: 0
- Is datapath-only: 0
- Is pipelined: 0
- Is top level: 0
Port [ Return ] is wired: 1; IO mode=ap_ctrl_hs:ce=0
Port [ img_gray_433]:  wired=1; compound=1; hidden=0; nouse=0; global=0; static=0; extern=0; dir=0; type=3; pingpong=0; private_global=0; IO mode=ap_fifo:ce=0
Port [ img_out_434]:  wired=1; compound=1; hidden=0; nouse=0; global=0; static=0; extern=0; dir=1; type=3; pingpong=0; private_global=0; IO mode=ap_fifo:ce=0
Port [ p_src_rows]:  wired=1; compound=1; hidden=0; nouse=0; global=0; static=0; extern=0; dir=0; type=3; pingpong=0; private_global=0; IO mode=ap_fifo:ce=0
Port [ p_src_cols]:  wired=1; compound=1; hidden=0; nouse=0; global=0; static=0; extern=0; dir=0; type=3; pingpong=0; private_global=0; IO mode=ap_fifo:ce=0
Port [ p_dst_rows]:  wired=1; compound=1; hidden=0; nouse=0; global=0; static=0; extern=0; dir=0; type=3; pingpong=0; private_global=0; IO mode=ap_fifo:ce=0
Port [ p_dst_cols]:  wired=1; compound=1; hidden=0; nouse=0; global=0; static=0; extern=0; dir=0; type=3; pingpong=0; private_global=0; IO mode=ap_fifo:ce=0
Port [ p_dst_rows_out]:  wired=1; compound=1; hidden=0; nouse=0; global=0; static=0; extern=0; dir=1; type=3; pingpong=0; private_global=0; IO mode=ap_fifo:ce=0
Port [ p_dst_cols_out]:  wired=1; compound=1; hidden=0; nouse=0; global=0; static=0; extern=0; dir=1; type=3; pingpong=0; private_global=0; IO mode=ap_fifo:ce=0
---------------- STG Properties END ------------------

---------------- Datapath Model BEGIN ----------------

<LifeTime>
<method=bitvector/>
specinterface_ln0 (specinterface) [ 00000]
specinterface_ln0 (specinterface) [ 00000]
specinterface_ln0 (specinterface) [ 00000]
specinterface_ln0 (specinterface) [ 00000]
specinterface_ln0 (specinterface) [ 00000]
specinterface_ln0 (specinterface) [ 00000]
p_dst_rows_read   (read         ) [ 00000]
p_dst_cols_read   (read         ) [ 00000]
specinterface_ln0 (specinterface) [ 00000]
write_ln46        (write        ) [ 00000]
specinterface_ln0 (specinterface) [ 00000]
write_ln46        (write        ) [ 00000]
specinterface_ln0 (specinterface) [ 00000]
specinterface_ln0 (specinterface) [ 00000]
p_src_rows_read   (read         ) [ 00000]
empty             (trunc        ) [ 00111]
p_src_cols_read   (read         ) [ 00000]
empty_50          (trunc        ) [ 00111]
empty_51          (trunc        ) [ 00111]
empty_52          (trunc        ) [ 00111]
icmp_ln50         (icmp         ) [ 00000]
icmp_ln50_1       (icmp         ) [ 00000]
and_ln50          (and          ) [ 01111]
br_ln50           (br           ) [ 00000]
call_ln61         (call         ) [ 00000]
br_ln64           (br           ) [ 00000]
call_ln57         (call         ) [ 00000]
br_ln60           (br           ) [ 00000]
ret_ln0           (ret          ) [ 00000]
</LifeTime>

<model>

<comp_list>
<comp id="0" class="1000" name="img_gray_433">
<pin_list>
<pin id="1" dir="1" index="0" bw="1" slack="0"/>
</pin_list>
<bind>
<StgValue><ssdm name="img_gray_433"/></StgValue>
</bind>
</comp>

<comp id="2" class="1000" name="img_out_434">
<pin_list>
<pin id="3" dir="1" index="0" bw="1" slack="0"/>
</pin_list>
<bind>
<StgValue><ssdm name="img_out_434"/></StgValue>
</bind>
</comp>

<comp id="4" class="1000" name="p_src_rows">
<pin_list>
<pin id="5" dir="1" index="0" bw="1" slack="0"/>
</pin_list>
<bind>
<StgValue><ssdm name="p_src_rows"/></StgValue>
</bind>
</comp>

<comp id="6" class="1000" name="p_src_cols">
<pin_list>
<pin id="7" dir="1" index="0" bw="1" slack="0"/>
</pin_list>
<bind>
<StgValue><ssdm name="p_src_cols"/></StgValue>
</bind>
</comp>

<comp id="8" class="1000" name="p_dst_rows">
<pin_list>
<pin id="9" dir="1" index="0" bw="1" slack="0"/>
</pin_list>
<bind>
<StgValue><ssdm name="p_dst_rows"/></StgValue>
</bind>
</comp>

<comp id="10" class="1000" name="p_dst_cols">
<pin_list>
<pin id="11" dir="1" index="0" bw="1" slack="0"/>
</pin_list>
<bind>
<StgValue><ssdm name="p_dst_cols"/></StgValue>
</bind>
</comp>

<comp id="12" class="1000" name="p_dst_rows_out">
<pin_list>
<pin id="13" dir="1" index="0" bw="1" slack="0"/>
</pin_list>
<bind>
<StgValue><ssdm name="p_dst_rows_out"/></StgValue>
</bind>
</comp>

<comp id="14" class="1000" name="p_dst_cols_out">
<pin_list>
<pin id="15" dir="1" index="0" bw="1" slack="0"/>
</pin_list>
<bind>
<StgValue><ssdm name="p_dst_cols_out"/></StgValue>
</bind>
</comp>

<comp id="16" class="1001" name="const_16">
<pin_list>
<pin id="17" dir="1" index="0" bw="1" slack="2147483647"/>
</pin_list>
<bind>
<StgValue><ssdm name="_ssdm_op_SpecInterface"/></StgValue>
</bind>
</comp>

<comp id="18" class="1001" name="const_18">
<pin_list>
<pin id="19" dir="1" index="0" bw="1" slack="2147483647"/>
</pin_list>
<bind>
<StgValue><ssdm name="empty_12"/></StgValue>
</bind>
</comp>

<comp id="20" class="1001" name="const_20">
<pin_list>
<pin id="21" dir="1" index="0" bw="1" slack="2147483647"/>
</pin_list>
<bind>
<StgValue><ssdm name=""/></StgValue>
</bind>
</comp>

<comp id="22" class="1001" name="const_22">
<pin_list>
<pin id="23" dir="1" index="0" bw="1" slack="2147483647"/>
</pin_list>
<bind>
<StgValue><ssdm name="empty_4"/></StgValue>
</bind>
</comp>

<comp id="24" class="1001" name="const_24">
<pin_list>
<pin id="25" dir="1" index="0" bw="1" slack="2147483647"/>
</pin_list>
<bind>
<StgValue><ssdm name="ap_fifo_str"/></StgValue>
</bind>
</comp>

<comp id="26" class="1001" name="const_26">
<pin_list>
<pin id="27" dir="1" index="0" bw="1" slack="2147483647"/>
</pin_list>
<bind>
<StgValue><ssdm name="p_str"/></StgValue>
</bind>
</comp>

<comp id="28" class="1001" name="const_28">
<pin_list>
<pin id="29" dir="1" index="0" bw="1" slack="2147483647"/>
</pin_list>
<bind>
<StgValue><ssdm name=""/></StgValue>
</bind>
</comp>

<comp id="30" class="1001" name="const_30">
<pin_list>
<pin id="31" dir="1" index="0" bw="1" slack="2147483647"/>
</pin_list>
<bind>
<StgValue><ssdm name=""/></StgValue>
</bind>
</comp>

<comp id="32" class="1001" name="const_32">
<pin_list>
<pin id="33" dir="1" index="0" bw="1" slack="2147483647"/>
</pin_list>
<bind>
<StgValue><ssdm name="ScalarProp_str"/></StgValue>
</bind>
</comp>

<comp id="34" class="1001" name="const_34">
<pin_list>
<pin id="35" dir="1" index="0" bw="1" slack="0"/>
</pin_list>
<bind>
<StgValue><ssdm name="_ssdm_op_Read.ap_fifo.i32P0A"/></StgValue>
</bind>
</comp>

<comp id="36" class="1001" name="const_36">
<pin_list>
<pin id="37" dir="1" index="0" bw="1" slack="0"/>
</pin_list>
<bind>
<StgValue><ssdm name="_ssdm_op_Write.ap_fifo.i32P0A"/></StgValue>
</bind>
</comp>

<comp id="38" class="1001" name="const_38">
<pin_list>
<pin id="39" dir="1" index="0" bw="1" slack="0"/>
</pin_list>
<bind>
<StgValue><ssdm name="xFResizeAreaDownScale<1080, 1920, 1, 0, 1, 1, 270, 480, 1920, 480>"/></StgValue>
</bind>
</comp>

<comp id="40" class="1001" name="const_40">
<pin_list>
<pin id="41" dir="1" index="0" bw="1" slack="0"/>
</pin_list>
<bind>
<StgValue><ssdm name="xFResizeAreaUpScale<1080, 1920, 1, 0, 1, 1, 270, 480, 1920, 480>"/></StgValue>
</bind>
</comp>

<comp id="42" class="1004" name="p_dst_rows_read_read_fu_42">
<pin_list>
<pin id="43" dir="0" index="0" bw="32" slack="0"/>
<pin id="44" dir="0" index="1" bw="32" slack="0"/>
<pin id="45" dir="1" index="2" bw="32" slack="0"/>
</pin_list>
<bind>
<opcode="read(1150) " fcode="read"/>
<opset="p_dst_rows_read/1 "/>
</bind>
</comp>

<comp id="48" class="1004" name="p_dst_cols_read_read_fu_48">
<pin_list>
<pin id="49" dir="0" index="0" bw="32" slack="0"/>
<pin id="50" dir="0" index="1" bw="32" slack="0"/>
<pin id="51" dir="1" index="2" bw="32" slack="0"/>
</pin_list>
<bind>
<opcode="read(1150) " fcode="read"/>
<opset="p_dst_cols_read/1 "/>
</bind>
</comp>

<comp id="54" class="1004" name="write_ln46_write_fu_54">
<pin_list>
<pin id="55" dir="0" index="0" bw="0" slack="0"/>
<pin id="56" dir="0" index="1" bw="32" slack="0"/>
<pin id="57" dir="0" index="2" bw="32" slack="0"/>
<pin id="58" dir="1" index="3" bw="0" slack="2147483647"/>
</pin_list>
<bind>
<opcode="write(1151) " fcode="write"/>
<opset="write_ln46/1 "/>
</bind>
</comp>

<comp id="62" class="1004" name="write_ln46_write_fu_62">
<pin_list>
<pin id="63" dir="0" index="0" bw="0" slack="0"/>
<pin id="64" dir="0" index="1" bw="32" slack="0"/>
<pin id="65" dir="0" index="2" bw="32" slack="0"/>
<pin id="66" dir="1" index="3" bw="0" slack="2147483647"/>
</pin_list>
<bind>
<opcode="write(1151) " fcode="write"/>
<opset="write_ln46/1 "/>
</bind>
</comp>

<comp id="70" class="1004" name="p_src_rows_read_read_fu_70">
<pin_list>
<pin id="71" dir="0" index="0" bw="32" slack="0"/>
<pin id="72" dir="0" index="1" bw="32" slack="0"/>
<pin id="73" dir="1" index="2" bw="32" slack="0"/>
</pin_list>
<bind>
<opcode="read(1150) " fcode="read"/>
<opset="p_src_rows_read/1 "/>
</bind>
</comp>

<comp id="76" class="1004" name="p_src_cols_read_read_fu_76">
<pin_list>
<pin id="77" dir="0" index="0" bw="32" slack="0"/>
<pin id="78" dir="0" index="1" bw="32" slack="0"/>
<pin id="79" dir="1" index="2" bw="32" slack="0"/>
</pin_list>
<bind>
<opcode="read(1150) " fcode="read"/>
<opset="p_src_cols_read/1 "/>
</bind>
</comp>

<comp id="82" class="1004" name="grp_xFResizeAreaUpScale_1080_1920_1_0_1_1_270_480_1920_480_s_fu_82">
<pin_list>
<pin id="83" dir="0" index="0" bw="0" slack="0"/>
<pin id="84" dir="0" index="1" bw="8" slack="0"/>
<pin id="85" dir="0" index="2" bw="8" slack="0"/>
<pin id="86" dir="0" index="3" bw="16" slack="1"/>
<pin id="87" dir="0" index="4" bw="16" slack="1"/>
<pin id="88" dir="0" index="5" bw="16" slack="1"/>
<pin id="89" dir="0" index="6" bw="16" slack="1"/>
<pin id="90" dir="1" index="7" bw="0" slack="2147483647"/>
</pin_list>
<bind>
<opcode="call(48) " fcode="call"/>
<opset="call_ln57/4 "/>
</bind>
</comp>

<comp id="94" class="1004" name="grp_xFResizeAreaDownScale_1080_1920_1_0_1_1_270_480_1920_480_s_fu_94">
<pin_list>
<pin id="95" dir="0" index="0" bw="0" slack="0"/>
<pin id="96" dir="0" index="1" bw="8" slack="0"/>
<pin id="97" dir="0" index="2" bw="8" slack="0"/>
<pin id="98" dir="0" index="3" bw="16" slack="1"/>
<pin id="99" dir="0" index="4" bw="16" slack="1"/>
<pin id="100" dir="0" index="5" bw="16" slack="1"/>
<pin id="101" dir="0" index="6" bw="16" slack="1"/>
<pin id="102" dir="1" index="7" bw="0" slack="2147483647"/>
</pin_list>
<bind>
<opcode="call(48) " fcode="call"/>
<opset="call_ln61/2 "/>
</bind>
</comp>

<comp id="106" class="1004" name="empty_fu_106">
<pin_list>
<pin id="107" dir="0" index="0" bw="32" slack="0"/>
<pin id="108" dir="1" index="1" bw="16" slack="1"/>
</pin_list>
<bind>
<opcode="trunc(33) " fcode="trunc"/>
<opset="empty/1 "/>
</bind>
</comp>

<comp id="110" class="1004" name="empty_50_fu_110">
<pin_list>
<pin id="111" dir="0" index="0" bw="32" slack="0"/>
<pin id="112" dir="1" index="1" bw="16" slack="1"/>
</pin_list>
<bind>
<opcode="trunc(33) " fcode="trunc"/>
<opset="empty_50/1 "/>
</bind>
</comp>

<comp id="114" class="1004" name="empty_51_fu_114">
<pin_list>
<pin id="115" dir="0" index="0" bw="32" slack="0"/>
<pin id="116" dir="1" index="1" bw="16" slack="1"/>
</pin_list>
<bind>
<opcode="trunc(33) " fcode="trunc"/>
<opset="empty_51/1 "/>
</bind>
</comp>

<comp id="118" class="1004" name="empty_52_fu_118">
<pin_list>
<pin id="119" dir="0" index="0" bw="32" slack="0"/>
<pin id="120" dir="1" index="1" bw="16" slack="1"/>
</pin_list>
<bind>
<opcode="trunc(33) " fcode="trunc"/>
<opset="empty_52/1 "/>
</bind>
</comp>

<comp id="122" class="1004" name="icmp_ln50_fu_122">
<pin_list>
<pin id="123" dir="0" index="0" bw="32" slack="0"/>
<pin id="124" dir="0" index="1" bw="32" slack="0"/>
<pin id="125" dir="1" index="2" bw="1" slack="0"/>
</pin_list>
<bind>
<opcode="icmp(45) " fcode="icmp"/>
<opset="icmp_ln50/1 "/>
</bind>
</comp>

<comp id="128" class="1004" name="icmp_ln50_1_fu_128">
<pin_list>
<pin id="129" dir="0" index="0" bw="32" slack="0"/>
<pin id="130" dir="0" index="1" bw="32" slack="0"/>
<pin id="131" dir="1" index="2" bw="1" slack="0"/>
</pin_list>
<bind>
<opcode="icmp(45) " fcode="icmp"/>
<opset="icmp_ln50_1/1 "/>
</bind>
</comp>

<comp id="134" class="1004" name="and_ln50_fu_134">
<pin_list>
<pin id="135" dir="0" index="0" bw="1" slack="0"/>
<pin id="136" dir="0" index="1" bw="1" slack="0"/>
<pin id="137" dir="1" index="2" bw="1" slack="2"/>
</pin_list>
<bind>
<opcode="and(23) " fcode="and"/>
<opset="and_ln50/1 "/>
</bind>
</comp>

<comp id="140" class="1005" name="empty_reg_140">
<pin_list>
<pin id="141" dir="0" index="0" bw="16" slack="1"/>
<pin id="142" dir="1" index="1" bw="16" slack="1"/>
</pin_list>
<bind>
<opset="empty "/>
</bind>
</comp>

<comp id="146" class="1005" name="empty_50_reg_146">
<pin_list>
<pin id="147" dir="0" index="0" bw="16" slack="1"/>
<pin id="148" dir="1" index="1" bw="16" slack="1"/>
</pin_list>
<bind>
<opset="empty_50 "/>
</bind>
</comp>

<comp id="152" class="1005" name="empty_51_reg_152">
<pin_list>
<pin id="153" dir="0" index="0" bw="16" slack="1"/>
<pin id="154" dir="1" index="1" bw="16" slack="1"/>
</pin_list>
<bind>
<opset="empty_51 "/>
</bind>
</comp>

<comp id="158" class="1005" name="empty_52_reg_158">
<pin_list>
<pin id="159" dir="0" index="0" bw="16" slack="1"/>
<pin id="160" dir="1" index="1" bw="16" slack="1"/>
</pin_list>
<bind>
<opset="empty_52 "/>
</bind>
</comp>

<comp id="164" class="1005" name="and_ln50_reg_164">
<pin_list>
<pin id="165" dir="0" index="0" bw="1" slack="2"/>
<pin id="166" dir="1" index="1" bw="1" slack="2147483647"/>
</pin_list>
<bind>
<opset="and_ln50 "/>
</bind>
</comp>

</comp_list>

<net_list>
<net id="46"><net_src comp="34" pin="0"/><net_sink comp="42" pin=0"/></net>

<net id="47"><net_src comp="8" pin="0"/><net_sink comp="42" pin=1"/></net>

<net id="52"><net_src comp="34" pin="0"/><net_sink comp="48" pin=0"/></net>

<net id="53"><net_src comp="10" pin="0"/><net_sink comp="48" pin=1"/></net>

<net id="59"><net_src comp="36" pin="0"/><net_sink comp="54" pin=0"/></net>

<net id="60"><net_src comp="12" pin="0"/><net_sink comp="54" pin=1"/></net>

<net id="61"><net_src comp="42" pin="2"/><net_sink comp="54" pin=2"/></net>

<net id="67"><net_src comp="36" pin="0"/><net_sink comp="62" pin=0"/></net>

<net id="68"><net_src comp="14" pin="0"/><net_sink comp="62" pin=1"/></net>

<net id="69"><net_src comp="48" pin="2"/><net_sink comp="62" pin=2"/></net>

<net id="74"><net_src comp="34" pin="0"/><net_sink comp="70" pin=0"/></net>

<net id="75"><net_src comp="4" pin="0"/><net_sink comp="70" pin=1"/></net>

<net id="80"><net_src comp="34" pin="0"/><net_sink comp="76" pin=0"/></net>

<net id="81"><net_src comp="6" pin="0"/><net_sink comp="76" pin=1"/></net>

<net id="91"><net_src comp="40" pin="0"/><net_sink comp="82" pin=0"/></net>

<net id="92"><net_src comp="0" pin="0"/><net_sink comp="82" pin=1"/></net>

<net id="93"><net_src comp="2" pin="0"/><net_sink comp="82" pin=2"/></net>

<net id="103"><net_src comp="38" pin="0"/><net_sink comp="94" pin=0"/></net>

<net id="104"><net_src comp="0" pin="0"/><net_sink comp="94" pin=1"/></net>

<net id="105"><net_src comp="2" pin="0"/><net_sink comp="94" pin=2"/></net>

<net id="109"><net_src comp="70" pin="2"/><net_sink comp="106" pin=0"/></net>

<net id="113"><net_src comp="76" pin="2"/><net_sink comp="110" pin=0"/></net>

<net id="117"><net_src comp="42" pin="2"/><net_sink comp="114" pin=0"/></net>

<net id="121"><net_src comp="48" pin="2"/><net_sink comp="118" pin=0"/></net>

<net id="126"><net_src comp="70" pin="2"/><net_sink comp="122" pin=0"/></net>

<net id="127"><net_src comp="42" pin="2"/><net_sink comp="122" pin=1"/></net>

<net id="132"><net_src comp="76" pin="2"/><net_sink comp="128" pin=0"/></net>

<net id="133"><net_src comp="48" pin="2"/><net_sink comp="128" pin=1"/></net>

<net id="138"><net_src comp="122" pin="2"/><net_sink comp="134" pin=0"/></net>

<net id="139"><net_src comp="128" pin="2"/><net_sink comp="134" pin=1"/></net>

<net id="143"><net_src comp="106" pin="1"/><net_sink comp="140" pin=0"/></net>

<net id="144"><net_src comp="140" pin="1"/><net_sink comp="94" pin=3"/></net>

<net id="145"><net_src comp="140" pin="1"/><net_sink comp="82" pin=3"/></net>

<net id="149"><net_src comp="110" pin="1"/><net_sink comp="146" pin=0"/></net>

<net id="150"><net_src comp="146" pin="1"/><net_sink comp="94" pin=4"/></net>

<net id="151"><net_src comp="146" pin="1"/><net_sink comp="82" pin=4"/></net>

<net id="155"><net_src comp="114" pin="1"/><net_sink comp="152" pin=0"/></net>

<net id="156"><net_src comp="152" pin="1"/><net_sink comp="94" pin=5"/></net>

<net id="157"><net_src comp="152" pin="1"/><net_sink comp="82" pin=5"/></net>

<net id="161"><net_src comp="118" pin="1"/><net_sink comp="158" pin=0"/></net>

<net id="162"><net_src comp="158" pin="1"/><net_sink comp="94" pin=6"/></net>

<net id="163"><net_src comp="158" pin="1"/><net_sink comp="82" pin=6"/></net>

<net id="167"><net_src comp="134" pin="2"/><net_sink comp="164" pin=0"/></net>

</net_list>

</model> 
---------------- Datapath Model END ------------------

* FSMD analyzer results:
  - Output states:
	Port: img_out_434 | {2 3 4 }
	Port: p_dst_rows_out | {1 }
	Port: p_dst_cols_out | {1 }
 - Input state : 
	Port: resize<2, 0, 1080, 1920, 270, 480, 1, 4> : img_gray_433 | {2 3 4 }
	Port: resize<2, 0, 1080, 1920, 270, 480, 1, 4> : p_src_rows | {1 }
	Port: resize<2, 0, 1080, 1920, 270, 480, 1, 4> : p_src_cols | {1 }
	Port: resize<2, 0, 1080, 1920, 270, 480, 1, 4> : p_dst_rows | {1 }
	Port: resize<2, 0, 1080, 1920, 270, 480, 1, 4> : p_dst_cols | {1 }
  - Chain level:
	State 1
		and_ln50 : 1
		br_ln50 : 1
	State 2
	State 3
	State 4


============================================================
+ Verbose Summary: Datapath Resource usage 
============================================================

* Functional unit list:
|----------|----------------------------------------------------------------------|---------|---------|---------|---------|---------|
| Operation|                            Functional Unit                           |   BRAM  |   DSP   |  Delay  |    FF   |   LUT   |
|----------|----------------------------------------------------------------------|---------|---------|---------|---------|---------|
|   call   |  grp_xFResizeAreaUpScale_1080_1920_1_0_1_1_270_480_1920_480_s_fu_82  |    7    |    4    | 62.1415 |   5372  |   3555  |
|          | grp_xFResizeAreaDownScale_1080_1920_1_0_1_1_270_480_1920_480_s_fu_94 |    1    |    6    | 33.4673 |   2623  |   3091  |
|----------|----------------------------------------------------------------------|---------|---------|---------|---------|---------|
|   icmp   |                           icmp_ln50_fu_122                           |    0    |    0    |    0    |    0    |    18   |
|          |                          icmp_ln50_1_fu_128                          |    0    |    0    |    0    |    0    |    18   |
|----------|----------------------------------------------------------------------|---------|---------|---------|---------|---------|
|    and   |                            and_ln50_fu_134                           |    0    |    0    |    0    |    0    |    2    |
|----------|----------------------------------------------------------------------|---------|---------|---------|---------|---------|
|          |                      p_dst_rows_read_read_fu_42                      |    0    |    0    |    0    |    0    |    0    |
|   read   |                      p_dst_cols_read_read_fu_48                      |    0    |    0    |    0    |    0    |    0    |
|          |                      p_src_rows_read_read_fu_70                      |    0    |    0    |    0    |    0    |    0    |
|          |                      p_src_cols_read_read_fu_76                      |    0    |    0    |    0    |    0    |    0    |
|----------|----------------------------------------------------------------------|---------|---------|---------|---------|---------|
|   write  |                        write_ln46_write_fu_54                        |    0    |    0    |    0    |    0    |    0    |
|          |                        write_ln46_write_fu_62                        |    0    |    0    |    0    |    0    |    0    |
|----------|----------------------------------------------------------------------|---------|---------|---------|---------|---------|
|          |                             empty_fu_106                             |    0    |    0    |    0    |    0    |    0    |
|   trunc  |                            empty_50_fu_110                           |    0    |    0    |    0    |    0    |    0    |
|          |                            empty_51_fu_114                           |    0    |    0    |    0    |    0    |    0    |
|          |                            empty_52_fu_118                           |    0    |    0    |    0    |    0    |    0    |
|----------|----------------------------------------------------------------------|---------|---------|---------|---------|---------|
|   Total  |                                                                      |    8    |    10   | 95.6088 |   7995  |   6684  |
|----------|----------------------------------------------------------------------|---------|---------|---------|---------|---------|

Memories:
N/A

* Register list:
+----------------+--------+
|                |   FF   |
+----------------+--------+
|and_ln50_reg_164|    1   |
|empty_50_reg_146|   16   |
|empty_51_reg_152|   16   |
|empty_52_reg_158|   16   |
|  empty_reg_140 |   16   |
+----------------+--------+
|      Total     |   65   |
+----------------+--------+

* Multiplexer (MUX) list: 
|--------|------|------|------|--------|
|  Comp  |  Pin | Size |  BW  | S x BW |
|--------|------|------|------|--------|
|  Total |      |      |      |    0   |
|--------|------|------|------|--------|



* Summary:
+-----------+--------+--------+--------+--------+--------+
|           |  BRAM  |   DSP  |  Delay |   FF   |   LUT  |
+-----------+--------+--------+--------+--------+--------+
|  Function |    8   |   10   |   95   |  7995  |  6684  |
|   Memory  |    -   |    -   |    -   |    -   |    -   |
|Multiplexer|    -   |    -   |    -   |    -   |    -   |
|  Register |    -   |    -   |    -   |   65   |    -   |
+-----------+--------+--------+--------+--------+--------+
|   Total   |    8   |   10   |   95   |  8060  |  6684  |
+-----------+--------+--------+--------+--------+--------+
