

================================================================
== Vitis HLS Report for 'resize_2_0_1080_1920_270_480_1_4_s'
================================================================
* Date:           Mon Mar  9 12:23:47 2026

* Version:        2020.2 (Build 3064766 on Wed Nov 18 09:12:45 MST 2020)
* Project:        accel_downscale
* Solution:       solution1 (Vivado IP Flow Target)
* Product family: zynq
* Target device:  xc7z020-clg400-1


================================================================
== Performance Estimates
================================================================
+ Timing: 
    * Summary: 
    +--------+----------+----------+------------+
    |  Clock |  Target  | Estimated| Uncertainty|
    +--------+----------+----------+------------+
    |ap_clk  |  10.00 ns|  7.268 ns|     2.70 ns|
    +--------+----------+----------+------------+

+ Latency: 
    * Summary: 
    +---------+---------+----------+-----------+-----+---------+---------+
    |  Latency (cycles) |  Latency (absolute)  |    Interval   | Pipeline|
    |   min   |   max   |    min   |    max    | min |   max   |   Type  |
    +---------+---------+----------+-----------+-----+---------+---------+
    |      251|  2087116|  2.510 us|  20.871 ms|  251|  2087116|     none|
    +---------+---------+----------+-----------+-----+---------+---------+

    + Detail: 
        * Instance: 
        N/A

        * Loop: 
        N/A

============================================================
+ Verbose Summary: Synthesis Manager
============================================================
InlineROM: 1
ExposeGlobal: 0
============================================================
+ Verbose Summary: CDFG Model
============================================================
IsTopModel: 0
ResetActiveHigh: 1
IsCombinational: 2
IsDatapathOnly: 0
HasWiredReturn: 1
HasMFsm: 0
HasVarLatency: 1
IsPipeline: 0
IsRtlPipelined: 0
IsInstanceOverlapped: 0
IsDontTouch: 0
HasImplIP: 0
IsGatedGlobalClock: 0


============================================================
+ Verbose Summary: Schedule
============================================================
* Number of FSM states : 4
* Pipeline : 0
* Dataflow Pipeline: 0

* FSM state transitions: 
1 --> 2 4 
2 --> 3 
3 --> 
4 --> 3 

* FSM state operations: 

State 1 <SV = 0> <Delay = 7.26>
ST_1 : Operation 5 [1/1] (0.00ns)   --->   "%specinterface_ln0 = specinterface void @_ssdm_op_SpecInterface, i8 %img_gray_433, void @empty_12, i32 0, i32 0, void @empty_4, i32 0, i32 0, void @empty_4, void @empty_4, void @empty_4, i32 0, i32 0, i32 0, i32 0, void @empty_4, void @empty_4"   --->   Operation 5 'specinterface' 'specinterface_ln0' <Predicate = true> <Delay = 0.00>
ST_1 : Operation 6 [1/1] (0.00ns)   --->   "%specinterface_ln0 = specinterface void @_ssdm_op_SpecInterface, i8 %img_out_434, void @empty_12, i32 0, i32 0, void @empty_4, i32 0, i32 0, void @empty_4, void @empty_4, void @empty_4, i32 0, i32 0, i32 0, i32 0, void @empty_4, void @empty_4"   --->   Operation 6 'specinterface' 'specinterface_ln0' <Predicate = true> <Delay = 0.00>
ST_1 : Operation 7 [1/1] (0.00ns)   --->   "%specinterface_ln0 = specinterface void @_ssdm_op_SpecInterface, i32 %p_dst_cols, void @ap_fifo_str, i32 0, i32 0, void @p_str, i32 0, i32 0, void @p_str, void @p_str, void @p_str, i32 2, i32 2, i32 16, i32 16, void @p_str, void @ScalarProp_str"   --->   Operation 7 'specinterface' 'specinterface_ln0' <Predicate = true> <Delay = 0.00>
ST_1 : Operation 8 [1/1] (0.00ns)   --->   "%specinterface_ln0 = specinterface void @_ssdm_op_SpecInterface, i32 %p_dst_rows, void @ap_fifo_str, i32 0, i32 0, void @p_str, i32 0, i32 0, void @p_str, void @p_str, void @p_str, i32 2, i32 2, i32 16, i32 16, void @p_str, void @ScalarProp_str"   --->   Operation 8 'specinterface' 'specinterface_ln0' <Predicate = true> <Delay = 0.00>
ST_1 : Operation 9 [1/1] (0.00ns)   --->   "%specinterface_ln0 = specinterface void @_ssdm_op_SpecInterface, i32 %p_src_rows, void @ap_fifo_str, i32 0, i32 0, void @p_str, i32 0, i32 0, void @p_str, void @p_str, void @p_str, i32 2, i32 2, i32 16, i32 16, void @p_str, void @ScalarProp_str"   --->   Operation 9 'specinterface' 'specinterface_ln0' <Predicate = true> <Delay = 0.00>
ST_1 : Operation 10 [1/1] (0.00ns)   --->   "%specinterface_ln0 = specinterface void @_ssdm_op_SpecInterface, i32 %p_src_cols, void @ap_fifo_str, i32 0, i32 0, void @p_str, i32 0, i32 0, void @p_str, void @p_str, void @p_str, i32 2, i32 2, i32 16, i32 16, void @p_str, void @ScalarProp_str"   --->   Operation 10 'specinterface' 'specinterface_ln0' <Predicate = true> <Delay = 0.00>
ST_1 : Operation 11 [1/1] (3.63ns)   --->   "%p_dst_rows_read = read i32 @_ssdm_op_Read.ap_fifo.i32P0A, i32 %p_dst_rows" [C:/Vitis_Libraries/vision/L1/include\imgproc/xf_resize.hpp:46]   --->   Operation 11 'read' 'p_dst_rows_read' <Predicate = true> <Delay = 3.63> <CoreInst = "FIFO_SRL">   --->   Core 81 'FIFO_SRL' <Latency = 0> <II = 1> <Delay = 3.63> <Storage> <Opcode : 'read' 'write' 'nbread' 'nbwrite'> <Ports = 0> <Width = 32> <Depth = 4> <FIFO>
ST_1 : Operation 12 [1/1] (3.63ns)   --->   "%p_dst_cols_read = read i32 @_ssdm_op_Read.ap_fifo.i32P0A, i32 %p_dst_cols" [C:/Vitis_Libraries/vision/L1/include\imgproc/xf_resize.hpp:46]   --->   Operation 12 'read' 'p_dst_cols_read' <Predicate = true> <Delay = 3.63> <CoreInst = "FIFO_SRL">   --->   Core 81 'FIFO_SRL' <Latency = 0> <II = 1> <Delay = 3.63> <Storage> <Opcode : 'read' 'write' 'nbread' 'nbwrite'> <Ports = 0> <Width = 32> <Depth = 4> <FIFO>
ST_1 : Operation 13 [1/1] (0.00ns)   --->   "%specinterface_ln0 = specinterface void @_ssdm_op_SpecInterface, i32 %p_dst_rows_out, void @ap_fifo_str, i32 0, i32 0, void @p_str, i32 0, i32 0, void @p_str, void @p_str, void @p_str, i32 2, i32 2, i32 16, i32 16, void @p_str, void @ScalarProp_str"   --->   Operation 13 'specinterface' 'specinterface_ln0' <Predicate = true> <Delay = 0.00>
ST_1 : Operation 14 [1/1] (3.63ns)   --->   "%write_ln46 = write void @_ssdm_op_Write.ap_fifo.i32P0A, i32 %p_dst_rows_out, i32 %p_dst_rows_read" [C:/Vitis_Libraries/vision/L1/include\imgproc/xf_resize.hpp:46]   --->   Operation 14 'write' 'write_ln46' <Predicate = true> <Delay = 3.63> <CoreInst = "FIFO_SRL">   --->   Core 81 'FIFO_SRL' <Latency = 0> <II = 1> <Delay = 3.63> <Storage> <Opcode : 'read' 'write' 'nbread' 'nbwrite'> <Ports = 0> <Width = 32> <Depth = 2> <FIFO>
ST_1 : Operation 15 [1/1] (0.00ns)   --->   "%specinterface_ln0 = specinterface void @_ssdm_op_SpecInterface, i32 %p_dst_cols_out, void @ap_fifo_str, i32 0, i32 0, void @p_str, i32 0, i32 0, void @p_str, void @p_str, void @p_str, i32 2, i32 2, i32 16, i32 16, void @p_str, void @ScalarProp_str"   --->   Operation 15 'specinterface' 'specinterface_ln0' <Predicate = true> <Delay = 0.00>
ST_1 : Operation 16 [1/1] (3.63ns)   --->   "%write_ln46 = write void @_ssdm_op_Write.ap_fifo.i32P0A, i32 %p_dst_cols_out, i32 %p_dst_cols_read" [C:/Vitis_Libraries/vision/L1/include\imgproc/xf_resize.hpp:46]   --->   Operation 16 'write' 'write_ln46' <Predicate = true> <Delay = 3.63> <CoreInst = "FIFO_SRL">   --->   Core 81 'FIFO_SRL' <Latency = 0> <II = 1> <Delay = 3.63> <Storage> <Opcode : 'read' 'write' 'nbread' 'nbwrite'> <Ports = 0> <Width = 32> <Depth = 2> <FIFO>
ST_1 : Operation 17 [1/1] (0.00ns)   --->   "%specinterface_ln0 = specinterface void @_ssdm_op_SpecInterface, i8 %img_out_434, void @empty_12, i32 0, i32 0, void @empty_4, i32 0, i32 0, void @empty_4, void @empty_4, void @empty_4, i32 0, i32 0, i32 0, i32 0, void @empty_4, void @empty_4"   --->   Operation 17 'specinterface' 'specinterface_ln0' <Predicate = true> <Delay = 0.00>
ST_1 : Operation 18 [1/1] (0.00ns)   --->   "%specinterface_ln0 = specinterface void @_ssdm_op_SpecInterface, i8 %img_gray_433, void @empty_12, i32 0, i32 0, void @empty_4, i32 0, i32 0, void @empty_4, void @empty_4, void @empty_4, i32 0, i32 0, i32 0, i32 0, void @empty_4, void @empty_4"   --->   Operation 18 'specinterface' 'specinterface_ln0' <Predicate = true> <Delay = 0.00>
ST_1 : Operation 19 [1/1] (3.63ns)   --->   "%p_src_rows_read = read i32 @_ssdm_op_Read.ap_fifo.i32P0A, i32 %p_src_rows" [C:/Vitis_Libraries/vision/L1/include\imgproc/xf_resize.hpp:44]   --->   Operation 19 'read' 'p_src_rows_read' <Predicate = true> <Delay = 3.63> <CoreInst = "FIFO_SRL">   --->   Core 81 'FIFO_SRL' <Latency = 0> <II = 1> <Delay = 3.63> <Storage> <Opcode : 'read' 'write' 'nbread' 'nbwrite'> <Ports = 0> <Width = 32> <Depth = 4> <FIFO>
ST_1 : Operation 20 [1/1] (0.00ns)   --->   "%empty = trunc i32 %p_src_rows_read" [C:/Vitis_Libraries/vision/L1/include\imgproc/xf_resize.hpp:44]   --->   Operation 20 'trunc' 'empty' <Predicate = true> <Delay = 0.00>
ST_1 : Operation 21 [1/1] (3.63ns)   --->   "%p_src_cols_read = read i32 @_ssdm_op_Read.ap_fifo.i32P0A, i32 %p_src_cols" [C:/Vitis_Libraries/vision/L1/include\imgproc/xf_resize.hpp:44]   --->   Operation 21 'read' 'p_src_cols_read' <Predicate = true> <Delay = 3.63> <CoreInst = "FIFO_SRL">   --->   Core 81 'FIFO_SRL' <Latency = 0> <II = 1> <Delay = 3.63> <Storage> <Opcode : 'read' 'write' 'nbread' 'nbwrite'> <Ports = 0> <Width = 32> <Depth = 4> <FIFO>
ST_1 : Operation 22 [1/1] (0.00ns)   --->   "%empty_50 = trunc i32 %p_src_cols_read" [C:/Vitis_Libraries/vision/L1/include\imgproc/xf_resize.hpp:44]   --->   Operation 22 'trunc' 'empty_50' <Predicate = true> <Delay = 0.00>
ST_1 : Operation 23 [1/1] (0.00ns)   --->   "%empty_51 = trunc i32 %p_dst_rows_read" [C:/Vitis_Libraries/vision/L1/include\imgproc/xf_resize.hpp:46]   --->   Operation 23 'trunc' 'empty_51' <Predicate = true> <Delay = 0.00>
ST_1 : Operation 24 [1/1] (0.00ns)   --->   "%empty_52 = trunc i32 %p_dst_cols_read" [C:/Vitis_Libraries/vision/L1/include\imgproc/xf_resize.hpp:46]   --->   Operation 24 'trunc' 'empty_52' <Predicate = true> <Delay = 0.00>
ST_1 : Operation 25 [1/1] (2.47ns)   --->   "%icmp_ln50 = icmp_slt  i32 %p_src_rows_read, i32 %p_dst_rows_read" [C:/Vitis_Libraries/vision/L1/include\imgproc/xf_resize.hpp:50]   --->   Operation 25 'icmp' 'icmp_ln50' <Predicate = true> <Delay = 2.47> <CoreInst = "Cmp">   --->   Core 9 'Cmp' <Latency = 0> <II = 1> <Delay = 2.47> <FuncUnit> <Opcode : 'icmp'> <InPorts = 2> <OutPorts = 1>
ST_1 : Operation 26 [1/1] (2.47ns)   --->   "%icmp_ln50_1 = icmp_slt  i32 %p_src_cols_read, i32 %p_dst_cols_read" [C:/Vitis_Libraries/vision/L1/include\imgproc/xf_resize.hpp:50]   --->   Operation 26 'icmp' 'icmp_ln50_1' <Predicate = true> <Delay = 2.47> <CoreInst = "Cmp">   --->   Core 9 'Cmp' <Latency = 0> <II = 1> <Delay = 2.47> <FuncUnit> <Opcode : 'icmp'> <InPorts = 2> <OutPorts = 1>
ST_1 : Operation 27 [1/1] (0.97ns)   --->   "%and_ln50 = and i1 %icmp_ln50, i1 %icmp_ln50_1" [C:/Vitis_Libraries/vision/L1/include\imgproc/xf_resize.hpp:50]   --->   Operation 27 'and' 'and_ln50' <Predicate = true> <Delay = 0.97> <CoreInst = "LogicGate">   --->   Core 74 'LogicGate' <Latency = 0> <II = 1> <Delay = 0.97> <FuncUnit> <Opcode : 'and' 'or' 'xor'> <InPorts = 2> <OutPorts = 1>
ST_1 : Operation 28 [1/1] (0.00ns)   --->   "%br_ln50 = br i1 %and_ln50, void %.critedge6.i, void %.critedge.i" [C:/Vitis_Libraries/vision/L1/include\imgproc/xf_resize.hpp:50]   --->   Operation 28 'br' 'br_ln50' <Predicate = true> <Delay = 0.00>

State 2 <SV = 1> <Delay = 4.13>
ST_2 : Operation 29 [2/2] (4.13ns)   --->   "%call_ln61 = call void @xFResizeAreaDownScale<1080, 1920, 1, 0, 1, 1, 270, 480, 1920, 480>, i8 %img_gray_433, i8 %img_out_434, i16 %empty, i16 %empty_50, i16 %empty_51, i16 %empty_52" [C:/Vitis_Libraries/vision/L1/include\imgproc/xf_resize.hpp:61]   --->   Operation 29 'call' 'call_ln61' <Predicate = true> <Delay = 4.13> <CoreType = "Generic">   --->   Core 0 '' <Latency = 0> <II = 1> <Delay = 1.00> <Generic> <Opcode : >

State 3 <SV = 2> <Delay = 0.00>
ST_3 : Operation 30 [1/2] (0.00ns)   --->   "%call_ln61 = call void @xFResizeAreaDownScale<1080, 1920, 1, 0, 1, 1, 270, 480, 1920, 480>, i8 %img_gray_433, i8 %img_out_434, i16 %empty, i16 %empty_50, i16 %empty_51, i16 %empty_52" [C:/Vitis_Libraries/vision/L1/include\imgproc/xf_resize.hpp:61]   --->   Operation 30 'call' 'call_ln61' <Predicate = (!and_ln50)> <Delay = 0.00> <CoreType = "Generic">   --->   Core 0 '' <Latency = 0> <II = 1> <Delay = 1.00> <Generic> <Opcode : >
ST_3 : Operation 31 [1/1] (0.00ns)   --->   "%br_ln64 = br void %.exit" [C:/Vitis_Libraries/vision/L1/include\imgproc/xf_resize.hpp:64]   --->   Operation 31 'br' 'br_ln64' <Predicate = (!and_ln50)> <Delay = 0.00>
ST_3 : Operation 32 [1/2] (0.00ns)   --->   "%call_ln57 = call void @xFResizeAreaUpScale<1080, 1920, 1, 0, 1, 1, 270, 480, 1920, 480>, i8 %img_gray_433, i8 %img_out_434, i16 %empty, i16 %empty_50, i16 %empty_51, i16 %empty_52" [C:/Vitis_Libraries/vision/L1/include\imgproc/xf_resize.hpp:57]   --->   Operation 32 'call' 'call_ln57' <Predicate = (and_ln50)> <Delay = 0.00> <CoreType = "Generic">   --->   Core 0 '' <Latency = 0> <II = 1> <Delay = 1.00> <Generic> <Opcode : >
ST_3 : Operation 33 [1/1] (0.00ns)   --->   "%br_ln60 = br void %.exit" [C:/Vitis_Libraries/vision/L1/include\imgproc/xf_resize.hpp:60]   --->   Operation 33 'br' 'br_ln60' <Predicate = (and_ln50)> <Delay = 0.00>
ST_3 : Operation 34 [1/1] (0.00ns)   --->   "%ret_ln0 = ret"   --->   Operation 34 'ret' 'ret_ln0' <Predicate = true> <Delay = 0.00>

State 4 <SV = 1> <Delay = 6.37>
ST_4 : Operation 35 [2/2] (6.37ns)   --->   "%call_ln57 = call void @xFResizeAreaUpScale<1080, 1920, 1, 0, 1, 1, 270, 480, 1920, 480>, i8 %img_gray_433, i8 %img_out_434, i16 %empty, i16 %empty_50, i16 %empty_51, i16 %empty_52" [C:/Vitis_Libraries/vision/L1/include\imgproc/xf_resize.hpp:57]   --->   Operation 35 'call' 'call_ln57' <Predicate = true> <Delay = 6.37> <CoreType = "Generic">   --->   Core 0 '' <Latency = 0> <II = 1> <Delay = 1.00> <Generic> <Opcode : >


============================================================
+ Verbose Summary: Timing violations
============================================================
Target clock period: 10ns, clock uncertainty: 2.7ns.

 <State 1>: 7.27ns
The critical path consists of the following:
	fifo read on port 'p_dst_rows' (C:/Vitis_Libraries/vision/L1/include\imgproc/xf_resize.hpp:46) [15]  (3.63 ns)
	fifo write on port 'p_dst_rows_out' (C:/Vitis_Libraries/vision/L1/include\imgproc/xf_resize.hpp:46) [18]  (3.63 ns)

 <State 2>: 4.13ns
The critical path consists of the following:
	'call' operation ('call_ln61', C:/Vitis_Libraries/vision/L1/include\imgproc/xf_resize.hpp:61) to 'xFResizeAreaDownScale<1080, 1920, 1, 0, 1, 1, 270, 480, 1920, 480>' [34]  (4.13 ns)

 <State 3>: 0ns
The critical path consists of the following:

 <State 4>: 6.38ns
The critical path consists of the following:
	'call' operation ('call_ln57', C:/Vitis_Libraries/vision/L1/include\imgproc/xf_resize.hpp:57) to 'xFResizeAreaUpScale<1080, 1920, 1, 0, 1, 1, 270, 480, 1920, 480>' [37]  (6.38 ns)


============================================================
+ Verbose Summary: Binding
============================================================
N/A
* FSMD analyzer results:
  - Output states:
 - Input state : 
  - Chain level:
	State 1
	State 2
	State 3
	State 4


============================================================
+ Verbose Summary: Datapath Resource usage 
============================================================
N/A
