

================================================================
== Vitis HLS Report for 'rgb2gray_9_0_1080_1920_1_s'
================================================================
* Date:           Mon Mar  9 12:23:38 2026

* Version:        2020.2 (Build 3064766 on Wed Nov 18 09:12:45 MST 2020)
* Project:        accel_downscale
* Solution:       solution1 (Vivado IP Flow Target)
* Product family: zynq
* Target device:  xc7z020-clg400-1


================================================================
== Performance Estimates
================================================================
+ Timing: 
    * Summary: 
    +--------+----------+----------+------------+
    |  Clock |  Target  | Estimated| Uncertainty|
    +--------+----------+----------+------------+
    |ap_clk  |  10.00 ns|  5.784 ns|     2.70 ns|
    +--------+----------+----------+------------+

+ Latency: 
    * Summary: 
    +---------+---------+-----------+-----------+---------+---------+---------+
    |  Latency (cycles) |   Latency (absolute)  |      Interval     | Pipeline|
    |   min   |   max   |    min    |    max    |   min   |   max   |   Type  |
    +---------+---------+-----------+-----------+---------+---------+---------+
    |  2082241|  2082241|  20.822 ms|  20.822 ms|  2082241|  2082241|     none|
    +---------+---------+-----------+-----------+---------+---------+---------+

    + Detail: 
        * Instance: 
        N/A

        * Loop: 
        +---------------+---------+---------+----------+-----------+-----------+------+----------+
        |               |  Latency (cycles) | Iteration|  Initiation Interval  | Trip |          |
        |   Loop Name   |   min   |   max   |  Latency |  achieved |   target  | Count| Pipelined|
        +---------------+---------+---------+----------+-----------+-----------+------+----------+
        |- rowloop      |  2082240|  2082240|      1928|          -|          -|  1080|        no|
        | + columnloop  |     1925|     1925|         7|          1|          1|  1920|       yes|
        +---------------+---------+---------+----------+-----------+-----------+------+----------+

============================================================
+ Verbose Summary: Synthesis Manager
============================================================
InlineROM: 1
ExposeGlobal: 0
============================================================
+ Verbose Summary: CDFG Model
============================================================
IsTopModel: 0
ResetActiveHigh: 1
IsCombinational: 2
IsDatapathOnly: 0
HasWiredReturn: 1
HasMFsm: 0
HasVarLatency: 1
IsPipeline: 0
IsRtlPipelined: 0
IsInstanceOverlapped: 0
IsDontTouch: 0
HasImplIP: 0
IsGatedGlobalClock: 0

+ Individual pipeline summary: 
  * Pipeline-0: initiation interval (II) = 1, depth = 7


============================================================
+ Verbose Summary: Schedule
============================================================
* Number of FSM states : 10
* Pipeline : 1
  Pipeline-0 : II = 1, D = 7, States = { 3 4 5 6 7 8 9 }
* Dataflow Pipeline: 0

* FSM state transitions: 
1 --> 2 
2 --> 3 
3 --> 10 4 
4 --> 5 
5 --> 6 
6 --> 7 
7 --> 8 
8 --> 9 
9 --> 3 
10 --> 2 

* FSM state operations: 

State 1 <SV = 0> <Delay = 3.63>
ST_1 : Operation 11 [1/1] (0.00ns)   --->   "%specinterface_ln0 = specinterface void @_ssdm_op_SpecInterface, i24 %img_in_432, void @empty_12, i32 0, i32 0, void @empty_4, i32 0, i32 0, void @empty_4, void @empty_4, void @empty_4, i32 0, i32 0, i32 0, i32 0, void @empty_4, void @empty_4"   --->   Operation 11 'specinterface' 'specinterface_ln0' <Predicate = true> <Delay = 0.00>
ST_1 : Operation 12 [1/1] (0.00ns)   --->   "%specinterface_ln0 = specinterface void @_ssdm_op_SpecInterface, i8 %img_gray_433, void @empty_12, i32 0, i32 0, void @empty_4, i32 0, i32 0, void @empty_4, void @empty_4, void @empty_4, i32 0, i32 0, i32 0, i32 0, void @empty_4, void @empty_4"   --->   Operation 12 'specinterface' 'specinterface_ln0' <Predicate = true> <Delay = 0.00>
ST_1 : Operation 13 [1/1] (0.00ns)   --->   "%specinterface_ln0 = specinterface void @_ssdm_op_SpecInterface, i32 %p_src_rows, void @ap_fifo_str, i32 0, i32 0, void @p_str, i32 0, i32 0, void @p_str, void @p_str, void @p_str, i32 2, i32 2, i32 16, i32 16, void @p_str, void @ScalarProp_str"   --->   Operation 13 'specinterface' 'specinterface_ln0' <Predicate = true> <Delay = 0.00>
ST_1 : Operation 14 [1/1] (0.00ns)   --->   "%specinterface_ln0 = specinterface void @_ssdm_op_SpecInterface, i32 %p_src_cols, void @ap_fifo_str, i32 0, i32 0, void @p_str, i32 0, i32 0, void @p_str, void @p_str, void @p_str, i32 2, i32 2, i32 16, i32 16, void @p_str, void @ScalarProp_str"   --->   Operation 14 'specinterface' 'specinterface_ln0' <Predicate = true> <Delay = 0.00>
ST_1 : Operation 15 [1/1] (0.00ns)   --->   "%specinterface_ln0 = specinterface void @_ssdm_op_SpecInterface, i8 %img_gray_433, void @empty_12, i32 0, i32 0, void @empty_4, i32 0, i32 0, void @empty_4, void @empty_4, void @empty_4, i32 0, i32 0, i32 0, i32 0, void @empty_4, void @empty_4"   --->   Operation 15 'specinterface' 'specinterface_ln0' <Predicate = true> <Delay = 0.00>
ST_1 : Operation 16 [1/1] (0.00ns)   --->   "%specinterface_ln0 = specinterface void @_ssdm_op_SpecInterface, i24 %img_in_432, void @empty_12, i32 0, i32 0, void @empty_4, i32 0, i32 0, void @empty_4, void @empty_4, void @empty_4, i32 0, i32 0, i32 0, i32 0, void @empty_4, void @empty_4"   --->   Operation 16 'specinterface' 'specinterface_ln0' <Predicate = true> <Delay = 0.00>
ST_1 : Operation 17 [1/1] (3.63ns)   --->   "%p_src_rows_read = read i32 @_ssdm_op_Read.ap_fifo.i32P0A, i32 %p_src_rows" [C:/Vitis_Libraries/vision/L1/include\imgproc/xf_cvt_color.hpp:4798]   --->   Operation 17 'read' 'p_src_rows_read' <Predicate = true> <Delay = 3.63> <CoreInst = "FIFO_SRL">   --->   Core 81 'FIFO_SRL' <Latency = 0> <II = 1> <Delay = 3.63> <Storage> <Opcode : 'read' 'write' 'nbread' 'nbwrite'> <Ports = 0> <Width = 32> <Depth = 2> <FIFO>
ST_1 : Operation 18 [1/1] (0.00ns)   --->   "%height = trunc i32 %p_src_rows_read" [C:/Vitis_Libraries/vision/L1/include\imgproc/xf_cvt_color.hpp:4798]   --->   Operation 18 'trunc' 'height' <Predicate = true> <Delay = 0.00>
ST_1 : Operation 19 [1/1] (3.63ns)   --->   "%p_src_cols_read = read i32 @_ssdm_op_Read.ap_fifo.i32P0A, i32 %p_src_cols" [C:/Vitis_Libraries/vision/L1/include\imgproc/xf_cvt_color.hpp:4798]   --->   Operation 19 'read' 'p_src_cols_read' <Predicate = true> <Delay = 3.63> <CoreInst = "FIFO_SRL">   --->   Core 81 'FIFO_SRL' <Latency = 0> <II = 1> <Delay = 3.63> <Storage> <Opcode : 'read' 'write' 'nbread' 'nbwrite'> <Ports = 0> <Width = 32> <Depth = 2> <FIFO>
ST_1 : Operation 20 [1/1] (0.00ns)   --->   "%width = trunc i32 %p_src_cols_read" [C:/Vitis_Libraries/vision/L1/include\imgproc/xf_cvt_color.hpp:4798]   --->   Operation 20 'trunc' 'width' <Predicate = true> <Delay = 0.00>
ST_1 : Operation 21 [1/1] (1.58ns)   --->   "%br_ln4758 = br void" [C:/Vitis_Libraries/vision/L1/include\imgproc/xf_cvt_color.hpp:4758]   --->   Operation 21 'br' 'br_ln4758' <Predicate = true> <Delay = 1.58>

State 2 <SV = 1> <Delay = 2.42>
ST_2 : Operation 22 [1/1] (0.00ns)   --->   "%i_V = phi i13 0, void %entry, i13 %i_V_1, void %._crit_edge.i.loopexit.i"   --->   Operation 22 'phi' 'i_V' <Predicate = true> <Delay = 0.00>
ST_2 : Operation 23 [1/1] (1.67ns)   --->   "%i_V_1 = add i13 %i_V, i13 1"   --->   Operation 23 'add' 'i_V_1' <Predicate = true> <Delay = 1.67> <CoreInst = "Adder">   --->   Core 1 'Adder' <Latency = 0> <II = 1> <Delay = 1.67> <FuncUnit> <Opcode : 'add' 'sub'> <InPorts = 2> <OutPorts = 1>
ST_2 : Operation 24 [1/1] (0.00ns)   --->   "%zext_ln878 = zext i13 %i_V"   --->   Operation 24 'zext' 'zext_ln878' <Predicate = true> <Delay = 0.00>
ST_2 : Operation 25 [1/1] (2.42ns)   --->   "%icmp_ln878 = icmp_ult  i16 %zext_ln878, i16 %height"   --->   Operation 25 'icmp' 'icmp_ln878' <Predicate = true> <Delay = 2.42> <CoreInst = "Cmp">   --->   Core 9 'Cmp' <Latency = 0> <II = 1> <Delay = 2.42> <FuncUnit> <Opcode : 'icmp'> <InPorts = 2> <OutPorts = 1>
ST_2 : Operation 26 [1/1] (0.00ns)   --->   "%br_ln4758 = br i1 %icmp_ln878, void %.exit, void %.split5.i" [C:/Vitis_Libraries/vision/L1/include\imgproc/xf_cvt_color.hpp:4758]   --->   Operation 26 'br' 'br_ln4758' <Predicate = true> <Delay = 0.00>
ST_2 : Operation 27 [1/1] (0.00ns)   --->   "%speclooptripcount_ln4756 = speclooptripcount void @_ssdm_op_SpecLoopTripCount, i64 1080, i64 1080, i64 1080" [C:/Vitis_Libraries/vision/L1/include\imgproc/xf_cvt_color.hpp:4756]   --->   Operation 27 'speclooptripcount' 'speclooptripcount_ln4756' <Predicate = (icmp_ln878)> <Delay = 0.00>
ST_2 : Operation 28 [1/1] (0.00ns)   --->   "%specloopname_ln4756 = specloopname void @_ssdm_op_SpecLoopName, void @empty_20" [C:/Vitis_Libraries/vision/L1/include\imgproc/xf_cvt_color.hpp:4756]   --->   Operation 28 'specloopname' 'specloopname_ln4756' <Predicate = (icmp_ln878)> <Delay = 0.00>
ST_2 : Operation 29 [1/1] (1.58ns)   --->   "%br_ln4764 = br void" [C:/Vitis_Libraries/vision/L1/include\imgproc/xf_cvt_color.hpp:4764]   --->   Operation 29 'br' 'br_ln4764' <Predicate = (icmp_ln878)> <Delay = 1.58>
ST_2 : Operation 30 [1/1] (0.00ns)   --->   "%ret_ln0 = ret"   --->   Operation 30 'ret' 'ret_ln0' <Predicate = (!icmp_ln878)> <Delay = 0.00>

State 3 <SV = 2> <Delay = 2.42>
ST_3 : Operation 31 [1/1] (0.00ns)   --->   "%j_V = phi i16 0, void %.split5.i, i16 %add_ln878, void %.split.i"   --->   Operation 31 'phi' 'j_V' <Predicate = true> <Delay = 0.00>
ST_3 : Operation 32 [1/1] (2.07ns)   --->   "%add_ln878 = add i16 %j_V, i16 1"   --->   Operation 32 'add' 'add_ln878' <Predicate = true> <Delay = 2.07> <CoreInst = "Adder">   --->   Core 1 'Adder' <Latency = 0> <II = 1> <Delay = 1.67> <FuncUnit> <Opcode : 'add' 'sub'> <InPorts = 2> <OutPorts = 1>
ST_3 : Operation 33 [1/1] (2.42ns)   --->   "%icmp_ln4764 = icmp_eq  i16 %j_V, i16 %width" [C:/Vitis_Libraries/vision/L1/include\imgproc/xf_cvt_color.hpp:4764]   --->   Operation 33 'icmp' 'icmp_ln4764' <Predicate = true> <Delay = 2.42> <CoreInst = "Cmp">   --->   Core 9 'Cmp' <Latency = 0> <II = 1> <Delay = 2.42> <FuncUnit> <Opcode : 'icmp'> <InPorts = 2> <OutPorts = 1>
ST_3 : Operation 34 [1/1] (0.00ns)   --->   "%br_ln4764 = br i1 %icmp_ln4764, void %.split.i, void %._crit_edge.i.loopexit.i" [C:/Vitis_Libraries/vision/L1/include\imgproc/xf_cvt_color.hpp:4764]   --->   Operation 34 'br' 'br_ln4764' <Predicate = true> <Delay = 0.00>

State 4 <SV = 3> <Delay = 5.78>
ST_4 : Operation 35 [1/1] (3.63ns)   --->   "%tmp_V = read i24 @_ssdm_op_Read.ap_fifo.volatile.i24P0A, i24 %img_in_432" [C:/Xilinx/Vitis_HLS/2020.2/common/technology/autopilot/hls_stream_39.h:145]   --->   Operation 35 'read' 'tmp_V' <Predicate = (!icmp_ln4764)> <Delay = 3.63> <CoreInst = "FIFO_SRL">   --->   Core 81 'FIFO_SRL' <Latency = 0> <II = 1> <Delay = 3.63> <Storage> <Opcode : 'read' 'write' 'nbread' 'nbwrite'> <Ports = 0> <Width = 24> <Depth = 2> <FIFO>
ST_4 : Operation 36 [1/1] (0.00ns)   --->   "%p = trunc i24 %tmp_V"   --->   Operation 36 'trunc' 'p' <Predicate = (!icmp_ln4764)> <Delay = 0.00>
ST_4 : Operation 37 [1/1] (0.00ns)   --->   "%p_1 = partselect i8 @_ssdm_op_PartSelect.i8.i24.i32.i32, i24 %tmp_V, i32 8, i32 15"   --->   Operation 37 'partselect' 'p_1' <Predicate = (!icmp_ln4764)> <Delay = 0.00>
ST_4 : Operation 38 [1/1] (0.00ns)   --->   "%p_2 = partselect i8 @_ssdm_op_PartSelect.i8.i24.i32.i32, i24 %tmp_V, i32 16, i32 23"   --->   Operation 38 'partselect' 'p_2' <Predicate = (!icmp_ln4764)> <Delay = 0.00>
ST_4 : Operation 39 [1/1] (0.00ns)   --->   "%zext_ln852 = zext i8 %p" [C:/Vitis_Libraries/vision/L1/include\imgproc/xf_cvt_color_utils.hpp:852]   --->   Operation 39 'zext' 'zext_ln852' <Predicate = (!icmp_ln4764)> <Delay = 0.00>
ST_4 : Operation 40 [4/4] (2.15ns) (root node of the DSP)   --->   "%mul_ln852 = mul i22 %zext_ln852, i22 9798" [C:/Vitis_Libraries/vision/L1/include\imgproc/xf_cvt_color_utils.hpp:852]   --->   Operation 40 'mul' 'mul_ln852' <Predicate = (!icmp_ln4764)> <Delay = 2.15> <CoreInst = "DSP48">   --->   Core 119 'DSP48' <Latency = 3> <II = 1> <Delay = 2.15> <IPBlock> <Opcode : 'mul' 'add' 'sub' 'select'> <InPorts = 0> <OutPorts = 1> <Sync> <CReg>

State 5 <SV = 4> <Delay = 2.15>
ST_5 : Operation 41 [3/4] (2.15ns) (root node of the DSP)   --->   "%mul_ln852 = mul i22 %zext_ln852, i22 9798" [C:/Vitis_Libraries/vision/L1/include\imgproc/xf_cvt_color_utils.hpp:852]   --->   Operation 41 'mul' 'mul_ln852' <Predicate = (!icmp_ln4764)> <Delay = 2.15> <CoreInst = "DSP48">   --->   Core 119 'DSP48' <Latency = 3> <II = 1> <Delay = 2.15> <IPBlock> <Opcode : 'mul' 'add' 'sub' 'select'> <InPorts = 0> <OutPorts = 1> <Sync> <CReg>
ST_5 : Operation 42 [1/1] (0.00ns)   --->   "%zext_ln852_2 = zext i8 %p_2" [C:/Vitis_Libraries/vision/L1/include\imgproc/xf_cvt_color_utils.hpp:852]   --->   Operation 42 'zext' 'zext_ln852_2' <Predicate = (!icmp_ln4764)> <Delay = 0.00>
ST_5 : Operation 43 [3/3] (1.05ns) (grouped into DSP with root node add_ln852)   --->   "%mul_ln852_2 = mul i20 %zext_ln852_2, i20 3736" [C:/Vitis_Libraries/vision/L1/include\imgproc/xf_cvt_color_utils.hpp:852]   --->   Operation 43 'mul' 'mul_ln852_2' <Predicate = (!icmp_ln4764)> <Delay = 1.05> <CoreInst = "DSP48">   --->   Core 119 'DSP48' <Latency = 3> <II = 1> <Delay = 2.15> <IPBlock> <Opcode : 'mul' 'add' 'sub' 'select'> <InPorts = 0> <OutPorts = 1> <Sync> <CReg>

State 6 <SV = 5> <Delay = 2.15>
ST_6 : Operation 44 [2/4] (2.15ns) (root node of the DSP)   --->   "%mul_ln852 = mul i22 %zext_ln852, i22 9798" [C:/Vitis_Libraries/vision/L1/include\imgproc/xf_cvt_color_utils.hpp:852]   --->   Operation 44 'mul' 'mul_ln852' <Predicate = (!icmp_ln4764)> <Delay = 2.15> <CoreInst = "DSP48">   --->   Core 119 'DSP48' <Latency = 3> <II = 1> <Delay = 2.15> <IPBlock> <Opcode : 'mul' 'add' 'sub' 'select'> <InPorts = 0> <OutPorts = 1> <Sync> <CReg>
ST_6 : Operation 45 [1/1] (0.00ns)   --->   "%zext_ln852_1 = zext i8 %p_1" [C:/Vitis_Libraries/vision/L1/include\imgproc/xf_cvt_color_utils.hpp:852]   --->   Operation 45 'zext' 'zext_ln852_1' <Predicate = (!icmp_ln4764)> <Delay = 0.00>
ST_6 : Operation 46 [3/3] (1.05ns) (grouped into DSP with root node GRAY)   --->   "%mul_ln852_1 = mul i23 %zext_ln852_1, i23 19235" [C:/Vitis_Libraries/vision/L1/include\imgproc/xf_cvt_color_utils.hpp:852]   --->   Operation 46 'mul' 'mul_ln852_1' <Predicate = (!icmp_ln4764)> <Delay = 1.05> <CoreInst = "DSP48">   --->   Core 119 'DSP48' <Latency = 3> <II = 1> <Delay = 2.15> <IPBlock> <Opcode : 'mul' 'add' 'sub' 'select'> <InPorts = 0> <OutPorts = 1> <Sync> <CReg>
ST_6 : Operation 47 [2/3] (1.05ns) (grouped into DSP with root node add_ln852)   --->   "%mul_ln852_2 = mul i20 %zext_ln852_2, i20 3736" [C:/Vitis_Libraries/vision/L1/include\imgproc/xf_cvt_color_utils.hpp:852]   --->   Operation 47 'mul' 'mul_ln852_2' <Predicate = (!icmp_ln4764)> <Delay = 1.05> <CoreInst = "DSP48">   --->   Core 119 'DSP48' <Latency = 3> <II = 1> <Delay = 2.15> <IPBlock> <Opcode : 'mul' 'add' 'sub' 'select'> <InPorts = 0> <OutPorts = 1> <Sync> <CReg>

State 7 <SV = 6> <Delay = 2.10>
ST_7 : Operation 48 [1/4] (0.00ns) (root node of the DSP)   --->   "%mul_ln852 = mul i22 %zext_ln852, i22 9798" [C:/Vitis_Libraries/vision/L1/include\imgproc/xf_cvt_color_utils.hpp:852]   --->   Operation 48 'mul' 'mul_ln852' <Predicate = (!icmp_ln4764)> <Delay = 0.00> <CoreInst = "DSP48">   --->   Core 119 'DSP48' <Latency = 3> <II = 1> <Delay = 2.15> <IPBlock> <Opcode : 'mul' 'add' 'sub' 'select'> <InPorts = 0> <OutPorts = 1> <Sync> <CReg>
ST_7 : Operation 49 [2/3] (1.05ns) (grouped into DSP with root node GRAY)   --->   "%mul_ln852_1 = mul i23 %zext_ln852_1, i23 19235" [C:/Vitis_Libraries/vision/L1/include\imgproc/xf_cvt_color_utils.hpp:852]   --->   Operation 49 'mul' 'mul_ln852_1' <Predicate = (!icmp_ln4764)> <Delay = 1.05> <CoreInst = "DSP48">   --->   Core 119 'DSP48' <Latency = 3> <II = 1> <Delay = 2.15> <IPBlock> <Opcode : 'mul' 'add' 'sub' 'select'> <InPorts = 0> <OutPorts = 1> <Sync> <CReg>
ST_7 : Operation 50 [1/3] (0.00ns) (grouped into DSP with root node add_ln852)   --->   "%mul_ln852_2 = mul i20 %zext_ln852_2, i20 3736" [C:/Vitis_Libraries/vision/L1/include\imgproc/xf_cvt_color_utils.hpp:852]   --->   Operation 50 'mul' 'mul_ln852_2' <Predicate = (!icmp_ln4764)> <Delay = 0.00> <CoreInst = "DSP48">   --->   Core 119 'DSP48' <Latency = 3> <II = 1> <Delay = 2.15> <IPBlock> <Opcode : 'mul' 'add' 'sub' 'select'> <InPorts = 0> <OutPorts = 1> <Sync> <CReg>
ST_7 : Operation 51 [1/1] (0.00ns) (grouped into DSP with root node add_ln852)   --->   "%zext_ln852_3 = zext i20 %mul_ln852_2" [C:/Vitis_Libraries/vision/L1/include\imgproc/xf_cvt_color_utils.hpp:852]   --->   Operation 51 'zext' 'zext_ln852_3' <Predicate = (!icmp_ln4764)> <Delay = 0.00>
ST_7 : Operation 52 [2/2] (2.10ns) (root node of the DSP)   --->   "%add_ln852 = add i22 %mul_ln852, i22 %zext_ln852_3" [C:/Vitis_Libraries/vision/L1/include\imgproc/xf_cvt_color_utils.hpp:852]   --->   Operation 52 'add' 'add_ln852' <Predicate = (!icmp_ln4764)> <Delay = 2.10> <CoreInst = "DSP48">   --->   Core 119 'DSP48' <Latency = 3> <II = 1> <Delay = 2.15> <IPBlock> <Opcode : 'mul' 'add' 'sub' 'select'> <InPorts = 0> <OutPorts = 1> <Sync> <CReg>

State 8 <SV = 7> <Delay = 4.20>
ST_8 : Operation 53 [1/3] (0.00ns) (grouped into DSP with root node GRAY)   --->   "%mul_ln852_1 = mul i23 %zext_ln852_1, i23 19235" [C:/Vitis_Libraries/vision/L1/include\imgproc/xf_cvt_color_utils.hpp:852]   --->   Operation 53 'mul' 'mul_ln852_1' <Predicate = (!icmp_ln4764)> <Delay = 0.00> <CoreInst = "DSP48">   --->   Core 119 'DSP48' <Latency = 3> <II = 1> <Delay = 2.15> <IPBlock> <Opcode : 'mul' 'add' 'sub' 'select'> <InPorts = 0> <OutPorts = 1> <Sync> <CReg>
ST_8 : Operation 54 [1/2] (2.10ns) (root node of the DSP)   --->   "%add_ln852 = add i22 %mul_ln852, i22 %zext_ln852_3" [C:/Vitis_Libraries/vision/L1/include\imgproc/xf_cvt_color_utils.hpp:852]   --->   Operation 54 'add' 'add_ln852' <Predicate = (!icmp_ln4764)> <Delay = 2.10> <CoreInst = "DSP48">   --->   Core 119 'DSP48' <Latency = 3> <II = 1> <Delay = 2.15> <IPBlock> <Opcode : 'mul' 'add' 'sub' 'select'> <InPorts = 0> <OutPorts = 1> <Sync> <CReg>
ST_8 : Operation 55 [1/1] (0.00ns)   --->   "%zext_ln852_4 = zext i22 %add_ln852" [C:/Vitis_Libraries/vision/L1/include\imgproc/xf_cvt_color_utils.hpp:852]   --->   Operation 55 'zext' 'zext_ln852_4' <Predicate = (!icmp_ln4764)> <Delay = 0.00>
ST_8 : Operation 56 [2/2] (2.10ns) (root node of the DSP)   --->   "%GRAY = add i23 %zext_ln852_4, i23 %mul_ln852_1" [C:/Vitis_Libraries/vision/L1/include\imgproc/xf_cvt_color_utils.hpp:852]   --->   Operation 56 'add' 'GRAY' <Predicate = (!icmp_ln4764)> <Delay = 2.10> <CoreInst = "DSP48">   --->   Core 119 'DSP48' <Latency = 3> <II = 1> <Delay = 2.15> <IPBlock> <Opcode : 'mul' 'add' 'sub' 'select'> <InPorts = 0> <OutPorts = 1> <Sync> <CReg>

State 9 <SV = 8> <Delay = 5.73>
ST_9 : Operation 57 [1/1] (0.00ns)   --->   "%specpipeline_ln4756 = specpipeline void @_ssdm_op_SpecPipeline, i32 4294967295, i32 0, i32 0, i32 0, void @empty_4" [C:/Vitis_Libraries/vision/L1/include\imgproc/xf_cvt_color.hpp:4756]   --->   Operation 57 'specpipeline' 'specpipeline_ln4756' <Predicate = (!icmp_ln4764)> <Delay = 0.00>
ST_9 : Operation 58 [1/1] (0.00ns)   --->   "%speclooptripcount_ln4756 = speclooptripcount void @_ssdm_op_SpecLoopTripCount, i64 1920, i64 1920, i64 1920" [C:/Vitis_Libraries/vision/L1/include\imgproc/xf_cvt_color.hpp:4756]   --->   Operation 58 'speclooptripcount' 'speclooptripcount_ln4756' <Predicate = (!icmp_ln4764)> <Delay = 0.00>
ST_9 : Operation 59 [1/1] (0.00ns)   --->   "%specloopname_ln4756 = specloopname void @_ssdm_op_SpecLoopName, void @empty_18" [C:/Vitis_Libraries/vision/L1/include\imgproc/xf_cvt_color.hpp:4756]   --->   Operation 59 'specloopname' 'specloopname_ln4756' <Predicate = (!icmp_ln4764)> <Delay = 0.00>
ST_9 : Operation 60 [1/2] (2.10ns) (root node of the DSP)   --->   "%GRAY = add i23 %zext_ln852_4, i23 %mul_ln852_1" [C:/Vitis_Libraries/vision/L1/include\imgproc/xf_cvt_color_utils.hpp:852]   --->   Operation 60 'add' 'GRAY' <Predicate = (!icmp_ln4764)> <Delay = 2.10> <CoreInst = "DSP48">   --->   Core 119 'DSP48' <Latency = 3> <II = 1> <Delay = 2.15> <IPBlock> <Opcode : 'mul' 'add' 'sub' 'select'> <InPorts = 0> <OutPorts = 1> <Sync> <CReg>
ST_9 : Operation 61 [1/1] (0.00ns)   --->   "%Value_uchar = partselect i8 @_ssdm_op_PartSelect.i8.i23.i32.i32, i23 %GRAY, i32 15, i32 22" [C:/Vitis_Libraries/vision/L1/include\imgproc/xf_cvt_color_utils.hpp:745]   --->   Operation 61 'partselect' 'Value_uchar' <Predicate = (!icmp_ln4764)> <Delay = 0.00>
ST_9 : Operation 62 [1/1] (3.63ns)   --->   "%write_ln174 = write void @_ssdm_op_Write.ap_fifo.volatile.i8P0A, i8 %img_gray_433, i8 %Value_uchar" [C:/Xilinx/Vitis_HLS/2020.2/common/technology/autopilot/hls_stream_39.h:174]   --->   Operation 62 'write' 'write_ln174' <Predicate = (!icmp_ln4764)> <Delay = 3.63> <CoreInst = "FIFO_SRL">   --->   Core 81 'FIFO_SRL' <Latency = 0> <II = 1> <Delay = 3.63> <Storage> <Opcode : 'read' 'write' 'nbread' 'nbwrite'> <Ports = 0> <Width = 8> <Depth = 2> <FIFO>
ST_9 : Operation 63 [1/1] (0.00ns)   --->   "%br_ln0 = br void"   --->   Operation 63 'br' 'br_ln0' <Predicate = (!icmp_ln4764)> <Delay = 0.00>

State 10 <SV = 3> <Delay = 0.00>
ST_10 : Operation 64 [1/1] (0.00ns)   --->   "%br_ln0 = br void"   --->   Operation 64 'br' 'br_ln0' <Predicate = true> <Delay = 0.00>


============================================================
+ Verbose Summary: Timing violations
============================================================
Target clock period: 10ns, clock uncertainty: 2.7ns.

 <State 1>: 3.63ns
The critical path consists of the following:
	fifo read on port 'p_src_rows' (C:/Vitis_Libraries/vision/L1/include\imgproc/xf_cvt_color.hpp:4798) [11]  (3.63 ns)

 <State 2>: 2.43ns
The critical path consists of the following:
	'phi' operation ('i.V') with incoming values : ('i.V') [17]  (0 ns)
	'icmp' operation ('icmp_ln878') [20]  (2.43 ns)

 <State 3>: 2.43ns
The critical path consists of the following:
	'phi' operation ('j_V') with incoming values : ('add_ln878') [27]  (0 ns)
	'icmp' operation ('icmp_ln4764', C:/Vitis_Libraries/vision/L1/include\imgproc/xf_cvt_color.hpp:4764) [29]  (2.43 ns)

 <State 4>: 5.78ns
The critical path consists of the following:
	fifo read on port 'img_in_432' (C:/Xilinx/Vitis_HLS/2020.2/common/technology/autopilot/hls_stream_39.h:145) [35]  (3.63 ns)
	'mul' operation of DSP[40] ('mul_ln852', C:/Vitis_Libraries/vision/L1/include\imgproc/xf_cvt_color_utils.hpp:852) [40]  (2.15 ns)

 <State 5>: 2.15ns
The critical path consists of the following:
	'mul' operation of DSP[40] ('mul_ln852', C:/Vitis_Libraries/vision/L1/include\imgproc/xf_cvt_color_utils.hpp:852) [40]  (2.15 ns)

 <State 6>: 2.15ns
The critical path consists of the following:
	'mul' operation of DSP[40] ('mul_ln852', C:/Vitis_Libraries/vision/L1/include\imgproc/xf_cvt_color_utils.hpp:852) [40]  (2.15 ns)

 <State 7>: 2.1ns
The critical path consists of the following:
	'mul' operation of DSP[40] ('mul_ln852', C:/Vitis_Libraries/vision/L1/include\imgproc/xf_cvt_color_utils.hpp:852) [40]  (0 ns)
	'add' operation of DSP[46] ('add_ln852', C:/Vitis_Libraries/vision/L1/include\imgproc/xf_cvt_color_utils.hpp:852) [46]  (2.1 ns)

 <State 8>: 4.2ns
The critical path consists of the following:
	'add' operation of DSP[46] ('add_ln852', C:/Vitis_Libraries/vision/L1/include\imgproc/xf_cvt_color_utils.hpp:852) [46]  (2.1 ns)
	'add' operation of DSP[48] ('GRAY', C:/Vitis_Libraries/vision/L1/include\imgproc/xf_cvt_color_utils.hpp:852) [48]  (2.1 ns)

 <State 9>: 5.73ns
The critical path consists of the following:
	'add' operation of DSP[48] ('GRAY', C:/Vitis_Libraries/vision/L1/include\imgproc/xf_cvt_color_utils.hpp:852) [48]  (2.1 ns)
	fifo write on port 'img_gray_433' (C:/Xilinx/Vitis_HLS/2020.2/common/technology/autopilot/hls_stream_39.h:174) [50]  (3.63 ns)

 <State 10>: 0ns
The critical path consists of the following:


============================================================
+ Verbose Summary: Binding
============================================================
N/A
* FSMD analyzer results:
  - Output states:
 - Input state : 
  - Chain level:
	State 1
	State 2
	State 3
	State 4
	State 5
	State 6
	State 7
	State 8
	State 9
	State 10


============================================================
+ Verbose Summary: Datapath Resource usage 
============================================================
N/A
