

================================================================
== Vitis HLS Report for 'xfMat2AXIvideo_8_0_270_480_1_s'
================================================================
* Date:           Mon Mar  9 12:23:49 2026

* Version:        2020.2 (Build 3064766 on Wed Nov 18 09:12:45 MST 2020)
* Project:        accel_downscale
* Solution:       solution1 (Vivado IP Flow Target)
* Product family: zynq
* Target device:  xc7z020-clg400-1


================================================================
== Performance Estimates
================================================================
+ Timing: 
    * Summary: 
    +--------+----------+----------+------------+
    |  Clock |  Target  | Estimated| Uncertainty|
    +--------+----------+----------+------------+
    |ap_clk  |  10.00 ns|  6.186 ns|     2.70 ns|
    +--------+----------+----------+------------+

+ Latency: 
    * Summary: 
    +---------+---------+-----------+----------+-----+--------+---------+
    |  Latency (cycles) |  Latency (absolute)  |   Interval   | Pipeline|
    |   min   |   max   |    min    |    max   | min |   max  |   Type  |
    +---------+---------+-----------+----------+-----+--------+---------+
    |        1|   130681|  10.000 ns|  1.307 ms|    1|  130681|     none|
    +---------+---------+-----------+----------+-----+--------+---------+

    + Detail: 
        * Instance: 
        N/A

        * Loop: 
        +---------------------+---------+---------+----------+-----------+-----------+---------+----------+
        |                     |  Latency (cycles) | Iteration|  Initiation Interval  |   Trip  |          |
        |      Loop Name      |   min   |   max   |  Latency |  achieved |   target  |  Count  | Pipelined|
        +---------------------+---------+---------+----------+-----------+-----------+---------+----------+
        |- loop_row_mat2axi   |        0|   130680|   2 ~ 484|          -|          -|  0 ~ 270|        no|
        | + loop_col_mat2axi  |        2|      481|         3|          1|          1|  1 ~ 480|       yes|
        +---------------------+---------+---------+----------+-----------+-----------+---------+----------+

============================================================
+ Verbose Summary: Synthesis Manager
============================================================
InlineROM: 1
ExposeGlobal: 0
============================================================
+ Verbose Summary: CDFG Model
============================================================
IsTopModel: 0
ResetActiveHigh: 1
IsCombinational: 2
IsDatapathOnly: 0
HasWiredReturn: 1
HasMFsm: 0
HasVarLatency: 1
IsPipeline: 0
IsRtlPipelined: 0
IsInstanceOverlapped: 0
IsDontTouch: 0
HasImplIP: 0
IsGatedGlobalClock: 0

+ Individual pipeline summary: 
  * Pipeline-0: initiation interval (II) = 1, depth = 3


============================================================
+ Verbose Summary: Schedule
============================================================
* Number of FSM states : 6
* Pipeline : 1
  Pipeline-0 : II = 1, D = 3, States = { 3 4 5 }
* Dataflow Pipeline: 0

* FSM state transitions: 
1 --> 2 
2 --> 6 3 
3 --> 4 
4 --> 6 5 
5 --> 3 
6 --> 2 

* FSM state operations: 

State 1 <SV = 0> <Delay = 6.18>
ST_1 : Operation 7 [1/1] (0.00ns)   --->   "%sof = alloca i32 1"   --->   Operation 7 'alloca' 'sof' <Predicate = true> <Delay = 0.00>
ST_1 : Operation 8 [1/1] (0.00ns)   --->   "%specinterface_ln0 = specinterface void @_ssdm_op_SpecInterface, i8 %img_out_434, void @empty_12, i32 0, i32 0, void @empty_4, i32 0, i32 0, void @empty_4, void @empty_4, void @empty_4, i32 0, i32 0, i32 0, i32 0, void @empty_4, void @empty_4"   --->   Operation 8 'specinterface' 'specinterface_ln0' <Predicate = true> <Delay = 0.00>
ST_1 : Operation 9 [1/1] (0.00ns)   --->   "%specinterface_ln0 = specinterface void @_ssdm_op_SpecInterface, i1 %AXI_video_strm_V_dest_V, i1 %AXI_video_strm_V_id_V, i1 %AXI_video_strm_V_last_V, i1 %AXI_video_strm_V_user_V, i1 %AXI_video_strm_V_strb_V, i1 %AXI_video_strm_V_keep_V, i8 %AXI_video_strm_V_data_V, void @empty_2, i32 1, i32 1, void @empty_24, i32 0, i32 0, void @empty_4, void @empty_4, void @empty_4, i32 0, i32 0, i32 0, i32 0, void @empty_4, void @empty_4"   --->   Operation 9 'specinterface' 'specinterface_ln0' <Predicate = true> <Delay = 0.00>
ST_1 : Operation 10 [1/1] (0.00ns)   --->   "%specinterface_ln0 = specinterface void @_ssdm_op_SpecInterface, i1 %AXI_video_strm_V_dest_V, i1 %AXI_video_strm_V_id_V, i1 %AXI_video_strm_V_last_V, i1 %AXI_video_strm_V_user_V, i1 %AXI_video_strm_V_strb_V, i1 %AXI_video_strm_V_keep_V, i8 %AXI_video_strm_V_data_V, void @empty_2, i32 1, i32 1, void @empty_24, i32 0, i32 0, void @empty_4, void @empty_4, void @empty_4, i32 0, i32 0, i32 0, i32 0, void @empty_4, void @empty_4"   --->   Operation 10 'specinterface' 'specinterface_ln0' <Predicate = true> <Delay = 0.00>
ST_1 : Operation 11 [1/1] (0.00ns)   --->   "%specinterface_ln0 = specinterface void @_ssdm_op_SpecInterface, i1 %AXI_video_strm_V_dest_V, i1 %AXI_video_strm_V_id_V, i1 %AXI_video_strm_V_last_V, i1 %AXI_video_strm_V_user_V, i1 %AXI_video_strm_V_strb_V, i1 %AXI_video_strm_V_keep_V, i8 %AXI_video_strm_V_data_V, void @empty_2, i32 1, i32 1, void @empty_24, i32 0, i32 0, void @empty_4, void @empty_4, void @empty_4, i32 0, i32 0, i32 0, i32 0, void @empty_4, void @empty_4"   --->   Operation 11 'specinterface' 'specinterface_ln0' <Predicate = true> <Delay = 0.00>
ST_1 : Operation 12 [1/1] (0.00ns)   --->   "%specinterface_ln0 = specinterface void @_ssdm_op_SpecInterface, i1 %AXI_video_strm_V_dest_V, i1 %AXI_video_strm_V_id_V, i1 %AXI_video_strm_V_last_V, i1 %AXI_video_strm_V_user_V, i1 %AXI_video_strm_V_strb_V, i1 %AXI_video_strm_V_keep_V, i8 %AXI_video_strm_V_data_V, void @empty_2, i32 1, i32 1, void @empty_24, i32 0, i32 0, void @empty_4, void @empty_4, void @empty_4, i32 0, i32 0, i32 0, i32 0, void @empty_4, void @empty_4"   --->   Operation 12 'specinterface' 'specinterface_ln0' <Predicate = true> <Delay = 0.00>
ST_1 : Operation 13 [1/1] (0.00ns)   --->   "%specinterface_ln0 = specinterface void @_ssdm_op_SpecInterface, i1 %AXI_video_strm_V_dest_V, i1 %AXI_video_strm_V_id_V, i1 %AXI_video_strm_V_last_V, i1 %AXI_video_strm_V_user_V, i1 %AXI_video_strm_V_strb_V, i1 %AXI_video_strm_V_keep_V, i8 %AXI_video_strm_V_data_V, void @empty_2, i32 1, i32 1, void @empty_24, i32 0, i32 0, void @empty_4, void @empty_4, void @empty_4, i32 0, i32 0, i32 0, i32 0, void @empty_4, void @empty_4"   --->   Operation 13 'specinterface' 'specinterface_ln0' <Predicate = true> <Delay = 0.00>
ST_1 : Operation 14 [1/1] (0.00ns)   --->   "%specinterface_ln0 = specinterface void @_ssdm_op_SpecInterface, i1 %AXI_video_strm_V_dest_V, i1 %AXI_video_strm_V_id_V, i1 %AXI_video_strm_V_last_V, i1 %AXI_video_strm_V_user_V, i1 %AXI_video_strm_V_strb_V, i1 %AXI_video_strm_V_keep_V, i8 %AXI_video_strm_V_data_V, void @empty_2, i32 1, i32 1, void @empty_24, i32 0, i32 0, void @empty_4, void @empty_4, void @empty_4, i32 0, i32 0, i32 0, i32 0, void @empty_4, void @empty_4"   --->   Operation 14 'specinterface' 'specinterface_ln0' <Predicate = true> <Delay = 0.00>
ST_1 : Operation 15 [1/1] (0.00ns)   --->   "%specinterface_ln0 = specinterface void @_ssdm_op_SpecInterface, i1 %AXI_video_strm_V_dest_V, i1 %AXI_video_strm_V_id_V, i1 %AXI_video_strm_V_last_V, i1 %AXI_video_strm_V_user_V, i1 %AXI_video_strm_V_strb_V, i1 %AXI_video_strm_V_keep_V, i8 %AXI_video_strm_V_data_V, void @empty_2, i32 1, i32 1, void @empty_24, i32 0, i32 0, void @empty_4, void @empty_4, void @empty_4, i32 0, i32 0, i32 0, i32 0, void @empty_4, void @empty_4"   --->   Operation 15 'specinterface' 'specinterface_ln0' <Predicate = true> <Delay = 0.00>
ST_1 : Operation 16 [1/1] (0.00ns)   --->   "%specinterface_ln0 = specinterface void @_ssdm_op_SpecInterface, i32 %img_1, void @ap_fifo_str, i32 0, i32 0, void @p_str, i32 0, i32 0, void @p_str, void @p_str, void @p_str, i32 2, i32 2, i32 16, i32 16, void @p_str, void @ScalarProp_str"   --->   Operation 16 'specinterface' 'specinterface_ln0' <Predicate = true> <Delay = 0.00>
ST_1 : Operation 17 [1/1] (0.00ns)   --->   "%specinterface_ln0 = specinterface void @_ssdm_op_SpecInterface, i32 %img_2, void @ap_fifo_str, i32 0, i32 0, void @p_str, i32 0, i32 0, void @p_str, void @p_str, void @p_str, i32 2, i32 2, i32 16, i32 16, void @p_str, void @ScalarProp_str"   --->   Operation 17 'specinterface' 'specinterface_ln0' <Predicate = true> <Delay = 0.00>
ST_1 : Operation 18 [1/1] (0.00ns)   --->   "%specinterface_ln0 = specinterface void @_ssdm_op_SpecInterface, i8 %img_out_434, void @empty_12, i32 0, i32 0, void @empty_4, i32 0, i32 0, void @empty_4, void @empty_4, void @empty_4, i32 0, i32 0, i32 0, i32 0, void @empty_4, void @empty_4"   --->   Operation 18 'specinterface' 'specinterface_ln0' <Predicate = true> <Delay = 0.00>
ST_1 : Operation 19 [1/1] (0.00ns)   --->   "%specinterface_ln0 = specinterface void @_ssdm_op_SpecInterface, i1 %AXI_video_strm_V_dest_V, i1 %AXI_video_strm_V_id_V, i1 %AXI_video_strm_V_last_V, i1 %AXI_video_strm_V_user_V, i1 %AXI_video_strm_V_strb_V, i1 %AXI_video_strm_V_keep_V, i8 %AXI_video_strm_V_data_V, void @empty_2, i32 1, i32 1, void @empty_24, i32 0, i32 0, void @empty_4, void @empty_4, void @empty_4, i32 0, i32 0, i32 0, i32 0, void @empty_4, void @empty_4"   --->   Operation 19 'specinterface' 'specinterface_ln0' <Predicate = true> <Delay = 0.00>
ST_1 : Operation 20 [1/1] (3.63ns)   --->   "%rows = read i32 @_ssdm_op_Read.ap_fifo.i32P0A, i32 %img_1" [C:/Vitis_Libraries/vision/L1/include\common/xf_infra.hpp:183]   --->   Operation 20 'read' 'rows' <Predicate = true> <Delay = 3.63> <CoreInst = "FIFO_SRL">   --->   Core 81 'FIFO_SRL' <Latency = 0> <II = 1> <Delay = 3.63> <Storage> <Opcode : 'read' 'write' 'nbread' 'nbwrite'> <Ports = 0> <Width = 32> <Depth = 2> <FIFO>
ST_1 : Operation 21 [1/1] (3.63ns)   --->   "%cols = read i32 @_ssdm_op_Read.ap_fifo.i32P0A, i32 %img_2" [C:/Vitis_Libraries/vision/L1/include\common/xf_infra.hpp:184]   --->   Operation 21 'read' 'cols' <Predicate = true> <Delay = 3.63> <CoreInst = "FIFO_SRL">   --->   Core 81 'FIFO_SRL' <Latency = 0> <II = 1> <Delay = 3.63> <Storage> <Opcode : 'read' 'write' 'nbread' 'nbwrite'> <Ports = 0> <Width = 32> <Depth = 2> <FIFO>
ST_1 : Operation 22 [1/1] (2.55ns)   --->   "%sub_i = add i32 %cols, i32 4294967295" [C:/Vitis_Libraries/vision/L1/include\common/xf_infra.hpp:184]   --->   Operation 22 'add' 'sub_i' <Predicate = true> <Delay = 2.55> <CoreInst = "Adder">   --->   Core 1 'Adder' <Latency = 0> <II = 1> <Delay = 1.82> <FuncUnit> <Opcode : 'add' 'sub'> <InPorts = 2> <OutPorts = 1>
ST_1 : Operation 23 [1/1] (2.47ns)   --->   "%cmp71_i = icmp_sgt  i32 %cols, i32 0" [C:/Vitis_Libraries/vision/L1/include\common/xf_infra.hpp:184]   --->   Operation 23 'icmp' 'cmp71_i' <Predicate = true> <Delay = 2.47> <CoreInst = "Cmp">   --->   Core 9 'Cmp' <Latency = 0> <II = 1> <Delay = 2.47> <FuncUnit> <Opcode : 'icmp'> <InPorts = 2> <OutPorts = 1>
ST_1 : Operation 24 [1/1] (1.58ns)   --->   "%store_ln195 = store i1 1, i1 %sof" [C:/Vitis_Libraries/vision/L1/include\common/xf_infra.hpp:195]   --->   Operation 24 'store' 'store_ln195' <Predicate = true> <Delay = 1.58>
ST_1 : Operation 25 [1/1] (1.58ns)   --->   "%br_ln195 = br void" [C:/Vitis_Libraries/vision/L1/include\common/xf_infra.hpp:195]   --->   Operation 25 'br' 'br_ln195' <Predicate = true> <Delay = 1.58>

State 2 <SV = 1> <Delay = 2.47>
ST_2 : Operation 26 [1/1] (0.00ns)   --->   "%i = phi i9 0, void %entry, i9 %i_1, void %._crit_edge.i"   --->   Operation 26 'phi' 'i' <Predicate = true> <Delay = 0.00>
ST_2 : Operation 27 [1/1] (1.82ns)   --->   "%i_1 = add i9 %i, i9 1" [C:/Vitis_Libraries/vision/L1/include\common/xf_infra.hpp:195]   --->   Operation 27 'add' 'i_1' <Predicate = true> <Delay = 1.82> <CoreInst = "Adder">   --->   Core 1 'Adder' <Latency = 0> <II = 1> <Delay = 1.82> <FuncUnit> <Opcode : 'add' 'sub'> <InPorts = 2> <OutPorts = 1>
ST_2 : Operation 28 [1/1] (0.00ns)   --->   "%sof_1 = load i1 %sof"   --->   Operation 28 'load' 'sof_1' <Predicate = true> <Delay = 0.00>
ST_2 : Operation 29 [1/1] (0.00ns)   --->   "%zext_ln195 = zext i9 %i" [C:/Vitis_Libraries/vision/L1/include\common/xf_infra.hpp:195]   --->   Operation 29 'zext' 'zext_ln195' <Predicate = true> <Delay = 0.00>
ST_2 : Operation 30 [1/1] (2.47ns)   --->   "%icmp_ln195 = icmp_slt  i32 %zext_ln195, i32 %rows" [C:/Vitis_Libraries/vision/L1/include\common/xf_infra.hpp:195]   --->   Operation 30 'icmp' 'icmp_ln195' <Predicate = true> <Delay = 2.47> <CoreInst = "Cmp">   --->   Core 9 'Cmp' <Latency = 0> <II = 1> <Delay = 2.47> <FuncUnit> <Opcode : 'icmp'> <InPorts = 2> <OutPorts = 1>
ST_2 : Operation 31 [1/1] (0.00ns)   --->   "%speclooptripcount_ln0 = speclooptripcount void @_ssdm_op_SpecLoopTripCount, i64 0, i64 270, i64 0"   --->   Operation 31 'speclooptripcount' 'speclooptripcount_ln0' <Predicate = true> <Delay = 0.00>
ST_2 : Operation 32 [1/1] (0.00ns)   --->   "%br_ln195 = br i1 %icmp_ln195, void %.exit, void %.split2.i" [C:/Vitis_Libraries/vision/L1/include\common/xf_infra.hpp:195]   --->   Operation 32 'br' 'br_ln195' <Predicate = true> <Delay = 0.00>
ST_2 : Operation 33 [1/1] (0.00ns)   --->   "%specloopname_ln192 = specloopname void @_ssdm_op_SpecLoopName, void @empty_9" [C:/Vitis_Libraries/vision/L1/include\common/xf_infra.hpp:192]   --->   Operation 33 'specloopname' 'specloopname_ln192' <Predicate = (icmp_ln195)> <Delay = 0.00>
ST_2 : Operation 34 [1/1] (0.00ns)   --->   "%br_ln197 = br i1 %cmp71_i, void %._crit_edge.i, void %.lr.ph.i.preheader" [C:/Vitis_Libraries/vision/L1/include\common/xf_infra.hpp:197]   --->   Operation 34 'br' 'br_ln197' <Predicate = (icmp_ln195)> <Delay = 0.00>
ST_2 : Operation 35 [1/1] (1.58ns)   --->   "%br_ln197 = br void %.lr.ph.i" [C:/Vitis_Libraries/vision/L1/include\common/xf_infra.hpp:197]   --->   Operation 35 'br' 'br_ln197' <Predicate = (icmp_ln195 & cmp71_i)> <Delay = 1.58>
ST_2 : Operation 36 [1/1] (0.00ns)   --->   "%ret_ln0 = ret"   --->   Operation 36 'ret' 'ret_ln0' <Predicate = (!icmp_ln195)> <Delay = 0.00>

State 3 <SV = 2> <Delay = 2.47>
ST_3 : Operation 37 [1/1] (0.00ns)   --->   "%j = phi i9 %j_1, void %.split.i, i9 0, void %.lr.ph.i.preheader"   --->   Operation 37 'phi' 'j' <Predicate = true> <Delay = 0.00>
ST_3 : Operation 38 [1/1] (1.82ns)   --->   "%j_1 = add i9 %j, i9 1" [C:/Vitis_Libraries/vision/L1/include\common/xf_infra.hpp:197]   --->   Operation 38 'add' 'j_1' <Predicate = true> <Delay = 1.82> <CoreInst = "Adder">   --->   Core 1 'Adder' <Latency = 0> <II = 1> <Delay = 1.82> <FuncUnit> <Opcode : 'add' 'sub'> <InPorts = 2> <OutPorts = 1>
ST_3 : Operation 39 [1/1] (0.00ns)   --->   "%zext_ln197 = zext i9 %j" [C:/Vitis_Libraries/vision/L1/include\common/xf_infra.hpp:197]   --->   Operation 39 'zext' 'zext_ln197' <Predicate = true> <Delay = 0.00>
ST_3 : Operation 40 [1/1] (2.47ns)   --->   "%icmp_ln197 = icmp_eq  i32 %zext_ln197, i32 %cols" [C:/Vitis_Libraries/vision/L1/include\common/xf_infra.hpp:197]   --->   Operation 40 'icmp' 'icmp_ln197' <Predicate = true> <Delay = 2.47> <CoreInst = "Cmp">   --->   Core 9 'Cmp' <Latency = 0> <II = 1> <Delay = 2.47> <FuncUnit> <Opcode : 'icmp'> <InPorts = 2> <OutPorts = 1>
ST_3 : Operation 41 [1/1] (0.00ns)   --->   "%br_ln197 = br i1 %icmp_ln197, void %.split.i, void %._crit_edge.i.loopexit" [C:/Vitis_Libraries/vision/L1/include\common/xf_infra.hpp:197]   --->   Operation 41 'br' 'br_ln197' <Predicate = true> <Delay = 0.00>
ST_3 : Operation 42 [1/1] (2.47ns)   --->   "%axi_last_V = icmp_eq  i32 %zext_ln197, i32 %sub_i" [C:/Vitis_Libraries/vision/L1/include\common/xf_infra.hpp:209]   --->   Operation 42 'icmp' 'axi_last_V' <Predicate = (!icmp_ln197)> <Delay = 2.47> <CoreInst = "Cmp">   --->   Core 9 'Cmp' <Latency = 0> <II = 1> <Delay = 2.47> <FuncUnit> <Opcode : 'icmp'> <InPorts = 2> <OutPorts = 1>
ST_3 : Operation 43 [1/1] (0.00ns)   --->   "%br_ln0 = br void %.lr.ph.i"   --->   Operation 43 'br' 'br_ln0' <Predicate = (!icmp_ln197)> <Delay = 0.00>

State 4 <SV = 3> <Delay = 3.63>
ST_4 : Operation 44 [1/1] (0.00ns)   --->   "%sof_3 = phi i1 0, void %.split.i, i1 %sof_1, void %.lr.ph.i.preheader"   --->   Operation 44 'phi' 'sof_3' <Predicate = true> <Delay = 0.00>
ST_4 : Operation 45 [1/1] (0.00ns)   --->   "%speclooptripcount_ln0 = speclooptripcount void @_ssdm_op_SpecLoopTripCount, i64 1, i64 480, i64 0"   --->   Operation 45 'speclooptripcount' 'speclooptripcount_ln0' <Predicate = true> <Delay = 0.00>
ST_4 : Operation 46 [1/1] (3.63ns)   --->   "%tmp_V = read i8 @_ssdm_op_Read.ap_fifo.volatile.i8P0A, i8 %img_out_434" [C:/Xilinx/Vitis_HLS/2020.2/common/technology/autopilot/hls_stream_39.h:145]   --->   Operation 46 'read' 'tmp_V' <Predicate = (!icmp_ln197)> <Delay = 3.63> <CoreInst = "FIFO_SRL">   --->   Core 81 'FIFO_SRL' <Latency = 0> <II = 1> <Delay = 3.63> <Storage> <Opcode : 'read' 'write' 'nbread' 'nbwrite'> <Ports = 0> <Width = 8> <Depth = 2> <FIFO>
ST_4 : Operation 47 [2/2] (0.00ns)   --->   "%write_ln304 = write void @_ssdm_op_Write.axis.volatile.i8P0A.i1P0A.i1P0A.i1P0A.i1P0A.i1P0A.i1P0A, i8 %AXI_video_strm_V_data_V, i1 %AXI_video_strm_V_keep_V, i1 %AXI_video_strm_V_strb_V, i1 %AXI_video_strm_V_user_V, i1 %AXI_video_strm_V_last_V, i1 %AXI_video_strm_V_id_V, i1 %AXI_video_strm_V_dest_V, i8 %tmp_V, i1 1, i1 0, i1 %sof_3, i1 %axi_last_V, i1 0, i1 0"   --->   Operation 47 'write' 'write_ln304' <Predicate = (!icmp_ln197)> <Delay = 0.00> <CoreInst = "axis">   --->   Core 115 'axis' <Latency = 0> <II = 1> <Delay = 1.00> <Adapter> <Opcode : >

State 5 <SV = 4> <Delay = 0.00>
ST_5 : Operation 48 [1/1] (0.00ns)   --->   "%specpipeline_ln192 = specpipeline void @_ssdm_op_SpecPipeline, i32 1, i32 0, i32 0, i32 0, void @empty_4" [C:/Vitis_Libraries/vision/L1/include\common/xf_infra.hpp:192]   --->   Operation 48 'specpipeline' 'specpipeline_ln192' <Predicate = (!icmp_ln197)> <Delay = 0.00>
ST_5 : Operation 49 [1/1] (0.00ns)   --->   "%specloopname_ln192 = specloopname void @_ssdm_op_SpecLoopName, void @empty_22" [C:/Vitis_Libraries/vision/L1/include\common/xf_infra.hpp:192]   --->   Operation 49 'specloopname' 'specloopname_ln192' <Predicate = (!icmp_ln197)> <Delay = 0.00>
ST_5 : Operation 50 [1/2] (0.00ns)   --->   "%write_ln304 = write void @_ssdm_op_Write.axis.volatile.i8P0A.i1P0A.i1P0A.i1P0A.i1P0A.i1P0A.i1P0A, i8 %AXI_video_strm_V_data_V, i1 %AXI_video_strm_V_keep_V, i1 %AXI_video_strm_V_strb_V, i1 %AXI_video_strm_V_user_V, i1 %AXI_video_strm_V_last_V, i1 %AXI_video_strm_V_id_V, i1 %AXI_video_strm_V_dest_V, i8 %tmp_V, i1 1, i1 0, i1 %sof_3, i1 %axi_last_V, i1 0, i1 0"   --->   Operation 50 'write' 'write_ln304' <Predicate = (!icmp_ln197)> <Delay = 0.00> <CoreInst = "axis">   --->   Core 115 'axis' <Latency = 0> <II = 1> <Delay = 1.00> <Adapter> <Opcode : >

State 6 <SV = 4> <Delay = 1.58>
ST_6 : Operation 51 [1/1] (1.58ns)   --->   "%store_ln0 = store i1 0, i1 %sof"   --->   Operation 51 'store' 'store_ln0' <Predicate = (cmp71_i)> <Delay = 1.58>
ST_6 : Operation 52 [1/1] (0.00ns)   --->   "%br_ln0 = br void %._crit_edge.i"   --->   Operation 52 'br' 'br_ln0' <Predicate = (cmp71_i)> <Delay = 0.00>
ST_6 : Operation 53 [1/1] (0.00ns)   --->   "%br_ln0 = br void"   --->   Operation 53 'br' 'br_ln0' <Predicate = true> <Delay = 0.00>


============================================================
+ Verbose Summary: Timing violations
============================================================
Target clock period: 10ns, clock uncertainty: 2.7ns.

 <State 1>: 6.19ns
The critical path consists of the following:
	fifo read on port 'img_2' (C:/Vitis_Libraries/vision/L1/include\common/xf_infra.hpp:184) [25]  (3.63 ns)
	'add' operation ('sub_i', C:/Vitis_Libraries/vision/L1/include\common/xf_infra.hpp:184) [26]  (2.55 ns)

 <State 2>: 2.47ns
The critical path consists of the following:
	'phi' operation ('i') with incoming values : ('i', C:/Vitis_Libraries/vision/L1/include\common/xf_infra.hpp:195) [31]  (0 ns)
	'icmp' operation ('icmp_ln195', C:/Vitis_Libraries/vision/L1/include\common/xf_infra.hpp:195) [35]  (2.47 ns)

 <State 3>: 2.47ns
The critical path consists of the following:
	'phi' operation ('j') with incoming values : ('j', C:/Vitis_Libraries/vision/L1/include\common/xf_infra.hpp:197) [44]  (0 ns)
	'icmp' operation ('axi.last.V', C:/Vitis_Libraries/vision/L1/include\common/xf_infra.hpp:209) [54]  (2.47 ns)

 <State 4>: 3.63ns
The critical path consists of the following:
	fifo read on port 'img_out_434' (C:/Xilinx/Vitis_HLS/2020.2/common/technology/autopilot/hls_stream_39.h:145) [55]  (3.63 ns)

 <State 5>: 0ns
The critical path consists of the following:

 <State 6>: 1.59ns
The critical path consists of the following:
	'store' operation ('store_ln0') of constant 0 on local variable 'sof' [59]  (1.59 ns)


============================================================
+ Verbose Summary: Binding
============================================================
N/A
* FSMD analyzer results:
  - Output states:
 - Input state : 
  - Chain level:
	State 1
	State 2
	State 3
	State 4
	State 5
	State 6


============================================================
+ Verbose Summary: Datapath Resource usage 
============================================================
N/A
