

================================================================
== Vitis HLS Report for 'xfMat2AXIvideo_8_0_270_480_1_s'
================================================================
* Date:           Mon Mar  9 12:23:50 2026

* Version:        2020.2 (Build 3064766 on Wed Nov 18 09:12:45 MST 2020)
* Project:        accel_downscale
* Solution:       solution1 (Vivado IP Flow Target)
* Product family: zynq
* Target device:  xc7z020-clg400-1


================================================================
== Performance Estimates
================================================================
+ Timing: 
    * Summary: 
    +--------+----------+----------+------------+
    |  Clock |  Target  | Estimated| Uncertainty|
    +--------+----------+----------+------------+
    |ap_clk  |  10.00 ns|  6.186 ns|     2.70 ns|
    +--------+----------+----------+------------+

+ Latency: 
    * Summary: 
    +---------+---------+-----------+----------+-----+--------+---------+
    |  Latency (cycles) |  Latency (absolute)  |   Interval   | Pipeline|
    |   min   |   max   |    min    |    max   | min |   max  |   Type  |
    +---------+---------+-----------+----------+-----+--------+---------+
    |        1|   130681|  10.000 ns|  1.307 ms|    1|  130681|     none|
    +---------+---------+-----------+----------+-----+--------+---------+

    + Detail: 
        * Instance: 
        N/A

        * Loop: 
        +---------------------+---------+---------+----------+-----------+-----------+---------+----------+
        |                     |  Latency (cycles) | Iteration|  Initiation Interval  |   Trip  |          |
        |      Loop Name      |   min   |   max   |  Latency |  achieved |   target  |  Count  | Pipelined|
        +---------------------+---------+---------+----------+-----------+-----------+---------+----------+
        |- loop_row_mat2axi   |        0|   130680|   2 ~ 484|          -|          -|  0 ~ 270|        no|
        | + loop_col_mat2axi  |        2|      481|         3|          1|          1|  1 ~ 480|       yes|
        +---------------------+---------+---------+----------+-----------+-----------+---------+----------+

============================================================
+ Verbose Summary: Synthesis Manager
============================================================
InlineROM: 1
ExposeGlobal: 0
============================================================
+ Verbose Summary: CDFG Model
============================================================
IsTopModel: 0
ResetActiveHigh: 1
IsCombinational: 2
IsDatapathOnly: 0
HasWiredReturn: 1
HasMFsm: 0
HasVarLatency: 1
IsPipeline: 0
IsRtlPipelined: 0
IsInstanceOverlapped: 0
IsDontTouch: 0
HasImplIP: 0
IsGatedGlobalClock: 0

+ Individual pipeline summary: 
  * Pipeline-0: initiation interval (II) = 1, depth = 3


============================================================
+ Verbose Summary: Schedule
============================================================
* Number of FSM states : 6
* Pipeline : 1
  Pipeline-0 : II = 1, D = 3, States = { 3 4 5 }
* Dataflow Pipeline: 0

* FSM state transitions: 
1 --> 2 
2 --> 6 3 
3 --> 4 
4 --> 6 5 
5 --> 3 
6 --> 2 

* FSM state operations: 

State 1 <SV = 0> <Delay = 6.18>
ST_1 : Operation 7 [1/1] (0.00ns)   --->   "%sof = alloca i32 1"   --->   Operation 7 'alloca' 'sof' <Predicate = true> <Delay = 0.00>
ST_1 : Operation 8 [1/1] (0.00ns)   --->   "%specinterface_ln0 = specinterface void @_ssdm_op_SpecInterface, i8 %img_out_434, void @empty_12, i32 0, i32 0, void @empty_4, i32 0, i32 0, void @empty_4, void @empty_4, void @empty_4, i32 0, i32 0, i32 0, i32 0, void @empty_4, void @empty_4"   --->   Operation 8 'specinterface' 'specinterface_ln0' <Predicate = true> <Delay = 0.00>
ST_1 : Operation 9 [1/1] (0.00ns)   --->   "%specinterface_ln0 = specinterface void @_ssdm_op_SpecInterface, i1 %AXI_video_strm_V_dest_V, i1 %AXI_video_strm_V_id_V, i1 %AXI_video_strm_V_last_V, i1 %AXI_video_strm_V_user_V, i1 %AXI_video_strm_V_strb_V, i1 %AXI_video_strm_V_keep_V, i8 %AXI_video_strm_V_data_V, void @empty_2, i32 1, i32 1, void @empty_24, i32 0, i32 0, void @empty_4, void @empty_4, void @empty_4, i32 0, i32 0, i32 0, i32 0, void @empty_4, void @empty_4"   --->   Operation 9 'specinterface' 'specinterface_ln0' <Predicate = true> <Delay = 0.00>
ST_1 : Operation 10 [1/1] (0.00ns)   --->   "%specinterface_ln0 = specinterface void @_ssdm_op_SpecInterface, i1 %AXI_video_strm_V_dest_V, i1 %AXI_video_strm_V_id_V, i1 %AXI_video_strm_V_last_V, i1 %AXI_video_strm_V_user_V, i1 %AXI_video_strm_V_strb_V, i1 %AXI_video_strm_V_keep_V, i8 %AXI_video_strm_V_data_V, void @empty_2, i32 1, i32 1, void @empty_24, i32 0, i32 0, void @empty_4, void @empty_4, void @empty_4, i32 0, i32 0, i32 0, i32 0, void @empty_4, void @empty_4"   --->   Operation 10 'specinterface' 'specinterface_ln0' <Predicate = true> <Delay = 0.00>
ST_1 : Operation 11 [1/1] (0.00ns)   --->   "%specinterface_ln0 = specinterface void @_ssdm_op_SpecInterface, i1 %AXI_video_strm_V_dest_V, i1 %AXI_video_strm_V_id_V, i1 %AXI_video_strm_V_last_V, i1 %AXI_video_strm_V_user_V, i1 %AXI_video_strm_V_strb_V, i1 %AXI_video_strm_V_keep_V, i8 %AXI_video_strm_V_data_V, void @empty_2, i32 1, i32 1, void @empty_24, i32 0, i32 0, void @empty_4, void @empty_4, void @empty_4, i32 0, i32 0, i32 0, i32 0, void @empty_4, void @empty_4"   --->   Operation 11 'specinterface' 'specinterface_ln0' <Predicate = true> <Delay = 0.00>
ST_1 : Operation 12 [1/1] (0.00ns)   --->   "%specinterface_ln0 = specinterface void @_ssdm_op_SpecInterface, i1 %AXI_video_strm_V_dest_V, i1 %AXI_video_strm_V_id_V, i1 %AXI_video_strm_V_last_V, i1 %AXI_video_strm_V_user_V, i1 %AXI_video_strm_V_strb_V, i1 %AXI_video_strm_V_keep_V, i8 %AXI_video_strm_V_data_V, void @empty_2, i32 1, i32 1, void @empty_24, i32 0, i32 0, void @empty_4, void @empty_4, void @empty_4, i32 0, i32 0, i32 0, i32 0, void @empty_4, void @empty_4"   --->   Operation 12 'specinterface' 'specinterface_ln0' <Predicate = true> <Delay = 0.00>
ST_1 : Operation 13 [1/1] (0.00ns)   --->   "%specinterface_ln0 = specinterface void @_ssdm_op_SpecInterface, i1 %AXI_video_strm_V_dest_V, i1 %AXI_video_strm_V_id_V, i1 %AXI_video_strm_V_last_V, i1 %AXI_video_strm_V_user_V, i1 %AXI_video_strm_V_strb_V, i1 %AXI_video_strm_V_keep_V, i8 %AXI_video_strm_V_data_V, void @empty_2, i32 1, i32 1, void @empty_24, i32 0, i32 0, void @empty_4, void @empty_4, void @empty_4, i32 0, i32 0, i32 0, i32 0, void @empty_4, void @empty_4"   --->   Operation 13 'specinterface' 'specinterface_ln0' <Predicate = true> <Delay = 0.00>
ST_1 : Operation 14 [1/1] (0.00ns)   --->   "%specinterface_ln0 = specinterface void @_ssdm_op_SpecInterface, i1 %AXI_video_strm_V_dest_V, i1 %AXI_video_strm_V_id_V, i1 %AXI_video_strm_V_last_V, i1 %AXI_video_strm_V_user_V, i1 %AXI_video_strm_V_strb_V, i1 %AXI_video_strm_V_keep_V, i8 %AXI_video_strm_V_data_V, void @empty_2, i32 1, i32 1, void @empty_24, i32 0, i32 0, void @empty_4, void @empty_4, void @empty_4, i32 0, i32 0, i32 0, i32 0, void @empty_4, void @empty_4"   --->   Operation 14 'specinterface' 'specinterface_ln0' <Predicate = true> <Delay = 0.00>
ST_1 : Operation 15 [1/1] (0.00ns)   --->   "%specinterface_ln0 = specinterface void @_ssdm_op_SpecInterface, i1 %AXI_video_strm_V_dest_V, i1 %AXI_video_strm_V_id_V, i1 %AXI_video_strm_V_last_V, i1 %AXI_video_strm_V_user_V, i1 %AXI_video_strm_V_strb_V, i1 %AXI_video_strm_V_keep_V, i8 %AXI_video_strm_V_data_V, void @empty_2, i32 1, i32 1, void @empty_24, i32 0, i32 0, void @empty_4, void @empty_4, void @empty_4, i32 0, i32 0, i32 0, i32 0, void @empty_4, void @empty_4"   --->   Operation 15 'specinterface' 'specinterface_ln0' <Predicate = true> <Delay = 0.00>
ST_1 : Operation 16 [1/1] (0.00ns)   --->   "%specinterface_ln0 = specinterface void @_ssdm_op_SpecInterface, i32 %img_1, void @ap_fifo_str, i32 0, i32 0, void @p_str, i32 0, i32 0, void @p_str, void @p_str, void @p_str, i32 2, i32 2, i32 16, i32 16, void @p_str, void @ScalarProp_str"   --->   Operation 16 'specinterface' 'specinterface_ln0' <Predicate = true> <Delay = 0.00>
ST_1 : Operation 17 [1/1] (0.00ns)   --->   "%specinterface_ln0 = specinterface void @_ssdm_op_SpecInterface, i32 %img_2, void @ap_fifo_str, i32 0, i32 0, void @p_str, i32 0, i32 0, void @p_str, void @p_str, void @p_str, i32 2, i32 2, i32 16, i32 16, void @p_str, void @ScalarProp_str"   --->   Operation 17 'specinterface' 'specinterface_ln0' <Predicate = true> <Delay = 0.00>
ST_1 : Operation 18 [1/1] (0.00ns)   --->   "%specinterface_ln0 = specinterface void @_ssdm_op_SpecInterface, i8 %img_out_434, void @empty_12, i32 0, i32 0, void @empty_4, i32 0, i32 0, void @empty_4, void @empty_4, void @empty_4, i32 0, i32 0, i32 0, i32 0, void @empty_4, void @empty_4"   --->   Operation 18 'specinterface' 'specinterface_ln0' <Predicate = true> <Delay = 0.00>
ST_1 : Operation 19 [1/1] (0.00ns)   --->   "%specinterface_ln0 = specinterface void @_ssdm_op_SpecInterface, i1 %AXI_video_strm_V_dest_V, i1 %AXI_video_strm_V_id_V, i1 %AXI_video_strm_V_last_V, i1 %AXI_video_strm_V_user_V, i1 %AXI_video_strm_V_strb_V, i1 %AXI_video_strm_V_keep_V, i8 %AXI_video_strm_V_data_V, void @empty_2, i32 1, i32 1, void @empty_24, i32 0, i32 0, void @empty_4, void @empty_4, void @empty_4, i32 0, i32 0, i32 0, i32 0, void @empty_4, void @empty_4"   --->   Operation 19 'specinterface' 'specinterface_ln0' <Predicate = true> <Delay = 0.00>
ST_1 : Operation 20 [1/1] (3.63ns)   --->   "%rows = read i32 @_ssdm_op_Read.ap_fifo.i32P0A, i32 %img_1" [C:/Vitis_Libraries/vision/L1/include\common/xf_infra.hpp:183]   --->   Operation 20 'read' 'rows' <Predicate = true> <Delay = 3.63> <CoreInst = "FIFO_SRL">   --->   Core 81 'FIFO_SRL' <Latency = 0> <II = 1> <Delay = 3.63> <Storage> <Opcode : 'read' 'write' 'nbread' 'nbwrite'> <Ports = 0> <Width = 32> <Depth = 2> <FIFO>
ST_1 : Operation 21 [1/1] (3.63ns)   --->   "%cols = read i32 @_ssdm_op_Read.ap_fifo.i32P0A, i32 %img_2" [C:/Vitis_Libraries/vision/L1/include\common/xf_infra.hpp:184]   --->   Operation 21 'read' 'cols' <Predicate = true> <Delay = 3.63> <CoreInst = "FIFO_SRL">   --->   Core 81 'FIFO_SRL' <Latency = 0> <II = 1> <Delay = 3.63> <Storage> <Opcode : 'read' 'write' 'nbread' 'nbwrite'> <Ports = 0> <Width = 32> <Depth = 2> <FIFO>
ST_1 : Operation 22 [1/1] (2.55ns)   --->   "%sub_i = add i32 %cols, i32 4294967295" [C:/Vitis_Libraries/vision/L1/include\common/xf_infra.hpp:184]   --->   Operation 22 'add' 'sub_i' <Predicate = true> <Delay = 2.55> <CoreInst = "Adder">   --->   Core 1 'Adder' <Latency = 0> <II = 1> <Delay = 1.82> <FuncUnit> <Opcode : 'add' 'sub'> <InPorts = 2> <OutPorts = 1>
ST_1 : Operation 23 [1/1] (2.47ns)   --->   "%cmp71_i = icmp_sgt  i32 %cols, i32 0" [C:/Vitis_Libraries/vision/L1/include\common/xf_infra.hpp:184]   --->   Operation 23 'icmp' 'cmp71_i' <Predicate = true> <Delay = 2.47> <CoreInst = "Cmp">   --->   Core 9 'Cmp' <Latency = 0> <II = 1> <Delay = 2.47> <FuncUnit> <Opcode : 'icmp'> <InPorts = 2> <OutPorts = 1>
ST_1 : Operation 24 [1/1] (1.58ns)   --->   "%store_ln195 = store i1 1, i1 %sof" [C:/Vitis_Libraries/vision/L1/include\common/xf_infra.hpp:195]   --->   Operation 24 'store' 'store_ln195' <Predicate = true> <Delay = 1.58>
ST_1 : Operation 25 [1/1] (1.58ns)   --->   "%br_ln195 = br void" [C:/Vitis_Libraries/vision/L1/include\common/xf_infra.hpp:195]   --->   Operation 25 'br' 'br_ln195' <Predicate = true> <Delay = 1.58>

State 2 <SV = 1> <Delay = 2.47>
ST_2 : Operation 26 [1/1] (0.00ns)   --->   "%i = phi i9 0, void %entry, i9 %i_1, void %._crit_edge.i"   --->   Operation 26 'phi' 'i' <Predicate = true> <Delay = 0.00>
ST_2 : Operation 27 [1/1] (1.82ns)   --->   "%i_1 = add i9 %i, i9 1" [C:/Vitis_Libraries/vision/L1/include\common/xf_infra.hpp:195]   --->   Operation 27 'add' 'i_1' <Predicate = true> <Delay = 1.82> <CoreInst = "Adder">   --->   Core 1 'Adder' <Latency = 0> <II = 1> <Delay = 1.82> <FuncUnit> <Opcode : 'add' 'sub'> <InPorts = 2> <OutPorts = 1>
ST_2 : Operation 28 [1/1] (0.00ns)   --->   "%sof_1 = load i1 %sof"   --->   Operation 28 'load' 'sof_1' <Predicate = true> <Delay = 0.00>
ST_2 : Operation 29 [1/1] (0.00ns)   --->   "%zext_ln195 = zext i9 %i" [C:/Vitis_Libraries/vision/L1/include\common/xf_infra.hpp:195]   --->   Operation 29 'zext' 'zext_ln195' <Predicate = true> <Delay = 0.00>
ST_2 : Operation 30 [1/1] (2.47ns)   --->   "%icmp_ln195 = icmp_slt  i32 %zext_ln195, i32 %rows" [C:/Vitis_Libraries/vision/L1/include\common/xf_infra.hpp:195]   --->   Operation 30 'icmp' 'icmp_ln195' <Predicate = true> <Delay = 2.47> <CoreInst = "Cmp">   --->   Core 9 'Cmp' <Latency = 0> <II = 1> <Delay = 2.47> <FuncUnit> <Opcode : 'icmp'> <InPorts = 2> <OutPorts = 1>
ST_2 : Operation 31 [1/1] (0.00ns)   --->   "%speclooptripcount_ln0 = speclooptripcount void @_ssdm_op_SpecLoopTripCount, i64 0, i64 270, i64 0"   --->   Operation 31 'speclooptripcount' 'speclooptripcount_ln0' <Predicate = true> <Delay = 0.00>
ST_2 : Operation 32 [1/1] (0.00ns)   --->   "%br_ln195 = br i1 %icmp_ln195, void %.exit, void %.split2.i" [C:/Vitis_Libraries/vision/L1/include\common/xf_infra.hpp:195]   --->   Operation 32 'br' 'br_ln195' <Predicate = true> <Delay = 0.00>
ST_2 : Operation 33 [1/1] (0.00ns)   --->   "%specloopname_ln192 = specloopname void @_ssdm_op_SpecLoopName, void @empty_9" [C:/Vitis_Libraries/vision/L1/include\common/xf_infra.hpp:192]   --->   Operation 33 'specloopname' 'specloopname_ln192' <Predicate = (icmp_ln195)> <Delay = 0.00>
ST_2 : Operation 34 [1/1] (0.00ns)   --->   "%br_ln197 = br i1 %cmp71_i, void %._crit_edge.i, void %.lr.ph.i.preheader" [C:/Vitis_Libraries/vision/L1/include\common/xf_infra.hpp:197]   --->   Operation 34 'br' 'br_ln197' <Predicate = (icmp_ln195)> <Delay = 0.00>
ST_2 : Operation 35 [1/1] (1.58ns)   --->   "%br_ln197 = br void %.lr.ph.i" [C:/Vitis_Libraries/vision/L1/include\common/xf_infra.hpp:197]   --->   Operation 35 'br' 'br_ln197' <Predicate = (icmp_ln195 & cmp71_i)> <Delay = 1.58>
ST_2 : Operation 36 [1/1] (0.00ns)   --->   "%ret_ln0 = ret"   --->   Operation 36 'ret' 'ret_ln0' <Predicate = (!icmp_ln195)> <Delay = 0.00>

State 3 <SV = 2> <Delay = 2.47>
ST_3 : Operation 37 [1/1] (0.00ns)   --->   "%j = phi i9 %j_1, void %.split.i, i9 0, void %.lr.ph.i.preheader"   --->   Operation 37 'phi' 'j' <Predicate = true> <Delay = 0.00>
ST_3 : Operation 38 [1/1] (1.82ns)   --->   "%j_1 = add i9 %j, i9 1" [C:/Vitis_Libraries/vision/L1/include\common/xf_infra.hpp:197]   --->   Operation 38 'add' 'j_1' <Predicate = true> <Delay = 1.82> <CoreInst = "Adder">   --->   Core 1 'Adder' <Latency = 0> <II = 1> <Delay = 1.82> <FuncUnit> <Opcode : 'add' 'sub'> <InPorts = 2> <OutPorts = 1>
ST_3 : Operation 39 [1/1] (0.00ns)   --->   "%zext_ln197 = zext i9 %j" [C:/Vitis_Libraries/vision/L1/include\common/xf_infra.hpp:197]   --->   Operation 39 'zext' 'zext_ln197' <Predicate = true> <Delay = 0.00>
ST_3 : Operation 40 [1/1] (2.47ns)   --->   "%icmp_ln197 = icmp_eq  i32 %zext_ln197, i32 %cols" [C:/Vitis_Libraries/vision/L1/include\common/xf_infra.hpp:197]   --->   Operation 40 'icmp' 'icmp_ln197' <Predicate = true> <Delay = 2.47> <CoreInst = "Cmp">   --->   Core 9 'Cmp' <Latency = 0> <II = 1> <Delay = 2.47> <FuncUnit> <Opcode : 'icmp'> <InPorts = 2> <OutPorts = 1>
ST_3 : Operation 41 [1/1] (0.00ns)   --->   "%br_ln197 = br i1 %icmp_ln197, void %.split.i, void %._crit_edge.i.loopexit" [C:/Vitis_Libraries/vision/L1/include\common/xf_infra.hpp:197]   --->   Operation 41 'br' 'br_ln197' <Predicate = true> <Delay = 0.00>
ST_3 : Operation 42 [1/1] (2.47ns)   --->   "%axi_last_V = icmp_eq  i32 %zext_ln197, i32 %sub_i" [C:/Vitis_Libraries/vision/L1/include\common/xf_infra.hpp:209]   --->   Operation 42 'icmp' 'axi_last_V' <Predicate = (!icmp_ln197)> <Delay = 2.47> <CoreInst = "Cmp">   --->   Core 9 'Cmp' <Latency = 0> <II = 1> <Delay = 2.47> <FuncUnit> <Opcode : 'icmp'> <InPorts = 2> <OutPorts = 1>
ST_3 : Operation 43 [1/1] (0.00ns)   --->   "%br_ln0 = br void %.lr.ph.i"   --->   Operation 43 'br' 'br_ln0' <Predicate = (!icmp_ln197)> <Delay = 0.00>

State 4 <SV = 3> <Delay = 3.63>
ST_4 : Operation 44 [1/1] (0.00ns)   --->   "%sof_3 = phi i1 0, void %.split.i, i1 %sof_1, void %.lr.ph.i.preheader"   --->   Operation 44 'phi' 'sof_3' <Predicate = true> <Delay = 0.00>
ST_4 : Operation 45 [1/1] (0.00ns)   --->   "%speclooptripcount_ln0 = speclooptripcount void @_ssdm_op_SpecLoopTripCount, i64 1, i64 480, i64 0"   --->   Operation 45 'speclooptripcount' 'speclooptripcount_ln0' <Predicate = true> <Delay = 0.00>
ST_4 : Operation 46 [1/1] (3.63ns)   --->   "%tmp_V = read i8 @_ssdm_op_Read.ap_fifo.volatile.i8P0A, i8 %img_out_434" [C:/Xilinx/Vitis_HLS/2020.2/common/technology/autopilot/hls_stream_39.h:145]   --->   Operation 46 'read' 'tmp_V' <Predicate = (!icmp_ln197)> <Delay = 3.63> <CoreInst = "FIFO_SRL">   --->   Core 81 'FIFO_SRL' <Latency = 0> <II = 1> <Delay = 3.63> <Storage> <Opcode : 'read' 'write' 'nbread' 'nbwrite'> <Ports = 0> <Width = 8> <Depth = 2> <FIFO>
ST_4 : Operation 47 [2/2] (0.00ns)   --->   "%write_ln304 = write void @_ssdm_op_Write.axis.volatile.i8P0A.i1P0A.i1P0A.i1P0A.i1P0A.i1P0A.i1P0A, i8 %AXI_video_strm_V_data_V, i1 %AXI_video_strm_V_keep_V, i1 %AXI_video_strm_V_strb_V, i1 %AXI_video_strm_V_user_V, i1 %AXI_video_strm_V_last_V, i1 %AXI_video_strm_V_id_V, i1 %AXI_video_strm_V_dest_V, i8 %tmp_V, i1 1, i1 0, i1 %sof_3, i1 %axi_last_V, i1 0, i1 0"   --->   Operation 47 'write' 'write_ln304' <Predicate = (!icmp_ln197)> <Delay = 0.00> <CoreInst = "axis">   --->   Core 115 'axis' <Latency = 0> <II = 1> <Delay = 1.00> <Adapter> <Opcode : >

State 5 <SV = 4> <Delay = 0.00>
ST_5 : Operation 48 [1/1] (0.00ns)   --->   "%specpipeline_ln192 = specpipeline void @_ssdm_op_SpecPipeline, i32 1, i32 0, i32 0, i32 0, void @empty_4" [C:/Vitis_Libraries/vision/L1/include\common/xf_infra.hpp:192]   --->   Operation 48 'specpipeline' 'specpipeline_ln192' <Predicate = (!icmp_ln197)> <Delay = 0.00>
ST_5 : Operation 49 [1/1] (0.00ns)   --->   "%specloopname_ln192 = specloopname void @_ssdm_op_SpecLoopName, void @empty_22" [C:/Vitis_Libraries/vision/L1/include\common/xf_infra.hpp:192]   --->   Operation 49 'specloopname' 'specloopname_ln192' <Predicate = (!icmp_ln197)> <Delay = 0.00>
ST_5 : Operation 50 [1/2] (0.00ns)   --->   "%write_ln304 = write void @_ssdm_op_Write.axis.volatile.i8P0A.i1P0A.i1P0A.i1P0A.i1P0A.i1P0A.i1P0A, i8 %AXI_video_strm_V_data_V, i1 %AXI_video_strm_V_keep_V, i1 %AXI_video_strm_V_strb_V, i1 %AXI_video_strm_V_user_V, i1 %AXI_video_strm_V_last_V, i1 %AXI_video_strm_V_id_V, i1 %AXI_video_strm_V_dest_V, i8 %tmp_V, i1 1, i1 0, i1 %sof_3, i1 %axi_last_V, i1 0, i1 0"   --->   Operation 50 'write' 'write_ln304' <Predicate = (!icmp_ln197)> <Delay = 0.00> <CoreInst = "axis">   --->   Core 115 'axis' <Latency = 0> <II = 1> <Delay = 1.00> <Adapter> <Opcode : >

State 6 <SV = 4> <Delay = 1.58>
ST_6 : Operation 51 [1/1] (1.58ns)   --->   "%store_ln0 = store i1 0, i1 %sof"   --->   Operation 51 'store' 'store_ln0' <Predicate = (cmp71_i)> <Delay = 1.58>
ST_6 : Operation 52 [1/1] (0.00ns)   --->   "%br_ln0 = br void %._crit_edge.i"   --->   Operation 52 'br' 'br_ln0' <Predicate = (cmp71_i)> <Delay = 0.00>
ST_6 : Operation 53 [1/1] (0.00ns)   --->   "%br_ln0 = br void"   --->   Operation 53 'br' 'br_ln0' <Predicate = true> <Delay = 0.00>


============================================================
+ Verbose Summary: Binding
============================================================
STG Binding: 
---------------- STG Properties BEGIN ----------------
- Is combinational: 0
- Is one-state seq: 0
- Is datapath-only: 0
- Is pipelined: 0
- Is top level: 0
Port [ Return ] is wired: 1; IO mode=ap_ctrl_hs:ce=0
Port [ img_out_434]:  wired=1; compound=1; hidden=0; nouse=0; global=0; static=0; extern=0; dir=0; type=3; pingpong=0; private_global=0; IO mode=ap_fifo:ce=0
Port [ img_1]:  wired=1; compound=1; hidden=0; nouse=0; global=0; static=0; extern=0; dir=0; type=3; pingpong=0; private_global=0; IO mode=ap_fifo:ce=0
Port [ img_2]:  wired=1; compound=1; hidden=0; nouse=0; global=0; static=0; extern=0; dir=0; type=3; pingpong=0; private_global=0; IO mode=ap_fifo:ce=0
Port [ AXI_video_strm_V_data_V]:  wired=1; compound=1; hidden=0; nouse=0; global=0; static=0; extern=0; dir=1; type=0; pingpong=0; private_global=0; IO mode=axis:ce=0
Port [ AXI_video_strm_V_keep_V]:  wired=1; compound=1; hidden=0; nouse=0; global=0; static=0; extern=0; dir=1; type=0; pingpong=0; private_global=0; IO mode=axis:ce=0
Port [ AXI_video_strm_V_strb_V]:  wired=1; compound=1; hidden=0; nouse=0; global=0; static=0; extern=0; dir=1; type=0; pingpong=0; private_global=0; IO mode=axis:ce=0
Port [ AXI_video_strm_V_user_V]:  wired=1; compound=1; hidden=0; nouse=0; global=0; static=0; extern=0; dir=1; type=0; pingpong=0; private_global=0; IO mode=axis:ce=0
Port [ AXI_video_strm_V_last_V]:  wired=1; compound=1; hidden=0; nouse=0; global=0; static=0; extern=0; dir=1; type=0; pingpong=0; private_global=0; IO mode=axis:ce=0
Port [ AXI_video_strm_V_id_V]:  wired=1; compound=1; hidden=0; nouse=0; global=0; static=0; extern=0; dir=1; type=0; pingpong=0; private_global=0; IO mode=axis:ce=0
Port [ AXI_video_strm_V_dest_V]:  wired=1; compound=1; hidden=0; nouse=0; global=0; static=0; extern=0; dir=1; type=0; pingpong=0; private_global=0; IO mode=axis:ce=0
---------------- STG Properties END ------------------

---------------- Datapath Model BEGIN ----------------

<LifeTime>
<method=bitvector/>
sof                   (alloca           ) [ 0111111]
specinterface_ln0     (specinterface    ) [ 0000000]
specinterface_ln0     (specinterface    ) [ 0000000]
specinterface_ln0     (specinterface    ) [ 0000000]
specinterface_ln0     (specinterface    ) [ 0000000]
specinterface_ln0     (specinterface    ) [ 0000000]
specinterface_ln0     (specinterface    ) [ 0000000]
specinterface_ln0     (specinterface    ) [ 0000000]
specinterface_ln0     (specinterface    ) [ 0000000]
specinterface_ln0     (specinterface    ) [ 0000000]
specinterface_ln0     (specinterface    ) [ 0000000]
specinterface_ln0     (specinterface    ) [ 0000000]
specinterface_ln0     (specinterface    ) [ 0000000]
rows                  (read             ) [ 0011111]
cols                  (read             ) [ 0011111]
sub_i                 (add              ) [ 0011111]
cmp71_i               (icmp             ) [ 0011111]
store_ln195           (store            ) [ 0000000]
br_ln195              (br               ) [ 0111111]
i                     (phi              ) [ 0010000]
i_1                   (add              ) [ 0111111]
sof_1                 (load             ) [ 0011111]
zext_ln195            (zext             ) [ 0000000]
icmp_ln195            (icmp             ) [ 0011111]
speclooptripcount_ln0 (speclooptripcount) [ 0000000]
br_ln195              (br               ) [ 0000000]
specloopname_ln192    (specloopname     ) [ 0000000]
br_ln197              (br               ) [ 0000000]
br_ln197              (br               ) [ 0011111]
ret_ln0               (ret              ) [ 0000000]
j                     (phi              ) [ 0001110]
j_1                   (add              ) [ 0011111]
zext_ln197            (zext             ) [ 0000000]
icmp_ln197            (icmp             ) [ 0011111]
br_ln197              (br               ) [ 0000000]
axi_last_V            (icmp             ) [ 0001110]
br_ln0                (br               ) [ 0011111]
sof_3                 (phi              ) [ 0001110]
speclooptripcount_ln0 (speclooptripcount) [ 0000000]
tmp_V                 (read             ) [ 0001010]
specpipeline_ln192    (specpipeline     ) [ 0000000]
specloopname_ln192    (specloopname     ) [ 0000000]
write_ln304           (write            ) [ 0000000]
store_ln0             (store            ) [ 0000000]
br_ln0                (br               ) [ 0000000]
br_ln0                (br               ) [ 0111111]
</LifeTime>

<model>

<comp_list>
<comp id="0" class="1000" name="img_out_434">
<pin_list>
<pin id="1" dir="1" index="0" bw="1" slack="0"/>
</pin_list>
<bind>
<StgValue><ssdm name="img_out_434"/></StgValue>
</bind>
</comp>

<comp id="2" class="1000" name="img_1">
<pin_list>
<pin id="3" dir="1" index="0" bw="1" slack="0"/>
</pin_list>
<bind>
<StgValue><ssdm name="img_1"/></StgValue>
</bind>
</comp>

<comp id="4" class="1000" name="img_2">
<pin_list>
<pin id="5" dir="1" index="0" bw="1" slack="0"/>
</pin_list>
<bind>
<StgValue><ssdm name="img_2"/></StgValue>
</bind>
</comp>

<comp id="6" class="1000" name="AXI_video_strm_V_data_V">
<pin_list>
<pin id="7" dir="1" index="0" bw="1" slack="0"/>
</pin_list>
<bind>
<StgValue><ssdm name="AXI_video_strm_V_data_V"/></StgValue>
</bind>
</comp>

<comp id="8" class="1000" name="AXI_video_strm_V_keep_V">
<pin_list>
<pin id="9" dir="1" index="0" bw="1" slack="0"/>
</pin_list>
<bind>
<StgValue><ssdm name="AXI_video_strm_V_keep_V"/></StgValue>
</bind>
</comp>

<comp id="10" class="1000" name="AXI_video_strm_V_strb_V">
<pin_list>
<pin id="11" dir="1" index="0" bw="1" slack="0"/>
</pin_list>
<bind>
<StgValue><ssdm name="AXI_video_strm_V_strb_V"/></StgValue>
</bind>
</comp>

<comp id="12" class="1000" name="AXI_video_strm_V_user_V">
<pin_list>
<pin id="13" dir="1" index="0" bw="1" slack="0"/>
</pin_list>
<bind>
<StgValue><ssdm name="AXI_video_strm_V_user_V"/></StgValue>
</bind>
</comp>

<comp id="14" class="1000" name="AXI_video_strm_V_last_V">
<pin_list>
<pin id="15" dir="1" index="0" bw="1" slack="0"/>
</pin_list>
<bind>
<StgValue><ssdm name="AXI_video_strm_V_last_V"/></StgValue>
</bind>
</comp>

<comp id="16" class="1000" name="AXI_video_strm_V_id_V">
<pin_list>
<pin id="17" dir="1" index="0" bw="1" slack="0"/>
</pin_list>
<bind>
<StgValue><ssdm name="AXI_video_strm_V_id_V"/></StgValue>
</bind>
</comp>

<comp id="18" class="1000" name="AXI_video_strm_V_dest_V">
<pin_list>
<pin id="19" dir="1" index="0" bw="1" slack="0"/>
</pin_list>
<bind>
<StgValue><ssdm name="AXI_video_strm_V_dest_V"/></StgValue>
</bind>
</comp>

<comp id="20" class="1001" name="const_20">
<pin_list>
<pin id="21" dir="1" index="0" bw="1" slack="0"/>
</pin_list>
<bind>
<StgValue><ssdm name=""/></StgValue>
</bind>
</comp>

<comp id="22" class="1001" name="const_22">
<pin_list>
<pin id="23" dir="1" index="0" bw="1" slack="2147483647"/>
</pin_list>
<bind>
<StgValue><ssdm name="_ssdm_op_SpecInterface"/></StgValue>
</bind>
</comp>

<comp id="24" class="1001" name="const_24">
<pin_list>
<pin id="25" dir="1" index="0" bw="1" slack="2147483647"/>
</pin_list>
<bind>
<StgValue><ssdm name="empty_12"/></StgValue>
</bind>
</comp>

<comp id="26" class="1001" name="const_26">
<pin_list>
<pin id="27" dir="1" index="0" bw="1" slack="0"/>
</pin_list>
<bind>
<StgValue><ssdm name=""/></StgValue>
</bind>
</comp>

<comp id="28" class="1001" name="const_28">
<pin_list>
<pin id="29" dir="1" index="0" bw="1" slack="2147483647"/>
</pin_list>
<bind>
<StgValue><ssdm name="empty_4"/></StgValue>
</bind>
</comp>

<comp id="30" class="1001" name="const_30">
<pin_list>
<pin id="31" dir="1" index="0" bw="1" slack="2147483647"/>
</pin_list>
<bind>
<StgValue><ssdm name="empty_2"/></StgValue>
</bind>
</comp>

<comp id="32" class="1001" name="const_32">
<pin_list>
<pin id="33" dir="1" index="0" bw="1" slack="2147483647"/>
</pin_list>
<bind>
<StgValue><ssdm name="empty_24"/></StgValue>
</bind>
</comp>

<comp id="34" class="1001" name="const_34">
<pin_list>
<pin id="35" dir="1" index="0" bw="1" slack="2147483647"/>
</pin_list>
<bind>
<StgValue><ssdm name="ap_fifo_str"/></StgValue>
</bind>
</comp>

<comp id="36" class="1001" name="const_36">
<pin_list>
<pin id="37" dir="1" index="0" bw="1" slack="2147483647"/>
</pin_list>
<bind>
<StgValue><ssdm name="p_str"/></StgValue>
</bind>
</comp>

<comp id="38" class="1001" name="const_38">
<pin_list>
<pin id="39" dir="1" index="0" bw="1" slack="2147483647"/>
</pin_list>
<bind>
<StgValue><ssdm name=""/></StgValue>
</bind>
</comp>

<comp id="40" class="1001" name="const_40">
<pin_list>
<pin id="41" dir="1" index="0" bw="1" slack="2147483647"/>
</pin_list>
<bind>
<StgValue><ssdm name=""/></StgValue>
</bind>
</comp>

<comp id="42" class="1001" name="const_42">
<pin_list>
<pin id="43" dir="1" index="0" bw="1" slack="2147483647"/>
</pin_list>
<bind>
<StgValue><ssdm name="ScalarProp_str"/></StgValue>
</bind>
</comp>

<comp id="44" class="1001" name="const_44">
<pin_list>
<pin id="45" dir="1" index="0" bw="1" slack="0"/>
</pin_list>
<bind>
<StgValue><ssdm name="_ssdm_op_Read.ap_fifo.i32P0A"/></StgValue>
</bind>
</comp>

<comp id="46" class="1001" name="const_46">
<pin_list>
<pin id="47" dir="1" index="0" bw="1" slack="0"/>
</pin_list>
<bind>
<StgValue><ssdm name=""/></StgValue>
</bind>
</comp>

<comp id="48" class="1001" name="const_48">
<pin_list>
<pin id="49" dir="1" index="0" bw="1" slack="0"/>
</pin_list>
<bind>
<StgValue><ssdm name=""/></StgValue>
</bind>
</comp>

<comp id="50" class="1001" name="const_50">
<pin_list>
<pin id="51" dir="1" index="0" bw="1" slack="1"/>
</pin_list>
<bind>
<StgValue><ssdm name=""/></StgValue>
</bind>
</comp>

<comp id="52" class="1001" name="const_52">
<pin_list>
<pin id="53" dir="1" index="0" bw="1" slack="0"/>
</pin_list>
<bind>
<StgValue><ssdm name=""/></StgValue>
</bind>
</comp>

<comp id="54" class="1001" name="const_54">
<pin_list>
<pin id="55" dir="1" index="0" bw="1" slack="2147483647"/>
</pin_list>
<bind>
<StgValue><ssdm name="_ssdm_op_SpecLoopTripCount"/></StgValue>
</bind>
</comp>

<comp id="56" class="1001" name="const_56">
<pin_list>
<pin id="57" dir="1" index="0" bw="1" slack="2147483647"/>
</pin_list>
<bind>
<StgValue><ssdm name=""/></StgValue>
</bind>
</comp>

<comp id="58" class="1001" name="const_58">
<pin_list>
<pin id="59" dir="1" index="0" bw="1" slack="2147483647"/>
</pin_list>
<bind>
<StgValue><ssdm name=""/></StgValue>
</bind>
</comp>

<comp id="60" class="1001" name="const_60">
<pin_list>
<pin id="61" dir="1" index="0" bw="1" slack="2147483647"/>
</pin_list>
<bind>
<StgValue><ssdm name="_ssdm_op_SpecLoopName"/></StgValue>
</bind>
</comp>

<comp id="62" class="1001" name="const_62">
<pin_list>
<pin id="63" dir="1" index="0" bw="1" slack="2147483647"/>
</pin_list>
<bind>
<StgValue><ssdm name="empty_9"/></StgValue>
</bind>
</comp>

<comp id="64" class="1001" name="const_64">
<pin_list>
<pin id="65" dir="1" index="0" bw="1" slack="0"/>
</pin_list>
<bind>
<StgValue><ssdm name=""/></StgValue>
</bind>
</comp>

<comp id="66" class="1001" name="const_66">
<pin_list>
<pin id="67" dir="1" index="0" bw="1" slack="2147483647"/>
</pin_list>
<bind>
<StgValue><ssdm name=""/></StgValue>
</bind>
</comp>

<comp id="68" class="1001" name="const_68">
<pin_list>
<pin id="69" dir="1" index="0" bw="1" slack="2147483647"/>
</pin_list>
<bind>
<StgValue><ssdm name=""/></StgValue>
</bind>
</comp>

<comp id="70" class="1001" name="const_70">
<pin_list>
<pin id="71" dir="1" index="0" bw="1" slack="0"/>
</pin_list>
<bind>
<StgValue><ssdm name="_ssdm_op_Read.ap_fifo.volatile.i8P0A"/></StgValue>
</bind>
</comp>

<comp id="72" class="1001" name="const_72">
<pin_list>
<pin id="73" dir="1" index="0" bw="1" slack="0"/>
</pin_list>
<bind>
<StgValue><ssdm name="_ssdm_op_Write.axis.volatile.i8P0A.i1P0A.i1P0A.i1P0A.i1P0A.i1P0A.i1P0A"/></StgValue>
</bind>
</comp>

<comp id="74" class="1001" name="const_74">
<pin_list>
<pin id="75" dir="1" index="0" bw="1" slack="2147483647"/>
</pin_list>
<bind>
<StgValue><ssdm name="_ssdm_op_SpecPipeline"/></StgValue>
</bind>
</comp>

<comp id="76" class="1001" name="const_76">
<pin_list>
<pin id="77" dir="1" index="0" bw="1" slack="2147483647"/>
</pin_list>
<bind>
<StgValue><ssdm name="empty_22"/></StgValue>
</bind>
</comp>

<comp id="78" class="1004" name="sof_fu_78">
<pin_list>
<pin id="79" dir="0" index="0" bw="1" slack="0"/>
<pin id="80" dir="1" index="1" bw="1" slack="0"/>
</pin_list>
<bind>
<opcode="alloca(26) " fcode="alloca"/>
<opset="sof/1 "/>
</bind>
</comp>

<comp id="82" class="1004" name="rows_read_fu_82">
<pin_list>
<pin id="83" dir="0" index="0" bw="32" slack="0"/>
<pin id="84" dir="0" index="1" bw="32" slack="0"/>
<pin id="85" dir="1" index="2" bw="32" slack="1"/>
</pin_list>
<bind>
<opcode="read(1150) " fcode="read"/>
<opset="rows/1 "/>
</bind>
</comp>

<comp id="88" class="1004" name="cols_read_fu_88">
<pin_list>
<pin id="89" dir="0" index="0" bw="32" slack="0"/>
<pin id="90" dir="0" index="1" bw="32" slack="0"/>
<pin id="91" dir="1" index="2" bw="32" slack="0"/>
</pin_list>
<bind>
<opcode="read(1150) " fcode="read"/>
<opset="cols/1 "/>
</bind>
</comp>

<comp id="94" class="1004" name="tmp_V_read_fu_94">
<pin_list>
<pin id="95" dir="0" index="0" bw="8" slack="0"/>
<pin id="96" dir="0" index="1" bw="8" slack="0"/>
<pin id="97" dir="1" index="2" bw="8" slack="0"/>
</pin_list>
<bind>
<opcode="read(1150) " fcode="read"/>
<opset="tmp_V/4 "/>
</bind>
</comp>

<comp id="100" class="1004" name="grp_write_fu_100">
<pin_list>
<pin id="101" dir="0" index="0" bw="0" slack="0"/>
<pin id="102" dir="0" index="1" bw="8" slack="0"/>
<pin id="103" dir="0" index="2" bw="1" slack="0"/>
<pin id="104" dir="0" index="3" bw="1" slack="0"/>
<pin id="105" dir="0" index="4" bw="1" slack="0"/>
<pin id="106" dir="0" index="5" bw="1" slack="0"/>
<pin id="107" dir="0" index="6" bw="1" slack="0"/>
<pin id="108" dir="0" index="7" bw="1" slack="0"/>
<pin id="109" dir="0" index="8" bw="8" slack="0"/>
<pin id="110" dir="0" index="9" bw="1" slack="0"/>
<pin id="111" dir="0" index="10" bw="1" slack="0"/>
<pin id="112" dir="0" index="11" bw="1" slack="0"/>
<pin id="113" dir="0" index="12" bw="1" slack="1"/>
<pin id="114" dir="0" index="13" bw="1" slack="0"/>
<pin id="115" dir="0" index="14" bw="1" slack="0"/>
<pin id="116" dir="1" index="15" bw="0" slack="2147483647"/>
</pin_list>
<bind>
<opcode="write(1151) " fcode="write"/>
<opset="write_ln304/4 "/>
</bind>
</comp>

<comp id="130" class="1005" name="i_reg_130">
<pin_list>
<pin id="131" dir="0" index="0" bw="9" slack="1"/>
<pin id="132" dir="1" index="1" bw="9" slack="1"/>
</pin_list>
<bind>
<opset="i (phireg) "/>
</bind>
</comp>

<comp id="134" class="1004" name="i_phi_fu_134">
<pin_list>
<pin id="135" dir="0" index="0" bw="1" slack="1"/>
<pin id="136" dir="0" index="1" bw="0" slack="2147483647"/>
<pin id="137" dir="0" index="2" bw="9" slack="0"/>
<pin id="138" dir="0" index="3" bw="0" slack="2147483647"/>
<pin id="139" dir="1" index="4" bw="9" slack="0"/>
</pin_list>
<bind>
<opcode="phi(47) " fcode="phi"/>
<opset="i/2 "/>
</bind>
</comp>

<comp id="141" class="1005" name="j_reg_141">
<pin_list>
<pin id="142" dir="0" index="0" bw="9" slack="1"/>
<pin id="143" dir="1" index="1" bw="9" slack="1"/>
</pin_list>
<bind>
<opset="j (phireg) "/>
</bind>
</comp>

<comp id="145" class="1004" name="j_phi_fu_145">
<pin_list>
<pin id="146" dir="0" index="0" bw="9" slack="0"/>
<pin id="147" dir="0" index="1" bw="0" slack="2147483647"/>
<pin id="148" dir="0" index="2" bw="1" slack="1"/>
<pin id="149" dir="0" index="3" bw="0" slack="2147483647"/>
<pin id="150" dir="1" index="4" bw="9" slack="0"/>
</pin_list>
<bind>
<opcode="phi(47) " fcode="phi"/>
<opset="j/3 "/>
</bind>
</comp>

<comp id="152" class="1005" name="sof_3_reg_152">
<pin_list>
<pin id="153" dir="0" index="0" bw="1" slack="1"/>
<pin id="154" dir="1" index="1" bw="1" slack="1"/>
</pin_list>
<bind>
<opset="sof_3 (phireg) "/>
</bind>
</comp>

<comp id="157" class="1004" name="sof_3_phi_fu_157">
<pin_list>
<pin id="158" dir="0" index="0" bw="1" slack="1"/>
<pin id="159" dir="0" index="1" bw="0" slack="2147483647"/>
<pin id="160" dir="0" index="2" bw="1" slack="2"/>
<pin id="161" dir="0" index="3" bw="0" slack="2147483647"/>
<pin id="162" dir="1" index="4" bw="1" slack="0"/>
</pin_list>
<bind>
<opcode="phi(47) " fcode="phi"/>
<opset="sof_3/4 "/>
</bind>
</comp>

<comp id="166" class="1004" name="sub_i_fu_166">
<pin_list>
<pin id="167" dir="0" index="0" bw="32" slack="0"/>
<pin id="168" dir="0" index="1" bw="1" slack="0"/>
<pin id="169" dir="1" index="2" bw="32" slack="2"/>
</pin_list>
<bind>
<opcode="add(8) " fcode="add"/>
<opset="sub_i/1 "/>
</bind>
</comp>

<comp id="172" class="1004" name="cmp71_i_fu_172">
<pin_list>
<pin id="173" dir="0" index="0" bw="32" slack="0"/>
<pin id="174" dir="0" index="1" bw="1" slack="0"/>
<pin id="175" dir="1" index="2" bw="1" slack="1"/>
</pin_list>
<bind>
<opcode="icmp(45) " fcode="icmp"/>
<opset="cmp71_i/1 "/>
</bind>
</comp>

<comp id="178" class="1004" name="store_ln195_store_fu_178">
<pin_list>
<pin id="179" dir="0" index="0" bw="1" slack="0"/>
<pin id="180" dir="0" index="1" bw="1" slack="0"/>
<pin id="181" dir="1" index="2" bw="0" slack="2147483647"/>
</pin_list>
<bind>
<opcode="store(28) " fcode="store"/>
<opset="store_ln195/1 "/>
</bind>
</comp>

<comp id="183" class="1004" name="i_1_fu_183">
<pin_list>
<pin id="184" dir="0" index="0" bw="9" slack="0"/>
<pin id="185" dir="0" index="1" bw="1" slack="0"/>
<pin id="186" dir="1" index="2" bw="9" slack="0"/>
</pin_list>
<bind>
<opcode="add(8) " fcode="add"/>
<opset="i_1/2 "/>
</bind>
</comp>

<comp id="189" class="1004" name="sof_1_load_fu_189">
<pin_list>
<pin id="190" dir="0" index="0" bw="1" slack="1"/>
<pin id="191" dir="1" index="1" bw="1" slack="2"/>
</pin_list>
<bind>
<opcode="load(27) " fcode="load"/>
<opset="sof_1/2 "/>
</bind>
</comp>

<comp id="192" class="1004" name="zext_ln195_fu_192">
<pin_list>
<pin id="193" dir="0" index="0" bw="9" slack="0"/>
<pin id="194" dir="1" index="1" bw="32" slack="0"/>
</pin_list>
<bind>
<opcode="zext(34) " fcode="zext"/>
<opset="zext_ln195/2 "/>
</bind>
</comp>

<comp id="196" class="1004" name="icmp_ln195_fu_196">
<pin_list>
<pin id="197" dir="0" index="0" bw="9" slack="0"/>
<pin id="198" dir="0" index="1" bw="32" slack="1"/>
<pin id="199" dir="1" index="2" bw="1" slack="1"/>
</pin_list>
<bind>
<opcode="icmp(45) " fcode="icmp"/>
<opset="icmp_ln195/2 "/>
</bind>
</comp>

<comp id="201" class="1004" name="j_1_fu_201">
<pin_list>
<pin id="202" dir="0" index="0" bw="9" slack="0"/>
<pin id="203" dir="0" index="1" bw="1" slack="0"/>
<pin id="204" dir="1" index="2" bw="9" slack="0"/>
</pin_list>
<bind>
<opcode="add(8) " fcode="add"/>
<opset="j_1/3 "/>
</bind>
</comp>

<comp id="207" class="1004" name="zext_ln197_fu_207">
<pin_list>
<pin id="208" dir="0" index="0" bw="9" slack="0"/>
<pin id="209" dir="1" index="1" bw="32" slack="0"/>
</pin_list>
<bind>
<opcode="zext(34) " fcode="zext"/>
<opset="zext_ln197/3 "/>
</bind>
</comp>

<comp id="211" class="1004" name="icmp_ln197_fu_211">
<pin_list>
<pin id="212" dir="0" index="0" bw="9" slack="0"/>
<pin id="213" dir="0" index="1" bw="32" slack="2"/>
<pin id="214" dir="1" index="2" bw="1" slack="1"/>
</pin_list>
<bind>
<opcode="icmp(45) " fcode="icmp"/>
<opset="icmp_ln197/3 "/>
</bind>
</comp>

<comp id="216" class="1004" name="axi_last_V_fu_216">
<pin_list>
<pin id="217" dir="0" index="0" bw="9" slack="0"/>
<pin id="218" dir="0" index="1" bw="32" slack="2"/>
<pin id="219" dir="1" index="2" bw="1" slack="1"/>
</pin_list>
<bind>
<opcode="icmp(45) " fcode="icmp"/>
<opset="axi_last_V/3 "/>
</bind>
</comp>

<comp id="221" class="1004" name="store_ln0_store_fu_221">
<pin_list>
<pin id="222" dir="0" index="0" bw="1" slack="0"/>
<pin id="223" dir="0" index="1" bw="1" slack="4"/>
<pin id="224" dir="1" index="2" bw="0" slack="2147483647"/>
</pin_list>
<bind>
<opcode="store(28) " fcode="store"/>
<opset="store_ln0/6 "/>
</bind>
</comp>

<comp id="226" class="1005" name="sof_reg_226">
<pin_list>
<pin id="227" dir="0" index="0" bw="1" slack="0"/>
<pin id="228" dir="1" index="1" bw="1" slack="0"/>
</pin_list>
<bind>
<opset="sof "/>
</bind>
</comp>

<comp id="233" class="1005" name="rows_reg_233">
<pin_list>
<pin id="234" dir="0" index="0" bw="32" slack="1"/>
<pin id="235" dir="1" index="1" bw="32" slack="1"/>
</pin_list>
<bind>
<opset="rows "/>
</bind>
</comp>

<comp id="238" class="1005" name="cols_reg_238">
<pin_list>
<pin id="239" dir="0" index="0" bw="32" slack="2"/>
<pin id="240" dir="1" index="1" bw="32" slack="2"/>
</pin_list>
<bind>
<opset="cols "/>
</bind>
</comp>

<comp id="243" class="1005" name="sub_i_reg_243">
<pin_list>
<pin id="244" dir="0" index="0" bw="32" slack="2"/>
<pin id="245" dir="1" index="1" bw="32" slack="2"/>
</pin_list>
<bind>
<opset="sub_i "/>
</bind>
</comp>

<comp id="248" class="1005" name="cmp71_i_reg_248">
<pin_list>
<pin id="249" dir="0" index="0" bw="1" slack="1"/>
<pin id="250" dir="1" index="1" bw="1" slack="2147483647"/>
</pin_list>
<bind>
<opset="cmp71_i "/>
</bind>
</comp>

<comp id="252" class="1005" name="i_1_reg_252">
<pin_list>
<pin id="253" dir="0" index="0" bw="9" slack="0"/>
<pin id="254" dir="1" index="1" bw="9" slack="0"/>
</pin_list>
<bind>
<opset="i_1 "/>
</bind>
</comp>

<comp id="257" class="1005" name="sof_1_reg_257">
<pin_list>
<pin id="258" dir="0" index="0" bw="1" slack="2"/>
<pin id="259" dir="1" index="1" bw="1" slack="2"/>
</pin_list>
<bind>
<opset="sof_1 "/>
</bind>
</comp>

<comp id="262" class="1005" name="icmp_ln195_reg_262">
<pin_list>
<pin id="263" dir="0" index="0" bw="1" slack="1"/>
<pin id="264" dir="1" index="1" bw="1" slack="2147483647"/>
</pin_list>
<bind>
<opset="icmp_ln195 "/>
</bind>
</comp>

<comp id="266" class="1005" name="j_1_reg_266">
<pin_list>
<pin id="267" dir="0" index="0" bw="9" slack="0"/>
<pin id="268" dir="1" index="1" bw="9" slack="0"/>
</pin_list>
<bind>
<opset="j_1 "/>
</bind>
</comp>

<comp id="271" class="1005" name="icmp_ln197_reg_271">
<pin_list>
<pin id="272" dir="0" index="0" bw="1" slack="1"/>
<pin id="273" dir="1" index="1" bw="1" slack="2147483647"/>
</pin_list>
<bind>
<opset="icmp_ln197 "/>
</bind>
</comp>

<comp id="275" class="1005" name="axi_last_V_reg_275">
<pin_list>
<pin id="276" dir="0" index="0" bw="1" slack="1"/>
<pin id="277" dir="1" index="1" bw="1" slack="1"/>
</pin_list>
<bind>
<opset="axi_last_V "/>
</bind>
</comp>

<comp id="280" class="1005" name="tmp_V_reg_280">
<pin_list>
<pin id="281" dir="0" index="0" bw="8" slack="1"/>
<pin id="282" dir="1" index="1" bw="8" slack="1"/>
</pin_list>
<bind>
<opset="tmp_V "/>
</bind>
</comp>

</comp_list>

<net_list>
<net id="81"><net_src comp="20" pin="0"/><net_sink comp="78" pin=0"/></net>

<net id="86"><net_src comp="44" pin="0"/><net_sink comp="82" pin=0"/></net>

<net id="87"><net_src comp="2" pin="0"/><net_sink comp="82" pin=1"/></net>

<net id="92"><net_src comp="44" pin="0"/><net_sink comp="88" pin=0"/></net>

<net id="93"><net_src comp="4" pin="0"/><net_sink comp="88" pin=1"/></net>

<net id="98"><net_src comp="70" pin="0"/><net_sink comp="94" pin=0"/></net>

<net id="99"><net_src comp="0" pin="0"/><net_sink comp="94" pin=1"/></net>

<net id="117"><net_src comp="72" pin="0"/><net_sink comp="100" pin=0"/></net>

<net id="118"><net_src comp="6" pin="0"/><net_sink comp="100" pin=1"/></net>

<net id="119"><net_src comp="8" pin="0"/><net_sink comp="100" pin=2"/></net>

<net id="120"><net_src comp="10" pin="0"/><net_sink comp="100" pin=3"/></net>

<net id="121"><net_src comp="12" pin="0"/><net_sink comp="100" pin=4"/></net>

<net id="122"><net_src comp="14" pin="0"/><net_sink comp="100" pin=5"/></net>

<net id="123"><net_src comp="16" pin="0"/><net_sink comp="100" pin=6"/></net>

<net id="124"><net_src comp="18" pin="0"/><net_sink comp="100" pin=7"/></net>

<net id="125"><net_src comp="94" pin="2"/><net_sink comp="100" pin=8"/></net>

<net id="126"><net_src comp="48" pin="0"/><net_sink comp="100" pin=9"/></net>

<net id="127"><net_src comp="64" pin="0"/><net_sink comp="100" pin=10"/></net>

<net id="128"><net_src comp="64" pin="0"/><net_sink comp="100" pin=13"/></net>

<net id="129"><net_src comp="64" pin="0"/><net_sink comp="100" pin=14"/></net>

<net id="133"><net_src comp="50" pin="0"/><net_sink comp="130" pin=0"/></net>

<net id="140"><net_src comp="130" pin="1"/><net_sink comp="134" pin=0"/></net>

<net id="144"><net_src comp="50" pin="0"/><net_sink comp="141" pin=0"/></net>

<net id="151"><net_src comp="141" pin="1"/><net_sink comp="145" pin=2"/></net>

<net id="155"><net_src comp="64" pin="0"/><net_sink comp="152" pin=0"/></net>

<net id="156"><net_src comp="152" pin="1"/><net_sink comp="100" pin=11"/></net>

<net id="163"><net_src comp="152" pin="1"/><net_sink comp="157" pin=0"/></net>

<net id="164"><net_src comp="157" pin="4"/><net_sink comp="100" pin=11"/></net>

<net id="165"><net_src comp="157" pin="4"/><net_sink comp="152" pin=0"/></net>

<net id="170"><net_src comp="88" pin="2"/><net_sink comp="166" pin=0"/></net>

<net id="171"><net_src comp="46" pin="0"/><net_sink comp="166" pin=1"/></net>

<net id="176"><net_src comp="88" pin="2"/><net_sink comp="172" pin=0"/></net>

<net id="177"><net_src comp="26" pin="0"/><net_sink comp="172" pin=1"/></net>

<net id="182"><net_src comp="48" pin="0"/><net_sink comp="178" pin=0"/></net>

<net id="187"><net_src comp="134" pin="4"/><net_sink comp="183" pin=0"/></net>

<net id="188"><net_src comp="52" pin="0"/><net_sink comp="183" pin=1"/></net>

<net id="195"><net_src comp="134" pin="4"/><net_sink comp="192" pin=0"/></net>

<net id="200"><net_src comp="192" pin="1"/><net_sink comp="196" pin=0"/></net>

<net id="205"><net_src comp="145" pin="4"/><net_sink comp="201" pin=0"/></net>

<net id="206"><net_src comp="52" pin="0"/><net_sink comp="201" pin=1"/></net>

<net id="210"><net_src comp="145" pin="4"/><net_sink comp="207" pin=0"/></net>

<net id="215"><net_src comp="207" pin="1"/><net_sink comp="211" pin=0"/></net>

<net id="220"><net_src comp="207" pin="1"/><net_sink comp="216" pin=0"/></net>

<net id="225"><net_src comp="64" pin="0"/><net_sink comp="221" pin=0"/></net>

<net id="229"><net_src comp="78" pin="1"/><net_sink comp="226" pin=0"/></net>

<net id="230"><net_src comp="226" pin="1"/><net_sink comp="178" pin=1"/></net>

<net id="231"><net_src comp="226" pin="1"/><net_sink comp="189" pin=0"/></net>

<net id="232"><net_src comp="226" pin="1"/><net_sink comp="221" pin=1"/></net>

<net id="236"><net_src comp="82" pin="2"/><net_sink comp="233" pin=0"/></net>

<net id="237"><net_src comp="233" pin="1"/><net_sink comp="196" pin=1"/></net>

<net id="241"><net_src comp="88" pin="2"/><net_sink comp="238" pin=0"/></net>

<net id="242"><net_src comp="238" pin="1"/><net_sink comp="211" pin=1"/></net>

<net id="246"><net_src comp="166" pin="2"/><net_sink comp="243" pin=0"/></net>

<net id="247"><net_src comp="243" pin="1"/><net_sink comp="216" pin=1"/></net>

<net id="251"><net_src comp="172" pin="2"/><net_sink comp="248" pin=0"/></net>

<net id="255"><net_src comp="183" pin="2"/><net_sink comp="252" pin=0"/></net>

<net id="256"><net_src comp="252" pin="1"/><net_sink comp="134" pin=2"/></net>

<net id="260"><net_src comp="189" pin="1"/><net_sink comp="257" pin=0"/></net>

<net id="261"><net_src comp="257" pin="1"/><net_sink comp="157" pin=2"/></net>

<net id="265"><net_src comp="196" pin="2"/><net_sink comp="262" pin=0"/></net>

<net id="269"><net_src comp="201" pin="2"/><net_sink comp="266" pin=0"/></net>

<net id="270"><net_src comp="266" pin="1"/><net_sink comp="145" pin=0"/></net>

<net id="274"><net_src comp="211" pin="2"/><net_sink comp="271" pin=0"/></net>

<net id="278"><net_src comp="216" pin="2"/><net_sink comp="275" pin=0"/></net>

<net id="279"><net_src comp="275" pin="1"/><net_sink comp="100" pin=12"/></net>

<net id="283"><net_src comp="94" pin="2"/><net_sink comp="280" pin=0"/></net>

<net id="284"><net_src comp="280" pin="1"/><net_sink comp="100" pin=8"/></net>

</net_list>

</model> 
---------------- Datapath Model END ------------------

* FSMD analyzer results:
  - Output states:
	Port: AXI_video_strm_V_data_V | {5 }
	Port: AXI_video_strm_V_keep_V | {5 }
	Port: AXI_video_strm_V_strb_V | {5 }
	Port: AXI_video_strm_V_user_V | {5 }
	Port: AXI_video_strm_V_last_V | {5 }
	Port: AXI_video_strm_V_id_V | {5 }
	Port: AXI_video_strm_V_dest_V | {5 }
 - Input state : 
	Port: xfMat2AXIvideo<8, 0, 270, 480, 1> : img_out_434 | {4 }
	Port: xfMat2AXIvideo<8, 0, 270, 480, 1> : img_1 | {1 }
	Port: xfMat2AXIvideo<8, 0, 270, 480, 1> : img_2 | {1 }
  - Chain level:
	State 1
		store_ln195 : 1
	State 2
		i_1 : 1
		zext_ln195 : 1
		icmp_ln195 : 2
		br_ln195 : 3
	State 3
		j_1 : 1
		zext_ln197 : 1
		icmp_ln197 : 2
		br_ln197 : 3
		axi_last_V : 2
	State 4
	State 5
	State 6


============================================================
+ Verbose Summary: Datapath Resource usage 
============================================================

* Functional unit list:
|----------|-------------------|---------|---------|
| Operation|  Functional Unit  |    FF   |   LUT   |
|----------|-------------------|---------|---------|
|          |   cmp71_i_fu_172  |    0    |    18   |
|   icmp   | icmp_ln195_fu_196 |    0    |    18   |
|          | icmp_ln197_fu_211 |    0    |    18   |
|          | axi_last_V_fu_216 |    0    |    18   |
|----------|-------------------|---------|---------|
|          |    sub_i_fu_166   |    0    |    39   |
|    add   |     i_1_fu_183    |    0    |    14   |
|          |     j_1_fu_201    |    0    |    14   |
|----------|-------------------|---------|---------|
|          |  rows_read_fu_82  |    0    |    0    |
|   read   |  cols_read_fu_88  |    0    |    0    |
|          |  tmp_V_read_fu_94 |    0    |    0    |
|----------|-------------------|---------|---------|
|   write  |  grp_write_fu_100 |    0    |    0    |
|----------|-------------------|---------|---------|
|   zext   | zext_ln195_fu_192 |    0    |    0    |
|          | zext_ln197_fu_207 |    0    |    0    |
|----------|-------------------|---------|---------|
|   Total  |                   |    0    |   139   |
|----------|-------------------|---------|---------|

Memories:
N/A

* Register list:
+------------------+--------+
|                  |   FF   |
+------------------+--------+
|axi_last_V_reg_275|    1   |
|  cmp71_i_reg_248 |    1   |
|   cols_reg_238   |   32   |
|    i_1_reg_252   |    9   |
|     i_reg_130    |    9   |
|icmp_ln195_reg_262|    1   |
|icmp_ln197_reg_271|    1   |
|    j_1_reg_266   |    9   |
|     j_reg_141    |    9   |
|   rows_reg_233   |   32   |
|   sof_1_reg_257  |    1   |
|   sof_3_reg_152  |    1   |
|    sof_reg_226   |    1   |
|   sub_i_reg_243  |   32   |
|   tmp_V_reg_280  |    8   |
+------------------+--------+
|       Total      |   147  |
+------------------+--------+

* Multiplexer (MUX) list: 
|------------------|------|------|------|--------||---------||---------|
|       Comp       |  Pin | Size |  BW  | S x BW ||  Delay  ||   LUT   |
|------------------|------|------|------|--------||---------||---------|
| grp_write_fu_100 |  p8  |   2  |   8  |   16   ||    9    |
| grp_write_fu_100 |  p11 |   2  |   1  |    2   ||    9    |
|   sof_3_reg_152  |  p0  |   2  |   1  |    2   ||    9    |
|------------------|------|------|------|--------||---------||---------|
|       Total      |      |      |      |   20   ||  4.764  ||    27   |
|------------------|------|------|------|--------||---------||---------|



* Summary:
+-----------+--------+--------+--------+
|           |  Delay |   FF   |   LUT  |
+-----------+--------+--------+--------+
|  Function |    -   |    0   |   139  |
|   Memory  |    -   |    -   |    -   |
|Multiplexer|    4   |    -   |   27   |
|  Register |    -   |   147  |    -   |
+-----------+--------+--------+--------+
|   Total   |    4   |   147  |   166  |
+-----------+--------+--------+--------+
