srcscan starts
INFO: analyzing module hdmi_in_bd (VERI-9002)
INFO: analyzing module hdmi_in_bd_axi_interconnect_0_0 (VERI-9002)
INFO: analyzing module hdmi_in_bd_axi_mem_intercon_0 (VERI-9002)
INFO: analyzing module hdmi_in_bd_ps7_0_axi_periph_0 (VERI-9002)
INFO: analyzing module m00_couplers_imp_1N7WS0D (VERI-9002)
INFO: analyzing module m00_couplers_imp_1QO5E99 (VERI-9002)
INFO: analyzing module m00_couplers_imp_VA5MRF (VERI-9002)
INFO: analyzing module m01_couplers_imp_628E2L (VERI-9002)
INFO: analyzing module m02_couplers_imp_1FQABJR (VERI-9002)
INFO: analyzing module s00_couplers_imp_10ILBXO (VERI-9002)
INFO: analyzing module s00_couplers_imp_1ETN4ZW (VERI-9002)
INFO: analyzing module s00_couplers_imp_59LFI2 (VERI-9002)
INFO: analyzing module s01_couplers_imp_1MCM7UY (VERI-9002)
INFO: analyzing module s01_couplers_imp_1S39IWA (VERI-9002)
Listing tops:
VeriTop library:xil_defaultlib mod:hdmi_in_bd
END of tops
c:/imgProc/attempt3lol/hdmi_input/hdmi_input.gen/sources_1/bd/hdmi_in_bd/sim/hdmi_in_bd.v(13): INFO: compiling module 'hdmi_in_bd_default' (VERI-1018)
c:/imgProc/attempt3lol/hdmi_input/hdmi_input.gen/sources_1/bd/hdmi_in_bd/sim/hdmi_in_bd.v(3942): WARNING: Module <hdmi_in_bd_auto_pc_2> not found while processing module instance <auto_pc> (VERI-1063)
c:/imgProc/attempt3lol/hdmi_input/hdmi_input.gen/sources_1/bd/hdmi_in_bd/sim/hdmi_in_bd.v(1708): WARNING: Module <hdmi_in_bd_xbar_2> not found while processing module instance <xbar> (VERI-1063)
c:/imgProc/attempt3lol/hdmi_input/hdmi_input.gen/sources_1/bd/hdmi_in_bd/sim/hdmi_in_bd.v(3537): WARNING: Module <hdmi_in_bd_auto_pc_1> not found while processing module instance <auto_pc> (VERI-1063)
c:/imgProc/attempt3lol/hdmi_input/hdmi_input.gen/sources_1/bd/hdmi_in_bd/sim/hdmi_in_bd.v(2473): WARNING: Module <hdmi_in_bd_xbar_1> not found while processing module instance <xbar> (VERI-1063)
c:/imgProc/attempt3lol/hdmi_input/hdmi_input.gen/sources_1/bd/hdmi_in_bd/sim/hdmi_in_bd.v(547): WARNING: Module <hdmi_in_bd_axi_vdma_0_0> not found while processing module instance <axi_vdma_0> (VERI-1063)
c:/imgProc/attempt3lol/hdmi_input/hdmi_input.gen/sources_1/bd/hdmi_in_bd/sim/hdmi_in_bd.v(592): WARNING: Module <hdmi_in_bd_axi_vdma_1_0> not found while processing module instance <axi_vdma_1> (VERI-1063)
c:/imgProc/attempt3lol/hdmi_input/hdmi_input.gen/sources_1/bd/hdmi_in_bd/sim/hdmi_in_bd.v(637): WARNING: Module <hdmi_in_bd_axis_broadcaster_0_1> not found while processing module instance <axis_broadcaster_0> (VERI-1063)
c:/imgProc/attempt3lol/hdmi_input/hdmi_input.gen/sources_1/bd/hdmi_in_bd/sim/hdmi_in_bd.v(650): WARNING: Module <hdmi_in_bd_axis_data_fifo_0_0> not found while processing module instance <axis_data_fifo_0> (VERI-1063)
c:/imgProc/attempt3lol/hdmi_input/hdmi_input.gen/sources_1/bd/hdmi_in_bd/sim/hdmi_in_bd.v(664): WARNING: Module <hdmi_in_bd_axis_data_fifo_1_0> not found while processing module instance <axis_data_fifo_1> (VERI-1063)
c:/imgProc/attempt3lol/hdmi_input/hdmi_input.gen/sources_1/bd/hdmi_in_bd/sim/hdmi_in_bd.v(678): WARNING: Module <hdmi_in_bd_clk_wiz_0_0> not found while processing module instance <clk_wiz_0> (VERI-1063)
c:/imgProc/attempt3lol/hdmi_input/hdmi_input.gen/sources_1/bd/hdmi_in_bd/sim/hdmi_in_bd.v(681): WARNING: Module <hdmi_in_bd_dvi2rgb_0_0> not found while processing module instance <dvi2rgb_0> (VERI-1063)
c:/imgProc/attempt3lol/hdmi_input/hdmi_input.gen/sources_1/bd/hdmi_in_bd/sim/hdmi_in_bd.v(701): WARNING: Module <hdmi_in_bd_image_accelerator_0_0> not found while processing module instance <image_accelerator_0> (VERI-1063)
c:/imgProc/attempt3lol/hdmi_input/hdmi_input.gen/sources_1/bd/hdmi_in_bd/sim/hdmi_in_bd.v(736): WARNING: Module <hdmi_in_bd_proc_sys_reset_0_0> not found while processing module instance <proc_sys_reset_0> (VERI-1063)
c:/imgProc/attempt3lol/hdmi_input/hdmi_input.gen/sources_1/bd/hdmi_in_bd/sim/hdmi_in_bd.v(743): WARNING: Module <hdmi_in_bd_proc_sys_reset_1_0> not found while processing module instance <proc_sys_reset_1> (VERI-1063)
c:/imgProc/attempt3lol/hdmi_input/hdmi_input.gen/sources_1/bd/hdmi_in_bd/sim/hdmi_in_bd.v(750): WARNING: Module <hdmi_in_bd_processing_system7_0_0> not found while processing module instance <processing_system7_0> (VERI-1063)
c:/imgProc/attempt3lol/hdmi_input/hdmi_input.gen/sources_1/bd/hdmi_in_bd/sim/hdmi_in_bd.v(4899): WARNING: Module <hdmi_in_bd_auto_pc_0> not found while processing module instance <auto_pc> (VERI-1063)
c:/imgProc/attempt3lol/hdmi_input/hdmi_input.gen/sources_1/bd/hdmi_in_bd/sim/hdmi_in_bd.v(3173): WARNING: Module <hdmi_in_bd_xbar_0> not found while processing module instance <xbar> (VERI-1063)
c:/imgProc/attempt3lol/hdmi_input/hdmi_input.gen/sources_1/bd/hdmi_in_bd/sim/hdmi_in_bd.v(994): WARNING: Module <hdmi_in_bd_v_vid_in_axi4s_0_0> not found while processing module instance <v_vid_in_axi4s_0> (VERI-1063)
c:/imgProc/attempt3lol/hdmi_input/hdmi_input.gen/sources_1/bd/hdmi_in_bd/sim/hdmi_in_bd.v(1012): WARNING: Module <hdmi_in_bd_xlconcat_0_0> not found while processing module instance <xlconcat_0> (VERI-1063)
c:/imgProc/attempt3lol/hdmi_input/hdmi_input.gen/sources_1/bd/hdmi_in_bd/sim/hdmi_in_bd.v(1016): WARNING: Module <hdmi_in_bd_xlconstant_0_0> not found while processing module instance <xlconstant_0> (VERI-1063)
c:/imgProc/attempt3lol/hdmi_input/hdmi_input.gen/sources_1/bd/hdmi_in_bd/sim/hdmi_in_bd.v(1018): WARNING: Module <hdmi_in_bd_xlconstant_1_0> not found while processing module instance <xlconstant_1> (VERI-1063)
c:/imgProc/attempt3lol/hdmi_input/hdmi_input.gen/sources_1/bd/hdmi_in_bd/sim/hdmi_in_bd.v(1020): WARNING: Module <hdmi_in_bd_xlconstant_2_0> not found while processing module instance <xlconstant_2> (VERI-1063)
srcscan exits with return value 0
